spk_ver/v00/v0000	SES146	1.07255	15.3437	14.2711
spk_ver/v00/v0001	SES002	-7.01645	6.96031	13.9768
spk_ver/v00/v0002	SES002	-4.22676	9.97248	14.1992
spk_ver/v00/v0003	SES002	-8.53821	5.34289	13.8811
spk_ver/v00/v0004	SES002	-3.27865	10.7011	13.9797
spk_ver/v00/v0005	SES002	-3.73171	9.4374	13.1691
spk_ver/v00/v0006	SES002	-5.56141	10.3185	15.8799
spk_ver/v00/v0007	SES002	-3.98467	8.69166	12.6763
spk_ver/v00/v0008	SES146	0.399758	13.9306	13.5308
spk_ver/v00/v0009	SES002	-1.98672	14.1481	16.1348
spk_ver/v00/v0010	SES002	-5.89232	6.90626	12.7986
spk_ver/v00/v0011	SES002	-2.35622	10.1307	12.4869
spk_ver/v00/v0012	SES002	-4.42178	12.3069	16.7287
spk_ver/v00/v0013	SES002	-4.26007	11.8007	16.0607
spk_ver/v00/v0014	SES002	-1.40631	13.7593	15.1656
spk_ver/v00/v0015	SES002	-3.22515	12.0578	15.2829
spk_ver/v00/v0016	SES275	0.764799	14.3298	13.565
spk_ver/v00/v0017	SES002	-2.08975	13.1714	15.2611
spk_ver/v00/v0018	SES002	-7.03077	6.71164	13.7424
spk_ver/v00/v0019	SES002	-2.38808	11.8772	14.2653
spk_ver/v00/v0020	SES002	-7.02392	6.7156	13.7395
spk_ver/v00/v0021	SES002	-4.83283	9.13344	13.9663
spk_ver/v00/v0022	SES002	-3.18641	11.7966	14.983
spk_ver/v00/v0023	SES002	-6.3117	10.3849	16.6966
spk_ver/v00/v0024	SES002	-7.24928	6.6298	13.8791
spk_ver/v00/v0025	SES002	-4.65302	10.1079	14.7609
spk_ver/v00/v0026	SES002	-5.23261	9.68035	14.913
spk_ver/v00/v0027	SES129	1.94397	16.057	14.1131
spk_ver/v00/v0028	SES007	-2.44311	12.8428	15.286
spk_ver/v00/v0029	SES083	0.0765266	16.3356	16.259
spk_ver/v00/v0030	SES019	2.59094	16.5056	13.9146
spk_ver/v00/v0031	SES007	-1.76159	12.7485	14.5101
spk_ver/v00/v0032	SES270	1.20351	15.5077	14.3042
spk_ver/v00/v0033	SES007	-2.62917	11.7719	14.401
spk_ver/v00/v0034	SES007	-2.36937	11.4623	13.8316
spk_ver/v00/v0035	SES007	-1.41488	14.4266	15.8415
spk_ver/v00/v0036	SES007	-2.38372	9.7536	12.1373
spk_ver/v00/v0037	SES007	-3.96729	11.4112	15.3785
spk_ver/v00/v0038	SES259	3.05328	18.6764	15.6231
spk_ver/v00/v0039	SES007	-3.5153	8.5397	12.055
spk_ver/v00/v0040	SES007	-4.43503	12.2479	16.683
spk_ver/v00/v0041	SES007	-2.25368	12.2043	14.458
spk_ver/v00/v0042	SES007	-1.70936	10.0684	11.7777
spk_ver/v00/v0043	SES007	-1.76124	12.4797	14.241
spk_ver/v00/v0044	SES007	-3.21047	14.0851	17.2956
spk_ver/v00/v0045	SES007	-1.92205	14.0302	15.9523
spk_ver/v00/v0046	SES007	-1.8498	13.1657	15.0155
spk_ver/v00/v0047	SES172	0.369833	15.568	15.1982
spk_ver/v00/v0048	SES105	1.37642	15.2711	13.8947
spk_ver/v00/v0049	SES007	-1.58971	14.6441	16.2338
spk_ver/v00/v0050	SES292	-0.456951	14.7228	15.1798
spk_ver/v00/v0051	SES007	-1.77816	12.9379	14.716
spk_ver/v00/v0052	SES068	0.739332	16.9957	16.2564
spk_ver/v00/v0053	SES008	-1.87096	14.5129	16.3838
spk_ver/v00/v0054	SES008	-2.50965	11.3148	13.8245
spk_ver/v00/v0055	SES008	-2.12689	12.9629	15.0898
spk_ver/v00/v0056	SES008	-5.54477	8.92751	14.4723
spk_ver/v00/v0057	SES008	-4.35614	10.8565	15.2126
spk_ver/v00/v0058	SES083	0.719738	16.2568	15.5371
spk_ver/v00/v0059	SES158	1.95875	16.2999	14.3411
spk_ver/v00/v0060	SES008	-3.17816	11.2055	14.3837
spk_ver/v00/v0061	SES101	0.203369	15.6984	15.495
spk_ver/v00/v0062	SES008	-3.23359	11.125	14.3586
spk_ver/v00/v0063	SES008	-2.83667	12.1887	15.0253
spk_ver/v00/v0064	SES117	1.36271	15.3143	13.9516
spk_ver/v00/v0065	SES149	1.57766	17.8022	16.2245
spk_ver/v00/v0066	SES008	0.293518	15.7131	15.4196
spk_ver/v00/v0067	SES008	-2.42049	10.9572	13.3777
spk_ver/v00/v0068	SES162	1.88085	15.2877	13.4069
spk_ver/v00/v0069	SES008	-6.92588	8.00778	14.9337
spk_ver/v00/v0070	SES008	-0.748864	14.7354	15.4842
spk_ver/v00/v0071	SES008	-3.41925	12.1578	15.5771
spk_ver/v00/v0072	SES008	-1.54154	15.4583	16.9998
spk_ver/v00/v0073	SES008	-2.81582	13.1593	15.9751
spk_ver/v00/v0074	SES008	-4.18306	10.1172	14.3003
spk_ver/v00/v0075	SES008	-7.14397	6.49373	13.6377
spk_ver/v00/v0076	SES167	1.61111	16.8306	15.2195
spk_ver/v00/v0077	SES008	-2.11798	13.9612	16.0791
spk_ver/v00/v0078	SES177	1.11368	16.688	15.5743
spk_ver/v00/v0079	SES008	-1.59708	12.7359	14.333
spk_ver/v00/v0080	SES008	-3.16386	11.4755	14.6394
spk_ver/v00/v0081	SES008	-5.68942	7.13631	12.8257
spk_ver/v00/v0082	SES008	-3.32501	11.929	15.254
spk_ver/v00/v0083	SES008	-6.05128	6.71171	12.763
spk_ver/v00/v0084	SES144	1.40268	16.5262	15.1235
spk_ver/v00/v0085	SES008	-2.57436	12.4001	14.9745
spk_ver/v00/v0086	SES008	-2.82458	14.0184	16.843
spk_ver/v00/v0087	SES008	-5.38374	9.1709	14.5546
spk_ver/v00/v0088	SES008	-1.63156	15.1612	16.7928
spk_ver/v00/v0089	SES008	-2.2427	11.0499	13.2926
spk_ver/v00/v0090	SES142	2.85364	15.5865	12.7328
spk_ver/v00/v0091	SES008	-4.5475	10.6532	15.2007
spk_ver/v00/v0092	SES158	0.63343	14.3238	13.6903
spk_ver/v00/v0093	SES014	-2.75056	13.2844	16.035
spk_ver/v00/v0094	SES014	-4.98076	7.37976	12.3605
spk_ver/v00/v0095	SES014	-0.762555	15.7916	16.5541
spk_ver/v00/v0096	SES014	-10.0247	3.49262	13.5173
spk_ver/v00/v0097	SES014	-1.85705	11.4856	13.3426
spk_ver/v00/v0098	SES014	-2.05626	13.956	16.0122
spk_ver/v00/v0099	SES014	-3.44834	10.1606	13.6089
spk_ver/v01/v0100	SES127	0.469383	15.8417	15.3723
spk_ver/v01/v0101	SES014	-6.61613	6.57267	13.1888
spk_ver/v01/v0102	SES014	-5.24892	8.49991	13.7488
spk_ver/v01/v0103	SES014	-6.43029	7.2526	13.6829
spk_ver/v01/v0104	SES014	-7.31404	7.15119	14.4652
spk_ver/v01/v0105	SES014	-4.5416	7.77378	12.3154
spk_ver/v01/v0106	SES014	-3.7465	10.3066	14.0531
spk_ver/v01/v0107	SES014	-6.7029	9.48367	16.1866
spk_ver/v01/v0108	SES014	-7.65602	6.14174	13.7978
spk_ver/v01/v0109	SES014	-3.70889	9.15309	12.862
spk_ver/v01/v0110	SES014	-4.22925	9.13868	13.3679
spk_ver/v01/v0111	SES014	-2.06046	14.0741	16.1346
spk_ver/v01/v0112	SES014	-4.49933	10.9648	15.4641
spk_ver/v01/v0113	SES104	-0.211063	14.9998	15.2108
spk_ver/v01/v0114	SES082	0.962588	16.9355	15.9729
spk_ver/v01/v0115	SES087	1.34453	15.9675	14.623
spk_ver/v01/v0116	SES014	-2.02719	12.4521	14.4793
spk_ver/v01/v0117	SES177	0.253637	15.1103	14.8567
spk_ver/v01/v0118	SES014	-3.79589	9.10485	12.9007
spk_ver/v01/v0119	SES014	-1.51698	13.7173	15.2343
spk_ver/v01/v0120	SES014	-7.12313	7.41668	14.5398
spk_ver/v01/v0121	SES146	-0.00191307	14.967	14.9689
spk_ver/v01/v0122	SES014	2.42569	19.0819	16.6562
spk_ver/v01/v0123	SES014	-3.17482	12.469	15.6438
spk_ver/v01/v0124	SES014	-10.2938	4.4652	14.759
spk_ver/v01/v0125	SES014	-5.39645	9.32318	14.7196
spk_ver/v01/v0126	SES016	-2.57556	12.0248	14.6004
spk_ver/v01/v0127	SES016	-2.84309	10.2006	13.0437
spk_ver/v01/v0128	SES106	2.47431	16.9053	14.431
spk_ver/v01/v0129	SES016	-3.50305	12.0784	15.5814
spk_ver/v01/v0130	SES016	-2.8353	11.856	14.6913
spk_ver/v01/v0131	SES016	-4.7576	9.32359	14.0812
spk_ver/v01/v0132	SES016	-3.10297	12.0201	15.1231
spk_ver/v01/v0133	SES016	-2.69689	13.1089	15.8058
spk_ver/v01/v0134	SES016	-2.42996	13.2658	15.6958
spk_ver/v01/v0135	SES016	-4.73926	10.2638	15.0031
spk_ver/v01/v0136	SES016	-4.68227	9.70751	14.3898
spk_ver/v01/v0137	SES007	0.985723	14.6504	13.6646
spk_ver/v01/v0138	SES016	-0.743181	14.568	15.3111
spk_ver/v01/v0139	SES016	-1.98151	13.589	15.5705
spk_ver/v01/v0140	SES016	2.05032	17.5014	15.4511
spk_ver/v01/v0141	SES016	-8.07248	3.51719	11.5897
spk_ver/v01/v0142	SES016	-6.24554	8.93953	15.1851
spk_ver/v01/v0143	SES016	-5.14557	7.51545	12.661
spk_ver/v01/v0144	SES016	-4.45706	11.1206	15.5776
spk_ver/v01/v0145	SES016	-7.26606	5.68675	12.9528
spk_ver/v01/v0146	SES016	-1.66711	13.8349	15.502
spk_ver/v01/v0147	SES016	-1.32185	14.0123	15.3341
spk_ver/v01/v0148	SES127	0.760758	15.4585	14.6978
spk_ver/v01/v0149	SES016	-3.16309	11.3281	14.4912
spk_ver/v01/v0150	SES016	-2.33794	12.9125	15.2504
spk_ver/v01/v0151	SES147	0.909595	14.2093	13.2997
spk_ver/v01/v0152	SES016	-1.72791	12.7948	14.5227
spk_ver/v01/v0153	SES104	1.87216	18.3325	16.4603
spk_ver/v01/v0154	SES016	-4.56479	9.42939	13.9942
spk_ver/v01/v0155	SES016	-2.5039	10.894	13.3979
spk_ver/v01/v0156	SES019	-0.773949	12.4374	13.2114
spk_ver/v01/v0157	SES019	-3.47552	13.1662	16.6417
spk_ver/v01/v0158	SES019	-0.796006	13.9265	14.7225
spk_ver/v01/v0159	SES007	0.293316	14.9126	14.6193
spk_ver/v01/v0160	SES019	-2.65935	13.0776	15.737
spk_ver/v01/v0161	SES019	-3.91643	9.51775	13.4342
spk_ver/v01/v0162	SES019	-4.11399	12.4636	16.5776
spk_ver/v01/v0163	SES189	1.27661	15.577	14.3004
spk_ver/v01/v0164	SES019	-2.69291	12.5723	15.2652
spk_ver/v01/v0165	SES019	-0.922297	11.5075	12.4298
spk_ver/v01/v0166	SES019	-5.19602	11.1421	16.3382
spk_ver/v01/v0167	SES019	-4.88402	9.1358	14.0198
spk_ver/v01/v0168	SES019	-2.4099	8.63572	11.0456
spk_ver/v01/v0169	SES019	-4.83229	8.96476	13.7971
spk_ver/v01/v0170	SES270	1.06027	15.4913	14.431
spk_ver/v01/v0171	SES019	-2.5818	11.9769	14.5587
spk_ver/v01/v0172	SES019	-5.23322	8.76478	13.998
spk_ver/v01/v0173	SES206	1.26117	16.338	15.0768
spk_ver/v01/v0174	SES019	-2.48812	10.9044	13.3926
spk_ver/v01/v0175	SES014	2.16684	18.8053	16.6385
spk_ver/v01/v0176	SES019	-5.06488	10.6919	15.7568
spk_ver/v01/v0177	SES120	1.22105	15.0962	13.8751
spk_ver/v01/v0178	SES019	-2.26536	10.7616	13.0269
spk_ver/v01/v0179	SES019	-6.08573	11.0917	17.1775
spk_ver/v01/v0180	SES175	0.947435	15.3418	14.3944
spk_ver/v01/v0181	SES019	-4.66472	9.07173	13.7364
spk_ver/v01/v0182	SES019	-4.64756	11.5838	16.2314
spk_ver/v01/v0183	SES029	-2.73779	12.3783	15.1161
spk_ver/v01/v0184	SES029	-8.12354	6.81718	14.9407
spk_ver/v01/v0185	SES029	-2.62726	13.2972	15.9245
spk_ver/v01/v0186	SES068	1.48595	17.5379	16.0519
spk_ver/v01/v0187	SES029	-4.41741	10.5295	14.9469
spk_ver/v01/v0188	SES029	-2.98702	13.0533	16.0403
spk_ver/v01/v0189	SES149	2.67258	18.5745	15.9019
spk_ver/v01/v0190	SES029	-4.06393	12.1171	16.181
spk_ver/v01/v0191	SES029	-3.86258	10.5569	14.4195
spk_ver/v01/v0192	SES183	1.19885	16.6781	15.4793
spk_ver/v01/v0193	SES029	-2.59322	12.2562	14.8494
spk_ver/v01/v0194	SES016	2.39015	17.639	15.2488
spk_ver/v01/v0195	SES029	-3.48896	11.7334	15.2223
spk_ver/v01/v0196	SES029	-1.68118	12.5434	14.2246
spk_ver/v01/v0197	SES029	-4.50442	11.6597	16.1641
spk_ver/v01/v0198	SES146	1.04602	14.8014	13.7554
spk_ver/v01/v0199	SES029	-4.87154	8.40456	13.2761
spk_ver/v02/v0200	SES029	-2.55651	12.3824	14.9389
spk_ver/v02/v0201	SES068	1.15089	17.5243	16.3734
spk_ver/v02/v0202	SES148	2.33269	15.9891	13.6564
spk_ver/v02/v0203	SES029	-3.36937	11.5291	14.8985
spk_ver/v02/v0204	SES029	-1.40202	13.266	14.668
spk_ver/v02/v0205	SES060	0.832935	17.8739	17.041
spk_ver/v02/v0206	SES127	2.92552	18.954	16.0285
spk_ver/v02/v0207	SES029	-3.8144	10.8346	14.649
spk_ver/v02/v0208	SES048	1.94883	15.4986	13.5497
spk_ver/v02/v0209	SES029	-1.80015	13.3412	15.1413
spk_ver/v02/v0210	SES029	-3.16686	11.1382	14.3051
spk_ver/v02/v0211	SES029	-3.66596	11.9697	15.6356
spk_ver/v02/v0212	SES042	-6.67201	6.66794	13.3399
spk_ver/v02/v0213	SES085	1.71434	16.2173	14.503
spk_ver/v02/v0214	SES206	1.98496	17.6878	15.7028
spk_ver/v02/v0215	SES144	0.424479	14.9703	14.5459
spk_ver/v02/v0216	SES042	-3.06196	11.8239	14.8859
spk_ver/v02/v0217	SES042	-3.93414	5.74342	9.67756
spk_ver/v02/v0218	SES042	-2.94401	12.9244	15.8684
spk_ver/v02/v0219	SES206	1.20657	18.0366	16.8301
spk_ver/v02/v0220	SES019	4.07326	17.8464	13.7731
spk_ver/v02/v0221	SES007	0.395556	15.3964	15.0008
spk_ver/v02/v0222	SES042	-7.22003	6.7857	14.0057
spk_ver/v02/v0223	SES147	1.29527	14.3539	13.0586
spk_ver/v02/v0224	SES105	1.52673	15.2065	13.6798
spk_ver/v02/v0225	SES042	-2.11316	12.7339	14.8471
spk_ver/v02/v0226	SES275	1.40456	15.6263	14.2217
spk_ver/v02/v0227	SES042	-4.71374	9.13761	13.8514
spk_ver/v02/v0228	SES042	-5.37504	10.0695	15.4445
spk_ver/v02/v0229	SES042	-4.68246	11.2159	15.8983
spk_ver/v02/v0230	SES085	0.884159	17.9117	17.0276
spk_ver/v02/v0231	SES014	2.4664	19.6047	17.1383
spk_ver/v02/v0232	SES042	-1.81349	13.7951	15.6086
spk_ver/v02/v0233	SES048	-4.62351	10.7953	15.4188
spk_ver/v02/v0234	SES048	-4.00344	11.0416	15.045
spk_ver/v02/v0235	SES029	0.709001	16.4793	15.7703
spk_ver/v02/v0236	SES048	-2.76521	13.3912	16.1564
spk_ver/v02/v0237	SES048	-5.14219	9.24681	14.389
spk_ver/v02/v0238	SES048	-2.65754	12.7453	15.4028
spk_ver/v02/v0239	SES060	1.86316	17.6641	15.8009
spk_ver/v02/v0240	SES048	-4.50131	9.59836	14.0997
spk_ver/v02/v0241	SES048	-3.2162	12.3151	15.5313
spk_ver/v02/v0242	SES189	2.25983	15.7836	13.5238
spk_ver/v02/v0243	SES162	1.07581	15.3069	14.2311
spk_ver/v02/v0244	SES048	-5.97328	10.0748	16.0481
spk_ver/v02/v0245	SES048	-4.67653	9.8131	14.4896
spk_ver/v02/v0246	SES048	-4.24689	11.0845	15.3314
spk_ver/v02/v0247	SES048	-5.61554	7.09091	12.7065
spk_ver/v02/v0248	SES226	2.62814	17.3567	14.7285
spk_ver/v02/v0249	SES048	-2.15671	12.0959	14.2526
spk_ver/v02/v0250	SES048	-3.04656	11.0415	14.088
spk_ver/v02/v0251	SES048	-5.74413	7.63112	13.3753
spk_ver/v02/v0252	SES060	-4.43036	8.96665	13.397
spk_ver/v02/v0253	SES060	-6.01166	8.38312	14.3948
spk_ver/v02/v0254	SES259	2.90062	18.44	15.5394
spk_ver/v02/v0255	SES060	-5.16805	8.41902	13.5871
spk_ver/v02/v0256	SES202	1.07109	14.904	13.8329
spk_ver/v02/v0257	SES148	1.03021	16.1534	15.1232
spk_ver/v02/v0258	SES060	-5.30756	6.14376	11.4513
spk_ver/v02/v0259	SES060	-2.3771	13.6425	16.0196
spk_ver/v02/v0260	SES060	-3.53068	11.9747	15.5054
spk_ver/v02/v0261	SES099	2.50896	17.206	14.697
spk_ver/v02/v0262	SES060	-3.17575	11.8558	15.0316
spk_ver/v02/v0263	SES060	-3.07072	13.7051	16.7758
spk_ver/v02/v0264	SES292	0.594132	15.5432	14.9491
spk_ver/v02/v0265	SES060	-1.66631	13.0159	14.6822
spk_ver/v02/v0266	SES060	-6.34137	7.06131	13.4027
spk_ver/v02/v0267	SES060	-6.05306	7.31474	13.3678
spk_ver/v02/v0268	SES060	-6.63628	5.04701	11.6833
spk_ver/v02/v0269	SES127	1.72949	17.2498	15.5203
spk_ver/v02/v0270	SES060	-4.15434	10.3844	14.5387
spk_ver/v02/v0271	SES060	-1.32407	14.7449	16.0689
spk_ver/v02/v0272	SES060	-4.91103	7.74924	12.6603
spk_ver/v02/v0273	SES087	1.62097	16.5991	14.9781
spk_ver/v02/v0274	SES146	0.801241	14.356	13.5548
spk_ver/v02/v0275	SES060	-4.50025	9.36125	13.8615
spk_ver/v02/v0276	SES002	1.90585	16.9003	14.9945
spk_ver/v02/v0277	SES060	-1.87351	13.9258	15.7993
spk_ver/v02/v0278	SES060	-4.80555	9.08184	13.8874
spk_ver/v02/v0279	SES060	-5.89416	9.58345	15.4776
spk_ver/v02/v0280	SES129	2.56755	17.0278	14.4602
spk_ver/v02/v0281	SES162	1.35886	15.7134	14.3545
spk_ver/v02/v0282	SES060	-3.91117	10.7903	14.7015
spk_ver/v02/v0283	SES060	-3.71951	12.3913	16.1108
spk_ver/v02/v0284	SES062	-4.77069	7.71702	12.4877
spk_ver/v02/v0285	SES062	-6.32295	8.26047	14.5834
spk_ver/v02/v0286	SES120	0.223024	13.562	13.339
spk_ver/v02/v0287	SES062	-4.48811	9.84631	14.3344
spk_ver/v02/v0288	SES062	-4.79855	9.6338	14.4323
spk_ver/v02/v0289	SES062	-3.62591	12.1263	15.7522
spk_ver/v02/v0290	SES062	-2.43024	13.0315	15.4617
spk_ver/v02/v0291	SES275	0.627597	14.8961	14.2685
spk_ver/v02/v0292	SES062	-2.71037	12.0272	14.7376
spk_ver/v02/v0293	SES062	-3.74489	11.4111	15.156
spk_ver/v02/v0294	SES062	-4.93245	10.3882	15.3207
spk_ver/v02/v0295	SES062	-2.75302	11.5259	14.2789
spk_ver/v02/v0296	SES062	-3.43433	11.4291	14.8634
spk_ver/v02/v0297	SES062	-4.99642	9.46881	14.4652
spk_ver/v02/v0298	SES062	-3.19892	10.5207	13.7196
spk_ver/v02/v0299	SES062	-2.56519	12.5708	15.136
spk_ver/v03/v0300	SES062	-3.05409	11.5562	14.6102
spk_ver/v03/v0301	SES062	-1.88005	13.657	15.5371
spk_ver/v03/v0302	SES172	0.583408	17.1865	16.6031
spk_ver/v03/v0303	SES062	-2.61173	12.6148	15.2265
spk_ver/v03/v0304	SES062	-4.07919	9.92012	13.9993
spk_ver/v03/v0305	SES062	-3.07667	11.5824	14.6591
spk_ver/v03/v0306	SES062	-4.05689	8.94725	13.0041
spk_ver/v03/v0307	SES062	-3.99514	11.5512	15.5463
spk_ver/v03/v0308	SES062	-2.64686	11.3915	14.0383
spk_ver/v03/v0309	SES062	-3.76033	8.29673	12.0571
spk_ver/v03/v0310	SES125	1.60961	18.0609	16.4513
spk_ver/v03/v0311	SES062	-2.32427	12.9956	15.3199
spk_ver/v03/v0312	SES062	-5.53868	8.13911	13.6778
spk_ver/v03/v0313	SES062	-3.28455	11.1879	14.4724
spk_ver/v03/v0314	SES068	-3.2182	11.7556	14.9737
spk_ver/v03/v0315	SES068	-2.60809	12.7733	15.3814
spk_ver/v03/v0316	SES068	-1.71396	12.1145	13.8284
spk_ver/v03/v0317	SES068	-1.58467	12.0391	13.6238
spk_ver/v03/v0318	SES068	-3.3316	13.0615	16.3931
spk_ver/v03/v0319	SES068	-6.18847	6.82167	13.0101
spk_ver/v03/v0320	SES068	-1.42529	13.7382	15.1635
spk_ver/v03/v0321	SES068	-1.6699	12.8013	14.4712
spk_ver/v03/v0322	SES068	-1.4456	12.5498	13.9954
spk_ver/v03/v0323	SES068	-1.98214	13.5599	15.5421
spk_ver/v03/v0324	SES144	0.661015	13.7806	13.1196
spk_ver/v03/v0325	SES068	-1.87561	13.7746	15.6502
spk_ver/v03/v0326	SES068	-1.04028	14.9089	15.9492
spk_ver/v03/v0327	SES068	-2.22057	13.2377	15.4583
spk_ver/v03/v0328	SES068	-5.37542	8.52429	13.8997
spk_ver/v03/v0329	SES068	-2.72144	12.5894	15.3109
spk_ver/v03/v0330	SES180	0.354456	15.0504	14.6959
spk_ver/v03/v0331	SES068	-0.801147	14.2974	15.0985
spk_ver/v03/v0332	SES275	1.79796	16.1703	14.3723
spk_ver/v03/v0333	SES062	1.56713	18.8676	17.3005
spk_ver/v03/v0334	SES270	1.11363	14.7841	13.6704
spk_ver/v03/v0335	SES068	-6.48276	6.10437	12.5871
spk_ver/v03/v0336	SES068	-1.23764	15.791	17.0286
spk_ver/v03/v0337	SES068	-2.08019	12.0401	14.1203
spk_ver/v03/v0338	SES068	-2.7649	10.786	13.5509
spk_ver/v03/v0339	SES068	-1.32069	13.4344	14.7551
spk_ver/v03/v0340	SES068	-2.01264	11.7791	13.7918
spk_ver/v03/v0341	SES016	1.22607	17.9924	16.7663
spk_ver/v03/v0342	SES068	-2.2451	11.6426	13.8877
spk_ver/v03/v0343	SES068	-2.22199	11.7882	14.0101
spk_ver/v03/v0344	SES125	1.349	16.5866	15.2376
spk_ver/v03/v0345	SES187	0.648198	16.1335	15.4853
spk_ver/v03/v0346	SES068	-2.89125	12.388	15.2793
spk_ver/v03/v0347	SES143	1.30817	15.2857	13.9775
spk_ver/v03/v0348	SES292	1.07115	15.9669	14.8957
spk_ver/v03/v0349	SES082	-5.04542	10.4815	15.5269
spk_ver/v03/v0350	SES101	0.429384	16.3637	15.9343
spk_ver/v03/v0351	SES082	-0.777498	13.4194	14.1969
spk_ver/v03/v0352	SES082	-2.17564	10.9558	13.1314
spk_ver/v03/v0353	SES082	-3.33906	11.4322	14.7712
spk_ver/v03/v0354	SES082	-7.28305	5.84963	13.1327
spk_ver/v03/v0355	SES083	0.844229	17.246	16.4017
spk_ver/v03/v0356	SES082	-3.02003	10.6912	13.7112
spk_ver/v03/v0357	SES082	-5.09844	9.16049	14.2589
spk_ver/v03/v0358	SES082	-1.7934	12.6797	14.4731
spk_ver/v03/v0359	SES117	0.820422	13.6349	12.8145
spk_ver/v03/v0360	SES082	-5.81907	10.1905	16.0096
spk_ver/v03/v0361	SES082	-2.02889	12.1791	14.208
spk_ver/v03/v0362	SES007	0.950178	15.3557	14.4055
spk_ver/v03/v0363	SES082	-2.84255	12.0827	14.9252
spk_ver/v03/v0364	SES019	2.60876	16.9674	14.3586
spk_ver/v03/v0365	SES082	-1.36139	12.7796	14.141
spk_ver/v03/v0366	SES226	2.12807	17.0568	14.9287
spk_ver/v03/v0367	SES167	1.96416	17.7425	15.7784
spk_ver/v03/v0368	SES082	-3.60079	12.5699	16.1707
spk_ver/v03/v0369	SES042	3.42624	19.9387	16.5125
spk_ver/v03/v0370	SES042	2.70943	18.8582	16.1488
spk_ver/v03/v0371	SES082	-5.70957	9.26922	14.9788
spk_ver/v03/v0372	SES082	-1.40936	14.5026	15.9119
spk_ver/v03/v0373	SES082	-5.18717	10.2031	15.3903
spk_ver/v03/v0374	SES083	-2.12458	14.7885	16.9131
spk_ver/v03/v0375	SES292	0.215392	15.6033	15.3879
spk_ver/v03/v0376	SES083	-3.43564	12.0855	15.5212
spk_ver/v03/v0377	SES083	-4.25073	9.86035	14.1111
spk_ver/v03/v0378	SES083	-0.830897	13.2975	14.1284
spk_ver/v03/v0379	SES083	-1.59461	13.0359	14.6305
spk_ver/v03/v0380	SES083	-2.66981	11.9629	14.6327
spk_ver/v03/v0381	SES083	-3.47403	11.1613	14.6353
spk_ver/v03/v0382	SES148	0.0223494	15.8808	15.8584
spk_ver/v03/v0383	SES083	-1.58799	14.1779	15.7659
spk_ver/v03/v0384	SES226	1.94032	16.8715	14.9311
spk_ver/v03/v0385	SES226	2.42936	17.8874	15.4581
spk_ver/v03/v0386	SES087	1.95131	16.7378	14.7865
spk_ver/v03/v0387	SES029	1.5954	16.7252	15.1298
spk_ver/v03/v0388	SES147	1.28383	15.3831	14.0993
spk_ver/v03/v0389	SES083	-4.12532	9.20411	13.3294
spk_ver/v03/v0390	SES189	1.62056	15.9533	14.3327
spk_ver/v03/v0391	SES083	-1.46103	13.8516	15.3126
spk_ver/v03/v0392	SES083	-0.84005	15.3754	16.2154
spk_ver/v03/v0393	SES083	-3.25661	11.461	14.7176
spk_ver/v03/v0394	SES083	-3.34225	10.588	13.9303
spk_ver/v03/v0395	SES083	-1.64479	14.3058	15.9506
spk_ver/v03/v0396	SES014	3.3022	20.6565	17.3544
spk_ver/v03/v0397	SES085	-0.535355	17.0159	17.5512
spk_ver/v03/v0398	SES085	-1.99841	14.3926	16.3911
spk_ver/v03/v0399	SES085	-2.61799	12.4108	15.0288
spk_ver/v04/v0400	SES106	1.72576	17.2595	15.5337
spk_ver/v04/v0401	SES085	-4.25251	10.5315	14.784
spk_ver/v04/v0402	SES085	-7.7613	4.24625	12.0076
spk_ver/v04/v0403	SES085	-0.223711	15.4587	15.6824
spk_ver/v04/v0404	SES180	1.3157	16.3744	15.0587
spk_ver/v04/v0405	SES129	2.09216	17.2894	15.1973
spk_ver/v04/v0406	SES085	-5.29554	9.80632	15.1019
spk_ver/v04/v0407	SES146	0.137655	13.6209	13.4832
spk_ver/v04/v0408	SES085	-1.25651	14.7189	15.9754
spk_ver/v04/v0409	SES085	-3.37538	10.8211	14.1965
spk_ver/v04/v0410	SES085	-3.53553	12.8478	16.3834
spk_ver/v04/v0411	SES292	0.844437	15.403	14.5586
spk_ver/v04/v0412	SES085	-1.30677	15.1288	16.4356
spk_ver/v04/v0413	SES125	1.85228	17.8147	15.9624
spk_ver/v04/v0414	SES085	-2.36222	11.6807	14.043
spk_ver/v04/v0415	SES085	-2.32627	13.6487	15.975
spk_ver/v04/v0416	SES085	-1.02966	14.2722	15.3018
spk_ver/v04/v0417	SES062	1.52503	18.7372	17.2121
spk_ver/v04/v0418	SES060	1.75523	17.1515	15.3962
spk_ver/v04/v0419	SES085	-1.00349	14.2994	15.3029
spk_ver/v04/v0420	SES085	-5.51929	9.59008	15.1094
spk_ver/v04/v0421	SES085	-5.43353	7.26989	12.7034
spk_ver/v04/v0422	SES085	-1.36928	12.0465	13.4157
spk_ver/v04/v0423	SES085	-4.74866	9.50709	14.2558
spk_ver/v04/v0424	SES085	-4.22457	8.14459	12.3692
spk_ver/v04/v0425	SES183	0.335666	14.6748	14.3392
spk_ver/v04/v0426	SES085	-4.34501	10.0045	14.3495
spk_ver/v04/v0427	SES087	-3.08584	10.8362	13.922
spk_ver/v04/v0428	SES162	1.00582	15.9879	14.9821
spk_ver/v04/v0429	SES087	-1.72654	13.5551	15.2816
spk_ver/v04/v0430	SES087	-4.68237	10.9532	15.6356
spk_ver/v04/v0431	SES087	-4.04966	9.79474	13.8444
spk_ver/v04/v0432	SES087	-3.96005	9.90532	13.8654
spk_ver/v04/v0433	SES087	-3.86145	12.3852	16.2467
spk_ver/v04/v0434	SES142	2.85189	16.6407	13.7888
spk_ver/v04/v0435	SES087	-4.25424	9.59457	13.8488
spk_ver/v04/v0436	SES099	1.78709	17.3787	15.5916
spk_ver/v04/v0437	SES087	-1.36584	14.794	16.1598
spk_ver/v04/v0438	SES087	-4.53239	10.4406	14.973
spk_ver/v04/v0439	SES087	-1.96044	14.0023	15.9628
spk_ver/v04/v0440	SES087	-3.06848	12.7775	15.846
spk_ver/v04/v0441	SES087	-5.22732	9.31983	14.5472
spk_ver/v04/v0442	SES187	1.56706	16.2229	14.6559
spk_ver/v04/v0443	SES172	1.43114	17.143	15.7119
spk_ver/v04/v0444	SES087	-2.44309	11.7934	14.2365
spk_ver/v04/v0445	SES087	-2.60947	12.5484	15.1578
spk_ver/v04/v0446	SES087	-0.726959	14.7071	15.434
spk_ver/v04/v0447	SES087	-1.65031	13.8812	15.5315
spk_ver/v04/v0448	SES106	2.35406	15.4789	13.1248
spk_ver/v04/v0449	SES146	1.14087	15.0744	13.9335
spk_ver/v04/v0450	SES087	-4.75481	9.55305	14.3079
spk_ver/v04/v0451	SES087	-2.20704	12.7498	14.9568
spk_ver/v04/v0452	SES007	1.42212	15.445	14.0229
spk_ver/v04/v0453	SES087	-2.91565	11.0151	13.9308
spk_ver/v04/v0454	SES087	-5.6925	9.04542	14.7379
spk_ver/v04/v0455	SES180	0.828203	15.4467	14.6185
spk_ver/v04/v0456	SES099	-4.80133	9.92904	14.7304
spk_ver/v04/v0457	SES042	1.80756	17.7275	15.9199
spk_ver/v04/v0458	SES099	-1.20337	13.2553	14.4587
spk_ver/v04/v0459	SES099	-5.20209	10.1311	15.3332
spk_ver/v04/v0460	SES099	-4.8001	8.90597	13.7061
spk_ver/v04/v0461	SES099	-3.06494	13.1094	16.1743
spk_ver/v04/v0462	SES082	2.67448	18.2065	15.5321
spk_ver/v04/v0463	SES099	-0.786006	14.3688	15.1548
spk_ver/v04/v0464	SES099	0.0799484	15.4517	15.3717
spk_ver/v04/v0465	SES099	-5.71299	9.26899	14.982
spk_ver/v04/v0466	SES099	-1.37891	13.7368	15.1157
spk_ver/v04/v0467	SES099	-0.633524	13.7361	14.3696
spk_ver/v04/v0468	SES129	2.27019	17.5621	15.2919
spk_ver/v04/v0469	SES101	0.5766	15.2715	14.6949
spk_ver/v04/v0470	SES099	-4.54652	9.45373	14.0003
spk_ver/v04/v0471	SES172	1.37861	16.4923	15.1137
spk_ver/v04/v0472	SES099	-0.580753	13.4579	14.0386
spk_ver/v04/v0473	SES270	3.11885	17.1482	14.0293
spk_ver/v04/v0474	SES099	-4.47801	11.3195	15.7975
spk_ver/v04/v0475	SES099	-2.76907	13.2825	16.0516
spk_ver/v04/v0476	SES099	-3.61436	8.8429	12.4573
spk_ver/v04/v0477	SES002	1.84809	17.695	15.8469
spk_ver/v04/v0478	SES099	-0.705183	14.234	14.9391
spk_ver/v04/v0479	SES007	-0.315711	14.1324	14.4481
spk_ver/v04/v0480	SES101	-5.48725	10.3435	15.8307
spk_ver/v04/v0481	SES101	-2.85729	10.8685	13.7258
spk_ver/v04/v0482	SES175	0.453047	14.9142	14.4611
spk_ver/v04/v0483	SES101	-4.14466	10.7076	14.8522
spk_ver/v04/v0484	SES101	-5.31693	12.2529	17.5698
spk_ver/v04/v0485	SES101	-1.6576	12.669	14.3266
spk_ver/v04/v0486	SES101	-1.60202	11.6721	13.2741
spk_ver/v04/v0487	SES101	-1.06063	14.442	15.5026
spk_ver/v04/v0488	SES101	-6.03069	7.93131	13.962
spk_ver/v04/v0489	SES147	1.3372	13.429	12.0918
spk_ver/v04/v0490	SES085	-0.821187	13.638	14.4591
spk_ver/v04/v0491	SES101	-2.13976	11.5201	13.6599
spk_ver/v04/v0492	SES101	-4.63348	8.06197	12.6954
spk_ver/v04/v0493	SES101	-3.04588	13.3305	16.3763
spk_ver/v04/v0494	SES101	-2.33812	12.2833	14.6214
spk_ver/v04/v0495	SES101	-1.67385	15.1145	16.7884
spk_ver/v04/v0496	SES101	-2.61869	13.1453	15.764
spk_ver/v04/v0497	SES014	2.83194	20.4785	17.6465
spk_ver/v04/v0498	SES101	-3.38695	11.3635	14.7505
spk_ver/v04/v0499	SES101	-3.07009	12.8294	15.8994
spk_ver/v05/v0500	SES085	0.96147	17.7202	16.7587
spk_ver/v05/v0501	SES101	-5.39548	10.1812	15.5766
spk_ver/v05/v0502	SES275	0.965589	14.9693	14.0037
spk_ver/v05/v0503	SES117	1.11806	15.0815	13.9635
spk_ver/v05/v0504	SES101	-4.6843	10.2494	14.9337
spk_ver/v05/v0505	SES101	-2.87319	12.0087	14.8819
spk_ver/v05/v0506	SES101	-2.24711	12.3561	14.6032
spk_ver/v05/v0507	SES048	1.40366	17.7312	16.3276
spk_ver/v05/v0508	SES117	0.4905	13.8618	13.3713
spk_ver/v05/v0509	SES202	2.28119	16.0127	13.7315
spk_ver/v05/v0510	SES104	-2.83053	9.78614	12.6167
spk_ver/v05/v0511	SES008	1.53014	15.3026	13.7725
spk_ver/v05/v0512	SES104	-1.82093	11.673	13.494
spk_ver/v05/v0513	SES104	-2.71835	12.7124	15.4308
spk_ver/v05/v0514	SES104	-4.86827	11.0007	15.8689
spk_ver/v05/v0515	SES104	-6.71737	9.25379	15.9712
spk_ver/v05/v0516	SES104	-3.4398	8.52373	11.9635
spk_ver/v05/v0517	SES060	1.28657	18.5832	17.2967
spk_ver/v05/v0518	SES104	-5.54799	8.63905	14.187
spk_ver/v05/v0519	SES104	-6.21066	7.13202	13.3427
spk_ver/v05/v0520	SES104	-0.987971	15.5789	16.5668
spk_ver/v05/v0521	SES008	1.17008	17.6275	16.4574
spk_ver/v05/v0522	SES068	1.26251	16.8498	15.5873
spk_ver/v05/v0523	SES087	1.84116	17.7515	15.9103
spk_ver/v05/v0524	SES104	-1.59163	12.9799	14.5715
spk_ver/v05/v0525	SES104	-0.787705	14.0109	14.7986
spk_ver/v05/v0526	SES104	-1.7626	13.4886	15.2512
spk_ver/v05/v0527	SES083	0.941786	16.2799	15.3381
spk_ver/v05/v0528	SES148	1.61546	15.5437	13.9282
spk_ver/v05/v0529	SES104	-3.55536	10.7798	14.3352
spk_ver/v05/v0530	SES104	-5.69101	9.168	14.859
spk_ver/v05/v0531	SES125	1.85797	16.8758	15.0178
spk_ver/v05/v0532	SES104	-7.17522	7.22627	14.4015
spk_ver/v05/v0533	SES149	2.59805	19.6375	17.0394
spk_ver/v05/v0534	SES104	-4.64583	10.7853	15.4311
spk_ver/v05/v0535	SES187	0.682224	14.8209	14.1387
spk_ver/v05/v0536	SES104	-2.29977	12.81	15.1098
spk_ver/v05/v0537	SES104	-2.37029	11.6441	14.0144
spk_ver/v05/v0538	SES167	1.42068	16.7549	15.3342
spk_ver/v05/v0539	SES104	-1.92636	10.2848	12.2112
spk_ver/v05/v0540	SES104	-6.91629	10.4842	17.4005
spk_ver/v05/v0541	SES183	1.54573	14.6085	13.0628
spk_ver/v05/v0542	SES104	-1.92898	12.3881	14.317
spk_ver/v05/v0543	SES104	-6.28031	9.30399	15.5843
spk_ver/v05/v0544	SES105	-4.58189	10.9763	15.5582
spk_ver/v05/v0545	SES105	-3.16187	11.4731	14.635
spk_ver/v05/v0546	SES105	-3.56962	11.0637	14.6333
spk_ver/v05/v0547	SES105	-3.73797	10.1231	13.861
spk_ver/v05/v0548	SES019	3.25283	17.0092	13.7564
spk_ver/v05/v0549	SES105	-2.34947	12.6122	14.9617
spk_ver/v05/v0550	SES105	-3.30331	10.5091	13.8124
spk_ver/v05/v0551	SES202	2.56023	14.6476	12.0874
spk_ver/v05/v0552	SES105	-4.50322	10.5624	15.0656
spk_ver/v05/v0553	SES105	-1.63321	13.7703	15.4035
spk_ver/v05/v0554	SES105	-1.97722	13.8886	15.8658
spk_ver/v05/v0555	SES105	-3.2873	10.4423	13.7296
spk_ver/v05/v0556	SES082	0.840064	16.3959	15.5558
spk_ver/v05/v0557	SES105	-4.5288	11.2842	15.813
spk_ver/v05/v0558	SES014	1.64696	17.6947	16.0478
spk_ver/v05/v0559	SES105	-2.63868	12.9443	15.583
spk_ver/v05/v0560	SES177	0.114148	15.5832	15.4691
spk_ver/v05/v0561	SES189	3.47292	12.0375	8.5646
spk_ver/v05/v0562	SES105	-3.30703	10.1763	13.4834
spk_ver/v05/v0563	SES099	2.14851	15.3456	13.1971
spk_ver/v05/v0564	SES105	-2.212	13.6524	15.8644
spk_ver/v05/v0565	SES105	-3.43373	10.9447	14.3785
spk_ver/v05/v0566	SES105	-3.99514	10.145	14.1402
spk_ver/v05/v0567	SES142	2.27964	15.6668	13.3871
spk_ver/v05/v0568	SES048	0.528431	14.8873	14.3588
spk_ver/v05/v0569	SES105	-4.18639	11.7761	15.9625
spk_ver/v05/v0570	SES105	-1.87059	13.3405	15.2111
spk_ver/v05/v0571	SES105	-3.16914	11.1571	14.3263
spk_ver/v05/v0572	SES105	-4.63798	8.36411	13.0021
spk_ver/v05/v0573	SES105	-5.12285	8.74693	13.8698
spk_ver/v05/v0574	SES105	-1.03435	14.0803	15.1147
spk_ver/v05/v0575	SES105	-0.810647	13.7723	14.583
spk_ver/v05/v0576	SES106	-4.32934	9.80356	14.1329
spk_ver/v05/v0577	SES106	-5.16516	9.13099	14.2962
spk_ver/v05/v0578	SES106	-4.06251	11.4295	15.492
spk_ver/v05/v0579	SES106	-4.85135	10.0149	14.8662
spk_ver/v05/v0580	SES106	-2.26491	14.1557	16.4206
spk_ver/v05/v0581	SES106	-7.12046	7.79562	14.9161
spk_ver/v05/v0582	SES106	-1.92463	11.4703	13.3949
spk_ver/v05/v0583	SES106	-1.52205	14.3035	15.8256
spk_ver/v05/v0584	SES106	-4.22049	9.14319	13.3637
spk_ver/v05/v0585	SES106	-0.00664139	11.9288	11.9354
spk_ver/v05/v0586	SES106	-4.02071	10.2867	14.3074
spk_ver/v05/v0587	SES106	-2.72883	10.167	12.8958
spk_ver/v05/v0588	SES106	-5.09444	10.6575	15.752
spk_ver/v05/v0589	SES106	-5.51198	10.5185	16.0305
spk_ver/v05/v0590	SES082	0.827072	15.2832	14.4561
spk_ver/v05/v0591	SES180	1.06243	16.0923	15.0299
spk_ver/v05/v0592	SES106	-2.34898	12.0344	14.3833
spk_ver/v05/v0593	SES106	-5.92584	8.09974	14.0256
spk_ver/v05/v0594	SES292	0.960315	16.2985	15.3382
spk_ver/v05/v0595	SES106	-1.79493	13.0941	14.8891
spk_ver/v05/v0596	SES106	-5.44866	9.70887	15.1575
spk_ver/v05/v0597	SES106	-5.98395	8.58912	14.5731
spk_ver/v05/v0598	SES042	2.07199	17.8869	15.8149
spk_ver/v05/v0599	SES106	-5.11879	8.42321	13.542
spk_ver/v06/v0600	SES106	-0.438956	11.9406	12.3795
spk_ver/v06/v0601	SES106	-2.02724	11.765	13.7922
spk_ver/v06/v0602	SES106	-3.46388	11.2949	14.7588
spk_ver/v06/v0603	SES106	-4.55006	9.76599	14.316
spk_ver/v06/v0604	SES106	-4.20257	10.2212	14.4237
spk_ver/v06/v0605	SES106	-5.6839	8.19992	13.8838
spk_ver/v06/v0606	SES048	2.19111	17.9047	15.7136
spk_ver/v06/v0607	SES167	2.85151	18.7923	15.9408
spk_ver/v06/v0608	SES106	-4.43929	10.0432	14.4825
spk_ver/v06/v0609	SES143	1.44593	15.8377	14.3917
spk_ver/v06/v0610	SES106	-8.55078	4.92314	13.4739
spk_ver/v06/v0611	SES106	-3.56374	11.1652	14.7289
spk_ver/v06/v0612	SES106	-5.76669	8.22593	13.9926
spk_ver/v06/v0613	SES117	-1.55882	14.3219	15.8807
spk_ver/v06/v0614	SES117	-4.0119	11.1261	15.138
spk_ver/v06/v0615	SES117	-2.40682	12.1584	14.5652
spk_ver/v06/v0616	SES106	2.31523	18.8358	16.5206
spk_ver/v06/v0617	SES142	2.56243	14.6302	12.0678
spk_ver/v06/v0618	SES048	2.08036	17.8239	15.7435
spk_ver/v06/v0619	SES175	0.720683	14.969	14.2484
spk_ver/v06/v0620	SES180	0.894233	16.7676	15.8734
spk_ver/v06/v0621	SES117	-1.24119	11.631	12.8722
spk_ver/v06/v0622	SES029	0.951146	16.0765	15.1253
spk_ver/v06/v0623	SES117	-1.64166	13.4637	15.1054
spk_ver/v06/v0624	SES117	-3.90989	10.3423	14.2521
spk_ver/v06/v0625	SES117	-1.63255	11.7464	13.379
spk_ver/v06/v0626	SES106	1.76713	16.7551	14.988
spk_ver/v06/v0627	SES226	2.43526	17.9547	15.5194
spk_ver/v06/v0628	SES117	-0.94617	14.3713	15.3175
spk_ver/v06/v0629	SES117	-3.54544	12.9033	16.4488
spk_ver/v06/v0630	SES117	-4.11539	10.5464	14.6618
spk_ver/v06/v0631	SES117	-4.75719	7.83977	12.597
spk_ver/v06/v0632	SES117	-1.84684	14.1193	15.9661
spk_ver/v06/v0633	SES099	2.63889	17.0052	14.3663
spk_ver/v06/v0634	SES105	2.07814	16.1202	14.042
spk_ver/v06/v0635	SES167	0.417046	15.9343	15.5173
spk_ver/v06/v0636	SES117	-1.32105	13.5019	14.823
spk_ver/v06/v0637	SES202	1.86088	15.3223	13.4614
spk_ver/v06/v0638	SES117	-3.05347	12.1222	15.1756
spk_ver/v06/v0639	SES167	1.56805	15.401	13.8329
spk_ver/v06/v0640	SES117	-1.80561	13.1312	14.9368
spk_ver/v06/v0641	SES117	-3.50966	11.3743	14.884
spk_ver/v06/v0642	SES101	0.907534	16.6946	15.7871
spk_ver/v06/v0643	SES068	1.18617	17.0275	15.8413
spk_ver/v06/v0644	SES120	-3.64589	9.85795	13.5038
spk_ver/v06/v0645	SES120	-1.18868	12.7026	13.8913
spk_ver/v06/v0646	SES172	0.614305	15.3306	14.7163
spk_ver/v06/v0647	SES120	-3.29652	12.6194	15.9159
spk_ver/v06/v0648	SES120	-0.798626	15.0891	15.8878
spk_ver/v06/v0649	SES120	-2.92464	9.36825	12.2929
spk_ver/v06/v0650	SES087	2.024	16.9626	14.9386
spk_ver/v06/v0651	SES120	-1.63093	12.5553	14.1862
spk_ver/v06/v0652	SES104	0.700015	13.9712	13.2712
spk_ver/v06/v0653	SES129	1.84811	17.6157	15.7676
spk_ver/v06/v0654	SES120	-3.56159	10.7143	14.2759
spk_ver/v06/v0655	SES120	-1.15437	11.7482	12.9026
spk_ver/v06/v0656	SES120	-1.74648	13.6007	15.3472
spk_ver/v06/v0657	SES147	0.385262	13.6865	13.3013
spk_ver/v06/v0658	SES120	-2.77297	11.4369	14.2099
spk_ver/v06/v0659	SES120	-2.46002	13.03	15.49
spk_ver/v06/v0660	SES120	-1.38826	13.8442	15.2324
spk_ver/v06/v0661	SES120	-2.13347	10.9162	13.0497
spk_ver/v06/v0662	SES120	-1.73586	14.3237	16.0595
spk_ver/v06/v0663	SES120	-1.45109	11.4956	12.9467
spk_ver/v06/v0664	SES147	0.932896	15.5619	14.629
spk_ver/v06/v0665	SES162	1.3894	15.7853	14.3959
spk_ver/v06/v0666	SES120	-1.76401	13.6414	15.4054
spk_ver/v06/v0667	SES120	-1.32485	14.3762	15.7011
spk_ver/v06/v0668	SES120	1.05116	16.0708	15.0196
spk_ver/v06/v0669	SES142	2.23199	16.0954	13.8634
spk_ver/v06/v0670	SES106	2.55152	17.9948	15.4433
spk_ver/v06/v0671	SES183	2.17231	15.2276	13.0552
spk_ver/v06/v0672	SES120	-1.86769	11.7673	13.635
spk_ver/v06/v0673	SES029	0.17973	15.3581	15.1784
spk_ver/v06/v0674	SES120	-1.34622	12.8281	14.1743
spk_ver/v06/v0675	SES008	2.16118	17.7973	15.6362
spk_ver/v06/v0676	SES125	-4.30053	8.314	12.6145
spk_ver/v06/v0677	SES143	1.34366	14.9195	13.5758
spk_ver/v06/v0678	SES125	-5.27247	8.15421	13.4267
spk_ver/v06/v0679	SES162	1.16925	15.2701	14.1009
spk_ver/v06/v0680	SES125	-3.10321	11.8023	14.9055
spk_ver/v06/v0681	SES125	-2.65111	12.0682	14.7193
spk_ver/v06/v0682	SES125	-5.41764	11.1341	16.5517
spk_ver/v06/v0683	SES226	1.48118	16.8164	15.3352
spk_ver/v06/v0684	SES125	-3.50898	10.1916	13.7006
spk_ver/v06/v0685	SES125	-5.74089	8.11076	13.8516
spk_ver/v06/v0686	SES120	1.25073	16.8048	15.5541
spk_ver/v06/v0687	SES125	-4.51517	8.45148	12.9667
spk_ver/v06/v0688	SES158	2.27716	16.0413	13.7641
spk_ver/v06/v0689	SES125	-6.66666	8.29986	14.9665
spk_ver/v06/v0690	SES105	1.92264	15.9114	13.9887
spk_ver/v06/v0691	SES125	-1.40072	12.8637	14.2645
spk_ver/v06/v0692	SES125	-2.78095	12.3902	15.1712
spk_ver/v06/v0693	SES180	1.87808	16.7886	14.9105
spk_ver/v06/v0694	SES125	-6.62093	8.44916	15.0701
spk_ver/v06/v0695	SES125	-3.51407	12.1448	15.6589
spk_ver/v06/v0696	SES125	-6.68728	9.84527	16.5325
spk_ver/v06/v0697	SES125	-6.15714	7.69346	13.8506
spk_ver/v06/v0698	SES083	0.738766	17.2677	16.5289
spk_ver/v06/v0699	SES125	-4.35463	10.6856	15.0402
spk_ver/v07/v0700	SES014	2.40894	19.2447	16.8358
spk_ver/v07/v0701	SES125	-5.05932	11.7719	16.8312
spk_ver/v07/v0702	SES127	-1.74088	13.9577	15.6986
spk_ver/v07/v0703	SES127	-0.705422	12.3647	13.0702
spk_ver/v07/v0704	SES206	1.95917	17.9651	16.0059
spk_ver/v07/v0705	SES127	-2.66679	12.0446	14.7114
spk_ver/v07/v0706	SES127	-1.82547	14.6124	16.4378
spk_ver/v07/v0707	SES127	-4.48894	10.7003	15.1892
spk_ver/v07/v0708	SES275	0.946561	16.1016	15.1551
spk_ver/v07/v0709	SES127	-2.75583	12.3916	15.1475
spk_ver/v07/v0710	SES105	1.03172	14.8291	13.7973
spk_ver/v07/v0711	SES127	-2.35857	11.1929	13.5514
spk_ver/v07/v0712	SES127	-2.62255	11.8879	14.5104
spk_ver/v07/v0713	SES127	-2.52172	10.8218	13.3436
spk_ver/v07/v0714	SES019	4.61888	17.496	12.8771
spk_ver/v07/v0715	SES127	-4.50779	8.26656	12.7743
spk_ver/v07/v0716	SES148	1.25369	15.1308	13.8771
spk_ver/v07/v0717	SES162	1.35598	16.6716	15.3156
spk_ver/v07/v0718	SES189	0.815026	14.6826	13.8676
spk_ver/v07/v0719	SES149	0.670334	17.2715	16.6011
spk_ver/v07/v0720	SES175	1.48013	16.4653	14.9851
spk_ver/v07/v0721	SES127	-3.55921	11.4952	15.0544
spk_ver/v07/v0722	SES127	-1.18538	13.532	14.7174
spk_ver/v07/v0723	SES127	-2.85057	12.4569	15.3075
spk_ver/v07/v0724	SES127	-2.18818	13.853	16.0412
spk_ver/v07/v0725	SES127	-2.07076	12.1854	14.2562
spk_ver/v07/v0726	SES259	2.78183	18.3519	15.57
spk_ver/v07/v0727	SES127	-1.95551	12.8747	14.8302
spk_ver/v07/v0728	SES127	-0.665823	15.7224	16.3882
spk_ver/v07/v0729	SES127	-4.7456	8.91402	13.6596
spk_ver/v07/v0730	SES127	-2.17968	11.1044	13.284
spk_ver/v07/v0731	SES129	-2.37618	14.1689	16.545
spk_ver/v07/v0732	SES129	-2.07749	12.3501	14.4276
spk_ver/v07/v0733	SES129	-4.59904	8.51682	13.1159
spk_ver/v07/v0734	SES129	-6.95057	6.6219	13.5725
spk_ver/v07/v0735	SES183	0.936073	15.3	14.3639
spk_ver/v07/v0736	SES129	-3.20357	11.0251	14.2287
spk_ver/v07/v0737	SES129	-2.72361	11.7514	14.475
spk_ver/v07/v0738	SES129	-5.73914	8.36226	14.1014
spk_ver/v07/v0739	SES129	-3.50465	10.6005	14.1052
spk_ver/v07/v0740	SES167	-0.252801	15.6296	15.8824
spk_ver/v07/v0741	SES129	-2.51115	11.3494	13.8606
spk_ver/v07/v0742	SES129	-3.95033	13.4912	17.4415
spk_ver/v07/v0743	SES129	-2.69477	12.6976	15.3924
spk_ver/v07/v0744	SES129	-4.34877	8.78079	13.1296
spk_ver/v07/v0745	SES180	1.87967	16.8772	14.9975
spk_ver/v07/v0746	SES129	-2.32848	13.8664	16.1949
spk_ver/v07/v0747	SES292	0.177373	15.9096	15.7323
spk_ver/v07/v0748	SES202	1.56754	14.5791	13.0116
spk_ver/v07/v0749	SES270	0.557011	15.3933	14.8363
spk_ver/v07/v0750	SES129	-4.10028	13.1053	17.2056
spk_ver/v07/v0751	SES129	-4.99881	11.1285	16.1273
spk_ver/v07/v0752	SES060	0.588094	15.5667	14.9786
spk_ver/v07/v0753	SES129	-3.43178	11.2228	14.6545
spk_ver/v07/v0754	SES129	-5.60865	6.55685	12.1655
spk_ver/v07/v0755	SES129	-4.50337	10.3825	14.8859
spk_ver/v07/v0756	SES175	1.03939	14.9377	13.8983
spk_ver/v07/v0757	SES129	-4.25758	8.728	12.9856
spk_ver/v07/v0758	SES129	-4.58946	8.09012	12.6796
spk_ver/v07/v0759	SES129	-4.55791	11.2448	15.8027
spk_ver/v07/v0760	SES129	-3.26519	12.5017	15.7669
spk_ver/v07/v0761	SES129	-3.64079	12.8468	16.4875
spk_ver/v07/v0762	SES172	0.909533	16.101	15.1915
spk_ver/v07/v0763	SES129	-4.42034	8.41803	12.8384
spk_ver/v07/v0764	SES129	-3.30037	12.4597	15.76
spk_ver/v07/v0765	SES175	1.10835	15.8958	14.7874
spk_ver/v07/v0766	SES129	-4.08358	12.4538	16.5373
spk_ver/v07/v0767	SES129	-2.94032	11.1135	14.0538
spk_ver/v07/v0768	SES042	2.32601	18.444	16.118
spk_ver/v07/v0769	SES099	1.74098	15.7705	14.0295
spk_ver/v07/v0770	SES142	-3.5161	10.4977	14.0138
spk_ver/v07/v0771	SES142	-2.01689	13.7846	15.8014
spk_ver/v07/v0772	SES101	1.00615	17.3802	16.3741
spk_ver/v07/v0773	SES142	-7.32255	5.76556	13.0881
spk_ver/v07/v0774	SES142	-4.74918	8.29122	13.0404
spk_ver/v07/v0775	SES142	-1.74888	13.1786	14.9275
spk_ver/v07/v0776	SES142	-3.22515	13.2373	16.4624
spk_ver/v07/v0777	SES142	-4.74422	9.45811	14.2023
spk_ver/v07/v0778	SES142	-1.79155	11.435	13.2266
spk_ver/v07/v0779	SES142	-9.56915	5.19634	14.7655
spk_ver/v07/v0780	SES142	-4.75107	6.62377	11.3748
spk_ver/v07/v0781	SES142	-8.71218	5.81436	14.5265
spk_ver/v07/v0782	SES101	0.83329	15.4581	14.6248
spk_ver/v07/v0783	SES142	-4.53474	9.37314	13.9079
spk_ver/v07/v0784	SES187	1.77714	16.2765	14.4993
spk_ver/v07/v0785	SES143	0.948042	13.0477	12.0996
spk_ver/v07/v0786	SES142	-4.66257	11.5127	16.1753
spk_ver/v07/v0787	SES144	0.90589	15.7914	14.8855
spk_ver/v07/v0788	SES275	0.844284	15.1052	14.2609
spk_ver/v07/v0789	SES142	-3.60704	11.4546	15.0617
spk_ver/v07/v0790	SES099	2.29814	17.8436	15.5454
spk_ver/v07/v0791	SES142	-6.43196	7.45304	13.885
spk_ver/v07/v0792	SES142	-4.58604	12.9933	17.5793
spk_ver/v07/v0793	SES142	-6.21415	8.10519	14.3193
spk_ver/v07/v0794	SES014	1.8026	18.311	16.5084
spk_ver/v07/v0795	SES142	-7.0711	8.3204	15.3915
spk_ver/v07/v0796	SES142	-3.42794	12.2831	15.711
spk_ver/v07/v0797	SES143	-0.898298	14.3654	15.2637
spk_ver/v07/v0798	SES206	1.46076	17.9411	16.4804
spk_ver/v07/v0799	SES143	-3.43738	8.5035	11.9409
spk_ver/v08/v0800	SES143	-1.24621	12.6867	13.9329
spk_ver/v08/v0801	SES143	-1.63682	14.7562	16.393
spk_ver/v08/v0802	SES143	-2.38511	10.4825	12.8676
spk_ver/v08/v0803	SES143	-1.82298	12.0651	13.8881
spk_ver/v08/v0804	SES143	-2.49152	9.89358	12.3851
spk_ver/v08/v0805	SES143	-2.75533	10.9517	13.707
spk_ver/v08/v0806	SES143	-2.79598	10.4795	13.2755
spk_ver/v08/v0807	SES177	0.0978928	14.3722	14.2743
spk_ver/v08/v0808	SES149	1.06887	17.3831	16.3142
spk_ver/v08/v0809	SES143	-4.46194	11.0216	15.4836
spk_ver/v08/v0810	SES158	1.89557	15.5711	13.6755
spk_ver/v08/v0811	SES143	-2.35135	10.7277	13.079
spk_ver/v08/v0812	SES062	1.87527	19.3234	17.4482
spk_ver/v08/v0813	SES259	2.46291	18.2929	15.83
spk_ver/v08/v0814	SES143	-4.76262	11.5004	16.2631
spk_ver/v08/v0815	SES143	-2.81909	11.6434	14.4625
spk_ver/v08/v0816	SES143	-1.47749	13.8207	15.2982
spk_ver/v08/v0817	SES144	0.556229	15.877	15.3207
spk_ver/v08/v0818	SES143	-2.00268	12.7182	14.7209
spk_ver/v08/v0819	SES143	-2.78635	12.4878	15.2741
spk_ver/v08/v0820	SES143	-1.70619	14.041	15.7472
spk_ver/v08/v0821	SES143	-1.80972	13.1374	14.9471
spk_ver/v08/v0822	SES143	-3.35537	11.3122	14.6676
spk_ver/v08/v0823	SES104	2.11551	17.8972	15.7817
spk_ver/v08/v0824	SES143	-4.00251	11.1193	15.1218
spk_ver/v08/v0825	SES143	-2.53553	11.8458	14.3813
spk_ver/v08/v0826	SES144	-4.23746	10.6963	14.9338
spk_ver/v08/v0827	SES144	-1.88685	13.3524	15.2393
spk_ver/v08/v0828	SES144	-0.657433	15.2763	15.9337
spk_ver/v08/v0829	SES172	0.879757	15.5972	14.7174
spk_ver/v08/v0830	SES144	-0.364395	13.9888	14.3532
spk_ver/v08/v0831	SES183	1.40092	15.8787	14.4778
spk_ver/v08/v0832	SES144	-5.04766	8.72444	13.7721
spk_ver/v08/v0833	SES144	-4.45323	10.8674	15.3207
spk_ver/v08/v0834	SES144	-1.15514	13.1588	14.3139
spk_ver/v08/v0835	SES144	-2.94688	11.3014	14.2482
spk_ver/v08/v0836	SES144	-1.92979	12.8895	14.8193
spk_ver/v08/v0837	SES144	-2.4197	14.2337	16.6534
spk_ver/v08/v0838	SES144	-3.41657	10.8434	14.2599
spk_ver/v08/v0839	SES085	0.550915	16.4755	15.9246
spk_ver/v08/v0840	SES144	-0.446785	14.3389	14.7857
spk_ver/v08/v0841	SES144	-4.56345	7.67559	12.239
spk_ver/v08/v0842	SES144	-3.9954	11.3482	15.3436
spk_ver/v08/v0843	SES144	-0.898634	14.4533	15.352
spk_ver/v08/v0844	SES144	-2.8162	12.4018	15.218
spk_ver/v08/v0845	SES144	-4.10647	13.2851	17.3916
spk_ver/v08/v0846	SES104	1.30008	16.3893	15.0892
spk_ver/v08/v0847	SES144	-4.2263	10.4791	14.7054
spk_ver/v08/v0848	SES144	-2.66135	11.1498	13.8111
spk_ver/v08/v0849	SES144	-5.64792	9.26341	14.9113
spk_ver/v08/v0850	SES144	-3.35611	12.1371	15.4932
spk_ver/v08/v0851	SES144	-2.25855	12.7252	14.9838
spk_ver/v08/v0852	SES144	-0.965587	15.1128	16.0784
spk_ver/v08/v0853	SES144	-5.11346	9.34813	14.4616
spk_ver/v08/v0854	SES144	-1.79234	13.5682	15.3605
spk_ver/v08/v0855	SES144	-0.0823936	16.3253	16.4077
spk_ver/v08/v0856	SES082	0.125882	12.6907	12.5649
spk_ver/v08/v0857	SES142	2.65765	16.8383	14.1806
spk_ver/v08/v0858	SES144	-0.777061	12.6752	13.4523
spk_ver/v08/v0859	SES144	-1.5468	12.9721	14.5188
spk_ver/v08/v0860	SES146	-4.71189	9.44495	14.1568
spk_ver/v08/v0861	SES146	-4.05	10.0502	14.1002
spk_ver/v08/v0862	SES146	-5.36452	8.60799	13.9725
spk_ver/v08/v0863	SES146	-2.15774	11.33	13.4878
spk_ver/v08/v0864	SES146	-3.45734	12.4222	15.8796
spk_ver/v08/v0865	SES008	2.29461	16.7079	14.4133
spk_ver/v08/v0866	SES142	1.58459	15.9341	14.3495
spk_ver/v08/v0867	SES146	-4.22736	10.9517	15.179
spk_ver/v08/v0868	SES082	2.38876	18.6985	16.3098
spk_ver/v08/v0869	SES146	-2.00367	13.1613	15.165
spk_ver/v08/v0870	SES146	-4.5665	7.70128	12.2678
spk_ver/v08/v0871	SES146	-5.19	9.22269	14.4127
spk_ver/v08/v0872	SES146	-4.41802	8.00844	12.4265
spk_ver/v08/v0873	SES082	1.65514	18.4028	16.7477
spk_ver/v08/v0874	SES146	-3.82004	11.1786	14.9987
spk_ver/v08/v0875	SES144	0.600622	14.8441	14.2435
spk_ver/v08/v0876	SES146	-2.67048	14.7068	17.3773
spk_ver/v08/v0877	SES146	-3.6866	10.5361	14.2227
spk_ver/v08/v0878	SES146	-2.87829	12.0341	14.9124
spk_ver/v08/v0879	SES146	-2.26501	12.5306	14.7956
spk_ver/v08/v0880	SES146	-2.92698	10.8454	13.7724
spk_ver/v08/v0881	SES143	1.0737	14.4926	13.4189
spk_ver/v08/v0882	SES146	-1.16448	14.8056	15.9701
spk_ver/v08/v0883	SES147	-1.69075	14.0586	15.7494
spk_ver/v08/v0884	SES147	-0.876405	14.159	15.0354
spk_ver/v08/v0885	SES016	1.77393	17.5589	15.7849
spk_ver/v08/v0886	SES147	-1.43647	12.9411	14.3775
spk_ver/v08/v0887	SES147	-2.37156	12.3425	14.7141
spk_ver/v08/v0888	SES147	-2.89334	10.4967	13.3901
spk_ver/v08/v0889	SES019	1.85276	15.7991	13.9463
spk_ver/v08/v0890	SES147	-2.05151	11.7909	13.8424
spk_ver/v08/v0891	SES147	-2.22411	13.1511	15.3752
spk_ver/v08/v0892	SES147	-1.60131	11.9661	13.5674
spk_ver/v08/v0893	SES270	2.47501	14.7951	12.3201
spk_ver/v08/v0894	SES029	0.83989	15.7023	14.8625
spk_ver/v08/v0895	SES147	-2.7044	10.9507	13.6551
spk_ver/v08/v0896	SES117	0.998185	14.2039	13.2057
spk_ver/v08/v0897	SES183	2.20723	13.6638	11.4566
spk_ver/v08/v0898	SES147	-4.73282	11.1835	15.9163
spk_ver/v08/v0899	SES147	-2.963	9.87841	12.8414
spk_ver/v09/v0900	SES087	1.15572	16.3511	15.1954
spk_ver/v09/v0901	SES147	-5.8116	8.2313	14.0429
spk_ver/v09/v0902	SES147	-3.38231	10.4482	13.8305
spk_ver/v09/v0903	SES147	-1.61528	12.7557	14.371
spk_ver/v09/v0904	SES147	-2.69031	12.7958	15.4861
spk_ver/v09/v0905	SES143	0.923601	14.8286	13.905
spk_ver/v09/v0906	SES149	0.293453	16.976	16.6825
spk_ver/v09/v0907	SES148	-1.36894	13.6512	15.0202
spk_ver/v09/v0908	SES148	-0.899849	14.5711	15.471
spk_ver/v09/v0909	SES106	3.21318	16.0653	12.8522
spk_ver/v09/v0910	SES148	-0.755379	12.3313	13.0867
spk_ver/v09/v0911	SES148	-2.99126	11.8789	14.8702
spk_ver/v09/v0912	SES142	0.798549	15.6971	14.8985
spk_ver/v09/v0913	SES148	-2.95715	10.5363	13.4935
spk_ver/v09/v0914	SES148	-3.61902	11.4244	15.0434
spk_ver/v09/v0915	SES148	-2.92522	10.1112	13.0365
spk_ver/v09/v0916	SES148	-2.28731	10.8882	13.1755
spk_ver/v09/v0917	SES148	1.18882	15.7888	14.6
spk_ver/v09/v0918	SES148	-1.04141	13.8516	14.8931
spk_ver/v09/v0919	SES270	1.92705	15.6207	13.6936
spk_ver/v09/v0920	SES148	-2.23284	13.0641	15.2969
spk_ver/v09/v0921	SES148	-3.60693	11.5735	15.1804
spk_ver/v09/v0922	SES129	1.5664	17.619	16.0526
spk_ver/v09/v0923	SES117	1.3758	16.3709	14.9951
spk_ver/v09/v0924	SES042	3.26599	19.1201	15.8541
spk_ver/v09/v0925	SES148	-4.62485	9.00573	13.6306
spk_ver/v09/v0926	SES148	-5.46053	7.23106	12.6916
spk_ver/v09/v0927	SES144	0.756018	15.9275	15.1715
spk_ver/v09/v0928	SES007	1.99012	16.4669	14.4768
spk_ver/v09/v0929	SES148	-2.22409	14.847	17.0711
spk_ver/v09/v0930	SES148	-1.24356	14.6216	15.8651
spk_ver/v09/v0931	SES148	-2.37294	11.4324	13.8054
spk_ver/v09/v0932	SES202	1.84617	16.8685	15.0224
spk_ver/v09/v0933	SES148	-0.560206	15.6236	16.1838
spk_ver/v09/v0934	SES148	-3.32836	11.5432	14.8716
spk_ver/v09/v0935	SES060	1.33753	17.5362	16.1986
spk_ver/v09/v0936	SES060	1.51799	16.6978	15.1798
spk_ver/v09/v0937	SES148	-2.05179	13.829	15.8808
spk_ver/v09/v0938	SES148	-1.40493	14.3927	15.7976
spk_ver/v09/v0939	SES148	-3.24772	12.3479	15.5957
spk_ver/v09/v0940	SES148	-2.49225	13.112	15.6042
spk_ver/v09/v0941	SES149	-3.57382	9.97832	13.5521
spk_ver/v09/v0942	SES149	-3.18362	13.0359	16.2195
spk_ver/v09/v0943	SES149	-1.66996	13.3081	14.9781
spk_ver/v09/v0944	SES149	-2.37982	11.4095	13.7894
spk_ver/v09/v0945	SES105	1.08137	15.8444	14.763
spk_ver/v09/v0946	SES149	-3.54367	12.4581	16.0017
spk_ver/v09/v0947	SES149	-2.78441	11.1186	13.9031
spk_ver/v09/v0948	SES149	-4.11981	11.5146	15.6344
spk_ver/v09/v0949	SES149	-1.84149	15.0616	16.9031
spk_ver/v09/v0950	SES226	1.18856	17.457	16.2685
spk_ver/v09/v0951	SES149	-2.39617	11.326	13.7222
spk_ver/v09/v0952	SES149	-3.96489	9.18273	13.1476
spk_ver/v09/v0953	SES062	1.78074	17.7928	16.012
spk_ver/v09/v0954	SES149	-3.06083	11.5978	14.6586
spk_ver/v09/v0955	SES048	0.255142	16.4042	16.149
spk_ver/v09/v0956	SES158	-2.0483	13.3158	15.3641
spk_ver/v09/v0957	SES158	-5.61777	8.52192	14.1397
spk_ver/v09/v0958	SES158	-1.41627	14.9777	16.394
spk_ver/v09/v0959	SES158	-3.29766	11.4828	14.7805
spk_ver/v09/v0960	SES158	-4.23403	9.60215	13.8362
spk_ver/v09/v0961	SES147	1.4131	15.2429	13.8298
spk_ver/v09/v0962	SES158	-7.01588	7.38292	14.3988
spk_ver/v09/v0963	SES292	0.586165	16.1959	15.6098
spk_ver/v09/v0964	SES060	1.7392	18.2834	16.5442
spk_ver/v09/v0965	SES002	1.45368	16.5205	15.0669
spk_ver/v09/v0966	SES149	1.61123	18.5571	16.9459
spk_ver/v09/v0967	SES158	-6.20185	8.60487	14.8067
spk_ver/v09/v0968	SES158	-3.84517	9.74695	13.5921
spk_ver/v09/v0969	SES275	0.205257	13.8207	13.6154
spk_ver/v09/v0970	SES158	-5.07621	10.8111	15.8873
spk_ver/v09/v0971	SES158	-3.78308	10.9363	14.7194
spk_ver/v09/v0972	SES002	1.61417	17.3516	15.7374
spk_ver/v09/v0973	SES158	-4.80178	10.1049	14.9067
spk_ver/v09/v0974	SES202	1.46637	15.6889	14.2225
spk_ver/v09/v0975	SES158	-6.14228	7.2479	13.3902
spk_ver/v09/v0976	SES158	-0.588655	15.1163	15.705
spk_ver/v09/v0977	SES162	-1.98541	13.7297	15.7151
spk_ver/v09/v0978	SES162	-5.85113	7.16177	13.0129
spk_ver/v09/v0979	SES162	-6.55806	8.02663	14.5847
spk_ver/v09/v0980	SES162	-1.88826	12.1251	14.0134
spk_ver/v09/v0981	SES162	-3.09848	9.49027	12.5888
spk_ver/v09/v0982	SES259	2.76328	18.1748	15.4115
spk_ver/v09/v0983	SES162	-4.9366	5.84903	10.7856
spk_ver/v09/v0984	SES162	-1.61077	14.6749	16.2857
spk_ver/v09/v0985	SES162	-1.18454	13.7635	14.948
spk_ver/v09/v0986	SES062	1.51154	18.336	16.8244
spk_ver/v09/v0987	SES162	-1.43083	13.3723	14.8031
spk_ver/v09/v0988	SES162	-4.49801	10.337	14.835
spk_ver/v09/v0989	SES162	-5.77163	6.71866	12.4903
spk_ver/v09/v0990	SES162	-4.55396	11.5827	16.1367
spk_ver/v09/v0991	SES087	1.43961	16.7533	15.3137
spk_ver/v09/v0992	SES120	0.350281	14.1954	13.8451
spk_ver/v09/v0993	SES162	-4.93342	10.8873	15.8208
spk_ver/v09/v0994	SES162	-1.93842	13.505	15.4434
spk_ver/v09/v0995	SES162	-5.28056	11.3551	16.6356
spk_ver/v09/v0996	SES162	-2.87274	14.561	17.4337
spk_ver/v09/v0997	SES162	-5.0221	9.74856	14.7707
spk_ver/v09/v0998	SES162	-3.12247	9.88673	13.0092
spk_ver/v09/v0999	SES162	-2.37422	15.5427	17.9169
spk_ver/v10/v1000	SES162	-5.88931	9.16365	15.053
spk_ver/v10/v1001	SES148	1.64264	14.9693	13.3266
spk_ver/v10/v1002	SES162	-1.63915	12.0417	13.6808
spk_ver/v10/v1003	SES162	-2.17186	13.9986	16.1704
spk_ver/v10/v1004	SES162	-2.47584	11.3299	13.8058
spk_ver/v10/v1005	SES162	-5.83584	8.38119	14.217
spk_ver/v10/v1006	SES162	-4.55924	10.4031	14.9623
spk_ver/v10/v1007	SES162	-2.09589	11.7898	13.8857
spk_ver/v10/v1008	SES162	-6.64866	5.69018	12.3388
spk_ver/v10/v1009	SES162	-6.84513	8.27958	15.1247
spk_ver/v10/v1010	SES167	-2.24336	10.7478	12.9911
spk_ver/v10/v1011	SES167	-0.594851	13.6048	14.1997
spk_ver/v10/v1012	SES167	-2.30871	10.7383	13.047
spk_ver/v10/v1013	SES167	-5.63916	8.90241	14.5416
spk_ver/v10/v1014	SES167	-1.26597	14.9453	16.2113
spk_ver/v10/v1015	SES167	-2.08229	13.1709	15.2531
spk_ver/v10/v1016	SES167	-2.27379	13.8696	16.1434
spk_ver/v10/v1017	SES167	-2.01907	12.8383	14.8574
spk_ver/v10/v1018	SES167	-3.10326	12.3426	15.4458
spk_ver/v10/v1019	SES167	-2.8525	11.7283	14.5808
spk_ver/v10/v1020	SES167	-6.15889	7.23227	13.3912
spk_ver/v10/v1021	SES167	-1.86078	10.8018	12.6626
spk_ver/v10/v1022	SES167	-4.80336	9.60868	14.412
spk_ver/v10/v1023	SES167	-3.80119	10.2801	14.0813
spk_ver/v10/v1024	SES167	-5.28812	7.8788	13.1669
spk_ver/v10/v1025	SES167	-1.52027	14.4166	15.9369
spk_ver/v10/v1026	SES167	-3.29456	11.6468	14.9413
spk_ver/v10/v1027	SES167	-2.11791	14.2417	16.3596
spk_ver/v10/v1028	SES167	-5.37978	8.65811	14.0379
spk_ver/v10/v1029	SES167	-4.4513	10.005	14.4563
spk_ver/v10/v1030	SES167	-3.28802	12.1451	15.4331
spk_ver/v10/v1031	SES167	-5.0894	8.96221	14.0516
spk_ver/v10/v1032	SES167	-4.81904	11.8327	16.6517
spk_ver/v10/v1033	SES167	-5.18871	11.237	16.4257
spk_ver/v10/v1034	SES002	1.38706	17.7058	16.3187
spk_ver/v10/v1035	SES167	-1.04979	14.9306	15.9804
spk_ver/v10/v1036	SES083	1.08912	17.3145	16.2254
spk_ver/v10/v1037	SES167	-3.19918	10.9078	14.107
spk_ver/v10/v1038	SES167	-2.70685	10.8683	13.5751
spk_ver/v10/v1039	SES167	-2.6113	12.1149	14.7262
spk_ver/v10/v1040	SES167	-5.07348	7.76422	12.8377
spk_ver/v10/v1041	SES167	-0.935228	13.2902	14.2254
spk_ver/v10/v1042	SES087	1.47754	16.0736	14.5961
spk_ver/v10/v1043	SES029	1.74197	17.0711	15.3291
spk_ver/v10/v1044	SES206	1.18193	17.3437	16.1618
spk_ver/v10/v1045	SES172	-2.07067	11.9244	13.9951
spk_ver/v10/v1046	SES172	1.36253	16.99	15.6275
spk_ver/v10/v1047	SES172	-0.907909	14.2318	15.1397
spk_ver/v10/v1048	SES259	3.60932	19.1777	15.5684
spk_ver/v10/v1049	SES172	-4.29812	11.5796	15.8777
spk_ver/v10/v1050	SES120	1.12523	15.2344	14.1091
spk_ver/v10/v1051	SES172	-2.58149	13.0906	15.672
spk_ver/v10/v1052	SES172	-1.88511	13.0812	14.9663
spk_ver/v10/v1053	SES172	-3.04249	12.1492	15.1916
spk_ver/v10/v1054	SES172	-2.4515	12.2626	14.7141
spk_ver/v10/v1055	SES189	1.88304	14.1871	12.3041
spk_ver/v10/v1056	SES172	-3.03976	11.5343	14.574
spk_ver/v10/v1057	SES172	-2.07258	12.454	14.5266
spk_ver/v10/v1058	SES172	-0.971176	14.4466	15.4178
spk_ver/v10/v1059	SES172	-3.20516	12.3141	15.5192
spk_ver/v10/v1060	SES029	0.804935	17.2529	16.448
spk_ver/v10/v1061	SES175	-6.03006	8.53749	14.5676
spk_ver/v10/v1062	SES187	0.463673	17.0741	16.6104
spk_ver/v10/v1063	SES019	3.49356	16.5002	13.0067
spk_ver/v10/v1064	SES175	-3.51546	11.0694	14.5849
spk_ver/v10/v1065	SES175	-4.52128	10.1385	14.6598
spk_ver/v10/v1066	SES175	-6.3517	6.00096	12.3527
spk_ver/v10/v1067	SES175	-2.16473	11.8354	14.0001
spk_ver/v10/v1068	SES175	-3.24248	9.97059	13.2131
spk_ver/v10/v1069	SES016	2.93045	18.5707	15.6403
spk_ver/v10/v1070	SES175	-2.62645	12.5404	15.1669
spk_ver/v10/v1071	SES175	-1.70053	14.6419	16.3425
spk_ver/v10/v1072	SES175	-4.73464	10.0012	14.7359
spk_ver/v10/v1073	SES029	0.614801	16.1881	15.5733
spk_ver/v10/v1074	SES175	-2.67057	12.3605	15.0311
spk_ver/v10/v1075	SES175	-0.870938	15.4513	16.3222
spk_ver/v10/v1076	SES175	-0.487171	16.3945	16.8817
spk_ver/v10/v1077	SES175	-2.70164	13.6743	16.3759
spk_ver/v10/v1078	SES127	1.22534	17.9877	16.7623
spk_ver/v10/v1079	SES175	-3.54682	13.2874	16.8342
spk_ver/v10/v1080	SES175	-2.96462	10.4424	13.407
spk_ver/v10/v1081	SES175	-4.07905	10.0025	14.0816
spk_ver/v10/v1082	SES175	-3.09998	13.3599	16.4599
spk_ver/v10/v1083	SES007	1.42468	15.0461	13.6214
spk_ver/v10/v1084	SES068	1.21767	17.9781	16.7605
spk_ver/v10/v1085	SES008	1.07226	17.8179	16.7456
spk_ver/v10/v1086	SES175	-1.23757	14.7264	15.9639
spk_ver/v10/v1087	SES175	-2.72193	12.6509	15.3729
spk_ver/v10/v1088	SES008	1.73754	17.5319	15.7944
spk_ver/v10/v1089	SES177	-2.27259	14.2417	16.5143
spk_ver/v10/v1090	SES177	-4.32916	10.4611	14.7903
spk_ver/v10/v1091	SES177	-4.00217	9.6994	13.7016
spk_ver/v10/v1092	SES177	-1.10656	13.2308	14.3373
spk_ver/v10/v1093	SES177	-4.36591	10.7818	15.1477
spk_ver/v10/v1094	SES002	1.43642	17.5507	16.1143
spk_ver/v10/v1095	SES104	1.76564	17.666	15.9003
spk_ver/v10/v1096	SES177	-1.30769	13.6584	14.9661
spk_ver/v10/v1097	SES177	-2.30849	9.85417	12.1627
spk_ver/v10/v1098	SES177	-2.76178	13.7045	16.4663
spk_ver/v10/v1099	SES177	-0.766938	14.1353	14.9023
spk_ver/v11/v1100	SES177	-3.68887	10.4113	14.1002
spk_ver/v11/v1101	SES085	0.862501	16.942	16.0795
spk_ver/v11/v1102	SES187	1.42846	16.9697	15.5413
spk_ver/v11/v1103	SES177	-1.1776	13.2394	14.417
spk_ver/v11/v1104	SES177	0.69522	16.6009	15.9057
spk_ver/v11/v1105	SES177	-0.877018	14.1105	14.9875
spk_ver/v11/v1106	SES177	-2.4865	12.6138	15.1003
spk_ver/v11/v1107	SES177	-1.05359	14.5215	15.5751
spk_ver/v11/v1108	SES177	-0.942811	15.4617	16.4046
spk_ver/v11/v1109	SES125	1.53498	16.3574	14.8224
spk_ver/v11/v1110	SES177	-2.90705	12.2142	15.1213
spk_ver/v11/v1111	SES177	-1.66498	14.4299	16.0949
spk_ver/v11/v1112	SES177	-3.46848	11.6709	15.1393
spk_ver/v11/v1113	SES177	-4.93906	10.7224	15.6614
spk_ver/v11/v1114	SES177	-1.19939	12.8882	14.0876
spk_ver/v11/v1115	SES177	-1.56622	11.2121	12.7783
spk_ver/v11/v1116	SES085	1.19179	18.3328	17.141
spk_ver/v11/v1117	SES147	1.19264	15.4147	14.2221
spk_ver/v11/v1118	SES177	-1.01868	12.7691	13.7878
spk_ver/v11/v1119	SES177	-3.10092	10.8498	13.9507
spk_ver/v11/v1120	SES180	-6.40677	8.3068	14.7136
spk_ver/v11/v1121	SES189	0.729946	14.3199	13.59
spk_ver/v11/v1122	SES117	1.38431	13.4093	12.0249
spk_ver/v11/v1123	SES129	2.24636	17.8149	15.5685
spk_ver/v11/v1124	SES180	-1.48965	13.7014	15.1911
spk_ver/v11/v1125	SES180	-0.879267	15.2129	16.0922
spk_ver/v11/v1126	SES180	-1.5666	14.5515	16.1181
spk_ver/v11/v1127	SES180	-3.17495	11.7973	14.9723
spk_ver/v11/v1128	SES016	1.33444	15.9532	14.6188
spk_ver/v11/v1129	SES158	1.01713	15.5305	14.5134
spk_ver/v11/v1130	SES180	-2.97913	12.0443	15.0234
spk_ver/v11/v1131	SES180	-3.94718	13.8967	17.8438
spk_ver/v11/v1132	SES180	-1.68088	12.7564	14.4372
spk_ver/v11/v1133	SES180	-4.27242	11.9845	16.2569
spk_ver/v11/v1134	SES180	-2.22179	11.3749	13.5966
spk_ver/v11/v1135	SES180	-2.48013	13.4361	15.9163
spk_ver/v11/v1136	SES180	-5.81252	5.71698	11.5295
spk_ver/v11/v1137	SES148	0.278428	15.5286	15.2501
spk_ver/v11/v1138	SES104	2.03189	19.9877	17.9558
spk_ver/v11/v1139	SES180	-4.54013	8.0308	12.5709
spk_ver/v11/v1140	SES083	1.10114	16.2004	15.0993
spk_ver/v11/v1141	SES180	-4.61304	10.2822	14.8952
spk_ver/v11/v1142	SES180	-3.19433	10.8834	14.0778
spk_ver/v11/v1143	SES180	-2.96983	11.0694	14.0392
spk_ver/v11/v1144	SES099	2.07183	16.111	14.0392
spk_ver/v11/v1145	SES180	-2.11215	13.0849	15.197
spk_ver/v11/v1146	SES183	-3.59124	11.9537	15.545
spk_ver/v11/v1147	SES183	-1.66826	14.3165	15.9848
spk_ver/v11/v1148	SES183	-5.21017	8.04564	13.2558
spk_ver/v11/v1149	SES183	-6.64965	9.5704	16.2201
spk_ver/v11/v1150	SES183	-5.85654	8.66662	14.5232
spk_ver/v11/v1151	SES082	1.41952	16.0683	14.6488
spk_ver/v11/v1152	SES183	-2.86703	10.1758	13.0428
spk_ver/v11/v1153	SES183	-1.7182	12.8531	14.5713
spk_ver/v11/v1154	SES002	1.90795	18.4579	16.55
spk_ver/v11/v1155	SES183	-2.46346	11.8911	14.3546
spk_ver/v11/v1156	SES183	-4.65369	8.48469	13.1384
spk_ver/v11/v1157	SES183	-3.38124	12.7467	16.128
spk_ver/v11/v1158	SES183	-1.3629	14.1489	15.5118
spk_ver/v11/v1159	SES183	-1.80683	13.2875	15.0943
spk_ver/v11/v1160	SES183	-6.20957	7.71046	13.92
spk_ver/v11/v1161	SES183	-3.78663	7.85537	11.642
spk_ver/v11/v1162	SES105	1.67599	16.1955	14.5195
spk_ver/v11/v1163	SES183	-4.78814	10.7591	15.5473
spk_ver/v11/v1164	SES259	3.10245	17.8284	14.726
spk_ver/v11/v1165	SES183	-2.13552	12.7673	14.9028
spk_ver/v11/v1166	SES183	-6.14119	9.10666	15.2478
spk_ver/v11/v1167	SES183	-1.66947	11.7858	13.4552
spk_ver/v11/v1168	SES183	-2.33617	13.999	16.3352
spk_ver/v11/v1169	SES183	-5.87549	9.77078	15.6463
spk_ver/v11/v1170	SES183	-3.42899	12.7475	16.1765
spk_ver/v11/v1171	SES183	-8.61551	5.10436	13.7199
spk_ver/v11/v1172	SES187	-3.06979	11.5263	14.5961
spk_ver/v11/v1173	SES019	3.94539	16.1556	12.2102
spk_ver/v11/v1174	SES187	-3.51175	8.92969	12.4414
spk_ver/v11/v1175	SES187	-2.75414	10.6252	13.3794
spk_ver/v11/v1176	SES083	0.859085	17.579	16.7199
spk_ver/v11/v1177	SES187	-5.45516	7.91914	13.3743
spk_ver/v11/v1178	SES187	-4.66807	9.59814	14.2662
spk_ver/v11/v1179	SES187	-2.02039	12.5368	14.5572
spk_ver/v11/v1180	SES187	-1.13606	12.8192	13.9552
spk_ver/v11/v1181	SES187	-5.43481	11.0519	16.4867
spk_ver/v11/v1182	SES187	-1.49082	14.8019	16.2927
spk_ver/v11/v1183	SES187	-2.74741	10.3814	13.1288
spk_ver/v11/v1184	SES187	-0.0540457	14.5322	14.5862
spk_ver/v11/v1185	SES127	1.69608	17.397	15.7009
spk_ver/v11/v1186	SES187	-1.29324	13.5381	14.8314
spk_ver/v11/v1187	SES187	-1.83935	14.4447	16.2841
spk_ver/v11/v1188	SES187	-1.76978	12.0975	13.8673
spk_ver/v11/v1189	SES042	2.05221	18.483	16.4308
spk_ver/v11/v1190	SES187	-1.77265	12.7891	14.5618
spk_ver/v11/v1191	SES187	-4.23169	8.73865	12.9703
spk_ver/v11/v1192	SES187	-3.90796	9.20043	13.1084
spk_ver/v11/v1193	SES183	1.13753	15.3326	14.1951
spk_ver/v11/v1194	SES187	-2.62581	11.1821	13.8079
spk_ver/v11/v1195	SES187	-3.0744	11.0083	14.0827
spk_ver/v11/v1196	SES146	1.54806	14.5956	13.0475
spk_ver/v11/v1197	SES189	-4.87787	11.3041	16.182
spk_ver/v11/v1198	SES175	1.87585	16.4825	14.6067
spk_ver/v11/v1199	SES189	-4.44079	8.63275	13.0735
spk_ver/v12/v1200	SES189	-2.28347	15.1414	17.4249
spk_ver/v12/v1201	SES177	1.38535	17.1528	15.7674
spk_ver/v12/v1202	SES189	-2.46107	11.4653	13.9263
spk_ver/v12/v1203	SES143	0.758456	15.212	14.4535
spk_ver/v12/v1204	SES189	-2.72093	12.498	15.219
spk_ver/v12/v1205	SES189	-2.0503	14.6343	16.6846
spk_ver/v12/v1206	SES189	-4.24615	8.15129	12.3974
spk_ver/v12/v1207	SES189	-3.88049	10.8908	14.7713
spk_ver/v12/v1208	SES189	-3.94335	13.9314	17.8748
spk_ver/v12/v1209	SES189	-5.50778	7.75207	13.2598
spk_ver/v12/v1210	SES189	-0.90451	13.5271	14.4316
spk_ver/v12/v1211	SES062	1.83336	18.1697	16.3363
spk_ver/v12/v1212	SES189	-3.00501	12.2698	15.2748
spk_ver/v12/v1213	SES048	1.79721	17.5745	15.7773
spk_ver/v12/v1214	SES042	4.07534	20.2555	16.1802
spk_ver/v12/v1215	SES008	2.04044	17.7229	15.6825
spk_ver/v12/v1216	SES202	-5.48069	11.3153	16.7959
spk_ver/v12/v1217	SES202	-3.66812	10.1057	13.7739
spk_ver/v12/v1218	SES085	1.1774	18.621	17.4436
spk_ver/v12/v1219	SES202	-2.43839	13.385	15.8234
spk_ver/v12/v1220	SES202	-1.84125	14.2882	16.1295
spk_ver/v12/v1221	SES202	-1.96523	12.6266	14.5918
spk_ver/v12/v1222	SES202	-6.81047	7.16879	13.9793
spk_ver/v12/v1223	SES158	1.01795	15.7449	14.727
spk_ver/v12/v1224	SES202	-2.26849	11.6589	13.9274
spk_ver/v12/v1225	SES202	-3.47315	11.3768	14.85
spk_ver/v12/v1226	SES202	-4.13974	11.8681	16.0079
spk_ver/v12/v1227	SES202	-3.0795	11.8447	14.9242
spk_ver/v12/v1228	SES177	0.82959	15.9916	15.162
spk_ver/v12/v1229	SES202	-3.60535	12.0855	15.6909
spk_ver/v12/v1230	SES202	-2.5719	12.1323	14.7042
spk_ver/v12/v1231	SES202	-3.52757	11.7418	15.2694
spk_ver/v12/v1232	SES202	-3.23452	9.92257	13.1571
spk_ver/v12/v1233	SES206	1.52546	18.0392	16.5137
spk_ver/v12/v1234	SES202	-5.84477	7.40656	13.2513
spk_ver/v12/v1235	SES202	-2.65093	13.2847	15.9356
spk_ver/v12/v1236	SES125	2.18248	16.6026	14.4202
spk_ver/v12/v1237	SES127	1.01605	16.3138	15.2978
spk_ver/v12/v1238	SES202	2.84365	16.8784	14.0347
spk_ver/v12/v1239	SES167	1.83555	17.7207	15.8852
spk_ver/v12/v1240	SES206	-4.43402	10.0631	14.4971
spk_ver/v12/v1241	SES206	-5.45513	9.19053	14.6457
spk_ver/v12/v1242	SES206	-1.13253	15.2361	16.3687
spk_ver/v12/v1243	SES206	-2.96106	11.403	14.3641
spk_ver/v12/v1244	SES259	2.66788	17.031	14.3631
spk_ver/v12/v1245	SES206	-3.3569	12.4526	15.8095
spk_ver/v12/v1246	SES206	-3.28318	12.9396	16.2228
spk_ver/v12/v1247	SES206	-1.37169	13.8031	15.1748
spk_ver/v12/v1248	SES206	-5.79768	7.57208	13.3698
spk_ver/v12/v1249	SES270	2.67058	15.6163	12.9457
spk_ver/v12/v1250	SES206	-3.70502	10.3159	14.021
spk_ver/v12/v1251	SES206	-3.06283	13.2942	16.357
spk_ver/v12/v1252	SES206	-2.47338	12.591	15.0644
spk_ver/v12/v1253	SES206	-1.8197	13.6374	15.4571
spk_ver/v12/v1254	SES206	-1.89626	11.4503	13.3465
spk_ver/v12/v1255	SES125	1.81033	17.1279	15.3175
spk_ver/v12/v1256	SES206	-5.90103	9.87045	15.7715
spk_ver/v12/v1257	SES206	-4.7815	10.8548	15.6363
spk_ver/v12/v1258	SES206	-2.02541	12.6909	14.7164
spk_ver/v12/v1259	SES206	-5.26353	9.6365	14.9
spk_ver/v12/v1260	SES206	-5.61112	8.61744	14.2286
spk_ver/v12/v1261	SES206	-5.83342	10.1007	15.9341
spk_ver/v12/v1262	SES206	-6.0698	8.89846	14.9683
spk_ver/v12/v1263	SES206	-3.63265	11.972	15.6047
spk_ver/v12/v1264	SES149	1.22619	17.4634	16.2373
spk_ver/v12/v1265	SES206	-1.45776	11.3564	12.8142
spk_ver/v12/v1266	SES206	-4.74016	10.0608	14.801
spk_ver/v12/v1267	SES206	-1.8064	9.89713	11.7035
spk_ver/v12/v1268	SES206	-3.14262	10.5134	13.656
spk_ver/v12/v1269	SES206	-6.18349	7.41011	13.5936
spk_ver/v12/v1270	SES206	-7.75934	4.05006	11.8094
spk_ver/v12/v1271	SES226	-5.19916	8.07108	13.2702
spk_ver/v12/v1272	SES226	-0.841972	16.2417	17.0837
spk_ver/v12/v1273	SES226	-4.72875	11.6288	16.3576
spk_ver/v12/v1274	SES226	-4.87618	9.39337	14.2695
spk_ver/v12/v1275	SES226	-0.933405	12.12	13.0534
spk_ver/v12/v1276	SES226	-5.55535	8.83121	14.3866
spk_ver/v12/v1277	SES226	-1.13831	14.822	15.9603
spk_ver/v12/v1278	SES226	-1.13434	13.1856	14.3199
spk_ver/v12/v1279	SES226	-4.88609	11.4367	16.3228
spk_ver/v12/v1280	SES226	-3.63646	11.9485	15.585
spk_ver/v12/v1281	SES226	-1.58621	13.2658	14.8521
spk_ver/v12/v1282	SES226	-2.48101	11.8382	14.3192
spk_ver/v12/v1283	SES143	1.95021	16.1749	14.2247
spk_ver/v12/v1284	SES226	-4.67863	12.1319	16.8106
spk_ver/v12/v1285	SES226	-2.84774	12.7611	15.6088
spk_ver/v12/v1286	SES226	-2.41528	11.0225	13.4377
spk_ver/v12/v1287	SES226	-2.98288	12.1781	15.161
spk_ver/v12/v1288	SES226	-5.41488	9.85022	15.2651
spk_ver/v12/v1289	SES104	1.98757	17.0557	15.0682
spk_ver/v12/v1290	SES008	3.3828	17.2652	13.8824
spk_ver/v12/v1291	SES226	-1.463	13.4241	14.8871
spk_ver/v12/v1292	SES259	-4.75853	9.53894	14.2975
spk_ver/v12/v1293	SES062	1.20954	17.5898	16.3802
spk_ver/v12/v1294	SES099	1.80607	15.0792	13.2732
spk_ver/v12/v1295	SES158	1.03916	14.1839	13.1448
spk_ver/v12/v1296	SES259	-4.1814	12.3344	16.5158
spk_ver/v12/v1297	SES259	-5.85979	9.13268	14.9925
spk_ver/v12/v1298	SES259	-4.38159	11.5345	15.9161
spk_ver/v12/v1299	SES259	-4.42844	10.0423	14.4708
spk_ver/v13/v1300	SES120	1.67369	15.0606	13.3869
spk_ver/v13/v1301	SES259	-6.464	8.34616	14.8102
spk_ver/v13/v1302	SES259	-5.52766	8.46592	13.9936
spk_ver/v13/v1303	SES129	1.85364	16.8646	15.011
spk_ver/v13/v1304	SES259	-3.14845	10.7715	13.92
spk_ver/v13/v1305	SES259	-6.18553	7.82031	14.0058
spk_ver/v13/v1306	SES106	1.20424	16.0643	14.8601
spk_ver/v13/v1307	SES259	-4.33715	10.3077	14.6448
spk_ver/v13/v1308	SES259	-2.02767	12.2511	14.2787
spk_ver/v13/v1309	SES259	-5.27803	10.5692	15.8473
spk_ver/v13/v1310	SES259	-4.91525	11.4936	16.4089
spk_ver/v13/v1311	SES259	-3.47718	11.8562	15.3334
spk_ver/v13/v1312	SES259	-4.58691	11.2722	15.8591
spk_ver/v13/v1313	SES144	0.985104	16.2912	15.3061
spk_ver/v13/v1314	SES259	-5.57432	9.31121	14.8855
spk_ver/v13/v1315	SES162	1.68919	16.6067	14.9175
spk_ver/v13/v1316	SES206	0.981451	16.9666	15.9851
spk_ver/v13/v1317	SES175	1.20339	15.3338	14.1304
spk_ver/v13/v1318	SES259	-5.39357	8.72632	14.1199
spk_ver/v13/v1319	SES259	-5.03941	9.86909	14.9085
spk_ver/v13/v1320	SES270	-0.0657978	14.8416	14.9074
spk_ver/v13/v1321	SES101	0.668489	16.298	15.6295
spk_ver/v13/v1322	SES177	0.769903	17.4285	16.6586
spk_ver/v13/v1323	SES127	1.08443	17.6455	16.5611
spk_ver/v13/v1324	SES270	-4.7249	9.59079	14.3157
spk_ver/v13/v1325	SES062	1.14557	17.4823	16.3368
spk_ver/v13/v1326	SES270	0.477861	14.2835	13.8057
spk_ver/v13/v1327	SES120	0.459123	13.1999	12.7408
spk_ver/v13/v1328	SES270	-4.4523	9.38075	13.8331
spk_ver/v13/v1329	SES270	-4.74065	12.1618	16.9025
spk_ver/v13/v1330	SES270	-0.0575676	13.8396	13.8971
spk_ver/v13/v1331	SES270	-4.38014	12.7169	17.097
spk_ver/v13/v1332	SES270	-1.05414	15.3146	16.3687
spk_ver/v13/v1333	SES270	-3.17025	11.2163	14.3865
spk_ver/v13/v1334	SES270	-3.67829	11.9925	15.6708
spk_ver/v13/v1335	SES270	-0.111377	15.2951	15.4065
spk_ver/v13/v1336	SES270	-1.6339	12.7952	14.4291
spk_ver/v13/v1337	SES016	2.32169	17.7135	15.3918
spk_ver/v13/v1338	SES270	-5.17319	11.4484	16.6216
spk_ver/v13/v1339	SES002	1.32017	17.2662	15.946
spk_ver/v13/v1340	SES105	2.37918	16.0798	13.7006
spk_ver/v13/v1341	SES275	-3.13599	11.6505	14.7865
spk_ver/v13/v1342	SES187	0.923147	15.8585	14.9354
spk_ver/v13/v1343	SES275	-2.56909	11.8858	14.4548
spk_ver/v13/v1344	SES275	-3.8075	10.0059	13.8134
spk_ver/v13/v1345	SES275	-2.50234	11.5621	14.0645
spk_ver/v13/v1346	SES275	-5.52316	9.41264	14.9358
spk_ver/v13/v1347	SES275	-2.96169	11.1097	14.0714
spk_ver/v13/v1348	SES180	0.950158	16.5066	15.5564
spk_ver/v13/v1349	SES275	-2.35594	10.7225	13.0785
spk_ver/v13/v1350	SES275	-1.60241	14.4656	16.068
spk_ver/v13/v1351	SES275	-3.82933	7.1135	10.9428
spk_ver/v13/v1352	SES275	-2.15806	13.4843	15.6424
spk_ver/v13/v1353	SES275	-2.02192	9.55992	11.5818
spk_ver/v13/v1354	SES189	1.39261	13.7121	12.3195
spk_ver/v13/v1355	SES068	1.34078	17.9394	16.5986
spk_ver/v13/v1356	SES275	-3.18883	9.47624	12.6651
spk_ver/v13/v1357	SES048	0.280798	15.8506	15.5698
spk_ver/v13/v1358	SES226	2.11771	19.0248	16.9071
spk_ver/v13/v1359	SES016	1.67241	17.9206	16.2482
spk_ver/v13/v1360	SES275	-2.69276	11.5981	14.2908
spk_ver/v13/v1361	SES068	1.34574	17.87	16.5243
spk_ver/v13/v1362	SES275	-3.35191	10.8602	14.2121
spk_ver/v13/v1363	SES275	-3.40873	11.2245	14.6333
spk_ver/v13/v1364	SES275	-3.46875	10.5106	13.9793
spk_ver/v13/v1365	SES275	-1.41043	14.5875	15.998
spk_ver/v13/v1366	SES187	0.759063	16.6201	15.861
spk_ver/v13/v1367	SES275	-3.87626	9.44955	13.3258
spk_ver/v13/v1368	SES125	1.66362	16.4651	14.8015
spk_ver/v13/v1369	SES275	-2.36141	9.3472	11.7086
spk_ver/v13/v1370	SES292	-2.25325	12.4175	14.6708
spk_ver/v13/v1371	SES292	-1.64693	13.553	15.1999
spk_ver/v13/v1372	SES292	-2.13499	10.9551	13.0901
spk_ver/v13/v1373	SES292	-2.14456	12.4107	14.5553
spk_ver/v13/v1374	SES101	1.35691	15.8202	14.4632
spk_ver/v13/v1375	SES292	-2.31895	12.9423	15.2613
spk_ver/v13/v1376	SES292	-1.89299	13.525	15.418
spk_ver/v13/v1377	SES292	-4.11792	8.76412	12.882
spk_ver/v13/v1378	SES292	-1.22919	14.0112	15.2404
spk_ver/v13/v1379	SES292	-1.71218	12.3218	14.0339
spk_ver/v13/v1380	SES292	-2.21364	13.3645	15.5782
spk_ver/v13/v1381	SES292	-1.44827	16.5924	18.0406
spk_ver/v13/v1382	SES292	-1.85935	12.1156	13.9749
spk_ver/v13/v1383	SES292	-1.30631	12.6578	13.9642
spk_ver/v13/v1384	SES292	-1.64008	13.2843	14.9244
spk_ver/v13/v1385	SES292	-1.44985	13.7493	15.1991
spk_ver/v13/v1386	SES292	-1.73203	12.7209	14.4529
spk_ver/v13/v1387	SES158	1.70934	13.3573	11.648
spk_ver/v13/v1388	SES292	-1.18291	15.8672	17.0501
spk_ver/v13/v1389	SES292	-1.25954	17.1155	18.375
spk_ver/v13/v1390	SES292	-1.81077	14.5429	16.3536
spk_ver/v13/v1391	SES292	-2.19979	13.2047	15.4045
spk_ver/v13/v1392	SES292	-2.73558	11.9017	14.6373
spk_ver/v13/v1393	SES292	-1.93017	13.4036	15.3338
spk_ver/v13/v1394	SES292	-1.61488	13.9782	15.5931
spk_ver/v13/v1395	SES292	-1.67408	13.3134	14.9875
spk_ver/v13/v1396	SES117	1.27454	14.2771	13.0026
spk_ver/v13/v1397	SES292	-2.75866	12.8523	15.611
spk_ver/v13/v1398	SES292	-2.52994	11.004	13.5339
spk_ver/v13/v1399	SES292	-0.361002	14.8446	15.2056
