BLOCK00/SES002/SA002S12	SES002	0.196838	-13.7068	-13.9036
BLOCK00/SES002/SA002S13	SES002	0.346189	-13.7786	-14.1248
BLOCK00/SES002/SA002S23	SES002	0.366943	-12.4063	-12.7732
BLOCK00/SES002/SA002S26	SES002	0.532839	-14.8238	-15.3566
BLOCK00/SES002/SA002S28	SES002	0.230833	-12.4524	-12.6832
BLOCK00/SES007/SA007S14	SES007	0.349282	-13.5538	-13.9031
BLOCK00/SES007/SA007S15	SES007	0.133107	-13.5855	-13.7186
BLOCK00/SES007/SA007S24	SES007	-0.0315886	-13.0978	-13.0663
BLOCK00/SES007/SA007S27	SES007	0.442087	-14.8041	-15.2462
BLOCK00/SES007/SA007S29	SES007	-0.204944	-12.5001	-12.2951
BLOCK00/SES008/SA008S11	SES008	1.34659	-9.99971	-11.3463
BLOCK00/SES008/SA008S12	SES008	0.86727	-10.6839	-11.5511
BLOCK00/SES008/SA008S19	SES008	1.26735	-10.5722	-11.8396
BLOCK00/SES008/SA008S22	SES008	1.03915	-10.9178	-11.9569
BLOCK00/SES008/SA008S29	SES008	1.24544	-10.8188	-12.0642
BLOCK01/SES014/SA014S10	SES014	-0.167388	-13.5917	-13.4243
BLOCK01/SES014/SA014S12	SES014	0.281531	-12.1983	-12.4798
BLOCK01/SES014/SA014S24	SES014	0.148071	-12.7005	-12.8485
BLOCK01/SES014/SA014S26	SES014	0.021265	-13.2466	-13.2679
BLOCK01/SES014/SA014S28	SES014	0.341625	-12.0069	-12.3486
BLOCK01/SES016/SA016S12	SES016	0.545918	-13.4241	-13.97
BLOCK01/SES016/SA016S13	SES016	0.809742	-13.0607	-13.8705
BLOCK01/SES016/SA016S22	SES016	0.53377	-12.4019	-12.9357
BLOCK01/SES016/SA016S25	SES016	0.436149	-13.0748	-13.5109
BLOCK01/SES016/SA016S27	SES016	1.70034	-14.2834	-15.9838
BLOCK01/SES019/SA019S13	SES019	1.04909	-12.9591	-14.0082
BLOCK01/SES019/SA019S14	SES019	0.237874	-13.0535	-13.2913
BLOCK01/SES019/SA019S22	SES019	0.864671	-12.5515	-13.4162
BLOCK01/SES019/SA019S25	SES019	0.873461	-13.4935	-14.367
BLOCK01/SES019/SA019S29	SES019	1.23599	-13.2379	-14.4739
BLOCK02/SES029/SA029S11	SES029	0.299612	-11.7042	-12.0038
BLOCK02/SES029/SA029S12	SES029	0.0702419	-12.1239	-12.1941
BLOCK02/SES029/SA029S20	SES029	0.150655	-12.2253	-12.3759
BLOCK02/SES029/SA029S25	SES029	-0.028574	-12.9881	-12.9595
BLOCK02/SES029/SA029S28	SES029	-0.269951	-14.1548	-13.8849
BLOCK04/SES042/SA042S12	SES042	0.0686293	-13.5435	-13.6121
BLOCK04/SES042/SA042S15	SES042	1.34977	-13.2305	-14.5803
BLOCK04/SES042/SA042S22	SES042	3.47085	-14.051	-17.5219
BLOCK04/SES042/SA042S25	SES042	1.19235	-13.9693	-15.1616
BLOCK04/SES042/SA042S27	SES042	1.9697	-13.5036	-15.4733
BLOCK04/SES048/SA048S11	SES048	0.261812	-12.4157	-12.6776
BLOCK04/SES048/SA048S12	SES048	0.667618	-13.3571	-14.0248
BLOCK04/SES048/SA048S20	SES048	0.326475	-13.7457	-14.0721
BLOCK04/SES048/SA048S23	SES048	0.014308	-12.0915	-12.1058
BLOCK04/SES048/SA048S27	SES048	0.222149	-13.2134	-13.4356
BLOCK06/SES060/SA060S11	SES060	1.36879	-12.7658	-14.1346
BLOCK06/SES060/SA060S12	SES060	1.40366	-13.3419	-14.7456
BLOCK06/SES060/SA060S22	SES060	-0.432289	-13.455	-13.0228
BLOCK06/SES060/SA060S24	SES060	-0.175862	-12.7166	-12.5407
BLOCK06/SES060/SA060S28	SES060	0.38417	-12.1852	-12.5694
BLOCK06/SES062/SA062S10	SES062	0.170609	-12.1169	-12.2875
BLOCK06/SES062/SA062S11	SES062	0.122911	-12.2949	-12.4178
BLOCK06/SES062/SA062S21	SES062	0.161392	-11.9573	-12.1186
BLOCK06/SES062/SA062S26	SES062	0.132438	-12.3784	-12.5108
BLOCK06/SES062/SA062S29	SES062	0.154087	-12.7432	-12.8973
BLOCK06/SES068/SA068S14	SES068	0.0931711	-12.6878	-12.781
BLOCK06/SES068/SA068S15	SES068	0.0914927	-12.915	-13.0065
BLOCK06/SES068/SA068S23	SES068	0.0241938	-12.731	-12.7552
BLOCK06/SES068/SA068S27	SES068	0.659245	-12.654	-13.3133
BLOCK06/SES068/SA068S29	SES068	0.19502	-13.2852	-13.4802
BLOCK08/SES082/SA082S12	SES082	-0.150084	-12.8551	-12.7051
BLOCK08/SES082/SA082S14	SES082	0.200516	-12.2201	-12.4206
BLOCK08/SES082/SA082S21	SES082	0.153715	-11.8788	-12.0326
BLOCK08/SES082/SA082S24	SES082	0.0553026	-12.376	-12.4313
BLOCK08/SES082/SA082S28	SES082	0.144645	-12.49	-12.6346
BLOCK08/SES083/SA083S14	SES083	-0.053586	-12.7567	-12.7031
BLOCK08/SES083/SA083S15	SES083	0.220622	-12.4581	-12.6788
BLOCK08/SES083/SA083S24	SES083	0.104784	-12.7727	-12.8775
BLOCK08/SES083/SA083S26	SES083	0.141613	-13.3458	-13.4874
BLOCK08/SES083/SA083S29	SES083	4.76837e-05	-12.9668	-12.9669
BLOCK08/SES085/SA085S10	SES085	0.224668	-11.6961	-11.9208
BLOCK08/SES085/SA085S13	SES085	0.348133	-12.025	-12.3732
BLOCK08/SES085/SA085S22	SES085	0.805172	-12.2383	-13.0434
BLOCK08/SES085/SA085S26	SES085	0.219475	-13.5672	-13.7866
BLOCK08/SES085/SA085S28	SES085	0.252631	-12.2956	-12.5482
BLOCK08/SES087/SA087S15	SES087	0.914647	-12.0348	-12.9495
BLOCK08/SES087/SA087S16	SES087	1.20928	-11.7868	-12.9961
BLOCK08/SES087/SA087S24	SES087	0.55003	-12.6571	-13.2071
BLOCK08/SES087/SA087S26	SES087	0.725187	-11.6808	-12.406
BLOCK08/SES087/SA087S29	SES087	1.00235	-11.9996	-13.002
BLOCK09/SES099/SA099S15	SES099	0.736483	-13.9922	-14.7287
BLOCK09/SES099/SA099S16	SES099	0.390937	-12.2059	-12.5969
BLOCK09/SES099/SA099S24	SES099	0.310062	-12.7756	-13.0856
BLOCK09/SES099/SA099S26	SES099	0.820311	-13.5606	-14.3809
BLOCK09/SES099/SA099S29	SES099	0.450274	-12.8602	-13.3105
BLOCK10/SES101/SA101S11	SES101	0.0435562	-12.3061	-12.3497
BLOCK10/SES101/SA101S13	SES101	0.291451	-12.2569	-12.5484
BLOCK10/SES101/SA101S22	SES101	0.277467	-12.2264	-12.5039
BLOCK10/SES101/SA101S24	SES101	0.349293	-11.6361	-11.9854
BLOCK10/SES101/SA101S28	SES101	0.270013	-11.9359	-12.2059
BLOCK10/SES104/SA104S11	SES104	0.00807762	-12.5399	-12.548
BLOCK10/SES104/SA104S12	SES104	0.170101	-12.0063	-12.1764
BLOCK10/SES104/SA104S21	SES104	0.308252	-13.0609	-13.3691
BLOCK10/SES104/SA104S24	SES104	0.209744	-13.3207	-13.5304
BLOCK10/SES104/SA104S28	SES104	0.261036	-12.4893	-12.7504
BLOCK10/SES105/SA105S12	SES105	0.465319	-12.1955	-12.6608
BLOCK10/SES105/SA105S13	SES105	0.106586	-13.0738	-13.1804
BLOCK10/SES105/SA105S22	SES105	0.237124	-13.0932	-13.3303
BLOCK10/SES105/SA105S26	SES105	0.16468	-13.1555	-13.3202
BLOCK10/SES105/SA105S29	SES105	0.350341	-12.5886	-12.9389
BLOCK10/SES106/SA106S09	SES106	0.0794735	-13.353	-13.4325
BLOCK10/SES106/SA106S11	SES106	0.233166	-12.7559	-12.9891
BLOCK10/SES106/SA106S22	SES106	0.1752	-13.4502	-13.6254
BLOCK10/SES106/SA106S27	SES106	0.265521	-12.4631	-12.7287
BLOCK10/SES106/SA106S29	SES106	0.153458	-12.555	-12.7084
BLOCK11/SES117/SA117S12	SES117	0.29425	-13.4317	-13.726
BLOCK11/SES117/SA117S13	SES117	-0.553189	-13.0717	-12.5185
BLOCK11/SES117/SA117S23	SES117	0.931797	-13.399	-14.3308
BLOCK11/SES117/SA117S25	SES117	0.24803	-13.4818	-13.7298
BLOCK11/SES117/SA117S28	SES117	0.375767	-13.9342	-14.3099
BLOCK12/SES120/SA120S08	SES120	0.45254	-13.6596	-14.1121
BLOCK12/SES120/SA120S11	SES120	2.71111	-16.2516	-18.9627
BLOCK12/SES120/SA120S22	SES120	0.0697803	-13.6625	-13.7323
BLOCK12/SES120/SA120S24	SES120	1.23616	-14.0477	-15.2839
BLOCK12/SES120/SA120S28	SES120	0.258059	-13.9503	-14.2083
BLOCK12/SES125/SA125S13	SES125	0.303085	-13.012	-13.3151
BLOCK12/SES125/SA125S14	SES125	0.281889	-12.9138	-13.1957
BLOCK12/SES125/SA125S25	SES125	0.441233	-12.6206	-13.0618
BLOCK12/SES125/SA125S27	SES125	0.230386	-12.1811	-12.4115
BLOCK12/SES125/SA125S29	SES125	0.170594	-12.2788	-12.4494
BLOCK12/SES127/SA127S11	SES127	0.29905	-11.6441	-11.9431
BLOCK12/SES127/SA127S12	SES127	0.685781	-11.1862	-11.872
BLOCK12/SES127/SA127S23	SES127	0.334342	-11.0262	-11.3605
BLOCK12/SES127/SA127S25	SES127	-0.123402	-11.901	-11.7776
BLOCK12/SES127/SA127S27	SES127	0.672931	-10.3519	-11.0249
BLOCK12/SES129/SA129S11	SES129	0.770194	-10.2767	-11.0469
BLOCK12/SES129/SA129S12	SES129	0.660593	-10.7051	-11.3657
BLOCK12/SES129/SA129S22	SES129	0.641862	-11.2131	-11.8549
BLOCK12/SES129/SA129S27	SES129	0.834283	-10.6028	-11.4371
BLOCK12/SES129/SA129S29	SES129	-0.576056	-13.7913	-13.2153
BLOCK14/SES142/SA142S11	SES142	0.337116	-12.7326	-13.0698
BLOCK14/SES142/SA142S12	SES142	0.153094	-12.8139	-12.967
BLOCK14/SES142/SA142S24	SES142	0.62	-12.9886	-13.6086
BLOCK14/SES142/SA142S27	SES142	-0.00384331	-13.2814	-13.2776
BLOCK14/SES142/SA142S29	SES142	0.465631	-12.6299	-13.0956
BLOCK14/SES143/SA143S12	SES143	0.640383	-12.1008	-12.7412
BLOCK14/SES143/SA143S13	SES143	0.420121	-11.8097	-12.2298
BLOCK14/SES143/SA143S23	SES143	0.824799	-11.4267	-12.2515
BLOCK14/SES143/SA143S25	SES143	0.339374	-12.9737	-13.3131
BLOCK14/SES143/SA143S28	SES143	0.49359	-13.0977	-13.5913
BLOCK14/SES144/SA144S09	SES144	0.254235	-11.6544	-11.9086
BLOCK14/SES144/SA144S11	SES144	0.0118933	-12.3107	-12.3226
BLOCK14/SES144/SA144S21	SES144	-0.19357	-12.9664	-12.7728
BLOCK14/SES144/SA144S25	SES144	0.283348	-11.7813	-12.0647
BLOCK14/SES144/SA144S29	SES144	-0.487103	-13.7618	-13.2747
BLOCK14/SES146/SA146S14	SES146	0.244219	-13.7902	-14.0344
BLOCK14/SES146/SA146S15	SES146	0.200977	-14.5875	-14.7884
BLOCK14/SES146/SA146S24	SES146	0.83061	-14.1381	-14.9687
BLOCK14/SES146/SA146S26	SES146	0.4567	-13.8933	-14.35
BLOCK14/SES146/SA146S29	SES146	0.609376	-13.7384	-14.3478
BLOCK14/SES147/SA147S11	SES147	-0.0783844	-13.3217	-13.2433
BLOCK14/SES147/SA147S13	SES147	0.159116	-11.7951	-11.9542
BLOCK14/SES147/SA147S23	SES147	0.335694	-11.5747	-11.9104
BLOCK14/SES147/SA147S26	SES147	0.271499	-11.6152	-11.8867
BLOCK14/SES147/SA147S28	SES147	0.274722	-12.1864	-12.4611
BLOCK14/SES148/SA148S10	SES148	0.547215	-11.3728	-11.92
BLOCK14/SES148/SA148S12	SES148	0.662749	-11.433	-12.0957
BLOCK14/SES148/SA148S22	SES148	0.547228	-11.1975	-11.7447
BLOCK14/SES148/SA148S26	SES148	0.527493	-10.8056	-11.3331
BLOCK14/SES148/SA148S29	SES148	-0.0305557	-12.2605	-12.2299
BLOCK14/SES149/SA149S13	SES149	0.388794	-13.9586	-14.3474
BLOCK14/SES149/SA149S14	SES149	-0.100853	-13.0498	-12.9489
BLOCK14/SES149/SA149S24	SES149	0.113023	-12.6598	-12.7728
BLOCK14/SES149/SA149S26	SES149	0.383927	-13.158	-13.5419
BLOCK14/SES149/SA149S28	SES149	-0.0743523	-11.6909	-11.6165
BLOCK15/SES158/SA158S13	SES158	0.647273	-14.1659	-14.8132
BLOCK15/SES158/SA158S14	SES158	0.0747538	-14.4965	-14.5712
BLOCK15/SES158/SA158S23	SES158	0.454531	-13.6639	-14.1184
BLOCK15/SES158/SA158S26	SES158	0.808581	-13.7656	-14.5742
BLOCK15/SES158/SA158S28	SES158	0.397292	-13.5295	-13.9268
BLOCK16/SES162/SA162S10	SES162	-0.0303078	-12.9565	-12.9262
BLOCK16/SES162/SA162S11	SES162	0.126846	-12.2669	-12.3937
BLOCK16/SES162/SA162S21	SES162	0.334769	-12.1374	-12.4722
BLOCK16/SES162/SA162S24	SES162	0.259282	-11.9311	-12.1904
BLOCK16/SES162/SA162S27	SES162	0.661486	-12.7966	-13.4581
BLOCK16/SES167/SA167S14	SES167	0.53846	-11.3255	-11.864
BLOCK16/SES167/SA167S15	SES167	0.71701	-10.5235	-11.2405
BLOCK16/SES167/SA167S21	SES167	0.718974	-11.1823	-11.9013
BLOCK16/SES167/SA167S25	SES167	1.17434	-10.5041	-11.6785
BLOCK16/SES167/SA167S29	SES167	0.804668	-10.8713	-11.676
BLOCK17/SES172/SA172S12	SES172	0.178861	-12.0461	-12.225
BLOCK17/SES172/SA172S13	SES172	0.130307	-12.7579	-12.8882
BLOCK17/SES172/SA172S23	SES172	0.436614	-11.1526	-11.5892
BLOCK17/SES172/SA172S27	SES172	0.240027	-12.5123	-12.7523
BLOCK17/SES172/SA172S29	SES172	0.472961	-11.1098	-11.5828
BLOCK17/SES175/SA175S11	SES175	0.394412	-13.4304	-13.8248
BLOCK17/SES175/SA175S13	SES175	-0.050684	-12.5371	-12.4864
BLOCK17/SES175/SA175S23	SES175	0.299809	-11.5496	-11.8494
BLOCK17/SES175/SA175S25	SES175	-0.108754	-13.6366	-13.5278
BLOCK17/SES175/SA175S28	SES175	0.419404	-12.4196	-12.839
BLOCK17/SES177/SA177S15	SES177	0.145657	-13.6201	-13.7658
BLOCK17/SES177/SA177S17	SES177	0.130793	-13.3191	-13.4499
BLOCK17/SES177/SA177S23	SES177	-0.0340271	-12.7237	-12.6897
BLOCK17/SES177/SA177S26	SES177	-0.021904	-13.0057	-12.9838
BLOCK17/SES177/SA177S28	SES177	0.665293	-13.0981	-13.7634
BLOCK18/SES180/SA180S13	SES180	-0.249145	-13.9624	-13.7132
BLOCK18/SES180/SA180S15	SES180	0.22828	-11.9821	-12.2104
BLOCK18/SES180/SA180S24	SES180	0.315626	-11.6573	-11.9729
BLOCK18/SES180/SA180S26	SES180	0.0160608	-13.1419	-13.1579
BLOCK18/SES180/SA180S29	SES180	-0.26337	-13.4996	-13.2363
BLOCK18/SES183/SA183S13	SES183	0.273684	-11.5155	-11.7892
BLOCK18/SES183/SA183S14	SES183	-0.0253744	-12.8548	-12.8294
BLOCK18/SES183/SA183S24	SES183	0.379679	-12.5813	-12.961
BLOCK18/SES183/SA183S27	SES183	0.427138	-11.9739	-12.401
BLOCK18/SES183/SA183S29	SES183	0.469047	-11.688	-12.1571
BLOCK18/SES187/SA187S13	SES187	-0.023859	-14.0366	-14.0128
BLOCK18/SES187/SA187S14	SES187	0.00601387	-14.4131	-14.4191
BLOCK18/SES187/SA187S24	SES187	0.257905	-12.6475	-12.9054
BLOCK18/SES187/SA187S27	SES187	0.173199	-12.6862	-12.8594
BLOCK18/SES187/SA187S29	SES187	0.0339699	-16.063	-16.097
BLOCK18/SES189/SA189S10	SES189	0.243948	-13.2782	-13.5222
BLOCK18/SES189/SA189S13	SES189	1.14932	-14.6353	-15.7846
BLOCK18/SES189/SA189S24	SES189	0.235227	-13.2426	-13.4778
BLOCK18/SES189/SA189S26	SES189	0.510872	-14.1616	-14.6724
BLOCK18/SES189/SA189S29	SES189	0.671046	-13.989	-14.6601
BLOCK20/SES202/SA202S12	SES202	0.183627	-12.537	-12.7207
BLOCK20/SES202/SA202S14	SES202	0.165079	-13.4546	-13.6197
BLOCK20/SES202/SA202S24	SES202	0.181829	-12.8808	-13.0626
BLOCK20/SES202/SA202S27	SES202	0.483261	-12.2085	-12.6918
BLOCK20/SES202/SA202S29	SES202	0.39794	-12.775	-13.173
BLOCK20/SES206/SA206S15	SES206	-0.193375	-12.7609	-12.5675
BLOCK20/SES206/SA206S17	SES206	0.511123	-14.5612	-15.0723
BLOCK20/SES206/SA206S24	SES206	0.0617085	-13.0535	-13.1152
BLOCK20/SES206/SA206S27	SES206	0.708565	-14.1628	-14.8713
BLOCK20/SES206/SA206S29	SES206	1.19905	-14.9257	-16.1247
BLOCK22/SES226/SA226S12	SES226	-0.07967	-12.5062	-12.4266
BLOCK22/SES226/SA226S13	SES226	-0.349464	-14.0546	-13.7051
BLOCK22/SES226/SA226S20	SES226	-0.207585	-14.0503	-13.8427
BLOCK22/SES226/SA226S23	SES226	0.181902	-12.9098	-13.0917
BLOCK22/SES226/SA226S28	SES226	0.166292	-12.7327	-12.899
BLOCK25/SES259/SA259S13	SES259	0.254341	-14.3747	-14.6291
BLOCK25/SES259/SA259S14	SES259	0.355297	-13.5374	-13.8927
BLOCK25/SES259/SA259S22	SES259	0.764578	-12.6572	-13.4218
BLOCK25/SES259/SA259S24	SES259	0.149524	-13.4039	-13.5534
BLOCK25/SES259/SA259S28	SES259	0.347587	-12.4556	-12.8032
BLOCK27/SES270/SA270S14	SES270	1.26993	-11.891	-13.161
BLOCK27/SES270/SA270S16	SES270	1.09898	-10.7483	-11.8473
BLOCK27/SES270/SA270S22	SES270	1.31766	-11.359	-12.6766
BLOCK27/SES270/SA270S26	SES270	1.31613	-10.9548	-12.2709
BLOCK27/SES270/SA270S28	SES270	1.54526	-10.7608	-12.3061
BLOCK27/SES275/SA275S17	SES275	-0.122005	-12.483	-12.361
BLOCK27/SES275/SA275S18	SES275	-0.197025	-12.7351	-12.5381
BLOCK27/SES275/SA275S24	SES275	0.1065	-12.3522	-12.4587
BLOCK27/SES275/SA275S26	SES275	0.236267	-11.8736	-12.1099
BLOCK27/SES275/SA275S28	SES275	0.147468	-12.7212	-12.8686
BLOCK29/SES292/SA292S10	SES292	0.0144787	-12.6254	-12.6398
BLOCK29/SES292/SA292S12	SES292	0.147413	-13.4035	-13.5509
BLOCK29/SES292/SA292S22	SES292	0.138053	-12.9909	-13.1289
BLOCK29/SES292/SA292S24	SES292	0.214886	-12.8155	-13.0304
BLOCK29/SES292/SA292S27	SES292	-0.0307188	-12.9162	-12.8855
BLOCK00/SES001/SA001S14	SES062	-0.414683	-13.035	-12.6203
BLOCK00/SES001/SA001S14	SES082	0.0400534	-12.5803	-12.6203
BLOCK00/SES001/SA001S14	SES106	-0.0086832	-12.629	-12.6203
BLOCK00/SES001/SA001S14	SES206	-0.132469	-12.7528	-12.6203
BLOCK00/SES001/SA001S15	SES062	-0.0233545	-11.3852	-11.3619
BLOCK00/SES001/SA001S15	SES104	-0.160104	-11.522	-11.3619
BLOCK00/SES001/SA001S15	SES106	0.124618	-11.2372	-11.3619
BLOCK00/SES001/SA001S15	SES206	-0.495372	-11.8572	-11.3619
BLOCK00/SES001/SA001S24	SES062	0.0498514	-11.2356	-11.2854
BLOCK00/SES001/SA001S24	SES082	0.0311546	-11.2543	-11.2854
BLOCK00/SES001/SA001S24	SES087	-0.461035	-11.7465	-11.2854
BLOCK00/SES001/SA001S24	SES206	-0.259667	-11.5451	-11.2854
BLOCK00/SES001/SA001S27	SES062	-0.0763693	-11.6625	-11.5862
BLOCK00/SES001/SA001S27	SES082	0.128408	-11.4578	-11.5862
BLOCK00/SES001/SA001S27	SES087	0.370185	-11.216	-11.5862
BLOCK00/SES001/SA001S27	SES206	-0.485312	-12.0715	-11.5862
BLOCK00/SES001/SA001S29	SES062	-0.124239	-12.2334	-12.1091
BLOCK00/SES001/SA001S29	SES082	0.108013	-12.0011	-12.1091
BLOCK00/SES001/SA001S29	SES158	-0.311632	-12.4208	-12.1091
BLOCK00/SES001/SA001S29	SES206	-0.240436	-12.3496	-12.1091
BLOCK00/SES003/SA003S11	SES002	-0.0602083	-11.8579	-11.7977
BLOCK00/SES003/SA003S11	SES019	-0.700029	-12.4977	-11.7977
BLOCK00/SES003/SA003S11	SES082	0.0152502	-11.7825	-11.7977
BLOCK00/SES003/SA003S11	SES125	-0.0485382	-11.8462	-11.7977
BLOCK00/SES003/SA003S15	SES016	-0.571666	-12.9837	-12.4121
BLOCK00/SES003/SA003S15	SES019	-1.03753	-13.4496	-12.4121
BLOCK00/SES003/SA003S15	SES062	0.191794	-12.2203	-12.4121
BLOCK00/SES003/SA003S15	SES206	-0.298971	-12.711	-12.4121
BLOCK00/SES003/SA003S22	SES002	0.00941181	-11.6181	-11.6275
BLOCK00/SES003/SA003S22	SES062	0.327671	-11.2998	-11.6275
BLOCK00/SES003/SA003S22	SES082	0.09307	-11.5344	-11.6275
BLOCK00/SES003/SA003S22	SES087	0.0541372	-11.5734	-11.6275
BLOCK00/SES003/SA003S25	SES062	0.432922	-12.0374	-12.4704
BLOCK00/SES003/SA003S25	SES082	-0.294613	-12.765	-12.4704
BLOCK00/SES003/SA003S25	SES087	-0.0681725	-12.5385	-12.4704
BLOCK00/SES003/SA003S25	SES206	-1.25053	-13.7209	-12.4704
BLOCK00/SES003/SA003S29	SES002	-0.198433	-12.0655	-11.8671
BLOCK00/SES003/SA003S29	SES062	0.132957	-11.7342	-11.8671
BLOCK00/SES003/SA003S29	SES082	0.0176992	-11.8494	-11.8671
BLOCK00/SES003/SA003S29	SES087	0.0731916	-11.7939	-11.8671
BLOCK00/SES004/SA004S12	SES083	-0.0251808	-11.6447	-11.6195
BLOCK00/SES004/SA004S12	SES148	0.0968847	-11.5226	-11.6195
BLOCK00/SES004/SA004S12	SES172	0.155812	-11.4637	-11.6195
BLOCK00/SES004/SA004S12	SES292	-0.159533	-11.779	-11.6195
BLOCK00/SES004/SA004S17	SES083	-0.0277243	-12.2407	-12.213
BLOCK00/SES004/SA004S17	SES162	-0.10989	-12.3229	-12.213
BLOCK00/SES004/SA004S17	SES172	0.0745783	-12.1384	-12.213
BLOCK00/SES004/SA004S17	SES292	-0.140938	-12.3539	-12.213
BLOCK00/SES004/SA004S24	SES083	0.0248995	-12.156	-12.1809
BLOCK00/SES004/SA004S24	SES148	-0.670065	-12.851	-12.1809
BLOCK00/SES004/SA004S24	SES172	0.0566492	-12.1243	-12.1809
BLOCK00/SES004/SA004S24	SES292	-0.115818	-12.2967	-12.1809
BLOCK00/SES004/SA004S26	SES083	0.183534	-11.9161	-12.0996
BLOCK00/SES004/SA004S26	SES127	0.532427	-11.5672	-12.0996
BLOCK00/SES004/SA004S26	SES148	-0.677959	-12.7776	-12.0996
BLOCK00/SES004/SA004S26	SES292	-0.262748	-12.3623	-12.0996
BLOCK00/SES004/SA004S28	SES083	-0.00912571	-12.0138	-12.0046
BLOCK00/SES004/SA004S28	SES127	0.894776	-11.1099	-12.0046
BLOCK00/SES004/SA004S28	SES187	0.301806	-11.7028	-12.0046
BLOCK00/SES004/SA004S28	SES292	0.128538	-11.8761	-12.0046
BLOCK00/SES006/SA006S10	SES014	-0.0952349	-12.617	-12.5218
BLOCK00/SES006/SA006S10	SES158	-0.0918188	-12.6136	-12.5218
BLOCK00/SES006/SA006S10	SES226	0.0176659	-12.5041	-12.5218
BLOCK00/SES006/SA006S10	SES270	0.172448	-12.3493	-12.5218
BLOCK00/SES006/SA006S11	SES158	-0.139664	-12.7025	-12.5628
BLOCK00/SES006/SA006S11	SES226	0.265235	-12.2976	-12.5628
BLOCK00/SES006/SA006S11	SES270	0.490621	-12.0722	-12.5628
BLOCK00/SES006/SA006S11	SES275	-0.0923843	-12.6552	-12.5628
BLOCK00/SES006/SA006S23	SES062	-0.588708	-14.5136	-13.9249
BLOCK00/SES006/SA006S23	SES105	-0.800218	-14.7251	-13.9249
BLOCK00/SES006/SA006S23	SES158	-0.0222454	-13.9471	-13.9249
BLOCK00/SES006/SA006S23	SES275	-0.378654	-14.3035	-13.9249
BLOCK00/SES006/SA006S26	SES104	-0.0977678	-12.659	-12.5612
BLOCK00/SES006/SA006S26	SES158	-0.13168	-12.6929	-12.5612
BLOCK00/SES006/SA006S26	SES270	0.0626297	-12.4986	-12.5612
BLOCK00/SES006/SA006S26	SES275	-0.219725	-12.7809	-12.5612
BLOCK00/SES006/SA006S28	SES007	-0.304404	-13.4295	-13.1251
BLOCK00/SES006/SA006S28	SES105	-0.0177593	-13.1429	-13.1251
BLOCK00/SES006/SA006S28	SES158	0.0692282	-13.0559	-13.1251
BLOCK00/SES006/SA006S28	SES275	0.00923061	-13.1159	-13.1251
BLOCK00/SES009/SA009S12	SES083	-0.289081	-14.4375	-14.1484
BLOCK00/SES009/SA009S12	SES148	-2.57662	-16.7251	-14.1484
BLOCK00/SES009/SA009S12	SES177	0.270447	-13.878	-14.1484
BLOCK00/SES009/SA009S12	SES292	-0.26664	-14.4151	-14.1484
BLOCK00/SES009/SA009S15	SES007	0.316611	-13.0145	-13.3311
BLOCK00/SES009/SA009S15	SES099	-1.02512	-14.3562	-13.3311
BLOCK00/SES009/SA009S15	SES148	-2.25817	-15.5892	-13.3311
BLOCK00/SES009/SA009S15	SES172	-0.260804	-13.5919	-13.3311
BLOCK00/SES009/SA009S24	SES146	0.283774	-13.2775	-13.5613
BLOCK00/SES009/SA009S24	SES148	-2.03056	-15.5918	-13.5613
BLOCK00/SES009/SA009S24	SES177	0.19357	-13.3677	-13.5613
BLOCK00/SES009/SA009S24	SES292	-0.213079	-13.7743	-13.5613
BLOCK00/SES009/SA009S26	SES083	-0.245833	-13.219	-12.9732
BLOCK00/SES009/SA009S26	SES101	-0.4572	-13.4304	-12.9732
BLOCK00/SES009/SA009S26	SES120	-0.278597	-13.2518	-12.9732
BLOCK00/SES009/SA009S26	SES177	-0.0700779	-13.0433	-12.9732
BLOCK00/SES009/SA009S29	SES083	-0.159555	-13.1626	-13.003
BLOCK00/SES009/SA009S29	SES101	-0.302542	-13.3056	-13.003
BLOCK00/SES009/SA009S29	SES177	0.0277529	-12.9753	-13.003
BLOCK00/SES009/SA009S29	SES292	-0.1108	-13.1138	-13.003
BLOCK01/SES011/SA011S10	SES019	0.141701	-17.0439	-17.1856
BLOCK01/SES011/SA011S10	SES042	2.24528	-14.9403	-17.1856
BLOCK01/SES011/SA011S10	SES082	-0.0104485	-17.196	-17.1856
BLOCK01/SES011/SA011S10	SES206	1.23103	-15.9545	-17.1856
BLOCK01/SES011/SA011S11	SES019	-0.362102	-13.7167	-13.3546
BLOCK01/SES011/SA011S11	SES042	0.512015	-12.8425	-13.3546
BLOCK01/SES011/SA011S11	SES082	-0.0981455	-13.4527	-13.3546
BLOCK01/SES011/SA011S11	SES206	0.0733805	-13.2812	-13.3546
BLOCK01/SES011/SA011S22	SES019	0.123419	-14.3147	-14.4381
BLOCK01/SES011/SA011S22	SES042	0.822386	-13.6157	-14.4381
BLOCK01/SES011/SA011S22	SES082	-0.133257	-14.5713	-14.4381
BLOCK01/SES011/SA011S22	SES206	0.256323	-14.1818	-14.4381
BLOCK01/SES011/SA011S24	SES019	-0.43994	-15.1357	-14.6958
BLOCK01/SES011/SA011S24	SES042	1.1562	-13.5396	-14.6958
BLOCK01/SES011/SA011S24	SES104	0.216601	-14.4792	-14.6958
BLOCK01/SES011/SA011S24	SES206	0.736697	-13.9591	-14.6958
BLOCK01/SES011/SA011S27	SES082	0.0473347	-12.567	-12.6143
BLOCK01/SES011/SA011S27	SES087	-0.880373	-13.4947	-12.6143
BLOCK01/SES011/SA011S27	SES125	0.0598888	-12.5544	-12.6143
BLOCK01/SES011/SA011S27	SES206	-0.220055	-12.8344	-12.6143
BLOCK01/SES012/SA012S11	SES007	0.0570469	-13.1664	-13.2234
BLOCK01/SES012/SA012S11	SES082	0.167319	-13.0561	-13.2234
BLOCK01/SES012/SA012S11	SES083	-0.260237	-13.4836	-13.2234
BLOCK01/SES012/SA012S11	SES206	0.232226	-12.9912	-13.2234
BLOCK01/SES012/SA012S14	SES082	0.218279	-14.7754	-14.9937
BLOCK01/SES012/SA012S14	SES087	-1.50105	-16.4947	-14.9937
BLOCK01/SES012/SA012S14	SES206	0.694881	-14.2988	-14.9937
BLOCK01/SES012/SA012S14	SES292	-0.36957	-15.3632	-14.9937
BLOCK01/SES012/SA012S24	SES082	0.182129	-13.5876	-13.7697
BLOCK01/SES012/SA012S24	SES087	-0.956189	-14.7259	-13.7697
BLOCK01/SES012/SA012S24	SES120	-0.0427294	-13.8124	-13.7697
BLOCK01/SES012/SA012S24	SES206	0.30671	-13.463	-13.7697
BLOCK01/SES012/SA012S26	SES019	-0.917526	-17.1494	-16.2319
BLOCK01/SES012/SA012S26	SES082	0.233462	-15.9984	-16.2319
BLOCK01/SES012/SA012S26	SES206	1.1082	-15.1237	-16.2319
BLOCK01/SES012/SA012S26	SES292	-0.361925	-16.5938	-16.2319
BLOCK01/SES012/SA012S29	SES062	-0.090888	-12.5616	-12.4707
BLOCK01/SES012/SA012S29	SES082	0.196402	-12.2743	-12.4707
BLOCK01/SES012/SA012S29	SES083	-0.224575	-12.6952	-12.4707
BLOCK01/SES012/SA012S29	SES206	0.0876369	-12.383	-12.4707
BLOCK01/SES013/SA013S16	SES062	-0.512912	-15.2376	-14.7247
BLOCK01/SES013/SA013S16	SES106	-0.0478973	-14.7726	-14.7247
BLOCK01/SES013/SA013S16	SES206	-0.468697	-15.1934	-14.7247
BLOCK01/SES013/SA013S16	SES226	-0.155759	-14.8804	-14.7247
BLOCK01/SES013/SA013S17	SES062	-0.0675898	-13.0767	-13.0091
BLOCK01/SES013/SA013S17	SES106	0.23689	-12.7722	-13.0091
BLOCK01/SES013/SA013S17	SES206	-0.687671	-13.6968	-13.0091
BLOCK01/SES013/SA013S17	SES226	0.203256	-12.8059	-13.0091
BLOCK01/SES013/SA013S23	SES104	-0.267649	-15.1621	-14.8945
BLOCK01/SES013/SA013S23	SES106	-0.0307674	-14.9253	-14.8945
BLOCK01/SES013/SA013S23	SES206	-0.485739	-15.3802	-14.8945
BLOCK01/SES013/SA013S23	SES270	-1.5064	-16.4009	-14.8945
BLOCK01/SES013/SA013S25	SES042	-1.4918	-14.3293	-12.8375
BLOCK01/SES013/SA013S25	SES104	0.111965	-12.7255	-12.8375
BLOCK01/SES013/SA013S25	SES106	0.297135	-12.5403	-12.8375
BLOCK01/SES013/SA013S25	SES206	-0.799413	-13.6369	-12.8375
BLOCK01/SES013/SA013S29	SES062	-0.254453	-13.2464	-12.992
BLOCK01/SES013/SA013S29	SES104	-0.146205	-13.1382	-12.992
BLOCK01/SES013/SA013S29	SES106	0.293329	-12.6986	-12.992
BLOCK01/SES013/SA013S29	SES206	-0.873187	-13.8651	-12.992
BLOCK02/SES021/SA021S13	SES016	-0.0564919	-13.531	-13.4746
BLOCK02/SES021/SA021S13	SES029	-0.342394	-13.8169	-13.4746
BLOCK02/SES021/SA021S13	SES087	-2.32925	-15.8038	-13.4746
BLOCK02/SES021/SA021S13	SES206	-0.410338	-13.8849	-13.4746
BLOCK02/SES021/SA021S15	SES087	-1.43165	-14.576	-13.1443
BLOCK02/SES021/SA021S15	SES125	-0.071826	-13.2162	-13.1443
BLOCK02/SES021/SA021S15	SES206	-0.2048	-13.3491	-13.1443
BLOCK02/SES021/SA021S15	SES226	-0.497044	-13.6414	-13.1443
BLOCK02/SES021/SA021S23	SES062	-0.588696	-14.6907	-14.102
BLOCK02/SES021/SA021S23	SES087	-0.651883	-14.7539	-14.102
BLOCK02/SES021/SA021S23	SES206	0.0801086	-14.0219	-14.102
BLOCK02/SES021/SA021S23	SES226	-0.2207	-14.3227	-14.102
BLOCK02/SES021/SA021S27	SES002	-0.333147	-13.4334	-13.1003
BLOCK02/SES021/SA021S27	SES016	-1.45306	-14.5534	-13.1003
BLOCK02/SES021/SA021S27	SES019	-0.922574	-14.0229	-13.1003
BLOCK02/SES021/SA021S27	SES062	-0.358529	-13.4588	-13.1003
BLOCK02/SES021/SA021S29	SES087	-0.952887	-15.6545	-14.7016
BLOCK02/SES021/SA021S29	SES125	0.0681067	-14.6335	-14.7016
BLOCK02/SES021/SA021S29	SES206	0.267982	-14.4336	-14.7016
BLOCK02/SES021/SA021S29	SES226	-0.40476	-15.1064	-14.7016
BLOCK04/SES043/SA043S09	SES083	0.134284	-12.1721	-12.3064
BLOCK04/SES043/SA043S09	SES101	-0.0375166	-12.3439	-12.3064
BLOCK04/SES043/SA043S09	SES144	0.11885	-12.1876	-12.3064
BLOCK04/SES043/SA043S09	SES172	-0.0652637	-12.3717	-12.3064
BLOCK04/SES043/SA043S11	SES083	0.104548	-11.5144	-11.619
BLOCK04/SES043/SA043S11	SES101	0.218551	-11.4004	-11.619
BLOCK04/SES043/SA043S11	SES144	0.431779	-11.1872	-11.619
BLOCK04/SES043/SA043S11	SES172	0.0678196	-11.5512	-11.619
BLOCK04/SES043/SA043S23	SES083	0.121857	-12.0603	-12.1822
BLOCK04/SES043/SA043S23	SES144	0.376104	-11.8061	-12.1822
BLOCK04/SES043/SA043S23	SES177	-0.178895	-12.3611	-12.1822
BLOCK04/SES043/SA043S23	SES275	0.145917	-12.0363	-12.1822
BLOCK04/SES043/SA043S26	SES083	0.224983	-12.3477	-12.5727
BLOCK04/SES043/SA043S26	SES101	0.0736742	-12.4991	-12.5727
BLOCK04/SES043/SA043S26	SES144	0.190871	-12.3819	-12.5727
BLOCK04/SES043/SA043S26	SES177	-0.0384293	-12.6112	-12.5727
BLOCK04/SES043/SA043S28	SES016	-0.0940428	-13.122	-13.028
BLOCK04/SES043/SA043S28	SES083	0.113371	-12.9146	-13.028
BLOCK04/SES043/SA043S28	SES101	-0.126655	-13.1546	-13.028
BLOCK04/SES043/SA043S28	SES144	-0.10607	-13.134	-13.028
BLOCK04/SES044/SA044S10	SES127	-0.0161705	-12.1731	-12.1569
BLOCK04/SES044/SA044S10	SES144	0.427547	-11.7294	-12.1569
BLOCK04/SES044/SA044S10	SES147	-0.0674314	-12.2244	-12.1569
BLOCK04/SES044/SA044S10	SES148	0.24858	-11.9083	-12.1569
BLOCK04/SES044/SA044S11	SES101	0.19969	-12.2108	-12.4105
BLOCK04/SES044/SA044S11	SES144	0.18705	-12.2234	-12.4105
BLOCK04/SES044/SA044S11	SES147	-0.0852623	-12.4957	-12.4105
BLOCK04/SES044/SA044S11	SES177	-0.255695	-12.6662	-12.4105
BLOCK04/SES044/SA044S24	SES007	-0.348302	-12.943	-12.5947
BLOCK04/SES044/SA044S24	SES101	0.270446	-12.3243	-12.5947
BLOCK04/SES044/SA044S24	SES147	0.0427332	-12.552	-12.5947
BLOCK04/SES044/SA044S24	SES177	-0.0620346	-12.6568	-12.5947
BLOCK04/SES044/SA044S26	SES007	-0.400198	-12.6517	-12.2515
BLOCK04/SES044/SA044S26	SES016	-0.282723	-12.5342	-12.2515
BLOCK04/SES044/SA044S26	SES101	0.445428	-11.8061	-12.2515
BLOCK04/SES044/SA044S26	SES147	0.355106	-11.8964	-12.2515
BLOCK04/SES044/SA044S29	SES007	-0.116922	-13.5803	-13.4634
BLOCK04/SES044/SA044S29	SES101	0.334126	-13.1293	-13.4634
BLOCK04/SES044/SA044S29	SES147	0.233983	-13.2294	-13.4634
BLOCK04/SES044/SA044S29	SES177	0.0966892	-13.3667	-13.4634
BLOCK04/SES046/SA046S13	SES101	0.138365	-12.3833	-12.5216
BLOCK04/SES046/SA046S13	SES144	0.177181	-12.3445	-12.5216
BLOCK04/SES046/SA046S13	SES147	-0.0408697	-12.5625	-12.5216
BLOCK04/SES046/SA046S13	SES177	-0.112208	-12.6339	-12.5216
BLOCK04/SES046/SA046S15	SES048	-0.329331	-12.3977	-12.0684
BLOCK04/SES046/SA046S15	SES083	0.0390587	-12.0294	-12.0684
BLOCK04/SES046/SA046S15	SES120	-0.806351	-12.8748	-12.0684
BLOCK04/SES046/SA046S15	SES148	-0.314651	-12.3831	-12.0684
BLOCK04/SES046/SA046S22	SES101	0.23874	-11.7578	-11.9965
BLOCK04/SES046/SA046S22	SES144	0.344536	-11.652	-11.9965
BLOCK04/SES046/SA046S22	SES147	0.153341	-11.8432	-11.9965
BLOCK04/SES046/SA046S22	SES172	0.0465832	-11.95	-11.9965
BLOCK04/SES046/SA046S25	SES083	0.0592775	-11.345	-11.4043
BLOCK04/SES046/SA046S25	SES127	-0.167399	-11.5717	-11.4043
BLOCK04/SES046/SA046S25	SES144	0.610039	-10.7943	-11.4043
BLOCK04/SES046/SA046S25	SES148	0.524941	-10.8794	-11.4043
BLOCK04/SES046/SA046S28	SES007	-0.405087	-12.2667	-11.8616
BLOCK04/SES046/SA046S28	SES105	0.141285	-11.7203	-11.8616
BLOCK04/SES046/SA046S28	SES147	0.154634	-11.707	-11.8616
BLOCK04/SES046/SA046S28	SES148	-0.147769	-12.0094	-11.8616
BLOCK04/SES049/SA049S16	SES104	0.0178776	-13.6697	-13.6876
BLOCK04/SES049/SA049S16	SES106	0.222231	-13.4653	-13.6876
BLOCK04/SES049/SA049S16	SES120	-0.71326	-14.4008	-13.6876
BLOCK04/SES049/SA049S16	SES206	-0.728742	-14.4163	-13.6876
BLOCK04/SES049/SA049S18	SES099	0.128325	-12.5031	-12.6314
BLOCK04/SES049/SA049S18	SES104	0.0611458	-12.5703	-12.6314
BLOCK04/SES049/SA049S18	SES125	0.237116	-12.3943	-12.6314
BLOCK04/SES049/SA049S18	SES206	-0.24292	-12.8743	-12.6314
BLOCK04/SES049/SA049S25	SES087	-0.343972	-14.4087	-14.0647
BLOCK04/SES049/SA049S25	SES104	0.110533	-13.9542	-14.0647
BLOCK04/SES049/SA049S25	SES125	-0.039402	-14.1041	-14.0647
BLOCK04/SES049/SA049S25	SES206	-0.496106	-14.5608	-14.0647
BLOCK04/SES049/SA049S27	SES099	-1.21588	-14.3666	-13.1507
BLOCK04/SES049/SA049S27	SES104	0.0643139	-13.0864	-13.1507
BLOCK04/SES049/SA049S27	SES125	-0.314084	-13.4648	-13.1507
BLOCK04/SES049/SA049S27	SES206	-0.96815	-14.1189	-13.1507
BLOCK04/SES049/SA049S29	SES099	-1.40028	-13.9901	-12.5898
BLOCK04/SES049/SA049S29	SES104	0.144617	-12.4452	-12.5898
BLOCK04/SES049/SA049S29	SES125	-0.140445	-12.7302	-12.5898
BLOCK04/SES049/SA049S29	SES206	-1.05523	-13.645	-12.5898
BLOCK06/SES063/SA063S09	SES068	-0.228203	-13.5582	-13.33
BLOCK06/SES063/SA063S09	SES083	-0.0521889	-13.3822	-13.33
BLOCK06/SES063/SA063S09	SES177	-0.0785923	-13.4086	-13.33
BLOCK06/SES063/SA063S09	SES187	-0.0018568	-13.3318	-13.33
BLOCK06/SES063/SA063S10	SES068	0.0226908	-12.9621	-12.9848
BLOCK06/SES063/SA063S10	SES083	-0.0970039	-13.0818	-12.9848
BLOCK06/SES063/SA063S10	SES172	-0.029295	-13.0141	-12.9848
BLOCK06/SES063/SA063S10	SES187	-0.112684	-13.0975	-12.9848
BLOCK06/SES063/SA063S20	SES068	-0.144964	-13.1873	-13.0424
BLOCK06/SES063/SA063S20	SES083	0.032589	-13.0098	-13.0424
BLOCK06/SES063/SA063S20	SES172	-0.000600815	-13.043	-13.0424
BLOCK06/SES063/SA063S20	SES187	-0.148083	-13.1905	-13.0424
BLOCK06/SES063/SA063S24	SES029	-0.218444	-13.4168	-13.1984
BLOCK06/SES063/SA063S24	SES083	0.341739	-12.8567	-13.1984
BLOCK06/SES063/SA063S24	SES177	0.0892649	-13.1091	-13.1984
BLOCK06/SES063/SA063S24	SES189	0.117542	-13.0809	-13.1984
BLOCK06/SES063/SA063S27	SES083	0.238025	-12.2114	-12.4494
BLOCK06/SES063/SA063S27	SES172	0.0942678	-12.3551	-12.4494
BLOCK06/SES063/SA063S27	SES187	-0.0449915	-12.4944	-12.4494
BLOCK06/SES063/SA063S27	SES292	-0.188742	-12.6381	-12.4494
BLOCK06/SES067/SA067S12	SES083	0.0018816	-11.6933	-11.6952
BLOCK06/SES067/SA067S12	SES172	0.120272	-11.5749	-11.6952
BLOCK06/SES067/SA067S12	SES202	0.0126295	-11.6825	-11.6952
BLOCK06/SES067/SA067S12	SES292	-0.0156555	-11.7108	-11.6952
BLOCK06/SES067/SA067S14	SES085	0.119625	-10.8352	-10.9548
BLOCK06/SES067/SA067S14	SES177	-0.435388	-11.3902	-10.9548
BLOCK06/SES067/SA067S14	SES183	0.308884	-10.6459	-10.9548
BLOCK06/SES067/SA067S14	SES202	0.0509501	-10.9038	-10.9548
BLOCK06/SES067/SA067S21	SES144	-0.513175	-13.8959	-13.3828
BLOCK06/SES067/SA067S21	SES177	0.0254641	-13.3573	-13.3828
BLOCK06/SES067/SA067S21	SES183	-0.417187	-13.8	-13.3828
BLOCK06/SES067/SA067S21	SES189	0.0180435	-13.3647	-13.3828
BLOCK06/SES067/SA067S25	SES085	-0.60679	-14.0276	-13.4208
BLOCK06/SES067/SA067S25	SES177	0.111713	-13.309	-13.4208
BLOCK06/SES067/SA067S25	SES183	-0.213398	-13.6342	-13.4208
BLOCK06/SES067/SA067S25	SES202	-0.249557	-13.6703	-13.4208
BLOCK06/SES067/SA067S29	SES085	-0.192434	-12.5561	-12.3637
BLOCK06/SES067/SA067S29	SES177	-0.160602	-12.5243	-12.3637
BLOCK06/SES067/SA067S29	SES183	-0.0698624	-12.4336	-12.3637
BLOCK06/SES067/SA067S29	SES202	0.045249	-12.3185	-12.3637
BLOCK06/SES069/SA069S12	SES029	-0.206033	-13.001	-12.795
BLOCK06/SES069/SA069S12	SES082	0.0945539	-12.7005	-12.795
BLOCK06/SES069/SA069S12	SES087	-0.195751	-12.9908	-12.795
BLOCK06/SES069/SA069S12	SES206	-0.315237	-13.1102	-12.795
BLOCK06/SES069/SA069S13	SES029	0.0298557	-12.5502	-12.5801
BLOCK06/SES069/SA069S13	SES087	0.416179	-12.1639	-12.5801
BLOCK06/SES069/SA069S13	SES206	-0.546627	-13.1267	-12.5801
BLOCK06/SES069/SA069S13	SES226	0.534232	-12.0458	-12.5801
BLOCK06/SES069/SA069S23	SES029	0.120065	-11.5486	-11.6686
BLOCK06/SES069/SA069S23	SES087	0.907552	-10.7611	-11.6686
BLOCK06/SES069/SA069S23	SES206	-0.388959	-12.0576	-11.6686
BLOCK06/SES069/SA069S23	SES226	0.608718	-11.0599	-11.6686
BLOCK06/SES069/SA069S25	SES087	-0.670025	-12.7333	-12.0633
BLOCK06/SES069/SA069S25	SES206	-0.903794	-12.9671	-12.0633
BLOCK06/SES069/SA069S25	SES226	0.263891	-11.7994	-12.0633
BLOCK06/SES069/SA069S25	SES270	-0.232679	-12.2959	-12.0633
BLOCK06/SES069/SA069S27	SES087	-0.685286	-13.5798	-12.8945
BLOCK06/SES069/SA069S27	SES206	-0.274547	-13.169	-12.8945
BLOCK06/SES069/SA069S27	SES226	0.0467043	-12.8478	-12.8945
BLOCK06/SES069/SA069S27	SES270	-0.997453	-13.8919	-12.8945
BLOCK08/SES081/SA081S11	SES060	-0.780588	-13.6384	-12.8578
BLOCK08/SES081/SA081S11	SES062	-0.0186911	-12.8765	-12.8578
BLOCK08/SES081/SA081S11	SES117	-0.855374	-13.7132	-12.8578
BLOCK08/SES081/SA081S11	SES162	-0.575263	-13.4331	-12.8578
BLOCK08/SES081/SA081S13	SES016	-0.319385	-12.9162	-12.5969
BLOCK08/SES081/SA081S13	SES060	-0.187203	-12.7841	-12.5969
BLOCK08/SES081/SA081S13	SES068	-0.0272036	-12.6241	-12.5969
BLOCK08/SES081/SA081S13	SES129	-0.808559	-13.4054	-12.5969
BLOCK08/SES081/SA081S24	SES060	-0.141568	-13.595	-13.4534
BLOCK08/SES081/SA081S24	SES068	-0.0764961	-13.5299	-13.4534
BLOCK08/SES081/SA081S24	SES117	-0.250911	-13.7043	-13.4534
BLOCK08/SES081/SA081S24	SES275	-0.338597	-13.792	-13.4534
BLOCK08/SES081/SA081S27	SES007	0.969283	-15.1988	-16.168
BLOCK08/SES081/SA081S27	SES060	0.961499	-15.2065	-16.168
BLOCK08/SES081/SA081S27	SES117	0.434436	-15.7336	-16.168
BLOCK08/SES081/SA081S27	SES275	-0.723999	-16.892	-16.168
BLOCK08/SES081/SA081S29	SES007	1.03627	-15.0763	-16.1126
BLOCK08/SES081/SA081S29	SES060	1.42732	-14.6853	-16.1126
BLOCK08/SES081/SA081S29	SES117	0.938642	-15.174	-16.1126
BLOCK08/SES081/SA081S29	SES275	-1.16789	-17.2805	-16.1126
BLOCK08/SES086/SA086S11	SES029	-0.499614	-14.2738	-13.7742
BLOCK08/SES086/SA086S11	SES082	0.258011	-13.5162	-13.7742
BLOCK08/SES086/SA086S11	SES087	0.693789	-13.0804	-13.7742
BLOCK08/SES086/SA086S11	SES206	0.227112	-13.5471	-13.7742
BLOCK08/SES086/SA086S12	SES029	-0.412087	-14.1945	-13.7825
BLOCK08/SES086/SA086S12	SES082	0.286781	-13.4957	-13.7825
BLOCK08/SES086/SA086S12	SES087	0.612673	-13.1698	-13.7825
BLOCK08/SES086/SA086S12	SES206	0.464937	-13.3175	-13.7825
BLOCK08/SES086/SA086S20	SES029	-0.3666	-13.969	-13.6024
BLOCK08/SES086/SA086S20	SES082	0.306232	-13.2962	-13.6024
BLOCK08/SES086/SA086S20	SES087	0.468657	-13.1338	-13.6024
BLOCK08/SES086/SA086S20	SES206	0.39404	-13.2084	-13.6024
BLOCK08/SES086/SA086S24	SES087	0.324678	-14.7052	-15.0298
BLOCK08/SES086/SA086S24	SES104	0.469193	-14.5606	-15.0298
BLOCK08/SES086/SA086S24	SES120	0.300858	-14.729	-15.0298
BLOCK08/SES086/SA086S24	SES206	0.941103	-14.0887	-15.0298
BLOCK08/SES086/SA086S28	SES029	-0.360823	-13.822	-13.4612
BLOCK08/SES086/SA086S28	SES082	0.310844	-13.1504	-13.4612
BLOCK08/SES086/SA086S28	SES087	1.29016	-12.1711	-13.4612
BLOCK08/SES086/SA086S28	SES206	0.285122	-13.1761	-13.4612
BLOCK08/SES089/SA089S13	SES087	0.243957	-12.1425	-12.3865
BLOCK08/SES089/SA089S13	SES206	-0.469454	-12.8559	-12.3865
BLOCK08/SES089/SA089S13	SES226	0.348282	-12.0382	-12.3865
BLOCK08/SES089/SA089S13	SES270	-0.000500679	-12.387	-12.3865
BLOCK08/SES089/SA089S14	SES062	-0.191493	-12.8034	-12.6119
BLOCK08/SES089/SA089S14	SES087	0.632968	-11.979	-12.6119
BLOCK08/SES089/SA089S14	SES206	-0.134022	-12.746	-12.6119
BLOCK08/SES089/SA089S14	SES226	0.124662	-12.4873	-12.6119
BLOCK08/SES089/SA089S23	SES087	0.322858	-12.8448	-13.1676
BLOCK08/SES089/SA089S23	SES206	-0.511997	-13.6796	-13.1676
BLOCK08/SES089/SA089S23	SES226	0.344844	-12.8228	-13.1676
BLOCK08/SES089/SA089S23	SES270	0.02777	-13.1398	-13.1676
BLOCK08/SES089/SA089S25	SES062	0.11198	-12.2375	-12.3495
BLOCK08/SES089/SA089S25	SES087	0.404984	-11.9445	-12.3495
BLOCK08/SES089/SA089S25	SES206	-0.454777	-12.8042	-12.3495
BLOCK08/SES089/SA089S25	SES226	0.431164	-11.9183	-12.3495
BLOCK08/SES089/SA089S28	SES062	0.117956	-12.8896	-13.0075
BLOCK08/SES089/SA089S28	SES087	0.801193	-12.2063	-13.0075
BLOCK08/SES089/SA089S28	SES206	-0.420926	-13.4285	-13.0075
BLOCK08/SES089/SA089S28	SES226	0.639234	-12.3683	-13.0075
BLOCK09/SES097/SA097S11	SES099	-1.38383	-14.2712	-12.8874
BLOCK09/SES097/SA097S11	SES125	-0.203985	-13.0914	-12.8874
BLOCK09/SES097/SA097S11	SES206	-1.12648	-14.0139	-12.8874
BLOCK09/SES097/SA097S11	SES226	0.727012	-12.1604	-12.8874
BLOCK09/SES097/SA097S14	SES062	-0.089818	-13.1741	-13.0843
BLOCK09/SES097/SA097S14	SES099	-1.35896	-14.4433	-13.0843
BLOCK09/SES097/SA097S14	SES104	-0.0695086	-13.1538	-13.0843
BLOCK09/SES097/SA097S14	SES206	-1.03969	-14.124	-13.0843
BLOCK09/SES097/SA097S22	SES099	-1.08485	-13.9445	-12.8597
BLOCK09/SES097/SA097S22	SES206	-0.727288	-13.587	-12.8597
BLOCK09/SES097/SA097S22	SES226	0.327125	-12.5325	-12.8597
BLOCK09/SES097/SA097S22	SES270	-0.426183	-13.2859	-12.8597
BLOCK09/SES097/SA097S26	SES099	-0.982079	-14.6569	-13.6748
BLOCK09/SES097/SA097S26	SES120	-0.673033	-14.3478	-13.6748
BLOCK09/SES097/SA097S26	SES206	-0.68035	-14.3551	-13.6748
BLOCK09/SES097/SA097S26	SES226	0.55973	-13.1151	-13.6748
BLOCK09/SES097/SA097S28	SES099	-0.495132	-12.8781	-12.383
BLOCK09/SES097/SA097S28	SES120	-1.09708	-13.4801	-12.383
BLOCK09/SES097/SA097S28	SES206	-0.50777	-12.8908	-12.383
BLOCK09/SES097/SA097S28	SES226	0.425623	-11.9574	-12.383
BLOCK09/SES098/SA098S11	SES127	-0.326661	-13.4871	-13.1604
BLOCK09/SES098/SA098S11	SES144	-0.390367	-13.5508	-13.1604
BLOCK09/SES098/SA098S11	SES147	0.0235691	-13.1369	-13.1604
BLOCK09/SES098/SA098S11	SES148	-2.17117	-15.3316	-13.1604
BLOCK09/SES098/SA098S12	SES127	-0.855192	-16.1884	-15.3332
BLOCK09/SES098/SA098S12	SES144	-1.33031	-16.6635	-15.3332
BLOCK09/SES098/SA098S12	SES147	-0.43609	-15.7693	-15.3332
BLOCK09/SES098/SA098S12	SES189	-0.23453	-15.5677	-15.3332
BLOCK09/SES098/SA098S20	SES127	-1.86254	-18.8523	-16.9897
BLOCK09/SES098/SA098S20	SES147	-0.839626	-17.8294	-16.9897
BLOCK09/SES098/SA098S20	SES148	-5.15218	-22.1419	-16.9897
BLOCK09/SES098/SA098S20	SES292	-0.352324	-17.3421	-16.9897
BLOCK09/SES098/SA098S23	SES127	-0.767197	-15.0515	-14.2843
BLOCK09/SES098/SA098S23	SES147	-0.303392	-14.5877	-14.2843
BLOCK09/SES098/SA098S23	SES187	0.000110626	-14.2842	-14.2843
BLOCK09/SES098/SA098S23	SES292	-0.395376	-14.6796	-14.2843
BLOCK09/SES098/SA098S27	SES127	-0.783855	-14.7747	-13.9909
BLOCK09/SES098/SA098S27	SES147	-0.369721	-14.3606	-13.9909
BLOCK09/SES098/SA098S27	SES148	-1.98526	-15.9761	-13.9909
BLOCK09/SES098/SA098S27	SES292	-0.0155563	-14.0064	-13.9909
BLOCK10/SES102/SA102S13	SES101	-0.599836	-14.6607	-14.0609
BLOCK10/SES102/SA102S13	SES105	-0.088932	-14.1498	-14.0609
BLOCK10/SES102/SA102S13	SES120	-0.195395	-14.2563	-14.0609
BLOCK10/SES102/SA102S13	SES158	0.223083	-13.8378	-14.0609
BLOCK10/SES102/SA102S14	SES007	0.225602	-13.9993	-14.2249
BLOCK10/SES102/SA102S14	SES101	-0.480702	-14.7056	-14.2249
BLOCK10/SES102/SA102S14	SES105	-1.14053	-15.3655	-14.2249
BLOCK10/SES102/SA102S14	SES147	-0.303511	-14.5284	-14.2249
BLOCK10/SES102/SA102S22	SES007	-0.0633202	-13.3844	-13.321
BLOCK10/SES102/SA102S22	SES101	-0.288889	-13.6099	-13.321
BLOCK10/SES102/SA102S22	SES105	0.0261545	-13.2949	-13.321
BLOCK10/SES102/SA102S22	SES158	-0.14278	-13.4638	-13.321
BLOCK10/SES102/SA102S25	SES007	-0.0822115	-13.0749	-12.9927
BLOCK10/SES102/SA102S25	SES101	-0.139025	-13.1317	-12.9927
BLOCK10/SES102/SA102S25	SES105	-0.47913	-13.4718	-12.9927
BLOCK10/SES102/SA102S25	SES147	-0.210355	-13.203	-12.9927
BLOCK10/SES102/SA102S27	SES007	-0.417138	-13.2712	-12.854
BLOCK10/SES102/SA102S27	SES101	0.0680351	-12.786	-12.854
BLOCK10/SES102/SA102S27	SES105	-0.4927	-13.3467	-12.854
BLOCK10/SES102/SA102S27	SES147	-0.20069	-13.0547	-12.854
BLOCK10/SES103/SA103S14	SES105	-0.463454	-15.0301	-14.5667
BLOCK10/SES103/SA103S14	SES106	-0.385046	-14.9517	-14.5667
BLOCK10/SES103/SA103S14	SES120	0.0645704	-14.5021	-14.5667
BLOCK10/SES103/SA103S14	SES206	0.241617	-14.3251	-14.5667
BLOCK10/SES103/SA103S15	SES099	-0.183505	-13.3893	-13.2058
BLOCK10/SES103/SA103S15	SES101	-0.169558	-13.3754	-13.2058
BLOCK10/SES103/SA103S15	SES104	-0.152993	-13.3588	-13.2058
BLOCK10/SES103/SA103S15	SES125	0.105805	-13.1	-13.2058
BLOCK10/SES103/SA103S24	SES104	-0.127423	-13.5901	-13.4627
BLOCK10/SES103/SA103S24	SES125	-0.0521069	-13.5148	-13.4627
BLOCK10/SES103/SA103S24	SES148	-0.264101	-13.7268	-13.4627
BLOCK10/SES103/SA103S24	SES158	-0.165736	-13.6284	-13.4627
BLOCK10/SES103/SA103S26	SES104	0.020134	-13.1018	-13.1219
BLOCK10/SES103/SA103S26	SES106	0.219411	-12.9025	-13.1219
BLOCK10/SES103/SA103S26	SES125	0.167235	-12.9547	-13.1219
BLOCK10/SES103/SA103S26	SES148	-0.117462	-13.2394	-13.1219
BLOCK10/SES103/SA103S28	SES104	0.0274334	-13.751	-13.7784
BLOCK10/SES103/SA103S28	SES106	0.154944	-13.6235	-13.7784
BLOCK10/SES103/SA103S28	SES125	-0.0298796	-13.8083	-13.7784
BLOCK10/SES103/SA103S28	SES206	-0.221671	-14.0001	-13.7784
BLOCK12/SES121/SA121S12	SES042	-1.46378	-14.4677	-13.0039
BLOCK12/SES121/SA121S12	SES087	0.791215	-12.2127	-13.0039
BLOCK12/SES121/SA121S12	SES105	0.555134	-12.4488	-13.0039
BLOCK12/SES121/SA121S12	SES206	0.0308018	-12.9731	-13.0039
BLOCK12/SES121/SA121S14	SES007	0.802175	-15.5754	-16.3775
BLOCK12/SES121/SA121S14	SES105	-0.0996056	-16.4771	-16.3775
BLOCK12/SES121/SA121S14	SES106	-0.389872	-16.7674	-16.3775
BLOCK12/SES121/SA121S14	SES206	1.42794	-14.9496	-16.3775
BLOCK12/SES121/SA121S23	SES105	0.293653	-15.8235	-16.1171
BLOCK12/SES121/SA121S23	SES106	-0.0394421	-16.1566	-16.1171
BLOCK12/SES121/SA121S23	SES120	0.260242	-15.8569	-16.1171
BLOCK12/SES121/SA121S23	SES206	1.19428	-14.9229	-16.1171
BLOCK12/SES121/SA121S25	SES007	1.13201	-16.2429	-17.3749
BLOCK12/SES121/SA121S25	SES105	-0.12936	-17.5043	-17.3749
BLOCK12/SES121/SA121S25	SES106	-0.486206	-17.8611	-17.3749
BLOCK12/SES121/SA121S25	SES206	1.849	-15.5259	-17.3749
BLOCK12/SES121/SA121S27	SES087	0.277935	-15.9812	-16.2591
BLOCK12/SES121/SA121S27	SES105	-0.0326233	-16.2917	-16.2591
BLOCK12/SES121/SA121S27	SES120	0.927578	-15.3315	-16.2591
BLOCK12/SES121/SA121S27	SES206	1.38737	-14.8717	-16.2591
BLOCK12/SES124/SA124S16	SES042	-0.528342	-11.9959	-11.4676
BLOCK12/SES124/SA124S16	SES082	0.0921764	-11.3754	-11.4676
BLOCK12/SES124/SA124S16	SES183	-0.0777359	-11.5453	-11.4676
BLOCK12/SES124/SA124S16	SES206	-0.246258	-11.7138	-11.4676
BLOCK12/SES124/SA124S17	SES105	-0.220555	-13.4078	-13.1872
BLOCK12/SES124/SA124S17	SES149	-0.10634	-13.2935	-13.1872
BLOCK12/SES124/SA124S17	SES158	0.23584	-12.9514	-13.1872
BLOCK12/SES124/SA124S17	SES275	-0.368212	-13.5554	-13.1872
BLOCK12/SES124/SA124S23	SES105	0.101007	-11.8751	-11.9761
BLOCK12/SES124/SA124S23	SES125	0.379014	-11.5971	-11.9761
BLOCK12/SES124/SA124S23	SES129	0.08183	-11.8943	-11.9761
BLOCK12/SES124/SA124S23	SES158	-0.520903	-12.497	-11.9761
BLOCK12/SES124/SA124S26	SES105	-0.340631	-11.878	-11.5374
BLOCK12/SES124/SA124S26	SES125	0.0881748	-11.4492	-11.5374
BLOCK12/SES124/SA124S26	SES129	-0.134099	-11.6715	-11.5374
BLOCK12/SES124/SA124S26	SES158	-0.370458	-11.9078	-11.5374
BLOCK12/SES124/SA124S28	SES104	0.255396	-11.5131	-11.7685
BLOCK12/SES124/SA124S28	SES106	0.369255	-11.3992	-11.7685
BLOCK12/SES124/SA124S28	SES125	0.303974	-11.4645	-11.7685
BLOCK12/SES124/SA124S28	SES275	0.171229	-11.5973	-11.7685
BLOCK12/SES126/SA126S13	SES007	0.397359	-13.4016	-13.799
BLOCK12/SES126/SA126S13	SES162	-0.0105352	-13.8095	-13.799
BLOCK12/SES126/SA126S13	SES177	0.395474	-13.4035	-13.799
BLOCK12/SES126/SA126S13	SES180	-0.429563	-14.2286	-13.799
BLOCK12/SES126/SA126S14	SES144	-0.147044	-12.4383	-12.2912
BLOCK12/SES126/SA126S14	SES148	-1.06427	-13.3555	-12.2912
BLOCK12/SES126/SA126S14	SES177	-0.0655298	-12.3568	-12.2912
BLOCK12/SES126/SA126S14	SES180	-0.130138	-12.4214	-12.2912
BLOCK12/SES126/SA126S20	SES007	-0.34165	-12.2234	-11.8817
BLOCK12/SES126/SA126S20	SES162	-0.267477	-12.1492	-11.8817
BLOCK12/SES126/SA126S20	SES172	0.145967	-11.7358	-11.8817
BLOCK12/SES126/SA126S20	SES180	-0.0521421	-11.9339	-11.8817
BLOCK12/SES126/SA126S24	SES120	0.0227127	-13.0577	-13.0804
BLOCK12/SES126/SA126S24	SES162	-0.169434	-13.2499	-13.0804
BLOCK12/SES126/SA126S24	SES177	0.10432	-12.9761	-13.0804
BLOCK12/SES126/SA126S24	SES180	-0.397539	-13.478	-13.0804
BLOCK12/SES126/SA126S26	SES120	-0.376568	-12.8241	-12.4476
BLOCK12/SES126/SA126S26	SES177	-0.267574	-12.7152	-12.4476
BLOCK12/SES126/SA126S26	SES180	0.105835	-12.3417	-12.4476
BLOCK12/SES126/SA126S26	SES202	0.120545	-12.327	-12.4476
BLOCK12/SES128/SA128S10	SES087	-0.89683	-14.5613	-13.6645
BLOCK12/SES128/SA128S10	SES206	-0.111274	-13.7758	-13.6645
BLOCK12/SES128/SA128S10	SES226	0.0256243	-13.6389	-13.6645
BLOCK12/SES128/SA128S10	SES270	-0.860703	-14.5252	-13.6645
BLOCK12/SES128/SA128S12	SES120	0.690837	-14.496	-15.1868
BLOCK12/SES128/SA128S12	SES158	0.659252	-14.5276	-15.1868
BLOCK12/SES128/SA128S12	SES206	0.70022	-14.4866	-15.1868
BLOCK12/SES128/SA128S12	SES226	-1.05547	-16.2423	-15.1868
BLOCK12/SES128/SA128S21	SES106	0.00508213	-13.0577	-13.0628
BLOCK12/SES128/SA128S21	SES120	-0.544246	-13.607	-13.0628
BLOCK12/SES128/SA128S21	SES206	-0.512742	-13.5755	-13.0628
BLOCK12/SES128/SA128S21	SES226	0.1215	-12.9413	-13.0628
BLOCK12/SES128/SA128S24	SES087	-0.172298	-13.7537	-13.5814
BLOCK12/SES128/SA128S24	SES120	-0.310061	-13.8914	-13.5814
BLOCK12/SES128/SA128S24	SES206	-0.0760851	-13.6574	-13.5814
BLOCK12/SES128/SA128S24	SES226	-0.128817	-13.7102	-13.5814
BLOCK12/SES128/SA128S27	SES099	-0.0313625	-13.4751	-13.4437
BLOCK12/SES128/SA128S27	SES120	-0.121542	-13.5653	-13.4437
BLOCK12/SES128/SA128S27	SES206	0.086936	-13.3568	-13.4437
BLOCK12/SES128/SA128S27	SES226	-0.201274	-13.645	-13.4437
BLOCK13/SES130/SA130S13	SES143	0.741562	-11.6903	-12.4319
BLOCK13/SES130/SA130S13	SES144	0.479682	-11.9522	-12.4319
BLOCK13/SES130/SA130S13	SES146	-0.526395	-12.9582	-12.4319
BLOCK13/SES130/SA130S13	SES275	-0.802767	-13.2346	-12.4319
BLOCK13/SES130/SA130S15	SES143	-0.0164547	-12.3897	-12.3732
BLOCK13/SES130/SA130S15	SES144	0.114524	-12.2587	-12.3732
BLOCK13/SES130/SA130S15	SES146	-0.13527	-12.5085	-12.3732
BLOCK13/SES130/SA130S15	SES275	-0.313166	-12.6864	-12.3732
BLOCK13/SES130/SA130S23	SES127	0.218045	-11.9111	-12.1292
BLOCK13/SES130/SA130S23	SES144	0.338445	-11.7907	-12.1292
BLOCK13/SES130/SA130S23	SES146	-0.439537	-12.5687	-12.1292
BLOCK13/SES130/SA130S23	SES162	-0.00057888	-12.1298	-12.1292
BLOCK13/SES130/SA130S25	SES127	0.160586	-11.7017	-11.8623
BLOCK13/SES130/SA130S25	SES144	0.345628	-11.5167	-11.8623
BLOCK13/SES130/SA130S25	SES146	-0.183356	-12.0456	-11.8623
BLOCK13/SES130/SA130S25	SES275	-0.0409889	-11.9033	-11.8623
BLOCK13/SES130/SA130S28	SES127	-0.395916	-12.8737	-12.4778
BLOCK13/SES130/SA130S28	SES144	0.0683699	-12.4094	-12.4778
BLOCK13/SES130/SA130S28	SES146	-0.191492	-12.6692	-12.4778
BLOCK13/SES130/SA130S28	SES275	0.0705204	-12.4072	-12.4778
BLOCK13/SES131/SA131S13	SES002	-0.146399	-12.4156	-12.2692
BLOCK13/SES131/SA131S13	SES007	-0.548602	-12.8178	-12.2692
BLOCK13/SES131/SA131S13	SES099	0.202239	-12.067	-12.2692
BLOCK13/SES131/SA131S13	SES105	0.216425	-12.0528	-12.2692
BLOCK13/SES131/SA131S14	SES104	0.0653515	-11.3401	-11.4055
BLOCK13/SES131/SA131S14	SES106	0.439499	-10.966	-11.4055
BLOCK13/SES131/SA131S14	SES125	0.0788031	-11.3267	-11.4055
BLOCK13/SES131/SA131S14	SES148	1.15314	-10.2524	-11.4055
BLOCK13/SES131/SA131S20	SES104	0.0277472	-12.9183	-12.946
BLOCK13/SES131/SA131S20	SES106	0.223495	-12.7225	-12.946
BLOCK13/SES131/SA131S20	SES125	-0.00755501	-12.9536	-12.946
BLOCK13/SES131/SA131S20	SES148	-0.0324383	-12.9784	-12.946
BLOCK13/SES131/SA131S22	SES099	0.088006	-11.8454	-11.9334
BLOCK13/SES131/SA131S22	SES104	0.214782	-11.7186	-11.9334
BLOCK13/SES131/SA131S22	SES125	0.333736	-11.5996	-11.9334
BLOCK13/SES131/SA131S22	SES206	-0.104339	-12.0377	-11.9334
BLOCK13/SES131/SA131S29	SES087	-0.685313	-13.7846	-13.0993
BLOCK13/SES131/SA131S29	SES104	-0.02701	-13.1263	-13.0993
BLOCK13/SES131/SA131S29	SES125	0.040678	-13.0587	-13.0993
BLOCK13/SES131/SA131S29	SES206	-0.0830889	-13.1824	-13.0993
BLOCK13/SES132/SA132S11	SES083	-0.0904417	-14.3181	-14.2277
BLOCK13/SES132/SA132S11	SES120	0.779922	-13.4477	-14.2277
BLOCK13/SES132/SA132S11	SES127	-1.10251	-15.3302	-14.2277
BLOCK13/SES132/SA132S11	SES275	-0.775908	-15.0036	-14.2277
BLOCK13/SES132/SA132S12	SES083	-0.199538	-12.8058	-12.6062
BLOCK13/SES132/SA132S12	SES143	-0.938154	-13.5444	-12.6062
BLOCK13/SES132/SA132S12	SES144	-0.517782	-13.124	-12.6062
BLOCK13/SES132/SA132S12	SES148	-1.39184	-13.9981	-12.6062
BLOCK13/SES132/SA132S22	SES062	-0.467753	-14.9625	-14.4947
BLOCK13/SES132/SA132S22	SES083	-0.229877	-14.7246	-14.4947
BLOCK13/SES132/SA132S22	SES127	-1.44214	-15.9369	-14.4947
BLOCK13/SES132/SA132S22	SES275	-0.581086	-15.0758	-14.4947
BLOCK13/SES132/SA132S24	SES007	0.366901	-13.6119	-13.9788
BLOCK13/SES132/SA132S24	SES083	-0.111962	-14.0907	-13.9788
BLOCK13/SES132/SA132S24	SES127	-1.29438	-15.2732	-13.9788
BLOCK13/SES132/SA132S24	SES275	-0.49639	-14.4752	-13.9788
BLOCK13/SES132/SA132S27	SES083	-0.554947	-16.6384	-16.0835
BLOCK13/SES132/SA132S27	SES120	1.27346	-14.81	-16.0835
BLOCK13/SES132/SA132S27	SES127	-2.52992	-18.6134	-16.0835
BLOCK13/SES132/SA132S27	SES275	-0.903814	-16.9873	-16.0835
BLOCK14/SES141/SA141S09	SES143	-0.234197	-11.9831	-11.7489
BLOCK14/SES141/SA141S09	SES144	0.151679	-11.5973	-11.7489
BLOCK14/SES141/SA141S09	SES162	-0.0308237	-11.7798	-11.7489
BLOCK14/SES141/SA141S09	SES180	-0.113514	-11.8624	-11.7489
BLOCK14/SES141/SA141S15	SES127	-0.485939	-12.6791	-12.1932
BLOCK14/SES141/SA141S15	SES144	-0.07197	-12.2651	-12.1932
BLOCK14/SES141/SA141S15	SES162	-0.20017	-12.3933	-12.1932
BLOCK14/SES141/SA141S15	SES180	-0.188776	-12.3819	-12.1932
BLOCK14/SES141/SA141S24	SES127	-0.683863	-13.8662	-13.1823
BLOCK14/SES141/SA141S24	SES144	-0.485523	-13.6679	-13.1823
BLOCK14/SES141/SA141S24	SES162	0.10102	-13.0813	-13.1823
BLOCK14/SES141/SA141S24	SES183	-0.468662	-13.651	-13.1823
BLOCK14/SES141/SA141S26	SES142	0.36838	-12.1402	-12.5086
BLOCK14/SES141/SA141S26	SES144	-0.290776	-12.7994	-12.5086
BLOCK14/SES141/SA141S26	SES172	-0.0622215	-12.5708	-12.5086
BLOCK14/SES141/SA141S26	SES180	-0.163584	-12.6722	-12.5086
BLOCK14/SES141/SA141S29	SES127	-0.168976	-12.4434	-12.2744
BLOCK14/SES141/SA141S29	SES142	-0.0871077	-12.3615	-12.2744
BLOCK14/SES141/SA141S29	SES144	-0.0688801	-12.3433	-12.2744
BLOCK14/SES141/SA141S29	SES180	-0.0469294	-12.3213	-12.2744
BLOCK15/SES157/SA157S08	SES083	-0.098794	-12.1966	-12.0978
BLOCK15/SES157/SA157S08	SES127	-0.166365	-12.2642	-12.0978
BLOCK15/SES157/SA157S08	SES148	-0.278663	-12.3765	-12.0978
BLOCK15/SES157/SA157S08	SES292	-0.14042	-12.2383	-12.0978
BLOCK15/SES157/SA157S11	SES083	-0.0828667	-12.6046	-12.5217
BLOCK15/SES157/SA157S11	SES127	-0.583685	-13.1054	-12.5217
BLOCK15/SES157/SA157S11	SES148	-0.394222	-12.9159	-12.5217
BLOCK15/SES157/SA157S11	SES292	-0.126654	-12.6484	-12.5217
BLOCK15/SES157/SA157S21	SES127	0.246848	-11.1829	-11.4298
BLOCK15/SES157/SA157S21	SES148	0.481349	-10.9484	-11.4298
BLOCK15/SES157/SA157S21	SES158	-0.954179	-12.384	-11.4298
BLOCK15/SES157/SA157S21	SES292	-0.010478	-11.4403	-11.4298
BLOCK15/SES157/SA157S24	SES127	-0.030323	-11.9908	-11.9605
BLOCK15/SES157/SA157S24	SES148	-0.35058	-12.3111	-11.9605
BLOCK15/SES157/SA157S24	SES183	-0.236465	-12.1969	-11.9605
BLOCK15/SES157/SA157S24	SES292	-0.0561924	-12.0167	-11.9605
BLOCK15/SES157/SA157S26	SES007	-0.404156	-11.8161	-11.4119
BLOCK15/SES157/SA157S26	SES127	0.228323	-11.1836	-11.4119
BLOCK15/SES157/SA157S26	SES147	0.247359	-11.1645	-11.4119
BLOCK15/SES157/SA157S26	SES148	-0.193922	-11.6058	-11.4119
BLOCK16/SES161/SA161S10	SES007	-0.302723	-12.7902	-12.4874
BLOCK16/SES161/SA161S10	SES105	0.298594	-12.1888	-12.4874
BLOCK16/SES161/SA161S10	SES158	-0.150543	-12.638	-12.4874
BLOCK16/SES161/SA161S10	SES275	0.125913	-12.3615	-12.4874
BLOCK16/SES161/SA161S12	SES007	0.619287	-15.3774	-15.9966
BLOCK16/SES161/SA161S12	SES105	-0.0452614	-16.0419	-15.9966
BLOCK16/SES161/SA161S12	SES158	0.946113	-15.0505	-15.9966
BLOCK16/SES161/SA161S12	SES275	-0.464968	-16.4616	-15.9966
BLOCK16/SES161/SA161S20	SES007	0.616646	-14.192	-14.8087
BLOCK16/SES161/SA161S20	SES105	-0.113705	-14.9224	-14.8087
BLOCK16/SES161/SA161S20	SES158	0.897209	-13.9115	-14.8087
BLOCK16/SES161/SA161S20	SES275	-0.62124	-15.4299	-14.8087
BLOCK16/SES161/SA161S23	SES007	0.0805616	-13.8482	-13.9288
BLOCK16/SES161/SA161S23	SES105	0.268005	-13.6608	-13.9288
BLOCK16/SES161/SA161S23	SES148	-1.25471	-15.1835	-13.9288
BLOCK16/SES161/SA161S23	SES158	0.147783	-13.781	-13.9288
BLOCK16/SES161/SA161S28	SES007	0.941198	-15.1666	-16.1078
BLOCK16/SES161/SA161S28	SES105	-0.443012	-16.5508	-16.1078
BLOCK16/SES161/SA161S28	SES158	1.29443	-14.8134	-16.1078
BLOCK16/SES161/SA161S28	SES206	1.36923	-14.7386	-16.1078
BLOCK16/SES164/SA164S11	SES104	-0.0698586	-12.9924	-12.9225
BLOCK16/SES164/SA164S11	SES125	0.0552216	-12.8673	-12.9225
BLOCK16/SES164/SA164S11	SES158	-0.320574	-13.2431	-12.9225
BLOCK16/SES164/SA164S11	SES206	-0.730835	-13.6533	-12.9225
BLOCK16/SES164/SA164S13	SES099	-0.81869	-14.6696	-13.8509
BLOCK16/SES164/SA164S13	SES104	-0.500892	-14.3518	-13.8509
BLOCK16/SES164/SA164S13	SES125	-0.228381	-14.0793	-13.8509
BLOCK16/SES164/SA164S13	SES206	-0.623841	-14.4748	-13.8509
BLOCK16/SES164/SA164S24	SES002	0.30481	-11.4773	-11.7821
BLOCK16/SES164/SA164S24	SES099	-1.23667	-13.0188	-11.7821
BLOCK16/SES164/SA164S24	SES125	-0.129361	-11.9114	-11.7821
BLOCK16/SES164/SA164S24	SES226	0.818274	-10.9638	-11.7821
BLOCK16/SES164/SA164S27	SES087	-0.374623	-12.6562	-12.2816
BLOCK16/SES164/SA164S27	SES125	-0.129618	-12.4112	-12.2816
BLOCK16/SES164/SA164S27	SES206	-1.14594	-13.4275	-12.2816
BLOCK16/SES164/SA164S27	SES226	0.894194	-11.3874	-12.2816
BLOCK16/SES164/SA164S29	SES002	0.233364	-12.331	-12.5644
BLOCK16/SES164/SA164S29	SES019	-0.000192642	-12.5645	-12.5644
BLOCK16/SES164/SA164S29	SES125	-0.162663	-12.727	-12.5644
BLOCK16/SES164/SA164S29	SES226	0.821744	-11.7426	-12.5644
BLOCK16/SES169/SA169S13	SES117	-0.428973	-13.2097	-12.7807
BLOCK16/SES169/SA169S13	SES144	-0.220162	-13.0008	-12.7807
BLOCK16/SES169/SA169S13	SES146	0.00909519	-12.7716	-12.7807
BLOCK16/SES169/SA169S13	SES162	-0.0204964	-12.8012	-12.7807
BLOCK16/SES169/SA169S14	SES144	0.0597744	-11.9579	-12.0177
BLOCK16/SES169/SA169S14	SES148	-0.0506849	-12.0684	-12.0177
BLOCK16/SES169/SA169S14	SES177	-0.268447	-12.2862	-12.0177
BLOCK16/SES169/SA169S14	SES180	-0.0674477	-12.0852	-12.0177
BLOCK16/SES169/SA169S24	SES117	-0.507976	-13.3711	-12.8631
BLOCK16/SES169/SA169S24	SES144	-0.0478764	-12.911	-12.8631
BLOCK16/SES169/SA169S24	SES146	-0.0921965	-12.9553	-12.8631
BLOCK16/SES169/SA169S24	SES162	0.0711899	-12.7919	-12.8631
BLOCK16/SES169/SA169S27	SES127	-0.333061	-13.3451	-13.012
BLOCK16/SES169/SA169S27	SES129	-0.599773	-13.6118	-13.012
BLOCK16/SES169/SA169S27	SES144	-0.303807	-13.3158	-13.012
BLOCK16/SES169/SA169S27	SES146	0.113166	-12.8988	-13.012
BLOCK16/SES169/SA169S29	SES144	0.040102	-12.2983	-12.3384
BLOCK16/SES169/SA169S29	SES162	-0.113083	-12.4515	-12.3384
BLOCK16/SES169/SA169S29	SES177	-0.250443	-12.5888	-12.3384
BLOCK16/SES169/SA169S29	SES180	-0.193322	-12.5317	-12.3384
BLOCK17/SES171/SA171S12	SES083	-0.177828	-12.9082	-12.7303
BLOCK17/SES171/SA171S12	SES148	-0.0373583	-12.7677	-12.7303
BLOCK17/SES171/SA171S12	SES172	-0.179673	-12.91	-12.7303
BLOCK17/SES171/SA171S12	SES292	-0.284449	-13.0148	-12.7303
BLOCK17/SES171/SA171S15	SES148	0.28069	-11.8894	-12.1701
BLOCK17/SES171/SA171S15	SES177	-0.499528	-12.6697	-12.1701
BLOCK17/SES171/SA171S15	SES180	-0.186321	-12.3564	-12.1701
BLOCK17/SES171/SA171S15	SES292	-0.123973	-12.2941	-12.1701
BLOCK17/SES171/SA171S22	SES007	-0.720437	-12.127	-11.4066
BLOCK17/SES171/SA171S22	SES148	1.08649	-10.3201	-11.4066
BLOCK17/SES171/SA171S22	SES177	-0.633552	-12.0401	-11.4066
BLOCK17/SES171/SA171S22	SES180	-0.133339	-11.5399	-11.4066
BLOCK17/SES171/SA171S25	SES101	0.120023	-12.6623	-12.7824
BLOCK17/SES171/SA171S25	SES120	-0.790399	-13.5728	-12.7824
BLOCK17/SES171/SA171S25	SES177	-0.384073	-13.1664	-12.7824
BLOCK17/SES171/SA171S25	SES180	0.0400848	-12.7423	-12.7824
BLOCK17/SES171/SA171S27	SES177	-0.386023	-12.9016	-12.5156
BLOCK17/SES171/SA171S27	SES180	-0.408691	-12.9243	-12.5156
BLOCK17/SES171/SA171S27	SES189	-0.303418	-12.819	-12.5156
BLOCK17/SES171/SA171S27	SES292	-0.197219	-12.7128	-12.5156
BLOCK17/SES173/SA173S13	SES162	-0.741575	-14.2001	-13.4586
BLOCK17/SES173/SA173S13	SES177	-0.469449	-13.928	-13.4586
BLOCK17/SES173/SA173S13	SES180	-0.534402	-13.993	-13.4586
BLOCK17/SES173/SA173S13	SES292	0.242763	-13.2158	-13.4586
BLOCK17/SES173/SA173S14	SES007	-0.184093	-12.9873	-12.8032
BLOCK17/SES173/SA173S14	SES162	-0.594236	-13.3975	-12.8032
BLOCK17/SES173/SA173S14	SES177	-0.403411	-13.2066	-12.8032
BLOCK17/SES173/SA173S14	SES180	-0.461247	-13.2645	-12.8032
BLOCK17/SES173/SA173S24	SES144	-0.64059	-13.9517	-13.3111
BLOCK17/SES173/SA173S24	SES162	-0.602104	-13.9132	-13.3111
BLOCK17/SES173/SA173S24	SES177	-0.411131	-13.7222	-13.3111
BLOCK17/SES173/SA173S24	SES180	-0.759698	-14.0708	-13.3111
BLOCK17/SES173/SA173S27	SES162	-0.906866	-14.514	-13.6072
BLOCK17/SES173/SA173S27	SES177	-0.351319	-13.9585	-13.6072
BLOCK17/SES173/SA173S27	SES180	-0.320674	-13.9278	-13.6072
BLOCK17/SES173/SA173S27	SES292	0.293647	-13.3135	-13.6072
BLOCK17/SES173/SA173S29	SES162	-0.515426	-12.7243	-12.2089
BLOCK17/SES173/SA173S29	SES175	-0.257594	-12.4665	-12.2089
BLOCK17/SES173/SA173S29	SES177	-0.559981	-12.7689	-12.2089
BLOCK17/SES173/SA173S29	SES292	0.032774	-12.1761	-12.2089
BLOCK18/SES182/SA182S10	SES144	-0.666332	-14.3377	-13.6713
BLOCK18/SES182/SA182S10	SES177	0.251174	-13.4201	-13.6713
BLOCK18/SES182/SA182S10	SES180	-0.654106	-14.3254	-13.6713
BLOCK18/SES182/SA182S10	SES275	-0.427134	-14.0985	-13.6713
BLOCK18/SES182/SA182S12	SES144	-0.567341	-14.1892	-13.6219
BLOCK18/SES182/SA182S12	SES177	0.141145	-13.4807	-13.6219
BLOCK18/SES182/SA182S12	SES180	-0.755268	-14.3771	-13.6219
BLOCK18/SES182/SA182S12	SES275	-0.221288	-13.8432	-13.6219
BLOCK18/SES182/SA182S21	SES117	-0.212687	-14.7119	-14.4992
BLOCK18/SES182/SA182S21	SES144	-1.01041	-15.5096	-14.4992
BLOCK18/SES182/SA182S21	SES162	-0.147203	-14.6464	-14.4992
BLOCK18/SES182/SA182S21	SES180	-0.970173	-15.4694	-14.4992
BLOCK18/SES182/SA182S23	SES117	-0.142793	-16.0501	-15.9073
BLOCK18/SES182/SA182S23	SES144	-1.73752	-17.6448	-15.9073
BLOCK18/SES182/SA182S23	SES180	-1.57724	-17.4845	-15.9073
BLOCK18/SES182/SA182S23	SES275	-0.670897	-16.5782	-15.9073
BLOCK18/SES182/SA182S25	SES007	0.720083	-14.6352	-15.3553
BLOCK18/SES182/SA182S25	SES162	0.109775	-15.2455	-15.3553
BLOCK18/SES182/SA182S25	SES177	0.638516	-14.7168	-15.3553
BLOCK18/SES182/SA182S25	SES180	-1.11701	-16.4723	-15.3553
BLOCK18/SES184/SA184S12	SES177	-0.285751	-12.3002	-12.0145
BLOCK18/SES184/SA184S12	SES180	0.0557022	-11.9588	-12.0145
BLOCK18/SES184/SA184S12	SES189	-0.676401	-12.6909	-12.0145
BLOCK18/SES184/SA184S12	SES292	-0.0114374	-12.0259	-12.0145
BLOCK18/SES184/SA184S13	SES101	0.0243645	-12.0334	-12.0578
BLOCK18/SES184/SA184S13	SES177	-0.178741	-12.2365	-12.0578
BLOCK18/SES184/SA184S13	SES180	0.127475	-11.9303	-12.0578
BLOCK18/SES184/SA184S13	SES292	-0.136542	-12.1943	-12.0578
BLOCK18/SES184/SA184S22	SES177	0.109984	-12.6149	-12.7249
BLOCK18/SES184/SA184S22	SES180	0.286851	-12.4381	-12.7249
BLOCK18/SES184/SA184S22	SES189	-0.634014	-13.3589	-12.7249
BLOCK18/SES184/SA184S22	SES292	-0.317643	-13.0426	-12.7249
BLOCK18/SES184/SA184S25	SES101	0.114305	-12.1759	-12.2902
BLOCK18/SES184/SA184S25	SES177	-0.122412	-12.4126	-12.2902
BLOCK18/SES184/SA184S25	SES180	0.210302	-12.0799	-12.2902
BLOCK18/SES184/SA184S25	SES292	-0.0573969	-12.3476	-12.2902
BLOCK18/SES184/SA184S27	SES083	-0.111106	-11.8291	-11.718
BLOCK18/SES184/SA184S27	SES177	-0.383035	-12.101	-11.718
BLOCK18/SES184/SA184S27	SES202	-0.196763	-11.9147	-11.718
BLOCK18/SES184/SA184S27	SES292	-0.109181	-11.8272	-11.718
BLOCK20/SES204/SA204S12	SES062	-0.0805407	-13.0661	-12.9855
BLOCK20/SES204/SA204S12	SES083	-0.294048	-13.2796	-12.9855
BLOCK20/SES204/SA204S12	SES206	0.24931	-12.7362	-12.9855
BLOCK20/SES204/SA204S12	SES226	-0.0752344	-13.0608	-12.9855
BLOCK20/SES204/SA204S14	SES068	0.0556297	-11.6697	-11.7253
BLOCK20/SES204/SA204S14	SES087	0.717604	-11.0077	-11.7253
BLOCK20/SES204/SA204S14	SES206	-0.174675	-11.9	-11.7253
BLOCK20/SES204/SA204S14	SES226	0.117243	-11.6081	-11.7253
BLOCK20/SES204/SA204S22	SES068	0.143107	-12.3973	-12.5404
BLOCK20/SES204/SA204S22	SES082	0.0753288	-12.465	-12.5404
BLOCK20/SES204/SA204S22	SES083	-0.234186	-12.7746	-12.5404
BLOCK20/SES204/SA204S22	SES206	-0.137447	-12.6778	-12.5404
BLOCK20/SES204/SA204S25	SES062	0.0127878	-12.0636	-12.0764
BLOCK20/SES204/SA204S25	SES083	-0.144097	-12.2205	-12.0764
BLOCK20/SES204/SA204S25	SES206	-0.00385094	-12.0802	-12.0764
BLOCK20/SES204/SA204S25	SES226	-0.0574598	-12.1339	-12.0764
BLOCK20/SES204/SA204S27	SES068	-0.0702715	-12.3523	-12.282
BLOCK20/SES204/SA204S27	SES082	0.131866	-12.1501	-12.282
BLOCK20/SES204/SA204S27	SES087	0.248803	-12.0332	-12.282
BLOCK20/SES204/SA204S27	SES206	-0.290975	-12.573	-12.282
BLOCK20/SES207/SA207S10	SES127	-0.5534	-12.3632	-11.8098
BLOCK20/SES207/SA207S10	SES183	-0.0169077	-11.8267	-11.8098
BLOCK20/SES207/SA207S10	SES189	-0.522486	-12.3323	-11.8098
BLOCK20/SES207/SA207S10	SES292	-0.273052	-12.0828	-11.8098
BLOCK20/SES207/SA207S11	SES127	-0.203875	-12.3165	-12.1126
BLOCK20/SES207/SA207S11	SES183	0.0388174	-12.0738	-12.1126
BLOCK20/SES207/SA207S11	SES187	0.103719	-12.0089	-12.1126
BLOCK20/SES207/SA207S11	SES292	0.234354	-11.8783	-12.1126
BLOCK20/SES207/SA207S25	SES068	0.0519857	-12.7043	-12.7563
BLOCK20/SES207/SA207S25	SES083	-0.16974	-12.9261	-12.7563
BLOCK20/SES207/SA207S25	SES127	-0.21214	-12.9685	-12.7563
BLOCK20/SES207/SA207S25	SES187	0.0409718	-12.7154	-12.7563
BLOCK20/SES207/SA207S27	SES127	-0.236296	-12.5503	-12.314
BLOCK20/SES207/SA207S27	SES183	-0.14254	-12.4565	-12.314
BLOCK20/SES207/SA207S27	SES187	-0.00379753	-12.3178	-12.314
BLOCK20/SES207/SA207S27	SES292	0.0478296	-12.2661	-12.314
BLOCK20/SES207/SA207S29	SES083	-0.247756	-12.2626	-12.0148
BLOCK20/SES207/SA207S29	SES085	-0.223307	-12.2381	-12.0148
BLOCK20/SES207/SA207S29	SES172	0.384541	-11.6303	-12.0148
BLOCK20/SES207/SA207S29	SES189	-0.731598	-12.7464	-12.0148
BLOCK22/SES221/SA221S12	SES068	0.190814	-12.3088	-12.4996
BLOCK22/SES221/SA221S12	SES143	-0.496822	-12.9964	-12.4996
BLOCK22/SES221/SA221S12	SES175	-0.153423	-12.653	-12.4996
BLOCK22/SES221/SA221S12	SES202	0.0279369	-12.4716	-12.4996
BLOCK22/SES221/SA221S15	SES085	-0.0969753	-12.416	-12.319
BLOCK22/SES221/SA221S15	SES143	-0.50305	-12.8221	-12.319
BLOCK22/SES221/SA221S15	SES175	-0.182369	-12.5014	-12.319
BLOCK22/SES221/SA221S15	SES187	-0.154102	-12.4731	-12.319
BLOCK22/SES221/SA221S23	SES068	0.239059	-12.248	-12.4871
BLOCK22/SES221/SA221S23	SES143	-0.347462	-12.8345	-12.4871
BLOCK22/SES221/SA221S23	SES175	-0.0923538	-12.5794	-12.4871
BLOCK22/SES221/SA221S23	SES189	-0.584791	-13.0719	-12.4871
BLOCK22/SES221/SA221S27	SES085	0.137352	-12.9297	-13.067
BLOCK22/SES221/SA221S27	SES143	-0.377914	-13.4449	-13.067
BLOCK22/SES221/SA221S27	SES175	0.0252361	-13.0418	-13.067
BLOCK22/SES221/SA221S27	SES189	-0.227513	-13.2945	-13.067
BLOCK22/SES221/SA221S29	SES085	0.578188	-12.5437	-13.1219
BLOCK22/SES221/SA221S29	SES143	0.011095	-13.1108	-13.1219
BLOCK22/SES221/SA221S29	SES175	0.186482	-12.9354	-13.1219
BLOCK22/SES221/SA221S29	SES187	-0.0592718	-13.1812	-13.1219
BLOCK22/SES223/SA223S11	SES143	-0.0565577	-12.5432	-12.4867
BLOCK22/SES223/SA223S11	SES144	-0.230024	-12.7167	-12.4867
BLOCK22/SES223/SA223S11	SES175	0.0822496	-12.4044	-12.4867
BLOCK22/SES223/SA223S11	SES187	8.39233e-05	-12.4866	-12.4867
BLOCK22/SES223/SA223S13	SES068	0.263971	-12.3608	-12.6247
BLOCK22/SES223/SA223S13	SES143	-0.382155	-13.0069	-12.6247
BLOCK22/SES223/SA223S13	SES146	-0.105106	-12.7298	-12.6247
BLOCK22/SES223/SA223S13	SES202	0.11672	-12.508	-12.6247
BLOCK22/SES223/SA223S22	SES143	-0.390633	-12.6875	-12.2969
BLOCK22/SES223/SA223S22	SES144	-0.276767	-12.5737	-12.2969
BLOCK22/SES223/SA223S22	SES175	-0.177859	-12.4748	-12.2969
BLOCK22/SES223/SA223S22	SES187	-0.164821	-12.4617	-12.2969
BLOCK22/SES223/SA223S25	SES068	0.103935	-14.1282	-14.2321
BLOCK22/SES223/SA223S25	SES143	-0.388322	-14.6204	-14.2321
BLOCK22/SES223/SA223S25	SES175	0.189801	-14.0423	-14.2321
BLOCK22/SES223/SA223S25	SES187	-0.0160208	-14.2481	-14.2321
BLOCK22/SES223/SA223S27	SES143	0.326674	-13.2198	-13.5465
BLOCK22/SES223/SA223S27	SES146	-0.63923	-14.1857	-13.5465
BLOCK22/SES223/SA223S27	SES187	0.132729	-13.4137	-13.5465
BLOCK22/SES223/SA223S27	SES292	0.176749	-13.3697	-13.5465
BLOCK27/SES273/SA273S12	SES099	0.521609	-13.2673	-13.7889
BLOCK27/SES273/SA273S12	SES104	0.400751	-13.3882	-13.7889
BLOCK27/SES273/SA273S12	SES125	0.361	-13.4279	-13.7889
BLOCK27/SES273/SA273S12	SES206	0.612167	-13.1768	-13.7889
BLOCK27/SES273/SA273S13	SES099	-0.838945	-13.8456	-13.0067
BLOCK27/SES273/SA273S13	SES104	0.0242586	-12.9824	-13.0067
BLOCK27/SES273/SA273S13	SES206	-0.499408	-13.5061	-13.0067
BLOCK27/SES273/SA273S13	SES292	-0.087676	-13.0943	-13.0067
BLOCK27/SES273/SA273S21	SES099	-0.0949278	-12.637	-12.542
BLOCK27/SES273/SA273S21	SES148	-0.898366	-13.4404	-12.542
BLOCK27/SES273/SA273S21	SES149	-0.131938	-12.674	-12.542
BLOCK27/SES273/SA273S21	SES177	-0.23492	-12.777	-12.542
BLOCK27/SES273/SA273S25	SES104	0.14309	-15.5829	-15.726
BLOCK27/SES273/SA273S25	SES125	0.116919	-15.609	-15.726
BLOCK27/SES273/SA273S25	SES158	0.860408	-14.8655	-15.726
BLOCK27/SES273/SA273S25	SES206	0.831765	-14.8942	-15.726
BLOCK27/SES273/SA273S27	SES099	-0.26791	-13.0322	-12.7643
BLOCK27/SES273/SA273S27	SES104	0.107552	-12.6567	-12.7643
BLOCK27/SES273/SA273S27	SES149	-0.0782576	-12.8425	-12.7643
BLOCK27/SES273/SA273S27	SES275	0.138089	-12.6262	-12.7643
BLOCK27/SES274/SA274S10	SES105	-0.567909	-11.4064	-10.8384
BLOCK27/SES274/SA274S10	SES125	-0.420531	-11.259	-10.8384
BLOCK27/SES274/SA274S10	SES129	0.860231	-9.97821	-10.8384
BLOCK27/SES274/SA274S10	SES158	-1.04454	-11.883	-10.8384
BLOCK27/SES274/SA274S11	SES105	-0.162278	-12.1811	-12.0189
BLOCK27/SES274/SA274S11	SES149	-0.179009	-12.1979	-12.0189
BLOCK27/SES274/SA274S11	SES158	-0.410696	-12.4296	-12.0189
BLOCK27/SES274/SA274S11	SES275	-0.00170898	-12.0206	-12.0189
BLOCK27/SES274/SA274S21	SES105	-0.0438185	-11.8867	-11.8429
BLOCK27/SES274/SA274S21	SES129	0.0663052	-11.7766	-11.8429
BLOCK27/SES274/SA274S21	SES149	-0.063755	-11.9067	-11.8429
BLOCK27/SES274/SA274S21	SES158	-0.604815	-12.4477	-11.8429
BLOCK27/SES274/SA274S24	SES105	-0.16311	-12.1937	-12.0306
BLOCK27/SES274/SA274S24	SES129	0.130746	-11.8998	-12.0306
BLOCK27/SES274/SA274S24	SES149	-0.260111	-12.2907	-12.0306
BLOCK27/SES274/SA274S24	SES158	-0.585311	-12.6159	-12.0306
BLOCK27/SES274/SA274S29	SES105	-0.148028	-12.9386	-12.7906
BLOCK27/SES274/SA274S29	SES106	-0.094451	-12.885	-12.7906
BLOCK27/SES274/SA274S29	SES120	-0.690954	-13.4815	-12.7906
BLOCK27/SES274/SA274S29	SES275	0.0171289	-12.7734	-12.7906
BLOCK27/SES276/SA276S16	SES148	-0.59588	-12.2143	-11.6185
BLOCK27/SES276/SA276S16	SES172	0.237394	-11.3811	-11.6185
BLOCK27/SES276/SA276S16	SES180	0.395489	-11.223	-11.6185
BLOCK27/SES276/SA276S16	SES292	-0.033617	-11.6521	-11.6185
BLOCK27/SES276/SA276S17	SES101	0.331306	-11.4221	-11.7534
BLOCK27/SES276/SA276S17	SES177	-0.348556	-12.1019	-11.7534
BLOCK27/SES276/SA276S17	SES180	0.128687	-11.6247	-11.7534
BLOCK27/SES276/SA276S17	SES292	-0.055253	-11.8086	-11.7534
BLOCK27/SES276/SA276S24	SES101	0.137365	-11.9352	-12.0726
BLOCK27/SES276/SA276S24	SES177	-0.0310946	-12.1037	-12.0726
BLOCK27/SES276/SA276S24	SES180	0.00055027	-12.072	-12.0726
BLOCK27/SES276/SA276S24	SES292	-0.302448	-12.375	-12.0726
BLOCK27/SES276/SA276S26	SES101	0.293956	-11.3693	-11.6633
BLOCK27/SES276/SA276S26	SES177	-0.627972	-12.2912	-11.6633
BLOCK27/SES276/SA276S26	SES180	-0.0129833	-11.6762	-11.6633
BLOCK27/SES276/SA276S26	SES292	0.0450153	-11.6182	-11.6633
BLOCK27/SES276/SA276S28	SES101	0.431562	-10.9247	-11.3563
BLOCK27/SES276/SA276S28	SES177	-0.485143	-11.8414	-11.3563
BLOCK27/SES276/SA276S28	SES180	0.384182	-10.9721	-11.3563
BLOCK27/SES276/SA276S28	SES292	0.111148	-11.2451	-11.3563
BLOCK27/SES277/SA277S12	SES101	0.163764	-11.8177	-11.9815
BLOCK27/SES277/SA277S12	SES177	-0.366319	-12.3478	-11.9815
BLOCK27/SES277/SA277S12	SES180	-0.0367193	-12.0182	-11.9815
BLOCK27/SES277/SA277S12	SES292	-0.116141	-12.0976	-11.9815
BLOCK27/SES277/SA277S14	SES177	-0.450664	-13.0071	-12.5564
BLOCK27/SES277/SA277S14	SES180	-0.367786	-12.9242	-12.5564
BLOCK27/SES277/SA277S14	SES189	-0.366874	-12.9233	-12.5564
BLOCK27/SES277/SA277S14	SES292	-0.224251	-12.7807	-12.5564
BLOCK27/SES277/SA277S21	SES177	-0.427724	-12.4139	-11.9862
BLOCK27/SES277/SA277S21	SES180	-0.0788584	-12.065	-11.9862
BLOCK27/SES277/SA277S21	SES189	-0.546945	-12.5331	-11.9862
BLOCK27/SES277/SA277S21	SES292	-0.195469	-12.1816	-11.9862
BLOCK27/SES277/SA277S24	SES144	0.380351	-12.1922	-12.5726
BLOCK27/SES277/SA277S24	SES177	-0.0654173	-12.638	-12.5726
BLOCK27/SES277/SA277S24	SES180	-0.126504	-12.6991	-12.5726
BLOCK27/SES277/SA277S24	SES189	-0.156092	-12.7286	-12.5726
BLOCK27/SES277/SA277S29	SES177	-0.34833	-11.8127	-11.4644
BLOCK27/SES277/SA277S29	SES180	0.205517	-11.2589	-11.4644
BLOCK27/SES277/SA277S29	SES202	-0.0747709	-11.5392	-11.4644
BLOCK27/SES277/SA277S29	SES292	-0.270678	-11.7351	-11.4644
BLOCK27/SES279/SA279S09	SES120	-0.662636	-13.6331	-12.9704
BLOCK27/SES279/SA279S09	SES146	-0.303314	-13.2738	-12.9704
BLOCK27/SES279/SA279S09	SES206	0.0355148	-12.9349	-12.9704
BLOCK27/SES279/SA279S09	SES226	-0.208801	-13.1792	-12.9704
BLOCK27/SES279/SA279S10	SES099	0.197796	-12.7716	-12.9694
BLOCK27/SES279/SA279S10	SES206	0.0392647	-12.9301	-12.9694
BLOCK27/SES279/SA279S10	SES226	-0.331366	-13.3007	-12.9694
BLOCK27/SES279/SA279S10	SES292	-0.134284	-13.1037	-12.9694
BLOCK27/SES279/SA279S20	SES099	0.0316057	-13.7598	-13.7914
BLOCK27/SES279/SA279S20	SES206	0.0630808	-13.7283	-13.7914
BLOCK27/SES279/SA279S20	SES226	-0.312033	-14.1034	-13.7914
BLOCK27/SES279/SA279S20	SES292	-0.331384	-14.1227	-13.7914
BLOCK27/SES279/SA279S26	SES099	0.580735	-13.0932	-13.6739
BLOCK27/SES279/SA279S26	SES206	0.41654	-13.2574	-13.6739
BLOCK27/SES279/SA279S26	SES226	-0.142352	-13.8163	-13.6739
BLOCK27/SES279/SA279S26	SES292	0.0725374	-13.6014	-13.6739
BLOCK27/SES279/SA279S28	SES099	-0.00117779	-12.1595	-12.1583
BLOCK27/SES279/SA279S28	SES120	-0.974776	-13.1331	-12.1583
BLOCK27/SES279/SA279S28	SES177	-0.615534	-12.7738	-12.1583
BLOCK27/SES279/SA279S28	SES206	-0.16566	-12.324	-12.1583
BLOCK29/SES290/SA290S12	SES162	0.203569	-11.7575	-11.961
BLOCK29/SES290/SA290S12	SES177	-0.005826	-11.9669	-11.961
BLOCK29/SES290/SA290S12	SES180	0.0493708	-11.9117	-11.961
BLOCK29/SES290/SA290S12	SES292	-0.306373	-12.2674	-11.961
BLOCK29/SES290/SA290S13	SES007	-0.207784	-11.9867	-11.7789
BLOCK29/SES290/SA290S13	SES162	-0.0941553	-11.8731	-11.7789
BLOCK29/SES290/SA290S13	SES177	-0.102273	-11.8812	-11.7789
BLOCK29/SES290/SA290S13	SES180	-0.0128174	-11.7917	-11.7789
BLOCK29/SES290/SA290S22	SES177	-0.203813	-12.0996	-11.8958
BLOCK29/SES290/SA290S22	SES180	0.112463	-11.7833	-11.8958
BLOCK29/SES290/SA290S22	SES202	0.0394421	-11.8563	-11.8958
BLOCK29/SES290/SA290S22	SES292	-0.120891	-12.0167	-11.8958
BLOCK29/SES290/SA290S25	SES162	0.0108919	-12.6231	-12.634
BLOCK29/SES290/SA290S25	SES177	0.102271	-12.5317	-12.634
BLOCK29/SES290/SA290S25	SES180	0.0576239	-12.5764	-12.634
BLOCK29/SES290/SA290S25	SES292	-0.151691	-12.7857	-12.634
BLOCK29/SES290/SA290S29	SES177	-0.258374	-12.7364	-12.478
BLOCK29/SES290/SA290S29	SES180	-0.321488	-12.7995	-12.478
BLOCK29/SES290/SA290S29	SES275	0.177939	-12.3001	-12.478
BLOCK29/SES290/SA290S29	SES292	-0.1562	-12.6342	-12.478
BLOCK29/SES291/SA291S11	SES105	-0.0390816	-13.49	-13.451
BLOCK29/SES291/SA291S11	SES125	0.163424	-13.2875	-13.451
BLOCK29/SES291/SA291S11	SES158	0.125539	-13.3254	-13.451
BLOCK29/SES291/SA291S11	SES275	-0.140635	-13.5916	-13.451
BLOCK29/SES291/SA291S12	SES158	0.574554	-13.4672	-14.0417
BLOCK29/SES291/SA291S12	SES226	-0.693105	-14.7348	-14.0417
BLOCK29/SES291/SA291S12	SES270	-1.92159	-15.9633	-14.0417
BLOCK29/SES291/SA291S12	SES275	-0.545143	-14.5869	-14.0417
BLOCK29/SES291/SA291S22	SES082	0.105844	-13.7656	-13.8714
BLOCK29/SES291/SA291S22	SES158	0.156975	-13.7144	-13.8714
BLOCK29/SES291/SA291S22	SES259	-0.0878048	-13.9592	-13.8714
BLOCK29/SES291/SA291S22	SES275	-0.272874	-14.1443	-13.8714
BLOCK29/SES291/SA291S24	SES104	0.429198	-12.4511	-12.8803
BLOCK29/SES291/SA291S24	SES125	0.253081	-12.6272	-12.8803
BLOCK29/SES291/SA291S24	SES158	0.107182	-12.7731	-12.8803
BLOCK29/SES291/SA291S24	SES275	-0.0986881	-12.979	-12.8803
BLOCK29/SES291/SA291S27	SES158	-0.141025	-12.853	-12.712
BLOCK29/SES291/SA291S27	SES172	-0.256283	-12.9683	-12.712
BLOCK29/SES291/SA291S27	SES275	0.0371275	-12.6749	-12.712
BLOCK29/SES291/SA291S27	SES292	-0.103035	-12.815	-12.712
Threshold search:
THR	-5.15218862303	9	0(0)	1(1000)
THR	-5.0659582367997	8.991	0(0)	0.999(999)
THR	-4.9797278505694	8.991	0(0)	0.999(999)
THR	-4.8934974643391	8.991	0(0)	0.999(999)
THR	-4.8072670781088	8.991	0(0)	0.999(999)
THR	-4.7210366918785	8.991	0(0)	0.999(999)
THR	-4.6348063056482	8.991	0(0)	0.999(999)
THR	-4.5485759194179	8.991	0(0)	0.999(999)
THR	-4.4623455331876	8.991	0(0)	0.999(999)
THR	-4.3761151469573	8.991	0(0)	0.999(999)
THR	-4.289884760727	8.991	0(0)	0.999(999)
THR	-4.2036543744967	8.991	0(0)	0.999(999)
THR	-4.1174239882664	8.991	0(0)	0.999(999)
THR	-4.0311936020361	8.991	0(0)	0.999(999)
THR	-3.9449632158058	8.991	0(0)	0.999(999)
THR	-3.8587328295755	8.991	0(0)	0.999(999)
THR	-3.7725024433452	8.991	0(0)	0.999(999)
THR	-3.6862720571149	8.991	0(0)	0.999(999)
THR	-3.6000416708846	8.991	0(0)	0.999(999)
THR	-3.5138112846543	8.991	0(0)	0.999(999)
THR	-3.427580898424	8.991	0(0)	0.999(999)
THR	-3.3413505121937	8.991	0(0)	0.999(999)
THR	-3.2551201259634	8.991	0(0)	0.999(999)
THR	-3.1688897397331	8.991	0(0)	0.999(999)
THR	-3.0826593535028	8.991	0(0)	0.999(999)
THR	-2.9964289672725	8.991	0(0)	0.999(999)
THR	-2.9101985810422	8.991	0(0)	0.999(999)
THR	-2.8239681948119	8.991	0(0)	0.999(999)
THR	-2.7377378085816	8.991	0(0)	0.999(999)
THR	-2.6515074223513	8.991	0(0)	0.999(999)
THR	-2.565277036121	8.982	0(0)	0.998(998)
THR	-2.4790466498907	8.973	0(0)	0.997(997)
THR	-2.3928162636604	8.973	0(0)	0.997(997)
THR	-2.3065858774301	8.964	0(0)	0.996(996)
THR	-2.2203554911998	8.955	0(0)	0.995(995)
THR	-2.1341251049695	8.946	0(0)	0.994(994)
THR	-2.0478947187392	8.946	0(0)	0.994(994)
THR	-1.9616643325089	8.928	0(0)	0.992(992)
THR	-1.8754339462786	8.919	0(0)	0.991(991)
THR	-1.7892035600483	8.91	0(0)	0.99(990)
THR	-1.702973173818	8.901	0(0)	0.989(989)
THR	-1.6167427875877	8.901	0(0)	0.989(989)
THR	-1.5305124013574	8.892	0(0)	0.988(988)
THR	-1.4442820151271	8.847	0(0)	0.983(983)
THR	-1.3580516288968	8.793	0(0)	0.977(977)
THR	-1.2718212426665	8.775	0(0)	0.975(975)
THR	-1.1855908564362	8.739	0(0)	0.971(971)
THR	-1.0993604702059	8.685	0(0)	0.965(965)
THR	-1.0131300839756	8.604	0(0)	0.956(956)
THR	-0.926899697745299	8.514	0(0)	0.946(946)
THR	-0.840669311514999	8.406	0(0)	0.934(934)
THR	-0.754438925284699	8.271	0(0)	0.919(919)
THR	-0.668208539054399	8.073	0(0)	0.897(897)
THR	-0.581978152824099	7.857	0(0)	0.873(873)
THR	-0.495747766593799	7.55	0.008(2)	0.838(838)
THR	-0.409517380363499	7.18	0.016(4)	0.796(796)
THR	-0.323286994133199	6.698	0.02(5)	0.742(742)
THR	-0.237056607902899	6.134	0.032(8)	0.678(678)
THR	-0.150826221672599	5.352	0.06(15)	0.588(588)
THR	-0.0645958354422988	4.304	0.092(23)	0.468(468)
THR	0.0216345507880012	3.52	0.172(43)	0.372(372)
THR	0.107864937018301	2.671	0.232(58)	0.271(271)
THR	0.194095323248601	2.096	0.368(92)	0.192(192)
THR	0.280325709478901	1.736	0.512(128)	0.136(136)
THR	0.366556095709201	1.516	0.616(154)	0.1(100)
THR	0.452786481939501	1.349	0.692(173)	0.073(73)
THR	0.539016868169801	1.306	0.748(187)	0.062(62)
THR	0.625247254400101	1.231	0.772(193)	0.051(51)
THR	0.711477640630401	1.211	0.824(206)	0.043(43)
THR	0.797708026860701	1.172	0.848(212)	0.036(36)
THR	0.883938413091001	1.144	0.892(223)	0.028(28)
THR	0.970168799321301	1.053	0.9(225)	0.017(17)
THR	1.0563991855516	1.056	0.912(228)	0.016(16)
THR	1.1426295717819	1.033	0.916(229)	0.013(13)
THR	1.2288599580122	1.026	0.936(234)	0.01(10)
THR	1.3150903442425	1.01	0.956(239)	0.006(6)
THR	1.4013207304728	1.012	0.976(244)	0.004(4)
THR	1.4875511167031	0.998	0.98(245)	0.002(2)
THR	1.5737815029334	1.002	0.984(246)	0.002(2)
THR	1.6600118891637	1.002	0.984(246)	0.002(2)
THR	1.746242275394	1.006	0.988(247)	0.002(2)
THR	1.8324726616243	1.006	0.988(247)	0.002(2)
THR	1.9187030478546	0.997	0.988(247)	0.001(1)
THR	2.0049334340849	1.001	0.992(248)	0.001(1)
THR	2.0911638203152	1.001	0.992(248)	0.001(1)
THR	2.1773942065455	1.001	0.992(248)	0.001(1)
THR	2.2636245927758	0.992	0.992(248)	0(0)
THR	2.3498549790061	0.992	0.992(248)	0(0)
THR	2.4360853652364	0.992	0.992(248)	0(0)
THR	2.5223157514667	0.992	0.992(248)	0(0)
THR	2.608546137697	0.992	0.992(248)	0(0)
THR	2.6947765239273	0.992	0.992(248)	0(0)
THR	2.7810069101576	0.996	0.996(249)	0(0)
THR	2.8672372963879	0.996	0.996(249)	0(0)
THR	2.9534676826182	0.996	0.996(249)	0(0)
THR	3.0396980688485	0.996	0.996(249)	0(0)
THR	3.1259284550788	0.996	0.996(249)	0(0)
THR	3.2121588413091	0.996	0.996(249)	0(0)
THR	3.2983892275394	0.996	0.996(249)	0(0)
THR	3.3846196137697	0.996	0.996(249)	0(0)
THR	3.47085	1	1(250)	0(0)


==============================================
THR: 2.2636245927758
Missed:     248/250=0.9920
FalseAlarm: 0/1000=0.0000
----------------------------------------------
==> CostDetection: 99.2
==============================================
