BLOCK00/SES002/SA002S12	SES002	1.60629	-60.6004	-62.2067
BLOCK00/SES002/SA002S13	SES002	2.38857	-61.6968	-64.0854
BLOCK00/SES002/SA002S23	SES002	2.84969	-61.2071	-64.0567
BLOCK00/SES002/SA002S26	SES002	2.63866	-61.1045	-63.7431
BLOCK00/SES002/SA002S28	SES002	1.66611	-60.9204	-62.5865
BLOCK00/SES007/SA007S14	SES007	1.10463	-63.0419	-64.1466
BLOCK00/SES007/SA007S15	SES007	0.82444	-63.4441	-64.2686
BLOCK00/SES007/SA007S24	SES007	1.35728	-62.5839	-63.9411
BLOCK00/SES007/SA007S27	SES007	0.685287	-62.2924	-62.9777
BLOCK00/SES007/SA007S29	SES007	1.30506	-62.6157	-63.9208
BLOCK00/SES008/SA008S11	SES008	1.17943	-62.0691	-63.2485
BLOCK00/SES008/SA008S12	SES008	0.603271	-63.2251	-63.8283
BLOCK00/SES008/SA008S19	SES008	1.54878	-63.3387	-64.8874
BLOCK00/SES008/SA008S22	SES008	1.25278	-63.5075	-64.7603
BLOCK00/SES008/SA008S29	SES008	1.10458	-63.1014	-64.206
BLOCK01/SES014/SA014S10	SES014	2.06785	-60.9647	-63.0326
BLOCK01/SES014/SA014S12	SES014	1.96803	-60.1807	-62.1488
BLOCK01/SES014/SA014S24	SES014	2.00373	-60.61	-62.6137
BLOCK01/SES014/SA014S26	SES014	2.58366	-60.0853	-62.669
BLOCK01/SES014/SA014S28	SES014	1.99868	-60.5621	-62.5608
BLOCK01/SES016/SA016S12	SES016	1.1574	-65.1942	-66.3516
BLOCK01/SES016/SA016S13	SES016	1.0321	-64.6475	-65.6796
BLOCK01/SES016/SA016S22	SES016	0.83136	-64.5592	-65.3905
BLOCK01/SES016/SA016S25	SES016	0.981552	-62.8674	-63.8489
BLOCK01/SES016/SA016S27	SES016	1.64642	-61.583	-63.2294
BLOCK01/SES019/SA019S13	SES019	0.831196	-60.8369	-61.6681
BLOCK01/SES019/SA019S14	SES019	1.88046	-60.7279	-62.6084
BLOCK01/SES019/SA019S22	SES019	1.30099	-61.6109	-62.9119
BLOCK01/SES019/SA019S25	SES019	1.62118	-61.363	-62.9841
BLOCK01/SES019/SA019S29	SES019	1.28577	-60.9604	-62.2462
BLOCK02/SES029/SA029S11	SES029	1.79832	-62.598	-64.3964
BLOCK02/SES029/SA029S12	SES029	1.13098	-63.7016	-64.8326
BLOCK02/SES029/SA029S20	SES029	1.26294	-63.5542	-64.8172
BLOCK02/SES029/SA029S25	SES029	1.18341	-63.6218	-64.8052
BLOCK02/SES029/SA029S28	SES029	1.14938	-62.5825	-63.7319
BLOCK04/SES042/SA042S12	SES042	3.26887	-60.5925	-63.8614
BLOCK04/SES042/SA042S15	SES042	2.97554	-60.3922	-63.3677
BLOCK04/SES042/SA042S22	SES042	4.41262	-60.6871	-65.0998
BLOCK04/SES042/SA042S25	SES042	3.19977	-60.2931	-63.4929
BLOCK04/SES042/SA042S27	SES042	3.95477	-61.5161	-65.4708
BLOCK04/SES048/SA048S11	SES048	1.56632	-62.2887	-63.855
BLOCK04/SES048/SA048S12	SES048	1.3633	-63.4859	-64.8492
BLOCK04/SES048/SA048S20	SES048	1.38652	-61.7315	-63.118
BLOCK04/SES048/SA048S23	SES048	1.40107	-61.0586	-62.4597
BLOCK04/SES048/SA048S27	SES048	2.13564	-62.187	-64.3227
BLOCK06/SES060/SA060S11	SES060	2.08447	-63.5061	-65.5905
BLOCK06/SES060/SA060S12	SES060	1.25802	-66.2603	-67.5183
BLOCK06/SES060/SA060S22	SES060	1.62414	-63.4935	-65.1176
BLOCK06/SES060/SA060S24	SES060	1.33195	-62.763	-64.095
BLOCK06/SES060/SA060S28	SES060	1.64239	-62.6892	-64.3316
BLOCK06/SES062/SA062S10	SES062	2.50986	-62.6523	-65.1622
BLOCK06/SES062/SA062S11	SES062	3.09219	-64.1735	-67.2657
BLOCK06/SES062/SA062S21	SES062	1.82738	-62.4477	-64.2751
BLOCK06/SES062/SA062S26	SES062	1.78209	-63.7038	-65.4859
BLOCK06/SES062/SA062S29	SES062	2.02925	-62.6888	-64.7181
BLOCK06/SES068/SA068S14	SES068	1.89634	-64.0376	-65.934
BLOCK06/SES068/SA068S15	SES068	2.0639	-62.7848	-64.8487
BLOCK06/SES068/SA068S23	SES068	0.95771	-62.6872	-63.6449
BLOCK06/SES068/SA068S27	SES068	1.92466	-62.8172	-64.7419
BLOCK06/SES068/SA068S29	SES068	1.3998	-63.095	-64.4948
BLOCK08/SES082/SA082S12	SES082	2.48158	-62.6734	-65.155
BLOCK08/SES082/SA082S14	SES082	1.67966	-63.2651	-64.9448
BLOCK08/SES082/SA082S21	SES082	1.76519	-63.1958	-64.961
BLOCK08/SES082/SA082S24	SES082	2.77275	-63.3549	-66.1276
BLOCK08/SES082/SA082S28	SES082	1.1003	-63.7886	-64.8889
BLOCK08/SES083/SA083S14	SES083	1.22069	-64.1248	-65.3455
BLOCK08/SES083/SA083S15	SES083	1.1843	-64.7199	-65.9042
BLOCK08/SES083/SA083S24	SES083	0.80555	-63.5581	-64.3636
BLOCK08/SES083/SA083S26	SES083	0.644531	-64.2243	-64.8689
BLOCK08/SES083/SA083S29	SES083	0.751591	-63.249	-64.0005
BLOCK08/SES085/SA085S10	SES085	0.621281	-63.7027	-64.324
BLOCK08/SES085/SA085S13	SES085	1.15978	-64.8551	-66.0149
BLOCK08/SES085/SA085S22	SES085	0.354797	-65.6212	-65.976
BLOCK08/SES085/SA085S26	SES085	0.77507	-66.049	-66.8241
BLOCK08/SES085/SA085S28	SES085	1.04648	-63.2714	-64.3178
BLOCK08/SES087/SA087S15	SES087	2.69716	-61.7812	-64.4783
BLOCK08/SES087/SA087S16	SES087	1.76181	-61.7283	-63.4901
BLOCK08/SES087/SA087S24	SES087	3.04503	-61.9734	-65.0184
BLOCK08/SES087/SA087S26	SES087	1.64227	-61.2006	-62.8428
BLOCK08/SES087/SA087S29	SES087	2.34736	-61.2625	-63.6098
BLOCK09/SES099/SA099S15	SES099	1.34101	-60.9382	-62.2792
BLOCK09/SES099/SA099S16	SES099	1.2663	-60.4389	-61.7052
BLOCK09/SES099/SA099S24	SES099	1.30987	-61.0448	-62.3547
BLOCK09/SES099/SA099S26	SES099	1.2293	-60.8329	-62.0622
BLOCK09/SES099/SA099S29	SES099	0.896141	-61.6937	-62.5899
BLOCK10/SES101/SA101S11	SES101	1.57726	-63.4998	-65.0771
BLOCK10/SES101/SA101S13	SES101	1.49076	-62.0624	-63.5532
BLOCK10/SES101/SA101S22	SES101	2.04173	-64.2044	-66.2462
BLOCK10/SES101/SA101S24	SES101	1.39583	-62.9503	-64.3461
BLOCK10/SES101/SA101S28	SES101	1.35236	-64.3375	-65.6899
BLOCK10/SES104/SA104S11	SES104	0.580112	-63.4854	-64.0655
BLOCK10/SES104/SA104S12	SES104	0.892918	-62.6551	-63.548
BLOCK10/SES104/SA104S21	SES104	0.921085	-62.364	-63.2851
BLOCK10/SES104/SA104S24	SES104	1.28473	-61.6841	-62.9689
BLOCK10/SES104/SA104S28	SES104	1.2849	-63.4464	-64.7313
BLOCK10/SES105/SA105S12	SES105	1.28848	-63.3786	-64.667
BLOCK10/SES105/SA105S13	SES105	1.27702	-61.7862	-63.0632
BLOCK10/SES105/SA105S22	SES105	0.559834	-62.8795	-63.4393
BLOCK10/SES105/SA105S26	SES105	1.96312	-63.3961	-65.3592
BLOCK10/SES105/SA105S29	SES105	0.590202	-63.5499	-64.1402
BLOCK10/SES106/SA106S09	SES106	0.892296	-63.2427	-64.135
BLOCK10/SES106/SA106S11	SES106	1.37037	-62.5768	-63.9471
BLOCK10/SES106/SA106S22	SES106	1.58529	-62.9152	-64.5005
BLOCK10/SES106/SA106S27	SES106	0.641384	-62.6458	-63.2872
BLOCK10/SES106/SA106S29	SES106	1.74168	-61.6741	-63.4158
BLOCK11/SES117/SA117S12	SES117	0.0866814	-63.3571	-63.4438
BLOCK11/SES117/SA117S13	SES117	0.176712	-64.1492	-64.3259
BLOCK11/SES117/SA117S23	SES117	0.641052	-63.4329	-64.074
BLOCK11/SES117/SA117S25	SES117	0.586151	-62.9291	-63.5153
BLOCK11/SES117/SA117S28	SES117	0.418438	-63.6477	-64.0661
BLOCK12/SES120/SA120S08	SES120	0.898739	-63.301	-64.1997
BLOCK12/SES120/SA120S11	SES120	0.665291	-64.1424	-64.8077
BLOCK12/SES120/SA120S22	SES120	0.52771	-61.772	-62.2997
BLOCK12/SES120/SA120S24	SES120	1.40857	-63.4266	-64.8352
BLOCK12/SES120/SA120S28	SES120	1.17814	-62.8705	-64.0486
BLOCK12/SES125/SA125S13	SES125	3.10855	-61.6952	-64.8038
BLOCK12/SES125/SA125S14	SES125	2.87116	-61.9096	-64.7808
BLOCK12/SES125/SA125S25	SES125	2.83604	-60.9598	-63.7958
BLOCK12/SES125/SA125S27	SES125	2.53353	-61.324	-63.8575
BLOCK12/SES125/SA125S29	SES125	2.16435	-62.1932	-64.3576
BLOCK12/SES127/SA127S11	SES127	2.19469	-62.1063	-64.301
BLOCK12/SES127/SA127S12	SES127	0.888428	-62.6149	-63.5034
BLOCK12/SES127/SA127S23	SES127	1.49189	-63.574	-65.0659
BLOCK12/SES127/SA127S25	SES127	0.848984	-64.0707	-64.9197
BLOCK12/SES127/SA127S27	SES127	1.83301	-63.947	-65.78
BLOCK12/SES129/SA129S11	SES129	1.13817	-62.0553	-63.1935
BLOCK12/SES129/SA129S12	SES129	1.32988	-62.2924	-63.6223
BLOCK12/SES129/SA129S22	SES129	1.65852	-62.2486	-63.9071
BLOCK12/SES129/SA129S27	SES129	1.71897	-61.1466	-62.8656
BLOCK12/SES129/SA129S29	SES129	2.05981	-61.7674	-63.8272
BLOCK14/SES142/SA142S11	SES142	2.23665	-62.4878	-64.7244
BLOCK14/SES142/SA142S12	SES142	1.44436	-63.895	-65.3393
BLOCK14/SES142/SA142S24	SES142	3.59181	-62.9763	-66.5682
BLOCK14/SES142/SA142S27	SES142	2.68428	-61.8772	-64.5614
BLOCK14/SES142/SA142S29	SES142	2.9251	-62.6673	-65.5924
BLOCK14/SES143/SA143S12	SES143	0.799522	-62.2997	-63.0992
BLOCK14/SES143/SA143S13	SES143	0.782288	-62.1886	-62.9709
BLOCK14/SES143/SA143S23	SES143	0.879665	-62.5194	-63.399
BLOCK14/SES143/SA143S25	SES143	0.802032	-64.2304	-65.0324
BLOCK14/SES143/SA143S28	SES143	0.757431	-63.3065	-64.0639
BLOCK14/SES144/SA144S09	SES144	0.88369	-63.1107	-63.9944
BLOCK14/SES144/SA144S11	SES144	1.27386	-62.431	-63.7049
BLOCK14/SES144/SA144S21	SES144	0.691013	-63.609	-64.3
BLOCK14/SES144/SA144S25	SES144	0.291481	-63.6216	-63.9131
BLOCK14/SES144/SA144S29	SES144	0.814259	-62.758	-63.5723
BLOCK14/SES146/SA146S14	SES146	0.69223	-62.4209	-63.1131
BLOCK14/SES146/SA146S15	SES146	0.242519	-63.349	-63.5915
BLOCK14/SES146/SA146S24	SES146	0.748623	-63.9606	-64.7092
BLOCK14/SES146/SA146S26	SES146	1.14735	-64.0752	-65.2225
BLOCK14/SES146/SA146S29	SES146	1.23554	-64.2621	-65.4976
BLOCK14/SES147/SA147S11	SES147	1.41693	-63.4755	-64.8924
BLOCK14/SES147/SA147S13	SES147	1.60425	-62.0699	-63.6741
BLOCK14/SES147/SA147S23	SES147	1.69498	-64.132	-65.827
BLOCK14/SES147/SA147S26	SES147	1.48822	-62.7881	-64.2763
BLOCK14/SES147/SA147S28	SES147	1.61425	-63.4117	-65.0259
BLOCK14/SES148/SA148S10	SES148	1.30597	-61.6914	-62.9973
BLOCK14/SES148/SA148S12	SES148	0.866142	-62.8852	-63.7513
BLOCK14/SES148/SA148S22	SES148	0.58503	-62.8035	-63.3885
BLOCK14/SES148/SA148S26	SES148	1.05079	-63.3251	-64.3759
BLOCK14/SES148/SA148S29	SES148	1.1164	-62.3054	-63.4218
BLOCK14/SES149/SA149S13	SES149	1.04777	-61.8611	-62.9089
BLOCK14/SES149/SA149S14	SES149	0.542114	-61.4638	-62.0059
BLOCK14/SES149/SA149S24	SES149	1.43991	-62.2877	-63.7276
BLOCK14/SES149/SA149S26	SES149	1.57651	-61.8303	-63.4069
BLOCK14/SES149/SA149S28	SES149	1.74022	-62.7147	-64.4549
BLOCK15/SES158/SA158S13	SES158	1.04407	-62.2218	-63.2659
BLOCK15/SES158/SA158S14	SES158	1.69949	-63.1933	-64.8928
BLOCK15/SES158/SA158S23	SES158	1.15575	-62.2735	-63.4293
BLOCK15/SES158/SA158S26	SES158	1.14536	-62.7581	-63.9035
BLOCK15/SES158/SA158S28	SES158	1.15269	-63.1609	-64.3136
BLOCK16/SES162/SA162S10	SES162	1.9992	-63.5152	-65.5144
BLOCK16/SES162/SA162S11	SES162	1.44109	-62.1825	-63.6236
BLOCK16/SES162/SA162S21	SES162	1.59734	-62.4983	-64.0957
BLOCK16/SES162/SA162S24	SES162	1.36949	-62.2557	-63.6252
BLOCK16/SES162/SA162S27	SES162	2.07021	-62.4007	-64.4709
BLOCK16/SES167/SA167S14	SES167	0.954765	-64.0195	-64.9743
BLOCK16/SES167/SA167S15	SES167	1.18098	-64.1151	-65.296
BLOCK16/SES167/SA167S21	SES167	1.55284	-62.3202	-63.873
BLOCK16/SES167/SA167S25	SES167	1.70101	-63.5921	-65.2931
BLOCK16/SES167/SA167S29	SES167	1.79546	-62.6341	-64.4296
BLOCK17/SES172/SA172S12	SES172	1.57117	-64.4103	-65.9814
BLOCK17/SES172/SA172S13	SES172	1.48571	-64.1693	-65.655
BLOCK17/SES172/SA172S23	SES172	1.03937	-64.3247	-65.364
BLOCK17/SES172/SA172S27	SES172	1.33976	-63.9561	-65.2959
BLOCK17/SES172/SA172S29	SES172	1.6226	-63.4478	-65.0704
BLOCK17/SES175/SA175S11	SES175	1.33739	-63.4229	-64.7603
BLOCK17/SES175/SA175S13	SES175	0.697357	-61.8522	-62.5496
BLOCK17/SES175/SA175S23	SES175	1.44666	-62.8032	-64.2499
BLOCK17/SES175/SA175S25	SES175	0.992798	-63.323	-64.3158
BLOCK17/SES175/SA175S28	SES175	1.07642	-63.1806	-64.257
BLOCK17/SES177/SA177S15	SES177	1.24023	-63.0928	-64.333
BLOCK17/SES177/SA177S17	SES177	1.23652	-62.2441	-63.4806
BLOCK17/SES177/SA177S23	SES177	1.41103	-63.0586	-64.4696
BLOCK17/SES177/SA177S26	SES177	1.64231	-62.3133	-63.9556
BLOCK17/SES177/SA177S28	SES177	1.67728	-62.9172	-64.5945
BLOCK18/SES180/SA180S13	SES180	1.58578	-63.4428	-65.0286
BLOCK18/SES180/SA180S15	SES180	1.23883	-62.6551	-63.8939
BLOCK18/SES180/SA180S24	SES180	1.30281	-62.4098	-63.7126
BLOCK18/SES180/SA180S26	SES180	1.30741	-62.7532	-64.0606
BLOCK18/SES180/SA180S29	SES180	2.28715	-63.4315	-65.7186
BLOCK18/SES183/SA183S13	SES183	1.30585	-62.7256	-64.0314
BLOCK18/SES183/SA183S14	SES183	0.89801	-63.4322	-64.3302
BLOCK18/SES183/SA183S24	SES183	1.2874	-62.4137	-63.7011
BLOCK18/SES183/SA183S27	SES183	0.93721	-62.3112	-63.2484
BLOCK18/SES183/SA183S29	SES183	1.06601	-62.1775	-63.2435
BLOCK18/SES187/SA187S13	SES187	1.83986	-65.2702	-67.11
BLOCK18/SES187/SA187S14	SES187	1.35882	-63.807	-65.1658
BLOCK18/SES187/SA187S24	SES187	1.89505	-65.2789	-67.1739
BLOCK18/SES187/SA187S27	SES187	1.96043	-63.5505	-65.511
BLOCK18/SES187/SA187S29	SES187	1.66912	-64.4529	-66.122
BLOCK18/SES189/SA189S10	SES189	1.76379	-65.805	-67.5688
BLOCK18/SES189/SA189S13	SES189	1.33665	-65.3771	-66.7138
BLOCK18/SES189/SA189S24	SES189	1.68987	-65.4266	-67.1165
BLOCK18/SES189/SA189S26	SES189	1.5938	-64.2195	-65.8133
BLOCK18/SES189/SA189S29	SES189	1.69972	-64.0598	-65.7595
BLOCK20/SES202/SA202S12	SES202	3.51624	-62.5047	-66.0209
BLOCK20/SES202/SA202S14	SES202	4.31535	-62.2178	-66.5332
BLOCK20/SES202/SA202S24	SES202	3.69205	-63.4619	-67.154
BLOCK20/SES202/SA202S27	SES202	3.94701	-62.3264	-66.2734
BLOCK20/SES202/SA202S29	SES202	4.59487	-63.7504	-68.3452
BLOCK20/SES206/SA206S15	SES206	1.3461	-61.6895	-63.0356
BLOCK20/SES206/SA206S17	SES206	1.9147	-62.4072	-64.3219
BLOCK20/SES206/SA206S24	SES206	1.0976	-62.8065	-63.9041
BLOCK20/SES206/SA206S27	SES206	1.36214	-62.2248	-63.5869
BLOCK20/SES206/SA206S29	SES206	1.20017	-61.6505	-62.8507
BLOCK22/SES226/SA226S12	SES226	2.36768	-63.4796	-65.8473
BLOCK22/SES226/SA226S13	SES226	0.865776	-61.9615	-62.8272
BLOCK22/SES226/SA226S20	SES226	1.73692	-63.2583	-64.9952
BLOCK22/SES226/SA226S23	SES226	1.41261	-62.3142	-63.7268
BLOCK22/SES226/SA226S28	SES226	2.26763	-62.3308	-64.5984
BLOCK25/SES259/SA259S13	SES259	1.39211	-61.7272	-63.1193
BLOCK25/SES259/SA259S14	SES259	0.899334	-60.1412	-61.0406
BLOCK25/SES259/SA259S22	SES259	1.54805	-59.8343	-61.3824
BLOCK25/SES259/SA259S24	SES259	1.78164	-60.6013	-62.383
BLOCK25/SES259/SA259S28	SES259	1.04025	-60.0918	-61.132
BLOCK27/SES270/SA270S14	SES270	0.863483	-60.9484	-61.8119
BLOCK27/SES270/SA270S16	SES270	0.896206	-61.2219	-62.1181
BLOCK27/SES270/SA270S22	SES270	0.975498	-61.3531	-62.3286
BLOCK27/SES270/SA270S26	SES270	1.0208	-61.6819	-62.7027
BLOCK27/SES270/SA270S28	SES270	0.635258	-62.0161	-62.6514
BLOCK27/SES275/SA275S17	SES275	1.46111	-62.5167	-63.9778
BLOCK27/SES275/SA275S18	SES275	1.44473	-63.7407	-65.1855
BLOCK27/SES275/SA275S24	SES275	1.37865	-63.3862	-64.7648
BLOCK27/SES275/SA275S26	SES275	1.00106	-63.235	-64.236
BLOCK27/SES275/SA275S28	SES275	0.854336	-63.223	-64.0773
BLOCK29/SES292/SA292S10	SES292	0.608292	-65.0038	-65.6121
BLOCK29/SES292/SA292S12	SES292	0.698788	-63.7214	-64.4202
BLOCK29/SES292/SA292S22	SES292	1.44964	-63.0767	-64.5263
BLOCK29/SES292/SA292S24	SES292	0.601761	-62.2722	-62.874
BLOCK29/SES292/SA292S27	SES292	0.753704	-62.0396	-62.7933
BLOCK00/SES001/SA001S14	SES062	1.76901	-64.6105	-66.3796
BLOCK00/SES001/SA001S14	SES082	-0.491081	-66.8706	-66.3796
BLOCK00/SES001/SA001S14	SES106	-2.04559	-68.4251	-66.3796
BLOCK00/SES001/SA001S14	SES206	-1.59041	-67.97	-66.3796
BLOCK00/SES001/SA001S15	SES062	0.850563	-63.4407	-64.2913
BLOCK00/SES001/SA001S15	SES104	-0.960609	-65.2519	-64.2913
BLOCK00/SES001/SA001S15	SES106	-1.48398	-65.7752	-64.2913
BLOCK00/SES001/SA001S15	SES206	-1.4203	-65.7116	-64.2913
BLOCK00/SES001/SA001S24	SES062	-0.0666428	-65.9117	-65.8451
BLOCK00/SES001/SA001S24	SES082	0.910286	-64.9348	-65.8451
BLOCK00/SES001/SA001S24	SES087	-1.72156	-67.5666	-65.8451
BLOCK00/SES001/SA001S24	SES206	0.323837	-65.5212	-65.8451
BLOCK00/SES001/SA001S27	SES062	0.104988	-62.2924	-62.3974
BLOCK00/SES001/SA001S27	SES082	-0.350834	-62.7482	-62.3974
BLOCK00/SES001/SA001S27	SES087	-0.995728	-63.3931	-62.3974
BLOCK00/SES001/SA001S27	SES206	-0.308418	-62.7058	-62.3974
BLOCK00/SES001/SA001S29	SES062	1.00363	-63.1968	-64.2004
BLOCK00/SES001/SA001S29	SES082	-0.624443	-64.8249	-64.2004
BLOCK00/SES001/SA001S29	SES158	-1.15993	-65.3603	-64.2004
BLOCK00/SES001/SA001S29	SES206	-1.44412	-65.6445	-64.2004
BLOCK00/SES003/SA003S11	SES002	-0.15416	-63.627	-63.4729
BLOCK00/SES003/SA003S11	SES019	0.75771	-62.7152	-63.4729
BLOCK00/SES003/SA003S11	SES082	0.790997	-62.6819	-63.4729
BLOCK00/SES003/SA003S11	SES125	0.533539	-62.9393	-63.4729
BLOCK00/SES003/SA003S15	SES016	-1.05873	-63.4165	-62.3578
BLOCK00/SES003/SA003S15	SES019	0.357933	-61.9998	-62.3578
BLOCK00/SES003/SA003S15	SES062	-0.890873	-63.2486	-62.3578
BLOCK00/SES003/SA003S15	SES206	0.357815	-61.9999	-62.3578
BLOCK00/SES003/SA003S22	SES002	-1.11781	-64.2295	-63.1117
BLOCK00/SES003/SA003S22	SES062	-0.194061	-63.3057	-63.1117
BLOCK00/SES003/SA003S22	SES082	0.0391693	-63.0725	-63.1117
BLOCK00/SES003/SA003S22	SES087	-1.23365	-64.3453	-63.1117
BLOCK00/SES003/SA003S25	SES062	-0.268066	-65.6949	-65.4268
BLOCK00/SES003/SA003S25	SES082	1.21722	-64.2096	-65.4268
BLOCK00/SES003/SA003S25	SES087	-0.863838	-66.2907	-65.4268
BLOCK00/SES003/SA003S25	SES206	0.262215	-65.1646	-65.4268
BLOCK00/SES003/SA003S29	SES002	-0.880386	-64.1745	-63.2941
BLOCK00/SES003/SA003S29	SES062	0.155083	-63.139	-63.2941
BLOCK00/SES003/SA003S29	SES082	1.06318	-62.2309	-63.2941
BLOCK00/SES003/SA003S29	SES087	-0.407349	-63.7015	-63.2941
BLOCK00/SES004/SA004S12	SES083	1.00449	-63.825	-64.8295
BLOCK00/SES004/SA004S12	SES148	-0.037941	-64.8674	-64.8295
BLOCK00/SES004/SA004S12	SES172	0.478668	-64.3508	-64.8295
BLOCK00/SES004/SA004S12	SES292	0.124001	-64.7055	-64.8295
BLOCK00/SES004/SA004S17	SES083	0.562145	-63.884	-64.4461
BLOCK00/SES004/SA004S17	SES162	0.423973	-64.0222	-64.4461
BLOCK00/SES004/SA004S17	SES172	-0.0149307	-64.4611	-64.4461
BLOCK00/SES004/SA004S17	SES292	-0.0382614	-64.4844	-64.4461
BLOCK00/SES004/SA004S24	SES083	0.94241	-63.5706	-64.513
BLOCK00/SES004/SA004S24	SES148	0.521057	-63.9919	-64.513
BLOCK00/SES004/SA004S24	SES172	0.715328	-63.7977	-64.513
BLOCK00/SES004/SA004S24	SES292	0.571972	-63.941	-64.513
BLOCK00/SES004/SA004S26	SES083	1.18424	-64.2125	-65.3968
BLOCK00/SES004/SA004S26	SES127	1.38804	-64.0087	-65.3968
BLOCK00/SES004/SA004S26	SES148	0.5924	-64.8044	-65.3968
BLOCK00/SES004/SA004S26	SES292	0.878716	-64.5181	-65.3968
BLOCK00/SES004/SA004S28	SES083	0.451286	-63.1503	-63.6016
BLOCK00/SES004/SA004S28	SES127	-0.298706	-63.9003	-63.6016
BLOCK00/SES004/SA004S28	SES187	0.211712	-63.3898	-63.6016
BLOCK00/SES004/SA004S28	SES292	-0.249462	-63.851	-63.6016
BLOCK00/SES006/SA006S10	SES014	-0.134514	-63.4978	-63.3633
BLOCK00/SES006/SA006S10	SES158	0.35368	-63.0097	-63.3633
BLOCK00/SES006/SA006S10	SES226	0.283432	-63.0799	-63.3633
BLOCK00/SES006/SA006S10	SES270	0.417408	-62.9459	-63.3633
BLOCK00/SES006/SA006S11	SES158	0.305511	-62.1034	-62.4089
BLOCK00/SES006/SA006S11	SES226	0.0202904	-62.3886	-62.4089
BLOCK00/SES006/SA006S11	SES270	0.480804	-61.9281	-62.4089
BLOCK00/SES006/SA006S11	SES275	-0.2444	-62.6533	-62.4089
BLOCK00/SES006/SA006S23	SES062	-0.842537	-63.1986	-62.356
BLOCK00/SES006/SA006S23	SES105	-0.628441	-62.9845	-62.356
BLOCK00/SES006/SA006S23	SES158	-0.0872536	-62.4433	-62.356
BLOCK00/SES006/SA006S23	SES275	-0.0695381	-62.4256	-62.356
BLOCK00/SES006/SA006S26	SES104	0.269615	-61.8651	-62.1347
BLOCK00/SES006/SA006S26	SES158	0.742729	-61.3919	-62.1347
BLOCK00/SES006/SA006S26	SES270	-0.119507	-62.2542	-62.1347
BLOCK00/SES006/SA006S26	SES275	-0.260895	-62.3956	-62.1347
BLOCK00/SES006/SA006S28	SES007	-0.371334	-63.3237	-62.9523
BLOCK00/SES006/SA006S28	SES105	-0.530235	-63.4826	-62.9523
BLOCK00/SES006/SA006S28	SES158	0.0960197	-62.8563	-62.9523
BLOCK00/SES006/SA006S28	SES275	-0.301609	-63.254	-62.9523
BLOCK00/SES009/SA009S12	SES083	1.04829	-63.5776	-64.6259
BLOCK00/SES009/SA009S12	SES148	0.515503	-64.1104	-64.6259
BLOCK00/SES009/SA009S12	SES177	-0.922913	-65.5488	-64.6259
BLOCK00/SES009/SA009S12	SES292	0.725815	-63.9001	-64.6259
BLOCK00/SES009/SA009S15	SES007	1.4085	-64.2151	-65.6236
BLOCK00/SES009/SA009S15	SES099	-3.67356	-69.2972	-65.6236
BLOCK00/SES009/SA009S15	SES148	0.451126	-65.1725	-65.6236
BLOCK00/SES009/SA009S15	SES172	-0.560074	-66.1837	-65.6236
BLOCK00/SES009/SA009S24	SES146	0.120987	-64.5046	-64.6256
BLOCK00/SES009/SA009S24	SES148	-0.0677185	-64.6934	-64.6256
BLOCK00/SES009/SA009S24	SES177	-0.732269	-65.3579	-64.6256
BLOCK00/SES009/SA009S24	SES292	0.513382	-64.1123	-64.6256
BLOCK00/SES009/SA009S26	SES083	0.908237	-63.3877	-64.2959
BLOCK00/SES009/SA009S26	SES101	0.887245	-63.4087	-64.2959
BLOCK00/SES009/SA009S26	SES120	1.02608	-63.2698	-64.2959
BLOCK00/SES009/SA009S26	SES177	-1.14407	-65.44	-64.2959
BLOCK00/SES009/SA009S29	SES083	0.888641	-63.5758	-64.4645
BLOCK00/SES009/SA009S29	SES101	0.641312	-63.8232	-64.4645
BLOCK00/SES009/SA009S29	SES177	-0.872505	-65.337	-64.4645
BLOCK00/SES009/SA009S29	SES292	0.421524	-64.0429	-64.4645
BLOCK01/SES011/SA011S10	SES019	2.87232	-63.0391	-65.9114
BLOCK01/SES011/SA011S10	SES042	2.91621	-62.9952	-65.9114
BLOCK01/SES011/SA011S10	SES082	2.03424	-63.8772	-65.9114
BLOCK01/SES011/SA011S10	SES206	2.10088	-63.8106	-65.9114
BLOCK01/SES011/SA011S11	SES019	3.39809	-63.5392	-66.9373
BLOCK01/SES011/SA011S11	SES042	2.4416	-64.4957	-66.9373
BLOCK01/SES011/SA011S11	SES082	0.770638	-66.1667	-66.9373
BLOCK01/SES011/SA011S11	SES206	1.87074	-65.0666	-66.9373
BLOCK01/SES011/SA011S22	SES019	1.97082	-64.5781	-66.5489
BLOCK01/SES011/SA011S22	SES042	2.37682	-64.1721	-66.5489
BLOCK01/SES011/SA011S22	SES082	2.30614	-64.2428	-66.5489
BLOCK01/SES011/SA011S22	SES206	2.26093	-64.288	-66.5489
BLOCK01/SES011/SA011S24	SES019	2.30937	-63.3828	-65.6922
BLOCK01/SES011/SA011S24	SES042	2.42136	-63.2708	-65.6922
BLOCK01/SES011/SA011S24	SES104	2.05008	-63.6421	-65.6922
BLOCK01/SES011/SA011S24	SES206	2.28058	-63.4116	-65.6922
BLOCK01/SES011/SA011S27	SES082	1.90099	-62.8152	-64.7162
BLOCK01/SES011/SA011S27	SES087	1.75782	-62.9584	-64.7162
BLOCK01/SES011/SA011S27	SES125	1.86857	-62.8476	-64.7162
BLOCK01/SES011/SA011S27	SES206	1.78811	-62.9281	-64.7162
BLOCK01/SES012/SA012S11	SES007	-0.884342	-63.6593	-62.775
BLOCK01/SES012/SA012S11	SES082	1.26045	-61.5146	-62.775
BLOCK01/SES012/SA012S11	SES083	-1.22227	-63.9973	-62.775
BLOCK01/SES012/SA012S11	SES206	1.14417	-61.6308	-62.775
BLOCK01/SES012/SA012S14	SES082	0.60976	-63.9906	-64.6003
BLOCK01/SES012/SA012S14	SES087	0.12886	-64.4715	-64.6003
BLOCK01/SES012/SA012S14	SES206	1.42796	-63.1724	-64.6003
BLOCK01/SES012/SA012S14	SES292	-1.29744	-65.8978	-64.6003
BLOCK01/SES012/SA012S24	SES082	1.60088	-62.3913	-63.9922
BLOCK01/SES012/SA012S24	SES087	1.15171	-62.8405	-63.9922
BLOCK01/SES012/SA012S24	SES120	-1.10061	-65.0928	-63.9922
BLOCK01/SES012/SA012S24	SES206	1.48558	-62.5066	-63.9922
BLOCK01/SES012/SA012S26	SES019	1.11615	-62.9837	-64.0998
BLOCK01/SES012/SA012S26	SES082	1.16953	-62.9303	-64.0998
BLOCK01/SES012/SA012S26	SES206	1.67392	-62.4259	-64.0998
BLOCK01/SES012/SA012S26	SES292	-1.77945	-65.8793	-64.0998
BLOCK01/SES012/SA012S29	SES062	-1.25092	-63.1601	-61.9092
BLOCK01/SES012/SA012S29	SES082	1.02981	-60.8794	-61.9092
BLOCK01/SES012/SA012S29	SES083	-0.800507	-62.7097	-61.9092
BLOCK01/SES012/SA012S29	SES206	0.680931	-61.2283	-61.9092
BLOCK01/SES013/SA013S16	SES062	-1.90473	-65.9114	-64.0067
BLOCK01/SES013/SA013S16	SES106	0.914276	-63.0924	-64.0067
BLOCK01/SES013/SA013S16	SES206	0.910542	-63.0962	-64.0067
BLOCK01/SES013/SA013S16	SES226	0.895809	-63.1109	-64.0067
BLOCK01/SES013/SA013S17	SES062	-1.86912	-65.416	-63.5469
BLOCK01/SES013/SA013S17	SES106	0.819164	-62.7278	-63.5469
BLOCK01/SES013/SA013S17	SES206	1.16827	-62.3787	-63.5469
BLOCK01/SES013/SA013S17	SES226	1.22525	-62.3217	-63.5469
BLOCK01/SES013/SA013S23	SES104	0.883442	-62.579	-63.4625
BLOCK01/SES013/SA013S23	SES106	1.07545	-62.387	-63.4625
BLOCK01/SES013/SA013S23	SES206	1.2016	-62.2609	-63.4625
BLOCK01/SES013/SA013S23	SES270	0.2621	-63.2004	-63.4625
BLOCK01/SES013/SA013S25	SES042	1.31367	-62.4493	-63.763
BLOCK01/SES013/SA013S25	SES104	1.14304	-62.6199	-63.763
BLOCK01/SES013/SA013S25	SES106	1.33303	-62.4299	-63.763
BLOCK01/SES013/SA013S25	SES206	1.4996	-62.2634	-63.763
BLOCK01/SES013/SA013S29	SES062	-2.20517	-65.8799	-63.6747
BLOCK01/SES013/SA013S29	SES104	0.909302	-62.7654	-63.6747
BLOCK01/SES013/SA013S29	SES106	1.17177	-62.5029	-63.6747
BLOCK01/SES013/SA013S29	SES206	1.55158	-62.1231	-63.6747
BLOCK02/SES021/SA021S13	SES016	-1.6609	-66.1683	-64.5073
BLOCK02/SES021/SA021S13	SES029	-1.89285	-66.4002	-64.5073
BLOCK02/SES021/SA021S13	SES087	0.0453033	-64.462	-64.5073
BLOCK02/SES021/SA021S13	SES206	1.90563	-62.6017	-64.5073
BLOCK02/SES021/SA021S15	SES087	0.201286	-65.1376	-65.3389
BLOCK02/SES021/SA021S15	SES125	2.09506	-63.2438	-65.3389
BLOCK02/SES021/SA021S15	SES206	1.78238	-63.5565	-65.3389
BLOCK02/SES021/SA021S15	SES226	1.96357	-63.3753	-65.3389
BLOCK02/SES021/SA021S23	SES062	-0.754883	-65.5997	-64.8448
BLOCK02/SES021/SA021S23	SES087	-1.02107	-65.8659	-64.8448
BLOCK02/SES021/SA021S23	SES206	0.884789	-63.96	-64.8448
BLOCK02/SES021/SA021S23	SES226	1.00132	-63.8435	-64.8448
BLOCK02/SES021/SA021S27	SES002	-1.17346	-63.9587	-62.7853
BLOCK02/SES021/SA021S27	SES016	-0.924976	-63.7102	-62.7853
BLOCK02/SES021/SA021S27	SES019	-0.385883	-63.1711	-62.7853
BLOCK02/SES021/SA021S27	SES062	-0.269424	-63.0547	-62.7853
BLOCK02/SES021/SA021S29	SES087	-0.78775	-65.9583	-65.1705
BLOCK02/SES021/SA021S29	SES125	0.921844	-64.2487	-65.1705
BLOCK02/SES021/SA021S29	SES206	1.07703	-64.0935	-65.1705
BLOCK02/SES021/SA021S29	SES226	1.2824	-63.8881	-65.1705
BLOCK04/SES043/SA043S09	SES083	0.65802	-65.158	-65.816
BLOCK04/SES043/SA043S09	SES101	0.426758	-65.3892	-65.816
BLOCK04/SES043/SA043S09	SES144	1.16113	-64.6548	-65.816
BLOCK04/SES043/SA043S09	SES172	-0.744377	-66.5603	-65.816
BLOCK04/SES043/SA043S11	SES083	0.335915	-63.8852	-64.2211
BLOCK04/SES043/SA043S11	SES101	0.267002	-63.9541	-64.2211
BLOCK04/SES043/SA043S11	SES144	0.514236	-63.7068	-64.2211
BLOCK04/SES043/SA043S11	SES172	-0.623253	-64.8443	-64.2211
BLOCK04/SES043/SA043S23	SES083	0.922005	-65.2239	-66.1459
BLOCK04/SES043/SA043S23	SES144	1.59053	-64.5554	-66.1459
BLOCK04/SES043/SA043S23	SES177	0.0577316	-66.0882	-66.1459
BLOCK04/SES043/SA043S23	SES275	0.317497	-65.8284	-66.1459
BLOCK04/SES043/SA043S26	SES083	1.1277	-64.3704	-65.4981
BLOCK04/SES043/SA043S26	SES101	0.963554	-64.5346	-65.4981
BLOCK04/SES043/SA043S26	SES144	0.678963	-64.8192	-65.4981
BLOCK04/SES043/SA043S26	SES177	0.573792	-64.9243	-65.4981
BLOCK04/SES043/SA043S28	SES016	1.17029	-63.5688	-64.7391
BLOCK04/SES043/SA043S28	SES083	0.73571	-64.0034	-64.7391
BLOCK04/SES043/SA043S28	SES101	0.712219	-64.0269	-64.7391
BLOCK04/SES043/SA043S28	SES144	0.659721	-64.0794	-64.7391
BLOCK04/SES044/SA044S10	SES127	1.72205	-63.8793	-65.6014
BLOCK04/SES044/SA044S10	SES144	1.05818	-64.5432	-65.6014
BLOCK04/SES044/SA044S10	SES147	1.0034	-64.598	-65.6014
BLOCK04/SES044/SA044S10	SES148	1.06747	-64.5339	-65.6014
BLOCK04/SES044/SA044S11	SES101	0.404274	-65.8478	-66.2521
BLOCK04/SES044/SA044S11	SES144	0.537399	-65.7147	-66.2521
BLOCK04/SES044/SA044S11	SES147	0.640289	-65.6118	-66.2521
BLOCK04/SES044/SA044S11	SES177	0.519249	-65.7328	-66.2521
BLOCK04/SES044/SA044S24	SES007	0.488075	-64.8003	-65.2884
BLOCK04/SES044/SA044S24	SES101	0.740356	-64.548	-65.2884
BLOCK04/SES044/SA044S24	SES147	-0.602745	-65.8911	-65.2884
BLOCK04/SES044/SA044S24	SES177	-0.31205	-65.6004	-65.2884
BLOCK04/SES044/SA044S26	SES007	0.363773	-62.8937	-63.2575
BLOCK04/SES044/SA044S26	SES016	0.651482	-62.606	-63.2575
BLOCK04/SES044/SA044S26	SES101	0.512154	-62.7453	-63.2575
BLOCK04/SES044/SA044S26	SES147	0.233242	-63.0242	-63.2575
BLOCK04/SES044/SA044S29	SES007	0.510006	-62.8864	-63.3964
BLOCK04/SES044/SA044S29	SES101	0.90469	-62.4917	-63.3964
BLOCK04/SES044/SA044S29	SES147	0.756191	-62.6402	-63.3964
BLOCK04/SES044/SA044S29	SES177	1.31144	-62.0849	-63.3964
BLOCK04/SES046/SA046S13	SES101	0.421829	-65.5536	-65.9754
BLOCK04/SES046/SA046S13	SES144	0.904633	-65.0708	-65.9754
BLOCK04/SES046/SA046S13	SES147	1.19977	-64.7756	-65.9754
BLOCK04/SES046/SA046S13	SES177	1.55697	-64.4184	-65.9754
BLOCK04/SES046/SA046S15	SES048	-0.967331	-64.1403	-63.173
BLOCK04/SES046/SA046S15	SES083	0.371754	-62.8012	-63.173
BLOCK04/SES046/SA046S15	SES120	0.531712	-62.6412	-63.173
BLOCK04/SES046/SA046S15	SES148	0.462784	-62.7102	-63.173
BLOCK04/SES046/SA046S22	SES101	0.793022	-64.0941	-64.8871
BLOCK04/SES046/SA046S22	SES144	0.517616	-64.3695	-64.8871
BLOCK04/SES046/SA046S22	SES147	1.52103	-63.3661	-64.8871
BLOCK04/SES046/SA046S22	SES172	0.435112	-64.452	-64.8871
BLOCK04/SES046/SA046S25	SES083	0.0929871	-63.5826	-63.6756
BLOCK04/SES046/SA046S25	SES127	1.13853	-62.5371	-63.6756
BLOCK04/SES046/SA046S25	SES144	0.200096	-63.4755	-63.6756
BLOCK04/SES046/SA046S25	SES148	0.504192	-63.1714	-63.6756
BLOCK04/SES046/SA046S28	SES007	0.172424	-64.5621	-64.7345
BLOCK04/SES046/SA046S28	SES105	-0.391304	-65.1258	-64.7345
BLOCK04/SES046/SA046S28	SES147	0.120193	-64.6143	-64.7345
BLOCK04/SES046/SA046S28	SES148	-0.261955	-64.9965	-64.7345
BLOCK04/SES049/SA049S16	SES104	0.329418	-63.6827	-64.0121
BLOCK04/SES049/SA049S16	SES106	0.750145	-63.2619	-64.0121
BLOCK04/SES049/SA049S16	SES120	-0.777786	-64.7899	-64.0121
BLOCK04/SES049/SA049S16	SES206	0.765106	-63.247	-64.0121
BLOCK04/SES049/SA049S18	SES099	-1.09328	-66.3597	-65.2664
BLOCK04/SES049/SA049S18	SES104	1.0968	-64.1696	-65.2664
BLOCK04/SES049/SA049S18	SES125	0.725204	-64.5412	-65.2664
BLOCK04/SES049/SA049S18	SES206	1.57723	-63.6892	-65.2664
BLOCK04/SES049/SA049S25	SES087	1.1717	-63.52	-64.6917
BLOCK04/SES049/SA049S25	SES104	1.53662	-63.1551	-64.6917
BLOCK04/SES049/SA049S25	SES125	1.8258	-62.8659	-64.6917
BLOCK04/SES049/SA049S25	SES206	2.29555	-62.3961	-64.6917
BLOCK04/SES049/SA049S27	SES099	-0.556805	-62.6351	-62.0783
BLOCK04/SES049/SA049S27	SES104	0.70644	-61.3719	-62.0783
BLOCK04/SES049/SA049S27	SES125	0.33667	-61.7417	-62.0783
BLOCK04/SES049/SA049S27	SES206	0.60144	-61.4769	-62.0783
BLOCK04/SES049/SA049S29	SES099	-0.538563	-63.6043	-63.0657
BLOCK04/SES049/SA049S29	SES104	0.746368	-62.3193	-63.0657
BLOCK04/SES049/SA049S29	SES125	0.800922	-62.2648	-63.0657
BLOCK04/SES049/SA049S29	SES206	0.986755	-62.0789	-63.0657
BLOCK06/SES063/SA063S09	SES068	1.05592	-64.4143	-65.4702
BLOCK06/SES063/SA063S09	SES083	1.1615	-64.3087	-65.4702
BLOCK06/SES063/SA063S09	SES177	0.99823	-64.472	-65.4702
BLOCK06/SES063/SA063S09	SES187	0.0642776	-65.4059	-65.4702
BLOCK06/SES063/SA063S10	SES068	1.95307	-66.0038	-67.9569
BLOCK06/SES063/SA063S10	SES083	1.74313	-66.2137	-67.9569
BLOCK06/SES063/SA063S10	SES172	2.24336	-65.7135	-67.9569
BLOCK06/SES063/SA063S10	SES187	1.3108	-66.6461	-67.9569
BLOCK06/SES063/SA063S20	SES068	1.51759	-65.6306	-67.1482
BLOCK06/SES063/SA063S20	SES083	0.840065	-66.3081	-67.1482
BLOCK06/SES063/SA063S20	SES172	1.5278	-65.6204	-67.1482
BLOCK06/SES063/SA063S20	SES187	1.74449	-65.4037	-67.1482
BLOCK06/SES063/SA063S24	SES029	0.775124	-65.3496	-66.1247
BLOCK06/SES063/SA063S24	SES083	1.21322	-64.9115	-66.1247
BLOCK06/SES063/SA063S24	SES177	1.76401	-64.3607	-66.1247
BLOCK06/SES063/SA063S24	SES189	-0.28289	-66.4076	-66.1247
BLOCK06/SES063/SA063S27	SES083	1.11816	-65.9814	-67.0996
BLOCK06/SES063/SA063S27	SES172	1.53117	-65.5684	-67.0996
BLOCK06/SES063/SA063S27	SES187	0.141136	-66.9584	-67.0996
BLOCK06/SES063/SA063S27	SES292	0.297897	-66.8017	-67.0996
BLOCK06/SES067/SA067S12	SES083	0.140762	-65.4778	-65.6186
BLOCK06/SES067/SA067S12	SES172	-1.03152	-66.6501	-65.6186
BLOCK06/SES067/SA067S12	SES202	2.61036	-63.0082	-65.6186
BLOCK06/SES067/SA067S12	SES292	-1.24069	-66.8592	-65.6186
BLOCK06/SES067/SA067S14	SES085	0.414127	-63.1629	-63.577
BLOCK06/SES067/SA067S14	SES177	0.520294	-63.0567	-63.577
BLOCK06/SES067/SA067S14	SES183	0.713844	-62.8632	-63.577
BLOCK06/SES067/SA067S14	SES202	1.52158	-62.0555	-63.577
BLOCK06/SES067/SA067S21	SES144	0.250832	-64.1723	-64.4231
BLOCK06/SES067/SA067S21	SES177	1.0392	-63.3839	-64.4231
BLOCK06/SES067/SA067S21	SES183	-0.359535	-64.7827	-64.4231
BLOCK06/SES067/SA067S21	SES189	1.18446	-63.2387	-64.4231
BLOCK06/SES067/SA067S25	SES085	1.0033	-63.515	-64.5183
BLOCK06/SES067/SA067S25	SES177	1.28609	-63.2322	-64.5183
BLOCK06/SES067/SA067S25	SES183	0.405243	-64.1131	-64.5183
BLOCK06/SES067/SA067S25	SES202	2.60867	-61.9096	-64.5183
BLOCK06/SES067/SA067S29	SES085	1.76171	-63.7181	-65.4798
BLOCK06/SES067/SA067S29	SES177	2.01029	-63.4695	-65.4798
BLOCK06/SES067/SA067S29	SES183	1.00842	-64.4714	-65.4798
BLOCK06/SES067/SA067S29	SES202	2.9758	-62.504	-65.4798
BLOCK06/SES069/SA069S12	SES029	-0.400593	-63.2973	-62.8967
BLOCK06/SES069/SA069S12	SES082	0.402111	-62.4946	-62.8967
BLOCK06/SES069/SA069S12	SES087	-0.477493	-63.3742	-62.8967
BLOCK06/SES069/SA069S12	SES206	-0.0175819	-62.9143	-62.8967
BLOCK06/SES069/SA069S13	SES029	-0.580894	-63.1896	-62.6087
BLOCK06/SES069/SA069S13	SES087	-0.113373	-62.7221	-62.6087
BLOCK06/SES069/SA069S13	SES206	0.355362	-62.2534	-62.6087
BLOCK06/SES069/SA069S13	SES226	0.355293	-62.2534	-62.6087
BLOCK06/SES069/SA069S23	SES029	-0.210125	-63.306	-63.0959
BLOCK06/SES069/SA069S23	SES087	-0.423222	-63.5191	-63.0959
BLOCK06/SES069/SA069S23	SES206	0.205349	-62.8905	-63.0959
BLOCK06/SES069/SA069S23	SES226	0.332474	-62.7634	-63.0959
BLOCK06/SES069/SA069S25	SES087	0.189552	-64.4819	-64.6715
BLOCK06/SES069/SA069S25	SES206	0.475792	-64.1957	-64.6715
BLOCK06/SES069/SA069S25	SES226	0.919842	-63.7517	-64.6715
BLOCK06/SES069/SA069S25	SES270	-1.58818	-66.2597	-64.6715
BLOCK06/SES069/SA069S27	SES087	-0.424664	-64.2762	-63.8516
BLOCK06/SES069/SA069S27	SES206	0.51865	-63.3329	-63.8516
BLOCK06/SES069/SA069S27	SES226	0.93269	-62.9189	-63.8516
BLOCK06/SES069/SA069S27	SES270	-1.25232	-65.1039	-63.8516
BLOCK08/SES081/SA081S11	SES060	0.385826	-64.1116	-64.4975
BLOCK08/SES081/SA081S11	SES062	-1.23032	-65.7278	-64.4975
BLOCK08/SES081/SA081S11	SES117	0.263382	-64.2341	-64.4975
BLOCK08/SES081/SA081S11	SES162	1.06513	-63.4323	-64.4975
BLOCK08/SES081/SA081S13	SES016	0.771954	-62.8101	-63.582
BLOCK08/SES081/SA081S13	SES060	1.00106	-62.581	-63.582
BLOCK08/SES081/SA081S13	SES068	1.44221	-62.1398	-63.582
BLOCK08/SES081/SA081S13	SES129	0.126522	-63.4555	-63.582
BLOCK08/SES081/SA081S24	SES060	0.725384	-62.3745	-63.0999
BLOCK08/SES081/SA081S24	SES068	0.657898	-62.442	-63.0999
BLOCK08/SES081/SA081S24	SES117	0.109051	-62.9909	-63.0999
BLOCK08/SES081/SA081S24	SES275	-0.321556	-63.4215	-63.0999
BLOCK08/SES081/SA081S27	SES007	0.456291	-64.3626	-64.8189
BLOCK08/SES081/SA081S27	SES060	0.494278	-64.3246	-64.8189
BLOCK08/SES081/SA081S27	SES117	0.490768	-64.3281	-64.8189
BLOCK08/SES081/SA081S27	SES275	-0.0652466	-64.8841	-64.8189
BLOCK08/SES081/SA081S29	SES007	0.305252	-64.903	-65.2083
BLOCK08/SES081/SA081S29	SES060	0.536728	-64.6716	-65.2083
BLOCK08/SES081/SA081S29	SES117	0.444801	-64.7635	-65.2083
BLOCK08/SES081/SA081S29	SES275	-0.261696	-65.47	-65.2083
BLOCK08/SES086/SA086S11	SES029	-1.45304	-65.2543	-63.8012
BLOCK08/SES086/SA086S11	SES082	1.2377	-62.5635	-63.8012
BLOCK08/SES086/SA086S11	SES087	1.94053	-61.8607	-63.8012
BLOCK08/SES086/SA086S11	SES206	1.49007	-62.3112	-63.8012
BLOCK08/SES086/SA086S12	SES029	-1.31953	-65.7197	-64.4002
BLOCK08/SES086/SA086S12	SES082	1.40434	-62.9958	-64.4002
BLOCK08/SES086/SA086S12	SES087	1.74932	-62.6508	-64.4002
BLOCK08/SES086/SA086S12	SES206	1.68483	-62.7153	-64.4002
BLOCK08/SES086/SA086S20	SES029	-1.31719	-65.3644	-64.0472
BLOCK08/SES086/SA086S20	SES082	1.09588	-62.9513	-64.0472
BLOCK08/SES086/SA086S20	SES087	1.84606	-62.2012	-64.0472
BLOCK08/SES086/SA086S20	SES206	1.88953	-62.1577	-64.0472
BLOCK08/SES086/SA086S24	SES087	1.80667	-62.5693	-64.376
BLOCK08/SES086/SA086S24	SES104	1.44127	-62.9347	-64.376
BLOCK08/SES086/SA086S24	SES120	-1.47916	-65.8551	-64.376
BLOCK08/SES086/SA086S24	SES206	1.53032	-62.8456	-64.376
BLOCK08/SES086/SA086S28	SES029	-0.777889	-62.9104	-62.1325
BLOCK08/SES086/SA086S28	SES082	0.890778	-61.2417	-62.1325
BLOCK08/SES086/SA086S28	SES087	1.26257	-60.8699	-62.1325
BLOCK08/SES086/SA086S28	SES206	0.979496	-61.153	-62.1325
BLOCK08/SES089/SA089S13	SES087	-0.870255	-65.8557	-64.9854
BLOCK08/SES089/SA089S13	SES206	0.480705	-64.5047	-64.9854
BLOCK08/SES089/SA089S13	SES226	1.01604	-63.9694	-64.9854
BLOCK08/SES089/SA089S13	SES270	-1.9156	-66.901	-64.9854
BLOCK08/SES089/SA089S14	SES062	-0.572014	-63.704	-63.132
BLOCK08/SES089/SA089S14	SES087	-0.298397	-63.4304	-63.132
BLOCK08/SES089/SA089S14	SES206	0.681782	-62.4502	-63.132
BLOCK08/SES089/SA089S14	SES226	1.14682	-61.9852	-63.132
BLOCK08/SES089/SA089S23	SES087	-1.36611	-67.3165	-65.9503
BLOCK08/SES089/SA089S23	SES206	1.20011	-64.7502	-65.9503
BLOCK08/SES089/SA089S23	SES226	1.64897	-64.3014	-65.9503
BLOCK08/SES089/SA089S23	SES270	-2.75047	-68.7008	-65.9503
BLOCK08/SES089/SA089S25	SES062	-0.294899	-66.1542	-65.8593
BLOCK08/SES089/SA089S25	SES087	-0.929176	-66.7885	-65.8593
BLOCK08/SES089/SA089S25	SES206	0.958565	-64.9007	-65.8593
BLOCK08/SES089/SA089S25	SES226	1.74567	-64.1136	-65.8593
BLOCK08/SES089/SA089S28	SES062	-0.436165	-64.5187	-64.0826
BLOCK08/SES089/SA089S28	SES087	-0.805222	-64.8878	-64.0826
BLOCK08/SES089/SA089S28	SES206	0.785774	-63.2968	-64.0826
BLOCK08/SES089/SA089S28	SES226	1.35016	-62.7324	-64.0826
BLOCK09/SES097/SA097S11	SES099	0.795933	-63.1092	-63.9052
BLOCK09/SES097/SA097S11	SES125	0.58585	-63.3193	-63.9052
BLOCK09/SES097/SA097S11	SES206	0.280151	-63.625	-63.9052
BLOCK09/SES097/SA097S11	SES226	0.045681	-63.8595	-63.9052
BLOCK09/SES097/SA097S14	SES062	-1.35733	-64.7198	-63.3625
BLOCK09/SES097/SA097S14	SES099	-0.248882	-63.6114	-63.3625
BLOCK09/SES097/SA097S14	SES104	0.643913	-62.7186	-63.3625
BLOCK09/SES097/SA097S14	SES206	0.298634	-63.0639	-63.3625
BLOCK09/SES097/SA097S22	SES099	0.295712	-62.4533	-62.749
BLOCK09/SES097/SA097S22	SES206	0.492474	-62.2565	-62.749
BLOCK09/SES097/SA097S22	SES226	0.32251	-62.4265	-62.749
BLOCK09/SES097/SA097S22	SES270	0.230785	-62.5182	-62.749
BLOCK09/SES097/SA097S26	SES099	0.082428	-64.411	-64.4935
BLOCK09/SES097/SA097S26	SES120	-1.35631	-65.8498	-64.4935
BLOCK09/SES097/SA097S26	SES206	0.647453	-63.846	-64.4935
BLOCK09/SES097/SA097S26	SES226	0.601158	-63.8923	-64.4935
BLOCK09/SES097/SA097S28	SES099	0.213104	-62.8864	-63.0995
BLOCK09/SES097/SA097S28	SES120	-0.380894	-63.4804	-63.0995
BLOCK09/SES097/SA097S28	SES206	0.0967026	-63.0028	-63.0995
BLOCK09/SES097/SA097S28	SES226	0.165993	-62.9335	-63.0995
BLOCK09/SES098/SA098S11	SES127	0.325081	-64.6113	-64.9364
BLOCK09/SES098/SA098S11	SES144	0.850449	-64.086	-64.9364
BLOCK09/SES098/SA098S11	SES147	0.922134	-64.0143	-64.9364
BLOCK09/SES098/SA098S11	SES148	-0.365364	-65.3018	-64.9364
BLOCK09/SES098/SA098S12	SES127	-0.562981	-65.6183	-65.0553
BLOCK09/SES098/SA098S12	SES144	0.425682	-64.6296	-65.0553
BLOCK09/SES098/SA098S12	SES147	0.675888	-64.3794	-65.0553
BLOCK09/SES098/SA098S12	SES189	0.460121	-64.5952	-65.0553
BLOCK09/SES098/SA098S20	SES127	-0.341415	-65.5081	-65.1666
BLOCK09/SES098/SA098S20	SES147	1.47335	-63.6933	-65.1666
BLOCK09/SES098/SA098S20	SES148	-0.533119	-65.6998	-65.1666
BLOCK09/SES098/SA098S20	SES292	-0.402016	-65.5687	-65.1666
BLOCK09/SES098/SA098S23	SES127	0.231064	-65.546	-65.7771
BLOCK09/SES098/SA098S23	SES147	1.33081	-64.4463	-65.7771
BLOCK09/SES098/SA098S23	SES187	0.823799	-64.9533	-65.7771
BLOCK09/SES098/SA098S23	SES292	-0.206329	-65.9834	-65.7771
BLOCK09/SES098/SA098S27	SES127	-0.347191	-65.5994	-65.2522
BLOCK09/SES098/SA098S27	SES147	1.22977	-64.0225	-65.2522
BLOCK09/SES098/SA098S27	SES148	-0.75267	-66.0049	-65.2522
BLOCK09/SES098/SA098S27	SES292	-0.882988	-66.1352	-65.2522
BLOCK10/SES102/SA102S13	SES101	0.997452	-64.9149	-65.9124
BLOCK10/SES102/SA102S13	SES105	0.372192	-65.5402	-65.9124
BLOCK10/SES102/SA102S13	SES120	0.66713	-65.2453	-65.9124
BLOCK10/SES102/SA102S13	SES158	-4.73618	-70.6486	-65.9124
BLOCK10/SES102/SA102S14	SES007	0.720642	-62.7236	-63.4442
BLOCK10/SES102/SA102S14	SES101	1.28096	-62.1633	-63.4442
BLOCK10/SES102/SA102S14	SES105	0.44833	-62.9959	-63.4442
BLOCK10/SES102/SA102S14	SES147	-0.155869	-63.6001	-63.4442
BLOCK10/SES102/SA102S22	SES007	0.437336	-62.415	-62.8523
BLOCK10/SES102/SA102S22	SES101	0.657169	-62.1952	-62.8523
BLOCK10/SES102/SA102S22	SES105	0.478039	-62.3743	-62.8523
BLOCK10/SES102/SA102S22	SES158	-1.71408	-64.5664	-62.8523
BLOCK10/SES102/SA102S25	SES007	0.725857	-63.2953	-64.0212
BLOCK10/SES102/SA102S25	SES101	0.522839	-63.4983	-64.0212
BLOCK10/SES102/SA102S25	SES105	0.777725	-63.2434	-64.0212
BLOCK10/SES102/SA102S25	SES147	-0.3228	-64.344	-64.0212
BLOCK10/SES102/SA102S27	SES007	0.701199	-62.7301	-63.4313
BLOCK10/SES102/SA102S27	SES101	0.83506	-62.5962	-63.4313
BLOCK10/SES102/SA102S27	SES105	0.670715	-62.7606	-63.4313
BLOCK10/SES102/SA102S27	SES147	0.186489	-63.2448	-63.4313
BLOCK10/SES103/SA103S14	SES105	-1.43742	-65.5466	-64.1092
BLOCK10/SES103/SA103S14	SES106	0.310856	-63.7984	-64.1092
BLOCK10/SES103/SA103S14	SES120	-0.900749	-65.01	-64.1092
BLOCK10/SES103/SA103S14	SES206	0.748024	-63.3612	-64.1092
BLOCK10/SES103/SA103S15	SES099	-0.696285	-64.3134	-63.6172
BLOCK10/SES103/SA103S15	SES101	-1.90319	-65.5203	-63.6172
BLOCK10/SES103/SA103S15	SES104	1.10594	-62.5112	-63.6172
BLOCK10/SES103/SA103S15	SES125	0.771767	-62.8454	-63.6172
BLOCK10/SES103/SA103S24	SES104	0.562943	-63.0605	-63.6235
BLOCK10/SES103/SA103S24	SES125	0.73391	-62.8896	-63.6235
BLOCK10/SES103/SA103S24	SES148	-1.04802	-64.6715	-63.6235
BLOCK10/SES103/SA103S24	SES158	0.182362	-63.4411	-63.6235
BLOCK10/SES103/SA103S26	SES104	0.0644188	-63.0653	-63.1297
BLOCK10/SES103/SA103S26	SES106	0.279915	-62.8498	-63.1297
BLOCK10/SES103/SA103S26	SES125	-0.0889053	-63.2186	-63.1297
BLOCK10/SES103/SA103S26	SES148	-0.7155	-63.8452	-63.1297
BLOCK10/SES103/SA103S28	SES104	0.138351	-63.8384	-63.9767
BLOCK10/SES103/SA103S28	SES106	-0.105526	-64.0823	-63.9767
BLOCK10/SES103/SA103S28	SES125	0.1269	-63.8498	-63.9767
BLOCK10/SES103/SA103S28	SES206	0.0678329	-63.9089	-63.9767
BLOCK12/SES121/SA121S12	SES042	-1.19053	-65.9989	-64.8083
BLOCK12/SES121/SA121S12	SES087	-1.15315	-65.9615	-64.8083
BLOCK12/SES121/SA121S12	SES105	-0.0614014	-64.8698	-64.8083
BLOCK12/SES121/SA121S12	SES206	0.420296	-64.3881	-64.8083
BLOCK12/SES121/SA121S14	SES007	-0.749283	-66.6329	-65.8837
BLOCK12/SES121/SA121S14	SES105	-0.707733	-66.5914	-65.8837
BLOCK12/SES121/SA121S14	SES106	-0.627388	-66.5111	-65.8837
BLOCK12/SES121/SA121S14	SES206	0.964951	-64.9187	-65.8837
BLOCK12/SES121/SA121S23	SES105	-0.589645	-65.6395	-65.0499
BLOCK12/SES121/SA121S23	SES106	-0.0597916	-65.1097	-65.0499
BLOCK12/SES121/SA121S23	SES120	-1.30545	-66.3553	-65.0499
BLOCK12/SES121/SA121S23	SES206	0.62085	-64.429	-65.0499
BLOCK12/SES121/SA121S25	SES007	-0.957428	-65.7246	-64.7672
BLOCK12/SES121/SA121S25	SES105	-0.783386	-65.5506	-64.7672
BLOCK12/SES121/SA121S25	SES106	-0.253883	-65.0211	-64.7672
BLOCK12/SES121/SA121S25	SES206	0.689507	-64.0777	-64.7672
BLOCK12/SES121/SA121S27	SES087	0.204681	-65.4681	-65.6727
BLOCK12/SES121/SA121S27	SES105	-1.64938	-67.3221	-65.6727
BLOCK12/SES121/SA121S27	SES120	-1.57307	-67.2458	-65.6727
BLOCK12/SES121/SA121S27	SES206	0.916229	-64.7565	-65.6727
BLOCK12/SES124/SA124S16	SES042	1.51057	-61.7572	-63.2678
BLOCK12/SES124/SA124S16	SES082	1.21135	-62.0564	-63.2678
BLOCK12/SES124/SA124S16	SES183	-0.83643	-64.1042	-63.2678
BLOCK12/SES124/SA124S16	SES206	1.13963	-62.1281	-63.2678
BLOCK12/SES124/SA124S17	SES105	-1.0814	-65.4714	-64.39
BLOCK12/SES124/SA124S17	SES149	1.67584	-62.7141	-64.39
BLOCK12/SES124/SA124S17	SES158	1.76228	-62.6277	-64.39
BLOCK12/SES124/SA124S17	SES275	-1.70214	-66.0921	-64.39
BLOCK12/SES124/SA124S23	SES105	-1.0575	-63.279	-62.2215
BLOCK12/SES124/SA124S23	SES125	1.63366	-60.5879	-62.2215
BLOCK12/SES124/SA124S23	SES129	-1.0293	-63.2508	-62.2215
BLOCK12/SES124/SA124S23	SES158	1.16385	-61.0577	-62.2215
BLOCK12/SES124/SA124S26	SES105	-1.55018	-65.0662	-63.516
BLOCK12/SES124/SA124S26	SES125	1.9539	-61.5621	-63.516
BLOCK12/SES124/SA124S26	SES129	-1.39507	-64.9111	-63.516
BLOCK12/SES124/SA124S26	SES158	0.81324	-62.7028	-63.516
BLOCK12/SES124/SA124S28	SES104	0.753498	-61.6866	-62.4401
BLOCK12/SES124/SA124S28	SES106	0.892921	-61.5472	-62.4401
BLOCK12/SES124/SA124S28	SES125	1.43904	-61.0011	-62.4401
BLOCK12/SES124/SA124S28	SES275	-1.06623	-63.5063	-62.4401
BLOCK12/SES126/SA126S13	SES007	-0.527168	-65.7456	-65.2184
BLOCK12/SES126/SA126S13	SES162	0.683319	-64.5351	-65.2184
BLOCK12/SES126/SA126S13	SES177	1.17416	-64.0442	-65.2184
BLOCK12/SES126/SA126S13	SES180	1.18906	-64.0293	-65.2184
BLOCK12/SES126/SA126S14	SES144	0.254341	-65.0924	-65.3468
BLOCK12/SES126/SA126S14	SES148	0.558502	-64.7883	-65.3468
BLOCK12/SES126/SA126S14	SES177	1.49191	-63.8548	-65.3468
BLOCK12/SES126/SA126S14	SES180	1.63454	-63.7122	-65.3468
BLOCK12/SES126/SA126S20	SES007	-0.0532761	-64.0099	-63.9566
BLOCK12/SES126/SA126S20	SES162	-0.374649	-64.3313	-63.9566
BLOCK12/SES126/SA126S20	SES172	-1.54991	-65.5065	-63.9566
BLOCK12/SES126/SA126S20	SES180	0.463066	-63.4936	-63.9566
BLOCK12/SES126/SA126S24	SES120	-0.114235	-65.2045	-65.0902
BLOCK12/SES126/SA126S24	SES162	0.599083	-64.4912	-65.0902
BLOCK12/SES126/SA126S24	SES177	0.905899	-64.1843	-65.0902
BLOCK12/SES126/SA126S24	SES180	1.32209	-63.7682	-65.0902
BLOCK12/SES126/SA126S26	SES120	0.0870132	-64.7695	-64.8565
BLOCK12/SES126/SA126S26	SES177	0.684616	-64.1719	-64.8565
BLOCK12/SES126/SA126S26	SES180	0.666786	-64.1897	-64.8565
BLOCK12/SES126/SA126S26	SES202	-0.686218	-65.5427	-64.8565
BLOCK12/SES128/SA128S10	SES087	-0.0700874	-63.4072	-63.3371
BLOCK12/SES128/SA128S10	SES206	0.618477	-62.7186	-63.3371
BLOCK12/SES128/SA128S10	SES226	0.834991	-62.5021	-63.3371
BLOCK12/SES128/SA128S10	SES270	-0.481758	-63.8189	-63.3371
BLOCK12/SES128/SA128S12	SES120	-1.15876	-64.9085	-63.7497
BLOCK12/SES128/SA128S12	SES158	1.31078	-62.439	-63.7497
BLOCK12/SES128/SA128S12	SES206	0.93045	-62.8193	-63.7497
BLOCK12/SES128/SA128S12	SES226	1.46744	-62.2823	-63.7497
BLOCK12/SES128/SA128S21	SES106	-1.09549	-65.976	-64.8805
BLOCK12/SES128/SA128S21	SES120	-0.241386	-65.1219	-64.8805
BLOCK12/SES128/SA128S21	SES206	-0.60788	-65.4884	-64.8805
BLOCK12/SES128/SA128S21	SES226	-0.146751	-65.0273	-64.8805
BLOCK12/SES128/SA128S24	SES087	-1.74593	-65.9907	-64.2448
BLOCK12/SES128/SA128S24	SES120	-0.377541	-64.6224	-64.2448
BLOCK12/SES128/SA128S24	SES206	-0.61528	-64.8601	-64.2448
BLOCK12/SES128/SA128S24	SES226	-0.45977	-64.7046	-64.2448
BLOCK12/SES128/SA128S27	SES099	-1.47744	-65.6817	-64.2042
BLOCK12/SES128/SA128S27	SES120	-0.354324	-64.5586	-64.2042
BLOCK12/SES128/SA128S27	SES206	-0.382919	-64.5872	-64.2042
BLOCK12/SES128/SA128S27	SES226	0.154289	-64.0499	-64.2042
BLOCK13/SES130/SA130S13	SES143	-1.19708	-67.3656	-66.1685
BLOCK13/SES130/SA130S13	SES144	1.04336	-65.1251	-66.1685
BLOCK13/SES130/SA130S13	SES146	1.1321	-65.0364	-66.1685
BLOCK13/SES130/SA130S13	SES275	0.0615692	-66.1069	-66.1685
BLOCK13/SES130/SA130S15	SES143	-0.645584	-65.026	-64.3804
BLOCK13/SES130/SA130S15	SES144	0.767433	-63.613	-64.3804
BLOCK13/SES130/SA130S15	SES146	0.610069	-63.7703	-64.3804
BLOCK13/SES130/SA130S15	SES275	0.934719	-63.4457	-64.3804
BLOCK13/SES130/SA130S23	SES127	-0.686707	-66.6873	-66.0005
BLOCK13/SES130/SA130S23	SES144	0.781013	-65.2195	-66.0005
BLOCK13/SES130/SA130S23	SES146	1.5094	-64.4911	-66.0005
BLOCK13/SES130/SA130S23	SES162	-0.185226	-66.1858	-66.0005
BLOCK13/SES130/SA130S25	SES127	-1.15939	-65.485	-64.3256
BLOCK13/SES130/SA130S25	SES144	0.775879	-63.5497	-64.3256
BLOCK13/SES130/SA130S25	SES146	1.07529	-63.2503	-64.3256
BLOCK13/SES130/SA130S25	SES275	0.903912	-63.4217	-64.3256
BLOCK13/SES130/SA130S28	SES127	0.0201416	-64.7227	-64.7429
BLOCK13/SES130/SA130S28	SES144	1.22969	-63.5132	-64.7429
BLOCK13/SES130/SA130S28	SES146	0.723236	-64.0196	-64.7429
BLOCK13/SES130/SA130S28	SES275	1.21931	-63.5236	-64.7429
BLOCK13/SES131/SA131S13	SES002	-0.533104	-64.0025	-63.4694
BLOCK13/SES131/SA131S13	SES007	-0.481388	-63.9508	-63.4694
BLOCK13/SES131/SA131S13	SES099	-1.09079	-64.5602	-63.4694
BLOCK13/SES131/SA131S13	SES105	-0.795868	-64.2653	-63.4694
BLOCK13/SES131/SA131S14	SES104	0.333195	-61.766	-62.0992
BLOCK13/SES131/SA131S14	SES106	0.323895	-61.7753	-62.0992
BLOCK13/SES131/SA131S14	SES125	0.176346	-61.9229	-62.0992
BLOCK13/SES131/SA131S14	SES148	-0.607388	-62.7066	-62.0992
BLOCK13/SES131/SA131S20	SES104	-0.033226	-62.2759	-62.2427
BLOCK13/SES131/SA131S20	SES106	0.277927	-61.9648	-62.2427
BLOCK13/SES131/SA131S20	SES125	0.14629	-62.0964	-62.2427
BLOCK13/SES131/SA131S20	SES148	-0.619705	-62.8624	-62.2427
BLOCK13/SES131/SA131S22	SES099	-0.232185	-63.1148	-62.8826
BLOCK13/SES131/SA131S22	SES104	0.506615	-62.376	-62.8826
BLOCK13/SES131/SA131S22	SES125	0.507568	-62.375	-62.8826
BLOCK13/SES131/SA131S22	SES206	0.498032	-62.3846	-62.8826
BLOCK13/SES131/SA131S29	SES087	0.454849	-61.9398	-62.3946
BLOCK13/SES131/SA131S29	SES104	0.18647	-62.2081	-62.3946
BLOCK13/SES131/SA131S29	SES125	0.740559	-61.654	-62.3946
BLOCK13/SES131/SA131S29	SES206	0.436611	-61.958	-62.3946
BLOCK13/SES132/SA132S11	SES083	1.16252	-64.4517	-65.6142
BLOCK13/SES132/SA132S11	SES120	1.33256	-64.2817	-65.6142
BLOCK13/SES132/SA132S11	SES127	1.48602	-64.1282	-65.6142
BLOCK13/SES132/SA132S11	SES275	0.327972	-65.2862	-65.6142
BLOCK13/SES132/SA132S12	SES083	0.924393	-64.3556	-65.2799
BLOCK13/SES132/SA132S12	SES143	-0.384102	-65.664	-65.2799
BLOCK13/SES132/SA132S12	SES144	0.212509	-65.0674	-65.2799
BLOCK13/SES132/SA132S12	SES148	0.478554	-64.8014	-65.2799
BLOCK13/SES132/SA132S22	SES062	1.13892	-64.0658	-65.2047
BLOCK13/SES132/SA132S22	SES083	1.71268	-63.492	-65.2047
BLOCK13/SES132/SA132S22	SES127	1.5836	-63.6211	-65.2047
BLOCK13/SES132/SA132S22	SES275	0.748093	-64.4566	-65.2047
BLOCK13/SES132/SA132S24	SES007	0.314384	-64.1914	-64.5058
BLOCK13/SES132/SA132S24	SES083	1.12018	-63.3857	-64.5058
BLOCK13/SES132/SA132S24	SES127	1.59944	-62.9064	-64.5058
BLOCK13/SES132/SA132S24	SES275	-0.00495148	-64.5108	-64.5058
BLOCK13/SES132/SA132S27	SES083	0.549889	-62.3383	-62.8882
BLOCK13/SES132/SA132S27	SES120	0.74181	-62.1464	-62.8882
BLOCK13/SES132/SA132S27	SES127	0.808208	-62.08	-62.8882
BLOCK13/SES132/SA132S27	SES275	-0.015007	-62.9032	-62.8882
BLOCK14/SES141/SA141S09	SES143	0.252483	-63.339	-63.5915
BLOCK14/SES141/SA141S09	SES144	0.444653	-63.1469	-63.5915
BLOCK14/SES141/SA141S09	SES162	0.663265	-62.9282	-63.5915
BLOCK14/SES141/SA141S09	SES180	1.14366	-62.4479	-63.5915
BLOCK14/SES141/SA141S15	SES127	0.846931	-64.3355	-65.1825
BLOCK14/SES141/SA141S15	SES144	0.270157	-64.9123	-65.1825
BLOCK14/SES141/SA141S15	SES162	1.2371	-63.9454	-65.1825
BLOCK14/SES141/SA141S15	SES180	1.51236	-63.6701	-65.1825
BLOCK14/SES141/SA141S24	SES127	1.35899	-64.507	-65.866
BLOCK14/SES141/SA141S24	SES144	0.0383835	-65.8276	-65.866
BLOCK14/SES141/SA141S24	SES162	1.21178	-64.6542	-65.866
BLOCK14/SES141/SA141S24	SES183	0.0704041	-65.7956	-65.866
BLOCK14/SES141/SA141S26	SES142	1.34899	-65.3136	-66.6626
BLOCK14/SES141/SA141S26	SES144	0.945129	-65.7175	-66.6626
BLOCK14/SES141/SA141S26	SES172	-0.145836	-66.8084	-66.6626
BLOCK14/SES141/SA141S26	SES180	1.86406	-64.7985	-66.6626
BLOCK14/SES141/SA141S29	SES127	1.39892	-62.6456	-64.0445
BLOCK14/SES141/SA141S29	SES142	1.13908	-62.9054	-64.0445
BLOCK14/SES141/SA141S29	SES144	0.211231	-63.8332	-64.0445
BLOCK14/SES141/SA141S29	SES180	1.43267	-62.6118	-64.0445
BLOCK15/SES157/SA157S08	SES083	0.993843	-63.7835	-64.7773
BLOCK15/SES157/SA157S08	SES127	0.55056	-64.2268	-64.7773
BLOCK15/SES157/SA157S08	SES148	0.647911	-64.1294	-64.7773
BLOCK15/SES157/SA157S08	SES292	0.706398	-64.0709	-64.7773
BLOCK15/SES157/SA157S11	SES083	0.29512	-64.3194	-64.6145
BLOCK15/SES157/SA157S11	SES127	-0.727066	-65.3416	-64.6145
BLOCK15/SES157/SA157S11	SES148	-0.17894	-64.7934	-64.6145
BLOCK15/SES157/SA157S11	SES292	0.467995	-64.1465	-64.6145
BLOCK15/SES157/SA157S21	SES127	-0.564255	-63.8925	-63.3282
BLOCK15/SES157/SA157S21	SES148	0.0204849	-63.3077	-63.3282
BLOCK15/SES157/SA157S21	SES158	-1.64928	-64.9775	-63.3282
BLOCK15/SES157/SA157S21	SES292	0.70908	-62.6191	-63.3282
BLOCK15/SES157/SA157S24	SES127	-0.118385	-66.0831	-65.9648
BLOCK15/SES157/SA157S24	SES148	0.526093	-65.4387	-65.9648
BLOCK15/SES157/SA157S24	SES183	-0.764099	-66.7289	-65.9648
BLOCK15/SES157/SA157S24	SES292	1.08748	-64.8773	-65.9648
BLOCK15/SES157/SA157S26	SES007	0.647137	-63.8411	-64.4883
BLOCK15/SES157/SA157S26	SES127	1.15411	-63.3342	-64.4883
BLOCK15/SES157/SA157S26	SES147	0.312157	-64.1761	-64.4883
BLOCK15/SES157/SA157S26	SES148	0.869953	-63.6183	-64.4883
BLOCK16/SES161/SA161S10	SES007	-0.235123	-65.3051	-65.07
BLOCK16/SES161/SA161S10	SES105	0.427483	-64.6425	-65.07
BLOCK16/SES161/SA161S10	SES158	-0.17672	-65.2467	-65.07
BLOCK16/SES161/SA161S10	SES275	-0.277855	-65.3479	-65.07
BLOCK16/SES161/SA161S12	SES007	0.0495872	-63.6395	-63.6891
BLOCK16/SES161/SA161S12	SES105	0.0852852	-63.6038	-63.6891
BLOCK16/SES161/SA161S12	SES158	-0.250439	-63.9396	-63.6891
BLOCK16/SES161/SA161S12	SES275	0.0873146	-63.6018	-63.6891
BLOCK16/SES161/SA161S20	SES007	0.0119019	-65.447	-65.4589
BLOCK16/SES161/SA161S20	SES105	0.619759	-64.8392	-65.4589
BLOCK16/SES161/SA161S20	SES158	0.284592	-65.1743	-65.4589
BLOCK16/SES161/SA161S20	SES275	-0.391815	-65.8508	-65.4589
BLOCK16/SES161/SA161S23	SES007	0.0303345	-63.3429	-63.3732
BLOCK16/SES161/SA161S23	SES105	-0.0180168	-63.3912	-63.3732
BLOCK16/SES161/SA161S23	SES148	-0.743469	-64.1167	-63.3732
BLOCK16/SES161/SA161S23	SES158	-0.198647	-63.5719	-63.3732
BLOCK16/SES161/SA161S28	SES007	-0.203121	-63.5496	-63.3465
BLOCK16/SES161/SA161S28	SES105	-0.00469971	-63.3512	-63.3465
BLOCK16/SES161/SA161S28	SES158	0.0383797	-63.3081	-63.3465
BLOCK16/SES161/SA161S28	SES206	-0.0264969	-63.373	-63.3465
BLOCK16/SES164/SA164S11	SES104	0.0303993	-62.4695	-62.4999
BLOCK16/SES164/SA164S11	SES125	0.543789	-61.9561	-62.4999
BLOCK16/SES164/SA164S11	SES158	0.418728	-62.0812	-62.4999
BLOCK16/SES164/SA164S11	SES206	1.03198	-61.468	-62.4999
BLOCK16/SES164/SA164S13	SES099	0.96067	-62.0865	-63.0472
BLOCK16/SES164/SA164S13	SES104	-0.364777	-63.412	-63.0472
BLOCK16/SES164/SA164S13	SES125	-0.486515	-63.5337	-63.0472
BLOCK16/SES164/SA164S13	SES206	0.590488	-62.4567	-63.0472
BLOCK16/SES164/SA164S24	SES002	1.0887	-61.3476	-62.4362
BLOCK16/SES164/SA164S24	SES099	1.02492	-61.4113	-62.4362
BLOCK16/SES164/SA164S24	SES125	0.141331	-62.2949	-62.4362
BLOCK16/SES164/SA164S24	SES226	0.0608215	-62.3754	-62.4362
BLOCK16/SES164/SA164S27	SES087	0.663467	-62.7665	-63.43
BLOCK16/SES164/SA164S27	SES125	0.170467	-63.2595	-63.43
BLOCK16/SES164/SA164S27	SES206	0.858688	-62.5713	-63.43
BLOCK16/SES164/SA164S27	SES226	-0.0258865	-63.4559	-63.43
BLOCK16/SES164/SA164S29	SES002	0.4673	-61.8164	-62.2837
BLOCK16/SES164/SA164S29	SES019	0.429359	-61.8544	-62.2837
BLOCK16/SES164/SA164S29	SES125	0.016407	-62.2673	-62.2837
BLOCK16/SES164/SA164S29	SES226	-0.111385	-62.3951	-62.2837
BLOCK16/SES169/SA169S13	SES117	-0.112411	-63.9502	-63.8378
BLOCK16/SES169/SA169S13	SES144	0.555702	-63.2821	-63.8378
BLOCK16/SES169/SA169S13	SES146	-0.147755	-63.9856	-63.8378
BLOCK16/SES169/SA169S13	SES162	-0.561954	-64.3998	-63.8378
BLOCK16/SES169/SA169S14	SES144	1.08064	-62.6947	-63.7753
BLOCK16/SES169/SA169S14	SES148	0.158264	-63.617	-63.7753
BLOCK16/SES169/SA169S14	SES177	-0.405281	-64.1806	-63.7753
BLOCK16/SES169/SA169S14	SES180	-0.724045	-64.4993	-63.7753
BLOCK16/SES169/SA169S24	SES117	-0.176186	-63.5243	-63.3482
BLOCK16/SES169/SA169S24	SES144	0.459572	-62.8886	-63.3482
BLOCK16/SES169/SA169S24	SES146	-0.116974	-63.4651	-63.3482
BLOCK16/SES169/SA169S24	SES162	-0.205509	-63.5537	-63.3482
BLOCK16/SES169/SA169S27	SES127	0.149857	-63.3493	-63.4991
BLOCK16/SES169/SA169S27	SES129	0.546829	-62.9523	-63.4991
BLOCK16/SES169/SA169S27	SES144	0.428238	-63.0709	-63.4991
BLOCK16/SES169/SA169S27	SES146	-0.150215	-63.6494	-63.4991
BLOCK16/SES169/SA169S29	SES144	0.484684	-62.9621	-63.4468
BLOCK16/SES169/SA169S29	SES162	-0.361355	-63.8081	-63.4468
BLOCK16/SES169/SA169S29	SES177	-0.385303	-63.8321	-63.4468
BLOCK16/SES169/SA169S29	SES180	-0.418865	-63.8656	-63.4468
BLOCK17/SES171/SA171S12	SES083	0.446663	-64.1775	-64.6242
BLOCK17/SES171/SA171S12	SES148	0.269608	-64.3545	-64.6242
BLOCK17/SES171/SA171S12	SES172	0.283226	-64.3409	-64.6242
BLOCK17/SES171/SA171S12	SES292	0.25489	-64.3693	-64.6242
BLOCK17/SES171/SA171S15	SES148	0.318306	-64.5459	-64.8642
BLOCK17/SES171/SA171S15	SES177	0.545288	-64.3189	-64.8642
BLOCK17/SES171/SA171S15	SES180	0.745636	-64.1186	-64.8642
BLOCK17/SES171/SA171S15	SES292	-0.619362	-65.4836	-64.8642
BLOCK17/SES171/SA171S22	SES007	0.212639	-63.325	-63.5377
BLOCK17/SES171/SA171S22	SES148	0.481503	-63.0562	-63.5377
BLOCK17/SES171/SA171S22	SES177	0.969444	-62.5682	-63.5377
BLOCK17/SES171/SA171S22	SES180	0.662586	-62.8751	-63.5377
BLOCK17/SES171/SA171S25	SES101	-0.629776	-67.2362	-66.6064
BLOCK17/SES171/SA171S25	SES120	-0.677902	-67.2843	-66.6064
BLOCK17/SES171/SA171S25	SES177	0.606491	-65.9999	-66.6064
BLOCK17/SES171/SA171S25	SES180	0.753227	-65.8532	-66.6064
BLOCK17/SES171/SA171S27	SES177	1.04697	-62.7638	-63.8108
BLOCK17/SES171/SA171S27	SES180	0.766895	-63.0439	-63.8108
BLOCK17/SES171/SA171S27	SES189	-0.216827	-64.0276	-63.8108
BLOCK17/SES171/SA171S27	SES292	-0.0666962	-63.8775	-63.8108
BLOCK17/SES173/SA173S13	SES162	-0.199196	-67.2905	-67.0913
BLOCK17/SES173/SA173S13	SES177	0.865005	-66.2263	-67.0913
BLOCK17/SES173/SA173S13	SES180	2.11983	-64.9714	-67.0913
BLOCK17/SES173/SA173S13	SES292	-1.86546	-68.9567	-67.0913
BLOCK17/SES173/SA173S14	SES007	-1.03041	-66.9349	-65.9045
BLOCK17/SES173/SA173S14	SES162	0.137009	-65.7675	-65.9045
BLOCK17/SES173/SA173S14	SES177	0.772606	-65.1319	-65.9045
BLOCK17/SES173/SA173S14	SES180	1.64175	-64.2627	-65.9045
BLOCK17/SES173/SA173S24	SES144	1.48692	-65.8132	-67.3001
BLOCK17/SES173/SA173S24	SES162	-0.540375	-67.8405	-67.3001
BLOCK17/SES173/SA173S24	SES177	0.608315	-66.6918	-67.3001
BLOCK17/SES173/SA173S24	SES180	2.19994	-65.1002	-67.3001
BLOCK17/SES173/SA173S27	SES162	-0.493484	-67.4274	-66.9339
BLOCK17/SES173/SA173S27	SES177	0.856415	-66.0775	-66.9339
BLOCK17/SES173/SA173S27	SES180	1.61267	-65.3213	-66.9339
BLOCK17/SES173/SA173S27	SES292	-2.14221	-69.0761	-66.9339
BLOCK17/SES173/SA173S29	SES162	-0.341446	-66.0376	-65.6962
BLOCK17/SES173/SA173S29	SES175	1.50404	-64.1921	-65.6962
BLOCK17/SES173/SA173S29	SES177	0.622055	-65.0741	-65.6962
BLOCK17/SES173/SA173S29	SES292	-1.8288	-67.525	-65.6962
BLOCK18/SES182/SA182S10	SES144	0.559212	-64.2679	-64.8272
BLOCK18/SES182/SA182S10	SES177	0.722229	-64.1049	-64.8272
BLOCK18/SES182/SA182S10	SES180	0.718597	-64.1086	-64.8272
BLOCK18/SES182/SA182S10	SES275	-0.242584	-65.0697	-64.8272
BLOCK18/SES182/SA182S12	SES144	0.345352	-63.7141	-64.0594
BLOCK18/SES182/SA182S12	SES177	0.735912	-63.3235	-64.0594
BLOCK18/SES182/SA182S12	SES180	0.197906	-63.8615	-64.0594
BLOCK18/SES182/SA182S12	SES275	-0.286125	-64.3456	-64.0594
BLOCK18/SES182/SA182S21	SES117	0.401993	-64.5701	-64.9721
BLOCK18/SES182/SA182S21	SES144	0.714134	-64.258	-64.9721
BLOCK18/SES182/SA182S21	SES162	1.51353	-63.4586	-64.9721
BLOCK18/SES182/SA182S21	SES180	1.29945	-63.6726	-64.9721
BLOCK18/SES182/SA182S23	SES117	0.114685	-64.7485	-64.8632
BLOCK18/SES182/SA182S23	SES144	0.519493	-64.3437	-64.8632
BLOCK18/SES182/SA182S23	SES180	0.298294	-64.5649	-64.8632
BLOCK18/SES182/SA182S23	SES275	-0.00318909	-64.8664	-64.8632
BLOCK18/SES182/SA182S25	SES007	0.121361	-64.5138	-64.6351
BLOCK18/SES182/SA182S25	SES162	1.19882	-63.4363	-64.6351
BLOCK18/SES182/SA182S25	SES177	1.21382	-63.4213	-64.6351
BLOCK18/SES182/SA182S25	SES180	0.960659	-63.6745	-64.6351
BLOCK18/SES184/SA184S12	SES177	0.280884	-63.2482	-63.5291
BLOCK18/SES184/SA184S12	SES180	0.153637	-63.3755	-63.5291
BLOCK18/SES184/SA184S12	SES189	-0.651783	-64.1809	-63.5291
BLOCK18/SES184/SA184S12	SES292	0.0237846	-63.5053	-63.5291
BLOCK18/SES184/SA184S13	SES101	0.698158	-64.0484	-64.7466
BLOCK18/SES184/SA184S13	SES177	0.85849	-63.8881	-64.7466
BLOCK18/SES184/SA184S13	SES180	0.551941	-64.1946	-64.7466
BLOCK18/SES184/SA184S13	SES292	0.190643	-64.5559	-64.7466
BLOCK18/SES184/SA184S22	SES177	0.717392	-63.7669	-64.4843
BLOCK18/SES184/SA184S22	SES180	0.733376	-63.7509	-64.4843
BLOCK18/SES184/SA184S22	SES189	-0.329346	-64.8136	-64.4843
BLOCK18/SES184/SA184S22	SES292	0.286186	-64.1981	-64.4843
BLOCK18/SES184/SA184S25	SES101	1.04045	-63.1559	-64.1964
BLOCK18/SES184/SA184S25	SES177	0.774261	-63.4221	-64.1964
BLOCK18/SES184/SA184S25	SES180	0.0578918	-64.1385	-64.1964
BLOCK18/SES184/SA184S25	SES292	0.551884	-63.6445	-64.1964
BLOCK18/SES184/SA184S27	SES083	0.200836	-64.1179	-64.3187
BLOCK18/SES184/SA184S27	SES177	0.492352	-63.8263	-64.3187
BLOCK18/SES184/SA184S27	SES202	-0.647621	-64.9663	-64.3187
BLOCK18/SES184/SA184S27	SES292	-0.161598	-64.4803	-64.3187
BLOCK20/SES204/SA204S12	SES062	-0.583378	-64.3914	-63.808
BLOCK20/SES204/SA204S12	SES083	-0.657597	-64.4656	-63.808
BLOCK20/SES204/SA204S12	SES206	0.743019	-63.065	-63.808
BLOCK20/SES204/SA204S12	SES226	0.642555	-63.1655	-63.808
BLOCK20/SES204/SA204S14	SES068	-1.37168	-64.5231	-63.1514
BLOCK20/SES204/SA204S14	SES087	-0.0997467	-63.2512	-63.1514
BLOCK20/SES204/SA204S14	SES206	0.758472	-62.393	-63.1514
BLOCK20/SES204/SA204S14	SES226	0.739544	-62.4119	-63.1514
BLOCK20/SES204/SA204S22	SES068	-1.32207	-64.8799	-63.5578
BLOCK20/SES204/SA204S22	SES082	0.505154	-63.0527	-63.5578
BLOCK20/SES204/SA204S22	SES083	-0.833294	-64.3911	-63.5578
BLOCK20/SES204/SA204S22	SES206	0.765659	-62.7922	-63.5578
BLOCK20/SES204/SA204S25	SES062	-1.04517	-64.1096	-63.0644
BLOCK20/SES204/SA204S25	SES083	-0.787247	-63.8517	-63.0644
BLOCK20/SES204/SA204S25	SES206	0.649296	-62.4151	-63.0644
BLOCK20/SES204/SA204S25	SES226	0.684837	-62.3796	-63.0644
BLOCK20/SES204/SA204S27	SES068	-1.42626	-64.876	-63.4497
BLOCK20/SES204/SA204S27	SES082	0.7411	-62.7086	-63.4497
BLOCK20/SES204/SA204S27	SES087	0.446815	-63.0029	-63.4497
BLOCK20/SES204/SA204S27	SES206	0.96069	-62.489	-63.4497
BLOCK20/SES207/SA207S10	SES127	1.61501	-62.5021	-64.1171
BLOCK20/SES207/SA207S10	SES183	0.7948	-63.3223	-64.1171
BLOCK20/SES207/SA207S10	SES189	0.253166	-63.8639	-64.1171
BLOCK20/SES207/SA207S10	SES292	0.586472	-63.5306	-64.1171
BLOCK20/SES207/SA207S11	SES127	0.460541	-63.8869	-64.3475
BLOCK20/SES207/SA207S11	SES183	0.503971	-63.8435	-64.3475
BLOCK20/SES207/SA207S11	SES187	0.386139	-63.9613	-64.3475
BLOCK20/SES207/SA207S11	SES292	0.44643	-63.9011	-64.3475
BLOCK20/SES207/SA207S25	SES068	1.38412	-64.6442	-66.0284
BLOCK20/SES207/SA207S25	SES083	0.715744	-65.3126	-66.0284
BLOCK20/SES207/SA207S25	SES127	1.24924	-64.7791	-66.0284
BLOCK20/SES207/SA207S25	SES187	1.31496	-64.7134	-66.0284
BLOCK20/SES207/SA207S27	SES127	0.713737	-64.2579	-64.9716
BLOCK20/SES207/SA207S27	SES183	0.0332413	-64.9384	-64.9716
BLOCK20/SES207/SA207S27	SES187	0.362305	-64.6093	-64.9716
BLOCK20/SES207/SA207S27	SES292	0.216934	-64.7547	-64.9716
BLOCK20/SES207/SA207S29	SES083	0.582008	-65.6445	-66.2265
BLOCK20/SES207/SA207S29	SES085	1.01948	-65.207	-66.2265
BLOCK20/SES207/SA207S29	SES172	0.484718	-65.7417	-66.2265
BLOCK20/SES207/SA207S29	SES189	0.236237	-65.9902	-66.2265
BLOCK22/SES221/SA221S12	SES068	0.152786	-65.2246	-65.3774
BLOCK22/SES221/SA221S12	SES143	0.494255	-64.8832	-65.3774
BLOCK22/SES221/SA221S12	SES175	1.379	-63.9984	-65.3774
BLOCK22/SES221/SA221S12	SES202	2.22462	-63.1528	-65.3774
BLOCK22/SES221/SA221S15	SES085	-0.0223999	-66.453	-66.4306
BLOCK22/SES221/SA221S15	SES143	0.726761	-65.7038	-66.4306
BLOCK22/SES221/SA221S15	SES175	1.3018	-65.1288	-66.4306
BLOCK22/SES221/SA221S15	SES187	1.66774	-64.7629	-66.4306
BLOCK22/SES221/SA221S23	SES068	0.613441	-65.7622	-66.3756
BLOCK22/SES221/SA221S23	SES143	0.466209	-65.9094	-66.3756
BLOCK22/SES221/SA221S23	SES175	1.69308	-64.6825	-66.3756
BLOCK22/SES221/SA221S23	SES189	1.60541	-64.7702	-66.3756
BLOCK22/SES221/SA221S27	SES085	-0.440117	-68.4801	-68.04
BLOCK22/SES221/SA221S27	SES143	0.406837	-67.6332	-68.04
BLOCK22/SES221/SA221S27	SES175	0.708359	-67.3316	-68.04
BLOCK22/SES221/SA221S27	SES189	2.19887	-65.8411	-68.04
BLOCK22/SES221/SA221S29	SES085	-0.0148926	-67.9844	-67.9695
BLOCK22/SES221/SA221S29	SES143	0.269867	-67.6997	-67.9695
BLOCK22/SES221/SA221S29	SES175	1.04665	-66.9229	-67.9695
BLOCK22/SES221/SA221S29	SES187	1.75623	-66.2133	-67.9695
BLOCK22/SES223/SA223S11	SES143	0.352318	-65.2897	-65.642
BLOCK22/SES223/SA223S11	SES144	0.426613	-65.2154	-65.642
BLOCK22/SES223/SA223S11	SES175	1.18853	-64.4535	-65.642
BLOCK22/SES223/SA223S11	SES187	1.15501	-64.487	-65.642
BLOCK22/SES223/SA223S13	SES068	0.3032	-66.315	-66.6182
BLOCK22/SES223/SA223S13	SES143	0.254311	-66.3639	-66.6182
BLOCK22/SES223/SA223S13	SES146	-0.601959	-67.2202	-66.6182
BLOCK22/SES223/SA223S13	SES202	1.68124	-64.937	-66.6182
BLOCK22/SES223/SA223S22	SES143	0.356918	-64.4285	-64.7854
BLOCK22/SES223/SA223S22	SES144	0.186623	-64.5988	-64.7854
BLOCK22/SES223/SA223S22	SES175	0.136627	-64.6488	-64.7854
BLOCK22/SES223/SA223S22	SES187	0.781555	-64.0039	-64.7854
BLOCK22/SES223/SA223S25	SES068	-0.210335	-64.3255	-64.1152
BLOCK22/SES223/SA223S25	SES143	0.279682	-63.8355	-64.1152
BLOCK22/SES223/SA223S25	SES175	0.756836	-63.3583	-64.1152
BLOCK22/SES223/SA223S25	SES187	0.830311	-63.2849	-64.1152
BLOCK22/SES223/SA223S27	SES143	0.586647	-65.3858	-65.9725
BLOCK22/SES223/SA223S27	SES146	-0.346024	-66.3185	-65.9725
BLOCK22/SES223/SA223S27	SES187	0.940598	-65.0319	-65.9725
BLOCK22/SES223/SA223S27	SES292	-0.450638	-66.4231	-65.9725
BLOCK27/SES273/SA273S12	SES099	-0.027359	-63.1867	-63.1593
BLOCK27/SES273/SA273S12	SES104	1.35876	-61.8006	-63.1593
BLOCK27/SES273/SA273S12	SES125	1.73473	-61.4246	-63.1593
BLOCK27/SES273/SA273S12	SES206	1.07936	-62.08	-63.1593
BLOCK27/SES273/SA273S13	SES099	0.0092392	-63.3686	-63.3778
BLOCK27/SES273/SA273S13	SES104	1.26365	-62.1142	-63.3778
BLOCK27/SES273/SA273S13	SES206	1.16481	-62.213	-63.3778
BLOCK27/SES273/SA273S13	SES292	-1.34438	-64.7222	-63.3778
BLOCK27/SES273/SA273S21	SES099	0.027298	-63.3273	-63.3546
BLOCK27/SES273/SA273S21	SES148	-1.66756	-65.0221	-63.3546
BLOCK27/SES273/SA273S21	SES149	-0.0783997	-63.433	-63.3546
BLOCK27/SES273/SA273S21	SES177	-1.46574	-64.8203	-63.3546
BLOCK27/SES273/SA273S25	SES104	0.287281	-62.5941	-62.8814
BLOCK27/SES273/SA273S25	SES125	0.726204	-62.1552	-62.8814
BLOCK27/SES273/SA273S25	SES158	0.825745	-62.0556	-62.8814
BLOCK27/SES273/SA273S25	SES206	0.650143	-62.2312	-62.8814
BLOCK27/SES273/SA273S27	SES099	0.171333	-61.1407	-61.312
BLOCK27/SES273/SA273S27	SES104	0.244247	-61.0678	-61.312
BLOCK27/SES273/SA273S27	SES149	0.429146	-60.8829	-61.312
BLOCK27/SES273/SA273S27	SES275	-0.447891	-61.7599	-61.312
BLOCK27/SES274/SA274S10	SES105	-1.13684	-63.362	-62.2252
BLOCK27/SES274/SA274S10	SES125	-0.0392036	-62.2644	-62.2252
BLOCK27/SES274/SA274S10	SES129	-1.14559	-63.3708	-62.2252
BLOCK27/SES274/SA274S10	SES158	0.373966	-61.8512	-62.2252
BLOCK27/SES274/SA274S11	SES105	-0.801594	-63.5964	-62.7948
BLOCK27/SES274/SA274S11	SES149	0.271122	-62.5236	-62.7948
BLOCK27/SES274/SA274S11	SES158	0.0587769	-62.736	-62.7948
BLOCK27/SES274/SA274S11	SES275	-0.749382	-63.5441	-62.7948
BLOCK27/SES274/SA274S21	SES105	-1.07005	-63.6576	-62.5875
BLOCK27/SES274/SA274S21	SES129	-1.18697	-63.7745	-62.5875
BLOCK27/SES274/SA274S21	SES149	0.164299	-62.4232	-62.5875
BLOCK27/SES274/SA274S21	SES158	0.0148392	-62.5727	-62.5875
BLOCK27/SES274/SA274S24	SES105	-1.58738	-64.7167	-63.1293
BLOCK27/SES274/SA274S24	SES129	-1.59485	-64.7242	-63.1293
BLOCK27/SES274/SA274S24	SES149	0.423347	-62.706	-63.1293
BLOCK27/SES274/SA274S24	SES158	0.242794	-62.8865	-63.1293
BLOCK27/SES274/SA274S29	SES105	-1.04381	-63.7057	-62.6619
BLOCK27/SES274/SA274S29	SES106	0.105694	-62.5562	-62.6619
BLOCK27/SES274/SA274S29	SES120	-0.707176	-63.3691	-62.6619
BLOCK27/SES274/SA274S29	SES275	-0.257313	-62.9192	-62.6619
BLOCK27/SES276/SA276S16	SES148	0.0198822	-66.7128	-66.7326
BLOCK27/SES276/SA276S16	SES172	-0.492172	-67.2248	-66.7326
BLOCK27/SES276/SA276S16	SES180	-0.765671	-67.4983	-66.7326
BLOCK27/SES276/SA276S16	SES292	1.59063	-65.142	-66.7326
BLOCK27/SES276/SA276S17	SES101	0.97319	-64.2933	-65.2665
BLOCK27/SES276/SA276S17	SES177	0.646729	-64.6198	-65.2665
BLOCK27/SES276/SA276S17	SES180	-0.218658	-65.4852	-65.2665
BLOCK27/SES276/SA276S17	SES292	0.800957	-64.4656	-65.2665
BLOCK27/SES276/SA276S24	SES101	1.06349	-63.496	-64.5595
BLOCK27/SES276/SA276S24	SES177	0.376587	-64.1829	-64.5595
BLOCK27/SES276/SA276S24	SES180	0.342773	-64.2167	-64.5595
BLOCK27/SES276/SA276S24	SES292	0.794254	-63.7652	-64.5595
BLOCK27/SES276/SA276S26	SES101	-0.0516243	-63.9141	-63.8625
BLOCK27/SES276/SA276S26	SES177	0.511765	-63.3507	-63.8625
BLOCK27/SES276/SA276S26	SES180	0.343231	-63.5193	-63.8625
BLOCK27/SES276/SA276S26	SES292	0.184711	-63.6778	-63.8625
BLOCK27/SES276/SA276S28	SES101	1.06426	-64.0205	-65.0847
BLOCK27/SES276/SA276S28	SES177	0.40831	-64.6764	-65.0847
BLOCK27/SES276/SA276S28	SES180	0.107124	-64.9776	-65.0847
BLOCK27/SES276/SA276S28	SES292	0.742325	-64.3424	-65.0847
BLOCK27/SES277/SA277S12	SES101	0.827354	-64.9925	-65.8198
BLOCK27/SES277/SA277S12	SES177	1.25295	-64.5669	-65.8198
BLOCK27/SES277/SA277S12	SES180	1.5466	-64.2732	-65.8198
BLOCK27/SES277/SA277S12	SES292	0.547028	-65.2728	-65.8198
BLOCK27/SES277/SA277S14	SES177	0.935616	-63.8033	-64.7389
BLOCK27/SES277/SA277S14	SES180	1.53925	-63.1996	-64.7389
BLOCK27/SES277/SA277S14	SES189	0.35318	-64.3857	-64.7389
BLOCK27/SES277/SA277S14	SES292	-0.458359	-65.1973	-64.7389
BLOCK27/SES277/SA277S21	SES177	0.630783	-64.822	-65.4528
BLOCK27/SES277/SA277S21	SES180	0.430275	-65.0225	-65.4528
BLOCK27/SES277/SA277S21	SES189	0.348221	-65.1046	-65.4528
BLOCK27/SES277/SA277S21	SES292	0.122841	-65.3299	-65.4528
BLOCK27/SES277/SA277S24	SES144	0.460541	-65.3292	-65.7897
BLOCK27/SES277/SA277S24	SES177	0.840263	-64.9495	-65.7897
BLOCK27/SES277/SA277S24	SES180	0.410477	-65.3793	-65.7897
BLOCK27/SES277/SA277S24	SES189	0.0816269	-65.7081	-65.7897
BLOCK27/SES277/SA277S29	SES177	0.838062	-62.9592	-63.7973
BLOCK27/SES277/SA277S29	SES180	0.916897	-62.8804	-63.7973
BLOCK27/SES277/SA277S29	SES202	0.290211	-63.5071	-63.7973
BLOCK27/SES277/SA277S29	SES292	-0.31913	-64.1164	-63.7973
BLOCK27/SES279/SA279S09	SES120	-0.401905	-62.7965	-62.3946
BLOCK27/SES279/SA279S09	SES146	0.0696869	-62.3249	-62.3946
BLOCK27/SES279/SA279S09	SES206	-0.0346947	-62.4293	-62.3946
BLOCK27/SES279/SA279S09	SES226	0.119072	-62.2755	-62.3946
BLOCK27/SES279/SA279S10	SES099	-1.12435	-64.9053	-63.7809
BLOCK27/SES279/SA279S10	SES206	-0.124958	-63.9059	-63.7809
BLOCK27/SES279/SA279S10	SES226	0.175228	-63.6057	-63.7809
BLOCK27/SES279/SA279S10	SES292	0.0527	-63.7282	-63.7809
BLOCK27/SES279/SA279S20	SES099	-0.944801	-64.7801	-63.8353
BLOCK27/SES279/SA279S20	SES206	-0.458961	-64.2942	-63.8353
BLOCK27/SES279/SA279S20	SES226	-0.358696	-64.194	-63.8353
BLOCK27/SES279/SA279S20	SES292	0.209743	-63.6255	-63.8353
BLOCK27/SES279/SA279S26	SES099	-1.79301	-66.6597	-64.8667
BLOCK27/SES279/SA279S26	SES206	-1.37286	-66.2396	-64.8667
BLOCK27/SES279/SA279S26	SES226	-0.946884	-65.8136	-64.8667
BLOCK27/SES279/SA279S26	SES292	0.187645	-64.6791	-64.8667
BLOCK27/SES279/SA279S28	SES099	-0.214291	-62.6949	-62.4807
BLOCK27/SES279/SA279S28	SES120	-0.107456	-62.5881	-62.4807
BLOCK27/SES279/SA279S28	SES177	-0.822128	-63.3028	-62.4807
BLOCK27/SES279/SA279S28	SES206	0.00663757	-62.474	-62.4807
BLOCK29/SES290/SA290S12	SES162	0.512413	-64.4908	-65.0032
BLOCK29/SES290/SA290S12	SES177	1.12868	-63.8745	-65.0032
BLOCK29/SES290/SA290S12	SES180	0.71946	-64.2837	-65.0032
BLOCK29/SES290/SA290S12	SES292	-0.2649	-65.2681	-65.0032
BLOCK29/SES290/SA290S13	SES007	-0.541626	-65.786	-65.2444
BLOCK29/SES290/SA290S13	SES162	0.285118	-64.9593	-65.2444
BLOCK29/SES290/SA290S13	SES177	0.493378	-64.751	-65.2444
BLOCK29/SES290/SA290S13	SES180	0.466225	-64.7782	-65.2444
BLOCK29/SES290/SA290S22	SES177	0.905689	-62.7999	-63.7056
BLOCK29/SES290/SA290S22	SES180	0.970219	-62.7354	-63.7056
BLOCK29/SES290/SA290S22	SES202	0.154148	-63.5515	-63.7056
BLOCK29/SES290/SA290S22	SES292	-0.180691	-63.8863	-63.7056
BLOCK29/SES290/SA290S25	SES162	0.95483	-63.2053	-64.1601
BLOCK29/SES290/SA290S25	SES177	1.31904	-62.8411	-64.1601
BLOCK29/SES290/SA290S25	SES180	1.30851	-62.8516	-64.1601
BLOCK29/SES290/SA290S25	SES292	0.0989609	-64.0612	-64.1601
BLOCK29/SES290/SA290S29	SES177	1.1179	-62.1392	-63.2571
BLOCK29/SES290/SA290S29	SES180	1.00982	-62.2473	-63.2571
BLOCK29/SES290/SA290S29	SES275	-0.638313	-63.8954	-63.2571
BLOCK29/SES290/SA290S29	SES292	-0.214001	-63.4711	-63.2571
BLOCK29/SES291/SA291S11	SES105	-0.86377	-63.5517	-62.688
BLOCK29/SES291/SA291S11	SES125	0.292786	-62.3952	-62.688
BLOCK29/SES291/SA291S11	SES158	0.0351143	-62.6528	-62.688
BLOCK29/SES291/SA291S11	SES275	-0.56139	-63.2493	-62.688
BLOCK29/SES291/SA291S12	SES158	0.28619	-61.5922	-61.8784
BLOCK29/SES291/SA291S12	SES226	0.0950203	-61.7834	-61.8784
BLOCK29/SES291/SA291S12	SES270	0.872574	-61.0058	-61.8784
BLOCK29/SES291/SA291S12	SES275	-0.894821	-62.7732	-61.8784
BLOCK29/SES291/SA291S22	SES082	-0.0180397	-62.1368	-62.1188
BLOCK29/SES291/SA291S22	SES158	-0.105549	-62.2243	-62.1188
BLOCK29/SES291/SA291S22	SES259	0.43063	-61.6882	-62.1188
BLOCK29/SES291/SA291S22	SES275	-0.299103	-62.4179	-62.1188
BLOCK29/SES291/SA291S24	SES104	-0.102173	-61.0201	-60.9179
BLOCK29/SES291/SA291S24	SES125	-0.121323	-61.0392	-60.9179
BLOCK29/SES291/SA291S24	SES158	0.230591	-60.6873	-60.9179
BLOCK29/SES291/SA291S24	SES275	-0.751373	-61.6693	-60.9179
BLOCK29/SES291/SA291S27	SES158	0.29287	-61.9738	-62.2667
BLOCK29/SES291/SA291S27	SES172	-1.31005	-63.5768	-62.2667
BLOCK29/SES291/SA291S27	SES275	-0.450634	-62.7173	-62.2667
BLOCK29/SES291/SA291S27	SES292	-0.731789	-62.9985	-62.2667
Threshold search:
THR	-4.73618933105	9	0(0)	1(1000)
THR	-4.6428787377395	8.991	0(0)	0.999(999)
THR	-4.549568144429	8.991	0(0)	0.999(999)
THR	-4.4562575511185	8.991	0(0)	0.999(999)
THR	-4.362946957808	8.991	0(0)	0.999(999)
THR	-4.2696363644975	8.991	0(0)	0.999(999)
THR	-4.176325771187	8.991	0(0)	0.999(999)
THR	-4.0830151778765	8.991	0(0)	0.999(999)
THR	-3.989704584566	8.991	0(0)	0.999(999)
THR	-3.8963939912555	8.991	0(0)	0.999(999)
THR	-3.803083397945	8.991	0(0)	0.999(999)
THR	-3.7097728046345	8.991	0(0)	0.999(999)
THR	-3.616462211324	8.982	0(0)	0.998(998)
THR	-3.5231516180135	8.982	0(0)	0.998(998)
THR	-3.429841024703	8.982	0(0)	0.998(998)
THR	-3.3365304313925	8.982	0(0)	0.998(998)
THR	-3.243219838082	8.982	0(0)	0.998(998)
THR	-3.1499092447715	8.982	0(0)	0.998(998)
THR	-3.056598651461	8.982	0(0)	0.998(998)
THR	-2.9632880581505	8.982	0(0)	0.998(998)
THR	-2.86997746484	8.982	0(0)	0.998(998)
THR	-2.7766668715295	8.982	0(0)	0.998(998)
THR	-2.683356278219	8.973	0(0)	0.997(997)
THR	-2.5900456849085	8.973	0(0)	0.997(997)
THR	-2.496735091598	8.973	0(0)	0.997(997)
THR	-2.4034244982875	8.973	0(0)	0.997(997)
THR	-2.310113904977	8.973	0(0)	0.997(997)
THR	-2.2168033116665	8.973	0(0)	0.997(997)
THR	-2.123492718356	8.955	0(0)	0.995(995)
THR	-2.0301821250455	8.946	0(0)	0.994(994)
THR	-1.936871531735	8.946	0(0)	0.994(994)
THR	-1.8435609384245	8.892	0(0)	0.988(988)
THR	-1.750250345114	8.865	0(0)	0.985(985)
THR	-1.6569397518035	8.811	0(0)	0.979(979)
THR	-1.563629158493	8.748	0(0)	0.972(972)
THR	-1.4703185651825	8.703	0(0)	0.967(967)
THR	-1.377007971872	8.64	0(0)	0.96(960)
THR	-1.2836973785615	8.532	0(0)	0.948(948)
THR	-1.190386785251	8.46	0(0)	0.94(940)
THR	-1.0970761919405	8.352	0(0)	0.928(928)
THR	-1.00376559863	8.217	0(0)	0.913(913)
THR	-0.910455005319498	8.136	0(0)	0.904(904)
THR	-0.817144412008998	8.01	0(0)	0.89(890)
THR	-0.723833818698498	7.812	0(0)	0.868(868)
THR	-0.630523225387998	7.704	0(0)	0.856(856)
THR	-0.537212632077498	7.479	0(0)	0.831(831)
THR	-0.443902038766998	7.326	0(0)	0.814(814)
THR	-0.350591445456498	7.083	0(0)	0.787(787)
THR	-0.257280852145998	6.858	0(0)	0.762(762)
THR	-0.163970258835498	6.624	0(0)	0.736(736)
THR	-0.0706596655249978	6.399	0(0)	0.711(711)
THR	0.0226509277855022	6.066	0(0)	0.674(674)
THR	0.115961521096002	5.728	0.004(1)	0.636(636)
THR	0.209272114406502	5.336	0.008(2)	0.592(592)
THR	0.302582707717002	4.903	0.016(4)	0.543(543)
THR	0.395893301027502	4.565	0.02(5)	0.505(505)
THR	0.489203894338002	4.056	0.024(6)	0.448(448)
THR	0.582514487648502	3.649	0.04(10)	0.401(401)
THR	0.675825080959002	3.346	0.088(22)	0.362(362)
THR	0.769135674269502	2.851	0.124(31)	0.303(303)
THR	0.862446267580002	2.571	0.168(42)	0.267(267)
THR	0.955756860890502	2.311	0.232(58)	0.231(231)
THR	1.049067454201	2.053	0.28(70)	0.197(197)
THR	1.1423780475115	1.841	0.32(80)	0.169(169)
THR	1.235688640822	1.59	0.384(96)	0.134(134)
THR	1.3289992341325	1.494	0.468(117)	0.114(114)
THR	1.422309827443	1.473	0.564(141)	0.101(101)
THR	1.5156204207535	1.355	0.608(152)	0.083(83)
THR	1.608931014064	1.245	0.66(165)	0.065(65)
THR	1.7022416073745	1.209	0.732(183)	0.053(53)
THR	1.795552200685	1.114	0.772(193)	0.038(38)
THR	1.8888627939955	1.08	0.792(198)	0.032(32)
THR	1.982173387306	1.036	0.82(205)	0.024(24)
THR	2.0754839806165	1.045	0.856(214)	0.021(21)
THR	2.168794573927	1.03	0.868(217)	0.018(18)
THR	2.2621051672375	0.993	0.876(219)	0.013(13)
THR	2.355415760548	0.969	0.888(222)	0.009(9)
THR	2.4487263538585	0.95	0.896(224)	0.006(6)
THR	2.542036947169	0.962	0.908(227)	0.006(6)
THR	2.6353475404795	0.948	0.912(228)	0.004(4)
THR	2.72865813379	0.96	0.924(231)	0.004(4)
THR	2.8219687271005	0.964	0.928(232)	0.004(4)
THR	2.915279320411	0.967	0.94(235)	0.003(3)
THR	3.0085899137215	0.957	0.948(237)	0.001(1)
THR	3.101900507032	0.965	0.956(239)	0.001(1)
THR	3.1952111003425	0.969	0.96(240)	0.001(1)
THR	3.288521693653	0.977	0.968(242)	0.001(1)
THR	3.3818322869635	0.977	0.968(242)	0.001(1)
THR	3.475142880274	0.968	0.968(242)	0(0)
THR	3.5684534735845	0.972	0.972(243)	0(0)
THR	3.661764066895	0.976	0.976(244)	0(0)
THR	3.7550746602055	0.98	0.98(245)	0(0)
THR	3.848385253516	0.98	0.98(245)	0(0)
THR	3.9416958468265	0.98	0.98(245)	0(0)
THR	4.035006440137	0.988	0.988(247)	0(0)
THR	4.1283170334475	0.988	0.988(247)	0(0)
THR	4.221627626758	0.988	0.988(247)	0(0)
THR	4.3149382200685	0.988	0.988(247)	0(0)
THR	4.408248813379	0.992	0.992(248)	0(0)
THR	4.5015594066895	0.996	0.996(249)	0(0)
THR	4.59487	1	1(250)	0(0)


==============================================
THR: 2.6353475404795
Missed:     228/250=0.9120
FalseAlarm: 4/1000=0.0040
----------------------------------------------
==> CostDetection: 94.8
==============================================
