BLOCK00/SES002/SA002S12	SES002	1.26636	16.6218	15.3555
BLOCK00/SES002/SA002S13	SES002	1.90924	16.6875	14.7782
BLOCK00/SES002/SA002S23	SES002	1.35768	16.8535	15.4958
BLOCK00/SES002/SA002S26	SES002	1.7463	17.9555	16.2092
BLOCK00/SES002/SA002S28	SES002	1.18813	15.4857	14.2975
BLOCK00/SES007/SA007S14	SES007	2.09324	18.3516	16.2584
BLOCK00/SES007/SA007S15	SES007	0.711927	15.8572	15.1453
BLOCK00/SES007/SA007S24	SES007	1.42505	16.1607	14.7357
BLOCK00/SES007/SA007S27	SES007	1.22687	15.5679	14.341
BLOCK00/SES007/SA007S29	SES007	0.464297	16.1449	15.6806
BLOCK00/SES008/SA008S11	SES008	1.7121	16.7384	15.0263
BLOCK00/SES008/SA008S12	SES008	0.721022	15.6347	14.9137
BLOCK00/SES008/SA008S19	SES008	2.08846	17.9991	15.9106
BLOCK00/SES008/SA008S22	SES008	1.09628	15.5087	14.4124
BLOCK00/SES008/SA008S29	SES008	2.09131	17.8365	15.7452
BLOCK01/SES014/SA014S10	SES014	2.74145	17.8369	15.0954
BLOCK01/SES014/SA014S12	SES014	3.54008	20.4998	16.9597
BLOCK01/SES014/SA014S24	SES014	1.73907	18.1571	16.4181
BLOCK01/SES014/SA014S26	SES014	2.82229	20.9958	18.1735
BLOCK01/SES014/SA014S28	SES014	4.05332	21.3036	17.2503
BLOCK01/SES016/SA016S12	SES016	1.95521	15.227	13.2718
BLOCK01/SES016/SA016S13	SES016	1.96812	16.8945	14.9264
BLOCK01/SES016/SA016S22	SES016	1.58719	16.6402	15.053
BLOCK01/SES016/SA016S25	SES016	2.18864	18.6209	16.4322
BLOCK01/SES016/SA016S27	SES016	2.3506	19.1727	16.8221
BLOCK01/SES019/SA019S13	SES019	3.35112	15.973	12.6219
BLOCK01/SES019/SA019S14	SES019	2.48035	16.1303	13.6499
BLOCK01/SES019/SA019S22	SES019	3.01601	16.1014	13.0854
BLOCK01/SES019/SA019S25	SES019	2.90215	16.6261	13.7239
BLOCK01/SES019/SA019S29	SES019	3.96946	17.0572	13.0877
BLOCK02/SES029/SA029S11	SES029	1.98206	17.0568	15.0748
BLOCK02/SES029/SA029S12	SES029	0.83658	16.9761	16.1395
BLOCK02/SES029/SA029S20	SES029	1.76625	16.6011	14.8349
BLOCK02/SES029/SA029S25	SES029	1.63979	17.7376	16.0978
BLOCK02/SES029/SA029S28	SES029	0.622342	16.3378	15.7155
BLOCK04/SES042/SA042S12	SES042	2.19077	17.6871	15.4963
BLOCK04/SES042/SA042S15	SES042	2.59268	18.2626	15.67
BLOCK04/SES042/SA042S22	SES042	3.30718	20.6437	17.3365
BLOCK04/SES042/SA042S25	SES042	2.4506	17.1397	14.689
BLOCK04/SES042/SA042S27	SES042	1.96068	18.2794	16.3187
BLOCK04/SES048/SA048S11	SES048	1.89523	17.5703	15.6751
BLOCK04/SES048/SA048S12	SES048	1.13317	17.2417	16.1085
BLOCK04/SES048/SA048S20	SES048	0.639303	17.0944	16.4551
BLOCK04/SES048/SA048S23	SES048	1.71868	16.4323	14.7136
BLOCK04/SES048/SA048S27	SES048	1.04562	18.1581	17.1125
BLOCK06/SES060/SA060S11	SES060	1.98073	18.0823	16.1016
BLOCK06/SES060/SA060S12	SES060	0.353853	15.5806	15.2267
BLOCK06/SES060/SA060S22	SES060	0.416165	14.4895	14.0733
BLOCK06/SES060/SA060S24	SES060	1.62613	17.6037	15.9776
BLOCK06/SES060/SA060S28	SES060	1.25467	19.5781	18.3234
BLOCK06/SES062/SA062S10	SES062	0.829617	16.8756	16.046
BLOCK06/SES062/SA062S11	SES062	1.87767	17.1755	15.2978
BLOCK06/SES062/SA062S21	SES062	2.07152	20.1211	18.0496
BLOCK06/SES062/SA062S26	SES062	1.30412	18.2786	16.9745
BLOCK06/SES062/SA062S29	SES062	2.06439	19.55	17.4856
BLOCK06/SES068/SA068S14	SES068	0.723465	17.0017	16.2783
BLOCK06/SES068/SA068S15	SES068	1.56189	18.5248	16.9629
BLOCK06/SES068/SA068S23	SES068	1.524	16.4465	14.9225
BLOCK06/SES068/SA068S27	SES068	2.10755	19.0218	16.9143
BLOCK06/SES068/SA068S29	SES068	1.01486	16.9099	15.895
BLOCK08/SES082/SA082S12	SES082	0.606326	14.8722	14.2659
BLOCK08/SES082/SA082S14	SES082	1.04612	15.2486	14.2025
BLOCK08/SES082/SA082S21	SES082	0.473462	15.4331	14.9597
BLOCK08/SES082/SA082S24	SES082	0.992117	17.2763	16.2841
BLOCK08/SES082/SA082S28	SES082	0.687572	15.5231	14.8355
BLOCK08/SES083/SA083S14	SES083	0.449943	16.2021	15.7521
BLOCK08/SES083/SA083S15	SES083	0.976431	17.3433	16.3668
BLOCK08/SES083/SA083S24	SES083	0.605901	16.4855	15.8796
BLOCK08/SES083/SA083S26	SES083	0.940715	16.289	15.3483
BLOCK08/SES083/SA083S29	SES083	0.314724	17.015	16.7003
BLOCK08/SES085/SA085S10	SES085	0.635139	16.6807	16.0455
BLOCK08/SES085/SA085S13	SES085	0.363796	15.6784	15.3146
BLOCK08/SES085/SA085S22	SES085	0.661497	17.9196	17.2581
BLOCK08/SES085/SA085S26	SES085	0.726377	17.1177	16.3914
BLOCK08/SES085/SA085S28	SES085	1.6144	17.3985	15.7841
BLOCK08/SES087/SA087S15	SES087	1.91707	16.7194	14.8023
BLOCK08/SES087/SA087S16	SES087	1.9891	16.6887	14.6996
BLOCK08/SES087/SA087S24	SES087	1.63271	17.0154	15.3827
BLOCK08/SES087/SA087S26	SES087	1.34926	17.7329	16.3836
BLOCK08/SES087/SA087S29	SES087	2.27038	16.6516	14.3812
BLOCK09/SES099/SA099S15	SES099	2.06175	16.3701	14.3084
BLOCK09/SES099/SA099S16	SES099	1.62814	16.1999	14.5718
BLOCK09/SES099/SA099S24	SES099	1.79977	16.6684	14.8686
BLOCK09/SES099/SA099S26	SES099	2.12353	16.7512	14.6276
BLOCK09/SES099/SA099S29	SES099	2.25336	17.3536	15.1003
BLOCK10/SES101/SA101S11	SES101	0.551073	16.2995	15.7484
BLOCK10/SES101/SA101S13	SES101	1.89153	18.4755	16.584
BLOCK10/SES101/SA101S22	SES101	0.906487	16.0008	15.0943
BLOCK10/SES101/SA101S24	SES101	1.10193	16.4556	15.3536
BLOCK10/SES101/SA101S28	SES101	0.726286	15.4789	14.7526
BLOCK10/SES104/SA104S11	SES104	2.32336	19.5602	17.2368
BLOCK10/SES104/SA104S12	SES104	2.19719	17.5789	15.3817
BLOCK10/SES104/SA104S21	SES104	1.78242	16.9834	15.201
BLOCK10/SES104/SA104S24	SES104	1.08475	16.4657	15.381
BLOCK10/SES104/SA104S28	SES104	1.73323	17.9496	16.2164
BLOCK10/SES105/SA105S12	SES105	1.18552	14.8994	13.7139
BLOCK10/SES105/SA105S13	SES105	1.10351	15.1224	14.0189
BLOCK10/SES105/SA105S22	SES105	0.775608	14.0277	13.2521
BLOCK10/SES105/SA105S26	SES105	1.45234	15.2838	13.8315
BLOCK10/SES105/SA105S29	SES105	1.50545	16.1575	14.652
BLOCK10/SES106/SA106S09	SES106	1.42184	15.01	13.5882
BLOCK10/SES106/SA106S11	SES106	1.86658	16.9982	15.1316
BLOCK10/SES106/SA106S22	SES106	4.06273	17.9208	13.8581
BLOCK10/SES106/SA106S27	SES106	1.82001	16.0463	14.2263
BLOCK10/SES106/SA106S29	SES106	1.2878	15.5587	14.2709
BLOCK11/SES117/SA117S12	SES117	1.19416	15.9153	14.7212
BLOCK11/SES117/SA117S13	SES117	0.639896	16.2782	15.6383
BLOCK11/SES117/SA117S23	SES117	2.11912	15.1297	13.0105
BLOCK11/SES117/SA117S25	SES117	1.17553	14.9697	13.7942
BLOCK11/SES117/SA117S28	SES117	1.46885	14.8973	13.4285
BLOCK12/SES120/SA120S08	SES120	1.08501	13.8391	12.754
BLOCK12/SES120/SA120S11	SES120	1.51087	12.6796	11.1687
BLOCK12/SES120/SA120S22	SES120	0.2225	15.5439	15.3214
BLOCK12/SES120/SA120S24	SES120	1.24014	15.0207	13.7805
BLOCK12/SES120/SA120S28	SES120	0.747087	12.7279	11.9808
BLOCK12/SES125/SA125S13	SES125	2.13243	16.9544	14.822
BLOCK12/SES125/SA125S14	SES125	1.01626	15.5617	14.5455
BLOCK12/SES125/SA125S25	SES125	2.05195	17.6686	15.6166
BLOCK12/SES125/SA125S27	SES125	2.26894	18.5499	16.2809
BLOCK12/SES125/SA125S29	SES125	2.39958	17.2569	14.8573
BLOCK12/SES127/SA127S11	SES127	1.33228	15.8818	14.5495
BLOCK12/SES127/SA127S12	SES127	0.389734	16.2628	15.8731
BLOCK12/SES127/SA127S23	SES127	0.95588	16.279	15.3231
BLOCK12/SES127/SA127S25	SES127	0.233933	15.2221	14.9882
BLOCK12/SES127/SA127S27	SES127	1.45694	16.7866	15.3296
BLOCK12/SES129/SA129S11	SES129	2.09644	18.0407	15.9443
BLOCK12/SES129/SA129S12	SES129	1.6285	17.6748	16.0463
BLOCK12/SES129/SA129S22	SES129	1.74309	16.666	14.9229
BLOCK12/SES129/SA129S27	SES129	1.95702	17.4534	15.4964
BLOCK12/SES129/SA129S29	SES129	1.68568	17.669	15.9833
BLOCK14/SES142/SA142S11	SES142	3.02801	16.2473	13.2192
BLOCK14/SES142/SA142S12	SES142	1.48974	15.1986	13.7088
BLOCK14/SES142/SA142S24	SES142	2.26093	16.4185	14.1576
BLOCK14/SES142/SA142S27	SES142	2.57376	17.0411	14.4674
BLOCK14/SES142/SA142S29	SES142	3.10971	16.315	13.2053
BLOCK14/SES143/SA143S12	SES143	1.39936	15.5997	14.2003
BLOCK14/SES143/SA143S13	SES143	1.25149	15.3887	14.1372
BLOCK14/SES143/SA143S23	SES143	1.21172	15.1721	13.9604
BLOCK14/SES143/SA143S25	SES143	1.72659	16.45	14.7234
BLOCK14/SES143/SA143S28	SES143	1.24627	15.5752	14.3289
BLOCK14/SES144/SA144S09	SES144	1.26621	16.6058	15.3396
BLOCK14/SES144/SA144S11	SES144	1.48322	15.9157	14.4324
BLOCK14/SES144/SA144S21	SES144	0.350136	15.0956	14.7455
BLOCK14/SES144/SA144S25	SES144	0.577237	14.6791	14.1019
BLOCK14/SES144/SA144S29	SES144	0.160715	15.8519	15.6912
BLOCK14/SES146/SA146S14	SES146	0.941555	14.6905	13.749
BLOCK14/SES146/SA146S15	SES146	0.806218	14.7573	13.9511
BLOCK14/SES146/SA146S24	SES146	1.15395	15.3597	14.2058
BLOCK14/SES146/SA146S26	SES146	1.40216	15.3462	13.944
BLOCK14/SES146/SA146S29	SES146	1.10267	14.5997	13.497
BLOCK14/SES147/SA147S11	SES147	2.10059	15.905	13.8044
BLOCK14/SES147/SA147S13	SES147	2.28696	16.5353	14.2483
BLOCK14/SES147/SA147S23	SES147	0.832306	15.4508	14.6185
BLOCK14/SES147/SA147S26	SES147	1.71071	15.7818	14.0711
BLOCK14/SES147/SA147S28	SES147	1.83884	15.9364	14.0975
BLOCK14/SES148/SA148S10	SES148	1.33416	15.3418	14.0077
BLOCK14/SES148/SA148S12	SES148	1.45962	14.663	13.2034
BLOCK14/SES148/SA148S22	SES148	1.79001	17.0727	15.2827
BLOCK14/SES148/SA148S26	SES148	0.337996	15.8648	15.5268
BLOCK14/SES148/SA148S29	SES148	0.584521	15.1	14.5155
BLOCK14/SES149/SA149S13	SES149	0.17259	15.6011	15.4285
BLOCK14/SES149/SA149S14	SES149	0.57114	16.7455	16.1743
BLOCK14/SES149/SA149S24	SES149	1.39672	17.4339	16.0372
BLOCK14/SES149/SA149S26	SES149	2.12916	18.5025	16.3734
BLOCK14/SES149/SA149S28	SES149	2.3039	19.5324	17.2285
BLOCK15/SES158/SA158S13	SES158	1.83771	15.1998	13.3621
BLOCK15/SES158/SA158S14	SES158	3.00824	16.0543	13.0461
BLOCK15/SES158/SA158S23	SES158	1.79602	15.8606	14.0646
BLOCK15/SES158/SA158S26	SES158	2.62308	15.4565	12.8334
BLOCK15/SES158/SA158S28	SES158	0.91995	14.6989	13.7789
BLOCK16/SES162/SA162S10	SES162	1.16048	14.2091	13.0486
BLOCK16/SES162/SA162S11	SES162	1.16902	16.3447	15.1757
BLOCK16/SES162/SA162S21	SES162	2.03702	16.7337	14.6967
BLOCK16/SES162/SA162S24	SES162	1.39508	15.9212	14.5261
BLOCK16/SES162/SA162S27	SES162	2.06694	15.8191	13.7522
BLOCK16/SES167/SA167S14	SES167	1.24768	17.6963	16.4486
BLOCK16/SES167/SA167S15	SES167	1.23326	16.4144	15.1811
BLOCK16/SES167/SA167S21	SES167	2.27992	17.402	15.1221
BLOCK16/SES167/SA167S25	SES167	2.4978	16.3028	13.805
BLOCK16/SES167/SA167S29	SES167	2.85787	18.7304	15.8725
BLOCK17/SES172/SA172S12	SES172	1.84492	17.3702	15.5253
BLOCK17/SES172/SA172S13	SES172	1.76322	16.3538	14.5905
BLOCK17/SES172/SA172S23	SES172	1.34909	17.6783	16.3292
BLOCK17/SES172/SA172S27	SES172	1.56239	16.586	15.0236
BLOCK17/SES172/SA172S29	SES172	2.26594	17.4854	15.2195
BLOCK17/SES175/SA175S11	SES175	0.997248	16.2509	15.2537
BLOCK17/SES175/SA175S13	SES175	1.11514	16.2511	15.136
BLOCK17/SES175/SA175S23	SES175	1.64786	16.5025	14.8546
BLOCK17/SES175/SA175S25	SES175	0.796067	14.297	13.5009
BLOCK17/SES175/SA175S28	SES175	1.17285	17.0596	15.8868
BLOCK17/SES177/SA177S15	SES177	0.723296	16.2164	15.4931
BLOCK17/SES177/SA177S17	SES177	0.402422	15.952	15.5496
BLOCK17/SES177/SA177S23	SES177	0.305784	15.3214	15.0156
BLOCK17/SES177/SA177S26	SES177	0.984255	18.0254	17.0411
BLOCK17/SES177/SA177S28	SES177	0.922281	16.7275	15.8052
BLOCK18/SES180/SA180S13	SES180	0.593835	15.3992	14.8054
BLOCK18/SES180/SA180S15	SES180	1.38889	16.0532	14.6643
BLOCK18/SES180/SA180S24	SES180	0.916323	17.201	16.2847
BLOCK18/SES180/SA180S26	SES180	1.293	16.7836	15.4906
BLOCK18/SES180/SA180S29	SES180	1.59704	16.3931	14.796
BLOCK18/SES183/SA183S13	SES183	1.46549	14.974	13.5085
BLOCK18/SES183/SA183S14	SES183	-0.0664558	13.8987	13.9651
BLOCK18/SES183/SA183S24	SES183	1.71973	14.243	12.5232
BLOCK18/SES183/SA183S27	SES183	1.48276	15.0482	13.5655
BLOCK18/SES183/SA183S29	SES183	0.741989	15.5898	14.8478
BLOCK18/SES187/SA187S13	SES187	0.78257	15.9533	15.1707
BLOCK18/SES187/SA187S14	SES187	1.15852	15.5745	14.4159
BLOCK18/SES187/SA187S24	SES187	2.52381	15.8996	13.3758
BLOCK18/SES187/SA187S27	SES187	1.63768	15.8455	14.2078
BLOCK18/SES187/SA187S29	SES187	1.33068	16.5726	15.2419
BLOCK18/SES189/SA189S10	SES189	1.93885	15.035	13.0961
BLOCK18/SES189/SA189S13	SES189	2.5006	14.8615	12.3609
BLOCK18/SES189/SA189S24	SES189	3.03006	15.0555	12.0255
BLOCK18/SES189/SA189S26	SES189	1.50406	15.6369	14.1329
BLOCK18/SES189/SA189S29	SES189	2.66764	15.6331	12.9655
BLOCK20/SES202/SA202S12	SES202	1.55999	13.3598	11.7998
BLOCK20/SES202/SA202S14	SES202	2.76724	15.8435	13.0763
BLOCK20/SES202/SA202S24	SES202	1.69882	15.702	14.0032
BLOCK20/SES202/SA202S27	SES202	1.97672	17.458	15.4813
BLOCK20/SES202/SA202S29	SES202	2.31817	16.8509	14.5327
BLOCK20/SES206/SA206S15	SES206	-0.156956	15.7949	15.9518
BLOCK20/SES206/SA206S17	SES206	1.87086	18.2389	16.368
BLOCK20/SES206/SA206S24	SES206	2.10887	18.5191	16.4103
BLOCK20/SES206/SA206S27	SES206	2.22826	17.4173	15.1891
BLOCK20/SES206/SA206S29	SES206	1.53282	18.4883	16.9555
BLOCK22/SES226/SA226S12	SES226	1.364	16.164	14.8
BLOCK22/SES226/SA226S13	SES226	-0.511891	13.8582	14.3701
BLOCK22/SES226/SA226S20	SES226	1.2426	15.8044	14.5618
BLOCK22/SES226/SA226S23	SES226	1.73555	16.5824	14.8469
BLOCK22/SES226/SA226S28	SES226	2.08536	17.0335	14.9482
BLOCK25/SES259/SA259S13	SES259	4.23014	18.6771	14.447
BLOCK25/SES259/SA259S14	SES259	2.74013	17.3903	14.6502
BLOCK25/SES259/SA259S22	SES259	2.49476	17.1436	14.6488
BLOCK25/SES259/SA259S24	SES259	2.62584	18.7664	16.1406
BLOCK25/SES259/SA259S28	SES259	2.33003	17.5587	15.2287
BLOCK27/SES270/SA270S14	SES270	2.45357	15.2544	12.8009
BLOCK27/SES270/SA270S16	SES270	0.94873	15.1588	14.2101
BLOCK27/SES270/SA270S22	SES270	2.82863	16.3051	13.4764
BLOCK27/SES270/SA270S26	SES270	1.48746	13.9975	12.51
BLOCK27/SES270/SA270S28	SES270	1.84074	16.219	14.3783
BLOCK27/SES275/SA275S17	SES275	1.69701	16.1674	14.4704
BLOCK27/SES275/SA275S18	SES275	1.12996	16.1612	15.0312
BLOCK27/SES275/SA275S24	SES275	0.925036	14.7211	13.7961
BLOCK27/SES275/SA275S26	SES275	1.64002	16.3298	14.6898
BLOCK27/SES275/SA275S28	SES275	0.64164	15.7494	15.1078
BLOCK29/SES292/SA292S10	SES292	0.820581	15.5767	14.7562
BLOCK29/SES292/SA292S12	SES292	0.493997	15.7283	15.2343
BLOCK29/SES292/SA292S22	SES292	0.776352	16.6042	15.8279
BLOCK29/SES292/SA292S24	SES292	0.699328	16.031	15.3317
BLOCK29/SES292/SA292S27	SES292	0.558596	16.4832	15.9246
BLOCK00/SES001/SA001S14	SES062	-2.84525	10.6782	13.5235
BLOCK00/SES001/SA001S14	SES082	-2.55489	10.9686	13.5235
BLOCK00/SES001/SA001S14	SES106	-2.26354	11.2599	13.5235
BLOCK00/SES001/SA001S14	SES206	-1.82693	11.6965	13.5235
BLOCK00/SES001/SA001S15	SES062	-3.0316	12.3003	15.3319
BLOCK00/SES001/SA001S15	SES104	-3.17044	12.1614	15.3319
BLOCK00/SES001/SA001S15	SES106	-2.3111	13.0208	15.3319
BLOCK00/SES001/SA001S15	SES206	-1.93993	13.3919	15.3319
BLOCK00/SES001/SA001S24	SES062	-4.1001	9.45299	13.5531
BLOCK00/SES001/SA001S24	SES082	-3.24196	10.3111	13.5531
BLOCK00/SES001/SA001S24	SES087	-1.92101	11.6321	13.5531
BLOCK00/SES001/SA001S24	SES206	-2.56497	10.9881	13.5531
BLOCK00/SES001/SA001S27	SES062	-2.64745	12.7953	15.4427
BLOCK00/SES001/SA001S27	SES082	-2.05662	13.3861	15.4427
BLOCK00/SES001/SA001S27	SES087	-1.68593	13.7568	15.4427
BLOCK00/SES001/SA001S27	SES206	-2.07878	13.364	15.4427
BLOCK00/SES001/SA001S29	SES062	-4.05965	9.80323	13.8629
BLOCK00/SES001/SA001S29	SES082	-1.94019	11.9227	13.8629
BLOCK00/SES001/SA001S29	SES158	-1.48156	12.3813	13.8629
BLOCK00/SES001/SA001S29	SES206	-2.51168	11.3512	13.8629
BLOCK00/SES003/SA003S11	SES002	-0.9778	13.9488	14.9266
BLOCK00/SES003/SA003S11	SES019	-1.6934	13.2332	14.9266
BLOCK00/SES003/SA003S11	SES082	-0.590561	14.336	14.9266
BLOCK00/SES003/SA003S11	SES125	-1.97191	12.9547	14.9266
BLOCK00/SES003/SA003S15	SES016	-1.8586	13.9707	15.8293
BLOCK00/SES003/SA003S15	SES019	-1.75863	14.0706	15.8293
BLOCK00/SES003/SA003S15	SES062	-2.21349	13.6158	15.8293
BLOCK00/SES003/SA003S15	SES206	-1.72447	14.1048	15.8293
BLOCK00/SES003/SA003S22	SES002	-2.26814	13.1254	15.3935
BLOCK00/SES003/SA003S22	SES062	-1.09699	14.2966	15.3935
BLOCK00/SES003/SA003S22	SES082	-2.14988	13.2437	15.3935
BLOCK00/SES003/SA003S22	SES087	-1.75597	13.6376	15.3935
BLOCK00/SES003/SA003S25	SES062	-3.28237	11.3995	14.6819
BLOCK00/SES003/SA003S25	SES082	-1.7808	12.9011	14.6819
BLOCK00/SES003/SA003S25	SES087	-1.67174	13.0101	14.6819
BLOCK00/SES003/SA003S25	SES206	-2.26378	12.4181	14.6819
BLOCK00/SES003/SA003S29	SES002	-1.78731	12.7258	14.5131
BLOCK00/SES003/SA003S29	SES062	-2.85041	11.6627	14.5131
BLOCK00/SES003/SA003S29	SES082	-1.64619	12.8669	14.5131
BLOCK00/SES003/SA003S29	SES087	-1.94734	12.5658	14.5131
BLOCK00/SES004/SA004S12	SES083	-2.19474	11.9843	14.179
BLOCK00/SES004/SA004S12	SES148	-2.11906	12.0599	14.179
BLOCK00/SES004/SA004S12	SES172	-1.06643	13.1126	14.179
BLOCK00/SES004/SA004S12	SES292	-1.64886	12.5301	14.179
BLOCK00/SES004/SA004S17	SES083	-2.05197	12.0632	14.1152
BLOCK00/SES004/SA004S17	SES162	-1.30333	12.8118	14.1152
BLOCK00/SES004/SA004S17	SES172	-1.15137	12.9638	14.1152
BLOCK00/SES004/SA004S17	SES292	-1.80528	12.3099	14.1152
BLOCK00/SES004/SA004S24	SES083	-2.08258	12.3416	14.4242
BLOCK00/SES004/SA004S24	SES148	-2.55756	11.8667	14.4242
BLOCK00/SES004/SA004S24	SES172	-0.806643	13.6176	14.4242
BLOCK00/SES004/SA004S24	SES292	-1.24755	13.1767	14.4242
BLOCK00/SES004/SA004S26	SES083	-2.54832	11.8258	14.3741
BLOCK00/SES004/SA004S26	SES127	-1.67579	12.6983	14.3741
BLOCK00/SES004/SA004S26	SES148	-3.7692	10.6049	14.3741
BLOCK00/SES004/SA004S26	SES292	-2.8464	11.5277	14.3741
BLOCK00/SES004/SA004S28	SES083	-1.56201	14.256	15.818
BLOCK00/SES004/SA004S28	SES127	-1.05552	14.7625	15.818
BLOCK00/SES004/SA004S28	SES187	-1.08599	14.732	15.818
BLOCK00/SES004/SA004S28	SES292	-2.27602	13.542	15.818
BLOCK00/SES006/SA006S10	SES014	-4.17795	7.62021	11.7982
BLOCK00/SES006/SA006S10	SES158	-2.39563	9.40254	11.7982
BLOCK00/SES006/SA006S10	SES226	-4.4856	7.31256	11.7982
BLOCK00/SES006/SA006S10	SES270	-1.26729	10.5309	11.7982
BLOCK00/SES006/SA006S11	SES158	-1.98341	10.1093	12.0927
BLOCK00/SES006/SA006S11	SES226	-3.61253	8.4802	12.0927
BLOCK00/SES006/SA006S11	SES270	-1.57969	10.513	12.0927
BLOCK00/SES006/SA006S11	SES275	-2.65578	9.43695	12.0927
BLOCK00/SES006/SA006S23	SES062	-3.06597	10.7794	13.8454
BLOCK00/SES006/SA006S23	SES105	-3.43296	10.4124	13.8454
BLOCK00/SES006/SA006S23	SES158	-2.19825	11.6471	13.8454
BLOCK00/SES006/SA006S23	SES275	-2.38439	11.461	13.8454
BLOCK00/SES006/SA006S26	SES104	-4.12876	9.3141	13.4429
BLOCK00/SES006/SA006S26	SES158	-1.87093	11.5719	13.4429
BLOCK00/SES006/SA006S26	SES270	-0.850997	12.5919	13.4429
BLOCK00/SES006/SA006S26	SES275	-2.60054	10.8423	13.4429
BLOCK00/SES006/SA006S28	SES007	-2.96769	9.1204	12.0881
BLOCK00/SES006/SA006S28	SES105	-3.27423	8.81387	12.0881
BLOCK00/SES006/SA006S28	SES158	-1.64604	10.4421	12.0881
BLOCK00/SES006/SA006S28	SES275	-2.88395	9.20414	12.0881
BLOCK00/SES009/SA009S12	SES083	-3.12828	12.6065	15.7348
BLOCK00/SES009/SA009S12	SES148	-2.60096	13.1339	15.7348
BLOCK00/SES009/SA009S12	SES177	-1.17758	14.5572	15.7348
BLOCK00/SES009/SA009S12	SES292	-1.83534	13.8995	15.7348
BLOCK00/SES009/SA009S15	SES007	-0.287619	15.9695	16.2571
BLOCK00/SES009/SA009S15	SES099	-3.94624	12.3108	16.2571
BLOCK00/SES009/SA009S15	SES148	-2.15706	14.1	16.2571
BLOCK00/SES009/SA009S15	SES172	-1.54761	14.7095	16.2571
BLOCK00/SES009/SA009S24	SES146	-1.2775	14.8429	16.1204
BLOCK00/SES009/SA009S24	SES148	-2.48582	13.6345	16.1204
BLOCK00/SES009/SA009S24	SES177	-0.387347	15.733	16.1204
BLOCK00/SES009/SA009S24	SES292	-1.50877	14.6116	16.1204
BLOCK00/SES009/SA009S26	SES083	-2.9698	12.4225	15.3923
BLOCK00/SES009/SA009S26	SES101	-2.66738	12.7249	15.3923
BLOCK00/SES009/SA009S26	SES120	-1.85172	13.5406	15.3923
BLOCK00/SES009/SA009S26	SES177	-1.0622	14.3301	15.3923
BLOCK00/SES009/SA009S29	SES083	-2.41209	13.7211	16.1332
BLOCK00/SES009/SA009S29	SES101	-2.09384	14.0393	16.1332
BLOCK00/SES009/SA009S29	SES177	-0.954289	15.1789	16.1332
BLOCK00/SES009/SA009S29	SES292	-1.4223	14.7109	16.1332
BLOCK01/SES011/SA011S10	SES019	-1.91409	13.5217	15.4358
BLOCK01/SES011/SA011S10	SES042	-0.396858	15.0389	15.4358
BLOCK01/SES011/SA011S10	SES082	-2.65913	12.7766	15.4358
BLOCK01/SES011/SA011S10	SES206	-1.88364	13.5521	15.4358
BLOCK01/SES011/SA011S11	SES019	-1.64756	12.5438	14.1914
BLOCK01/SES011/SA011S11	SES042	-0.976309	13.2151	14.1914
BLOCK01/SES011/SA011S11	SES082	-2.25871	11.9327	14.1914
BLOCK01/SES011/SA011S11	SES206	-2.17389	12.0175	14.1914
BLOCK01/SES011/SA011S22	SES019	-1.44199	12.6316	14.0736
BLOCK01/SES011/SA011S22	SES042	0.19226	14.2659	14.0736
BLOCK01/SES011/SA011S22	SES082	-1.9985	12.0751	14.0736
BLOCK01/SES011/SA011S22	SES206	-2.17988	11.8937	14.0736
BLOCK01/SES011/SA011S24	SES019	-2.2631	12.7257	14.9888
BLOCK01/SES011/SA011S24	SES042	-0.295813	14.693	14.9888
BLOCK01/SES011/SA011S24	SES104	-2.02652	12.9623	14.9888
BLOCK01/SES011/SA011S24	SES206	-1.74015	13.2486	14.9888
BLOCK01/SES011/SA011S27	SES082	-0.384	13.9778	14.3618
BLOCK01/SES011/SA011S27	SES087	-1.81758	12.5442	14.3618
BLOCK01/SES011/SA011S27	SES125	-1.57027	12.7916	14.3618
BLOCK01/SES011/SA011S27	SES206	-1.25696	13.1049	14.3618
BLOCK01/SES012/SA012S11	SES007	-1.04123	15.8144	16.8556
BLOCK01/SES012/SA012S11	SES082	-2.01015	14.8454	16.8556
BLOCK01/SES012/SA012S11	SES083	-2.28168	14.5739	16.8556
BLOCK01/SES012/SA012S11	SES206	-1.75533	15.1003	16.8556
BLOCK01/SES012/SA012S14	SES082	-1.19504	15.1313	16.3263
BLOCK01/SES012/SA012S14	SES087	-2.22918	14.0971	16.3263
BLOCK01/SES012/SA012S14	SES206	-1.6331	14.6932	16.3263
BLOCK01/SES012/SA012S14	SES292	-2.18923	14.1371	16.3263
BLOCK01/SES012/SA012S24	SES082	-0.84068	14.4193	15.26
BLOCK01/SES012/SA012S24	SES087	-1.92616	13.3338	15.26
BLOCK01/SES012/SA012S24	SES120	-2.34614	12.9138	15.26
BLOCK01/SES012/SA012S24	SES206	-1.13234	14.1276	15.26
BLOCK01/SES012/SA012S26	SES019	-4.49567	12.5767	17.0724
BLOCK01/SES012/SA012S26	SES082	-2.39926	14.6731	17.0724
BLOCK01/SES012/SA012S26	SES206	-1.09904	15.9733	17.0724
BLOCK01/SES012/SA012S26	SES292	-1.73707	15.3353	17.0724
BLOCK01/SES012/SA012S29	SES062	-2.0443	14.5811	16.6254
BLOCK01/SES012/SA012S29	SES082	-1.23303	15.3924	16.6254
BLOCK01/SES012/SA012S29	SES083	-3.02476	13.6007	16.6254
BLOCK01/SES012/SA012S29	SES206	-1.40392	15.2215	16.6254
BLOCK01/SES013/SA013S16	SES062	-3.22774	11.1575	14.3852
BLOCK01/SES013/SA013S16	SES106	-1.55635	12.8289	14.3852
BLOCK01/SES013/SA013S16	SES206	-1.48734	12.8979	14.3852
BLOCK01/SES013/SA013S16	SES226	-1.20815	13.1771	14.3852
BLOCK01/SES013/SA013S17	SES062	-2.9011	13.3513	16.2524
BLOCK01/SES013/SA013S17	SES106	-2.66638	13.586	16.2524
BLOCK01/SES013/SA013S17	SES206	-1.01586	15.2366	16.2524
BLOCK01/SES013/SA013S17	SES226	-1.04068	15.2117	16.2524
BLOCK01/SES013/SA013S23	SES104	-2.22057	12.8568	15.0773
BLOCK01/SES013/SA013S23	SES106	-1.64793	13.4294	15.0773
BLOCK01/SES013/SA013S23	SES206	-1.43492	13.6424	15.0773
BLOCK01/SES013/SA013S23	SES270	-1.36668	13.7107	15.0773
BLOCK01/SES013/SA013S25	SES042	-1.99637	14.4916	16.488
BLOCK01/SES013/SA013S25	SES104	-1.58512	14.9029	16.488
BLOCK01/SES013/SA013S25	SES106	-2.0563	14.4317	16.488
BLOCK01/SES013/SA013S25	SES206	-1.48828	14.9997	16.488
BLOCK01/SES013/SA013S29	SES062	-4.22788	11.3435	15.5714
BLOCK01/SES013/SA013S29	SES104	-2.95306	12.6184	15.5714
BLOCK01/SES013/SA013S29	SES106	-2.28837	13.283	15.5714
BLOCK01/SES013/SA013S29	SES206	-2.28127	13.2901	15.5714
BLOCK02/SES021/SA021S13	SES016	-3.30236	13.3798	16.6822
BLOCK02/SES021/SA021S13	SES029	-1.67392	15.0083	16.6822
BLOCK02/SES021/SA021S13	SES087	-1.94666	14.7355	16.6822
BLOCK02/SES021/SA021S13	SES206	-1.65671	15.0255	16.6822
BLOCK02/SES021/SA021S15	SES087	-1.51527	16.2291	17.7443
BLOCK02/SES021/SA021S15	SES125	-1.24421	16.5001	17.7443
BLOCK02/SES021/SA021S15	SES206	-1.26333	16.481	17.7443
BLOCK02/SES021/SA021S15	SES226	-2.58792	15.1564	17.7443
BLOCK02/SES021/SA021S23	SES062	-3.61281	11.0662	14.679
BLOCK02/SES021/SA021S23	SES087	-1.31018	13.3688	14.679
BLOCK02/SES021/SA021S23	SES206	-1.62736	13.0516	14.679
BLOCK02/SES021/SA021S23	SES226	-1.48184	13.1972	14.679
BLOCK02/SES021/SA021S27	SES002	-1.12109	15.5827	16.7037
BLOCK02/SES021/SA021S27	SES016	-4.61203	12.0917	16.7037
BLOCK02/SES021/SA021S27	SES019	-1.97981	14.7239	16.7037
BLOCK02/SES021/SA021S27	SES062	-2.17691	14.5268	16.7037
BLOCK02/SES021/SA021S29	SES087	-1.548	15.0497	16.5977
BLOCK02/SES021/SA021S29	SES125	-0.856242	15.7414	16.5977
BLOCK02/SES021/SA021S29	SES206	-1.3522	15.2455	16.5977
BLOCK02/SES021/SA021S29	SES226	-2.38279	14.2149	16.5977
BLOCK04/SES043/SA043S09	SES083	-1.38629	12.5099	13.8961
BLOCK04/SES043/SA043S09	SES101	-1.23111	12.665	13.8961
BLOCK04/SES043/SA043S09	SES144	-0.647229	13.2489	13.8961
BLOCK04/SES043/SA043S09	SES172	-1.52085	12.3753	13.8961
BLOCK04/SES043/SA043S11	SES083	-1.14437	14.4944	15.6388
BLOCK04/SES043/SA043S11	SES101	-1.23171	14.4071	15.6388
BLOCK04/SES043/SA043S11	SES144	-0.505881	15.1329	15.6388
BLOCK04/SES043/SA043S11	SES172	-1.4475	14.1913	15.6388
BLOCK04/SES043/SA043S23	SES083	-1.24064	13.6541	14.8947
BLOCK04/SES043/SA043S23	SES144	-0.324413	14.5703	14.8947
BLOCK04/SES043/SA043S23	SES177	-1.36901	13.5257	14.8947
BLOCK04/SES043/SA043S23	SES275	-0.961897	13.9328	14.8947
BLOCK04/SES043/SA043S26	SES083	-1.68289	12.5084	14.1912
BLOCK04/SES043/SA043S26	SES101	-1.40412	12.7871	14.1912
BLOCK04/SES043/SA043S26	SES144	-0.217307	13.9739	14.1912
BLOCK04/SES043/SA043S26	SES177	-1.51484	12.6764	14.1912
BLOCK04/SES043/SA043S28	SES016	-2.02533	13.7691	15.7945
BLOCK04/SES043/SA043S28	SES083	-1.1068	14.6877	15.7945
BLOCK04/SES043/SA043S28	SES101	-0.800403	14.9941	15.7945
BLOCK04/SES043/SA043S28	SES144	-0.92612	14.8683	15.7945
BLOCK04/SES044/SA044S10	SES127	-2.75138	9.13598	11.8874
BLOCK04/SES044/SA044S10	SES144	-0.385083	11.5023	11.8874
BLOCK04/SES044/SA044S10	SES147	-2.57433	9.31304	11.8874
BLOCK04/SES044/SA044S10	SES148	-2.82152	9.06584	11.8874
BLOCK04/SES044/SA044S11	SES101	-0.833447	12.4284	13.2619
BLOCK04/SES044/SA044S11	SES144	-0.0764771	13.1854	13.2619
BLOCK04/SES044/SA044S11	SES147	-2.32458	10.9373	13.2619
BLOCK04/SES044/SA044S11	SES177	-2.10268	11.1592	13.2619
BLOCK04/SES044/SA044S24	SES007	-2.54982	11.6317	14.1815
BLOCK04/SES044/SA044S24	SES101	-1.05519	13.1263	14.1815
BLOCK04/SES044/SA044S24	SES147	-2.49231	11.6892	14.1815
BLOCK04/SES044/SA044S24	SES177	-1.47219	12.7093	14.1815
BLOCK04/SES044/SA044S26	SES007	-1.62843	12.7069	14.3354
BLOCK04/SES044/SA044S26	SES016	-1.09165	13.2437	14.3354
BLOCK04/SES044/SA044S26	SES101	-1.35005	12.9853	14.3354
BLOCK04/SES044/SA044S26	SES147	-0.944792	13.3906	14.3354
BLOCK04/SES044/SA044S29	SES007	-2.32444	11.8551	14.1795
BLOCK04/SES044/SA044S29	SES101	-0.41592	13.7636	14.1795
BLOCK04/SES044/SA044S29	SES147	-1.38779	12.7917	14.1795
BLOCK04/SES044/SA044S29	SES177	-1.80842	12.3711	14.1795
BLOCK04/SES046/SA046S13	SES101	-1.07218	12.9404	14.0126
BLOCK04/SES046/SA046S13	SES144	-0.926093	13.0865	14.0126
BLOCK04/SES046/SA046S13	SES147	-2.01273	11.9999	14.0126
BLOCK04/SES046/SA046S13	SES177	-1.92946	12.0831	14.0126
BLOCK04/SES046/SA046S15	SES048	-0.817553	14.8412	15.6588
BLOCK04/SES046/SA046S15	SES083	-1.02978	14.629	15.6588
BLOCK04/SES046/SA046S15	SES120	-2.74584	12.9129	15.6588
BLOCK04/SES046/SA046S15	SES148	-1.92795	13.7308	15.6588
BLOCK04/SES046/SA046S22	SES101	-0.850469	13.3363	14.1868
BLOCK04/SES046/SA046S22	SES144	-0.94184	13.2449	14.1868
BLOCK04/SES046/SA046S22	SES147	-2.34397	11.8428	14.1868
BLOCK04/SES046/SA046S22	SES172	-1.16342	13.0234	14.1868
BLOCK04/SES046/SA046S25	SES083	-1.42122	12.4475	13.8688
BLOCK04/SES046/SA046S25	SES127	-1.59977	12.269	13.8688
BLOCK04/SES046/SA046S25	SES144	-1.89152	11.9773	13.8688
BLOCK04/SES046/SA046S25	SES148	-2.07831	11.7905	13.8688
BLOCK04/SES046/SA046S28	SES007	-2.33556	11.7235	14.0591
BLOCK04/SES046/SA046S28	SES105	-3.00991	11.0492	14.0591
BLOCK04/SES046/SA046S28	SES147	-1.99832	12.0608	14.0591
BLOCK04/SES046/SA046S28	SES148	-1.41951	12.6396	14.0591
BLOCK04/SES049/SA049S16	SES104	-2.51188	11.1917	13.7036
BLOCK04/SES049/SA049S16	SES106	-1.82026	11.8833	13.7036
BLOCK04/SES049/SA049S16	SES120	-2.31281	11.3908	13.7036
BLOCK04/SES049/SA049S16	SES206	-1.34375	12.3598	13.7036
BLOCK04/SES049/SA049S18	SES099	-1.54151	11.833	13.3745
BLOCK04/SES049/SA049S18	SES104	-2.69444	10.6801	13.3745
BLOCK04/SES049/SA049S18	SES125	-3.10736	10.2672	13.3745
BLOCK04/SES049/SA049S18	SES206	-1.97582	11.3987	13.3745
BLOCK04/SES049/SA049S25	SES087	-1.32285	13.2533	14.5762
BLOCK04/SES049/SA049S25	SES104	-0.730949	13.8452	14.5762
BLOCK04/SES049/SA049S25	SES125	-1.66978	12.9064	14.5762
BLOCK04/SES049/SA049S25	SES206	-1.11823	13.458	14.5762
BLOCK04/SES049/SA049S27	SES099	-0.890553	13.1455	14.036
BLOCK04/SES049/SA049S27	SES104	-0.892158	13.1439	14.036
BLOCK04/SES049/SA049S27	SES125	-1.88571	12.1503	14.036
BLOCK04/SES049/SA049S27	SES206	-1.79298	12.2431	14.036
BLOCK04/SES049/SA049S29	SES099	-0.679829	14.9319	15.6117
BLOCK04/SES049/SA049S29	SES104	-0.492394	15.1193	15.6117
BLOCK04/SES049/SA049S29	SES125	-1.31167	14.3001	15.6117
BLOCK04/SES049/SA049S29	SES206	-0.622588	14.9891	15.6117
BLOCK06/SES063/SA063S09	SES068	-1.88434	14.2982	16.1825
BLOCK06/SES063/SA063S09	SES083	-1.41545	14.7671	16.1825
BLOCK06/SES063/SA063S09	SES177	-1.33192	14.8506	16.1825
BLOCK06/SES063/SA063S09	SES187	-1.44511	14.7374	16.1825
BLOCK06/SES063/SA063S10	SES068	-2.15432	13.4282	15.5825
BLOCK06/SES063/SA063S10	SES083	-1.20691	14.3756	15.5825
BLOCK06/SES063/SA063S10	SES172	-1.77928	13.8032	15.5825
BLOCK06/SES063/SA063S10	SES187	-1.72238	13.8601	15.5825
BLOCK06/SES063/SA063S20	SES068	-1.91857	13.0542	14.9727
BLOCK06/SES063/SA063S20	SES083	-1.76145	13.2113	14.9727
BLOCK06/SES063/SA063S20	SES172	-1.08041	13.8923	14.9727
BLOCK06/SES063/SA063S20	SES187	-0.833055	14.1397	14.9727
BLOCK06/SES063/SA063S24	SES029	-3.04001	12.5614	15.6014
BLOCK06/SES063/SA063S24	SES083	-0.901417	14.7	15.6014
BLOCK06/SES063/SA063S24	SES177	-0.982237	14.6192	15.6014
BLOCK06/SES063/SA063S24	SES189	-0.963038	14.6384	15.6014
BLOCK06/SES063/SA063S27	SES083	-1.10371	14.1015	15.2052
BLOCK06/SES063/SA063S27	SES172	-1.88769	13.3175	15.2052
BLOCK06/SES063/SA063S27	SES187	-1.81334	13.3919	15.2052
BLOCK06/SES063/SA063S27	SES292	-1.59463	13.6106	15.2052
BLOCK06/SES067/SA067S12	SES083	-1.83663	13.9521	15.7888
BLOCK06/SES067/SA067S12	SES172	-1.75399	14.0348	15.7888
BLOCK06/SES067/SA067S12	SES202	-0.955702	14.8331	15.7888
BLOCK06/SES067/SA067S12	SES292	-1.85442	13.9344	15.7888
BLOCK06/SES067/SA067S14	SES085	-1.87734	14.8748	16.7521
BLOCK06/SES067/SA067S14	SES177	-1.36541	15.3867	16.7521
BLOCK06/SES067/SA067S14	SES183	-0.786569	15.9656	16.7521
BLOCK06/SES067/SA067S14	SES202	-1.04535	15.7068	16.7521
BLOCK06/SES067/SA067S21	SES144	-0.843015	14.4054	15.2484
BLOCK06/SES067/SA067S21	SES177	-1.323	13.9254	15.2484
BLOCK06/SES067/SA067S21	SES183	-0.524556	14.7239	15.2484
BLOCK06/SES067/SA067S21	SES189	-0.947693	14.3007	15.2484
BLOCK06/SES067/SA067S25	SES085	-1.03167	14.7178	15.7495
BLOCK06/SES067/SA067S25	SES177	-1.62638	14.1231	15.7495
BLOCK06/SES067/SA067S25	SES183	-1.17818	14.5713	15.7495
BLOCK06/SES067/SA067S25	SES202	-1.33773	14.4117	15.7495
BLOCK06/SES067/SA067S29	SES085	-1.87293	13.913	15.786
BLOCK06/SES067/SA067S29	SES177	-1.46298	14.323	15.786
BLOCK06/SES067/SA067S29	SES183	-0.392896	15.3931	15.786
BLOCK06/SES067/SA067S29	SES202	-0.907015	14.879	15.786
BLOCK06/SES069/SA069S12	SES029	-2.70052	13.5992	16.2997
BLOCK06/SES069/SA069S12	SES082	-0.634461	15.6652	16.2997
BLOCK06/SES069/SA069S12	SES087	-1.57473	14.725	16.2997
BLOCK06/SES069/SA069S12	SES206	-1.0711	15.2286	16.2997
BLOCK06/SES069/SA069S13	SES029	-3.29085	12.8273	16.1181
BLOCK06/SES069/SA069S13	SES087	-1.2199	14.8982	16.1181
BLOCK06/SES069/SA069S13	SES206	-1.39202	14.7261	16.1181
BLOCK06/SES069/SA069S13	SES226	-0.693816	15.4243	16.1181
BLOCK06/SES069/SA069S23	SES029	-0.725229	16.8607	17.5859
BLOCK06/SES069/SA069S23	SES087	-0.952875	16.633	17.5859
BLOCK06/SES069/SA069S23	SES206	-1.63252	15.9534	17.5859
BLOCK06/SES069/SA069S23	SES226	-0.836449	16.7495	17.5859
BLOCK06/SES069/SA069S25	SES087	-1.19928	15.6026	16.8019
BLOCK06/SES069/SA069S25	SES206	-2.84536	13.9565	16.8019
BLOCK06/SES069/SA069S25	SES226	-1.04297	15.7589	16.8019
BLOCK06/SES069/SA069S25	SES270	-1.87092	14.931	16.8019
BLOCK06/SES069/SA069S27	SES087	-2.46438	14.1661	16.6305
BLOCK06/SES069/SA069S27	SES206	-1.17374	15.4567	16.6305
BLOCK06/SES069/SA069S27	SES226	-0.727613	15.9028	16.6305
BLOCK06/SES069/SA069S27	SES270	-1.49312	15.1373	16.6305
BLOCK08/SES081/SA081S11	SES060	-2.27521	12.1578	14.433
BLOCK08/SES081/SA081S11	SES062	-2.49384	11.9391	14.433
BLOCK08/SES081/SA081S11	SES117	-2.92031	11.5127	14.433
BLOCK08/SES081/SA081S11	SES162	-2.36107	12.0719	14.433
BLOCK08/SES081/SA081S13	SES016	-1.27767	14.7359	16.0135
BLOCK08/SES081/SA081S13	SES060	-0.0775928	15.936	16.0135
BLOCK08/SES081/SA081S13	SES068	-0.693461	15.3201	16.0135
BLOCK08/SES081/SA081S13	SES129	-2.04007	13.9735	16.0135
BLOCK08/SES081/SA081S24	SES060	-0.61007	14.4036	15.0137
BLOCK08/SES081/SA081S24	SES068	-1.06349	13.9502	15.0137
BLOCK08/SES081/SA081S24	SES117	-2.2283	12.7854	15.0137
BLOCK08/SES081/SA081S24	SES275	-2.01492	12.9988	15.0137
BLOCK08/SES081/SA081S27	SES007	-1.1229	12.7622	13.8852
BLOCK08/SES081/SA081S27	SES060	-1.75006	12.1351	13.8852
BLOCK08/SES081/SA081S27	SES117	-0.951593	12.9336	13.8852
BLOCK08/SES081/SA081S27	SES275	-1.42205	12.4631	13.8852
BLOCK08/SES081/SA081S29	SES007	-0.950299	14.6075	15.5578
BLOCK08/SES081/SA081S29	SES060	-1.02386	14.534	15.5578
BLOCK08/SES081/SA081S29	SES117	-1.54983	14.008	15.5578
BLOCK08/SES081/SA081S29	SES275	-1.82357	13.7342	15.5578
BLOCK08/SES086/SA086S11	SES029	-4.47347	9.28197	13.7554
BLOCK08/SES086/SA086S11	SES082	-2.29818	11.4573	13.7554
BLOCK08/SES086/SA086S11	SES087	-0.746471	13.009	13.7554
BLOCK08/SES086/SA086S11	SES206	-2.38752	11.3679	13.7554
BLOCK08/SES086/SA086S12	SES029	-3.12431	11.9936	15.1179
BLOCK08/SES086/SA086S12	SES082	-2.26301	12.8549	15.1179
BLOCK08/SES086/SA086S12	SES087	0.13267	15.2506	15.1179
BLOCK08/SES086/SA086S12	SES206	-1.85079	13.2671	15.1179
BLOCK08/SES086/SA086S20	SES029	-3.7975	12.2806	16.0781
BLOCK08/SES086/SA086S20	SES082	-2.5897	13.4884	16.0781
BLOCK08/SES086/SA086S20	SES087	-0.429935	15.6482	16.0781
BLOCK08/SES086/SA086S20	SES206	-1.06637	15.0118	16.0781
BLOCK08/SES086/SA086S24	SES087	-0.186769	14.6436	14.8304
BLOCK08/SES086/SA086S24	SES104	-1.90417	12.9262	14.8304
BLOCK08/SES086/SA086S24	SES120	-2.35603	12.4743	14.8304
BLOCK08/SES086/SA086S24	SES206	-0.385934	14.4444	14.8304
BLOCK08/SES086/SA086S28	SES029	-2.61267	12.8958	15.5085
BLOCK08/SES086/SA086S28	SES082	-2.06543	13.443	15.5085
BLOCK08/SES086/SA086S28	SES087	-0.400111	15.1084	15.5085
BLOCK08/SES086/SA086S28	SES206	-1.15995	14.3485	15.5085
BLOCK08/SES089/SA089S13	SES087	-1.46128	13.0211	14.4824
BLOCK08/SES089/SA089S13	SES206	-1.83672	12.6457	14.4824
BLOCK08/SES089/SA089S13	SES226	-1.43344	13.049	14.4824
BLOCK08/SES089/SA089S13	SES270	-2.21009	12.2723	14.4824
BLOCK08/SES089/SA089S14	SES062	-2.31204	12.6396	14.9517
BLOCK08/SES089/SA089S14	SES087	-0.392278	14.5594	14.9517
BLOCK08/SES089/SA089S14	SES206	-1.44542	13.5062	14.9517
BLOCK08/SES089/SA089S14	SES226	-1.45665	13.495	14.9517
BLOCK08/SES089/SA089S23	SES087	-0.965154	12.3491	13.3143
BLOCK08/SES089/SA089S23	SES206	-1.6841	11.6302	13.3143
BLOCK08/SES089/SA089S23	SES226	-1.39251	11.9217	13.3143
BLOCK08/SES089/SA089S23	SES270	-2.24781	11.0665	13.3143
BLOCK08/SES089/SA089S25	SES062	-2.61467	12.4483	15.0629
BLOCK08/SES089/SA089S25	SES087	-1.2772	13.7857	15.0629
BLOCK08/SES089/SA089S25	SES206	-2.32035	12.7426	15.0629
BLOCK08/SES089/SA089S25	SES226	-1.0531	14.0098	15.0629
BLOCK08/SES089/SA089S28	SES062	-1.48081	13.3076	14.7884
BLOCK08/SES089/SA089S28	SES087	-0.141441	14.6469	14.7884
BLOCK08/SES089/SA089S28	SES206	-1.08336	13.705	14.7884
BLOCK08/SES089/SA089S28	SES226	-0.619108	14.1693	14.7884
BLOCK09/SES097/SA097S11	SES099	0.0483408	14.2871	14.2387
BLOCK09/SES097/SA097S11	SES125	-2.01794	12.2208	14.2387
BLOCK09/SES097/SA097S11	SES206	-1.20963	13.0291	14.2387
BLOCK09/SES097/SA097S11	SES226	-0.47059	13.7681	14.2387
BLOCK09/SES097/SA097S14	SES062	-2.24179	11.6208	13.8626
BLOCK09/SES097/SA097S14	SES099	-0.655746	13.2069	13.8626
BLOCK09/SES097/SA097S14	SES104	-1.51401	12.3486	13.8626
BLOCK09/SES097/SA097S14	SES206	-1.84911	12.0135	13.8626
BLOCK09/SES097/SA097S22	SES099	0.62143	15.17	14.5485
BLOCK09/SES097/SA097S22	SES206	-1.45977	13.0888	14.5485
BLOCK09/SES097/SA097S22	SES226	-1.97939	12.5691	14.5485
BLOCK09/SES097/SA097S22	SES270	-0.608273	13.9403	14.5485
BLOCK09/SES097/SA097S26	SES099	-0.535272	14.6175	15.1527
BLOCK09/SES097/SA097S26	SES120	-2.53421	12.6185	15.1527
BLOCK09/SES097/SA097S26	SES206	-1.59276	13.56	15.1527
BLOCK09/SES097/SA097S26	SES226	-2.59041	12.5623	15.1527
BLOCK09/SES097/SA097S28	SES099	-0.628587	13.9125	14.5411
BLOCK09/SES097/SA097S28	SES120	-1.88441	12.6567	14.5411
BLOCK09/SES097/SA097S28	SES206	-2.19847	12.3426	14.5411
BLOCK09/SES097/SA097S28	SES226	-3.04606	11.495	14.5411
BLOCK09/SES098/SA098S11	SES127	-2.37468	11.4307	13.8054
BLOCK09/SES098/SA098S11	SES144	-2.50652	11.2988	13.8054
BLOCK09/SES098/SA098S11	SES147	-1.47538	12.33	13.8054
BLOCK09/SES098/SA098S11	SES148	-3.16702	10.6383	13.8054
BLOCK09/SES098/SA098S12	SES127	-3.13493	9.50937	12.6443
BLOCK09/SES098/SA098S12	SES144	-2.87279	9.77151	12.6443
BLOCK09/SES098/SA098S12	SES147	-1.19144	11.4529	12.6443
BLOCK09/SES098/SA098S12	SES189	-1.35549	11.2888	12.6443
BLOCK09/SES098/SA098S20	SES127	-3.33967	10.782	14.1216
BLOCK09/SES098/SA098S20	SES147	-1.962	12.1596	14.1216
BLOCK09/SES098/SA098S20	SES148	-2.95739	11.1642	14.1216
BLOCK09/SES098/SA098S20	SES292	-1.70983	12.4118	14.1216
BLOCK09/SES098/SA098S23	SES127	-2.18415	12.5384	14.7226
BLOCK09/SES098/SA098S23	SES147	-1.55732	13.1653	14.7226
BLOCK09/SES098/SA098S23	SES187	-1.58159	13.141	14.7226
BLOCK09/SES098/SA098S23	SES292	-1.44938	13.2732	14.7226
BLOCK09/SES098/SA098S27	SES127	-3.51801	9.9411	13.4591
BLOCK09/SES098/SA098S27	SES147	-2.86829	10.5908	13.4591
BLOCK09/SES098/SA098S27	SES148	-3.13997	10.3191	13.4591
BLOCK09/SES098/SA098S27	SES292	-2.15816	11.3009	13.4591
BLOCK10/SES102/SA102S13	SES101	-0.760337	12.3766	13.1369
BLOCK10/SES102/SA102S13	SES105	-1.12236	12.0145	13.1369
BLOCK10/SES102/SA102S13	SES120	-2.37129	10.7656	13.1369
BLOCK10/SES102/SA102S13	SES158	-3.4209	9.71599	13.1369
BLOCK10/SES102/SA102S14	SES007	-0.622956	14.9865	15.6094
BLOCK10/SES102/SA102S14	SES101	-0.0871267	15.5223	15.6094
BLOCK10/SES102/SA102S14	SES105	-0.440821	15.1686	15.6094
BLOCK10/SES102/SA102S14	SES147	-3.16673	12.4427	15.6094
BLOCK10/SES102/SA102S22	SES007	-1.60559	13.4825	15.0881
BLOCK10/SES102/SA102S22	SES101	-0.394914	14.6932	15.0881
BLOCK10/SES102/SA102S22	SES105	-0.776245	14.3118	15.0881
BLOCK10/SES102/SA102S22	SES158	-2.87527	12.2128	15.0881
BLOCK10/SES102/SA102S25	SES007	-0.873592	14.6286	15.5022
BLOCK10/SES102/SA102S25	SES101	-0.34471	15.1575	15.5022
BLOCK10/SES102/SA102S25	SES105	-1.05529	14.4469	15.5022
BLOCK10/SES102/SA102S25	SES147	-3.05511	12.4471	15.5022
BLOCK10/SES102/SA102S27	SES007	-1.26845	13.6775	14.9459
BLOCK10/SES102/SA102S27	SES101	-0.197983	14.7479	14.9459
BLOCK10/SES102/SA102S27	SES105	-1.39982	13.5461	14.9459
BLOCK10/SES102/SA102S27	SES147	-2.69479	12.2511	14.9459
BLOCK10/SES103/SA103S14	SES105	-2.83977	10.1714	13.0111
BLOCK10/SES103/SA103S14	SES106	-1.42561	11.5855	13.0111
BLOCK10/SES103/SA103S14	SES120	-3.05229	9.95883	13.0111
BLOCK10/SES103/SA103S14	SES206	-2.88523	10.1259	13.0111
BLOCK10/SES103/SA103S15	SES099	-1.77429	10.3594	12.1337
BLOCK10/SES103/SA103S15	SES101	-3.96708	8.16659	12.1337
BLOCK10/SES103/SA103S15	SES104	-2.69759	9.43608	12.1337
BLOCK10/SES103/SA103S15	SES125	-1.84532	10.2883	12.1337
BLOCK10/SES103/SA103S24	SES104	-2.01184	12.6207	14.6325
BLOCK10/SES103/SA103S24	SES125	-1.999	12.6335	14.6325
BLOCK10/SES103/SA103S24	SES148	-3.17822	11.4543	14.6325
BLOCK10/SES103/SA103S24	SES158	-1.64861	12.9839	14.6325
BLOCK10/SES103/SA103S26	SES104	-2.52452	9.90819	12.4327
BLOCK10/SES103/SA103S26	SES106	-1.23008	11.2026	12.4327
BLOCK10/SES103/SA103S26	SES125	-1.75322	10.6795	12.4327
BLOCK10/SES103/SA103S26	SES148	-4.1028	8.3299	12.4327
BLOCK10/SES103/SA103S28	SES104	-3.61817	8.50178	12.1199
BLOCK10/SES103/SA103S28	SES106	-1.41976	10.7002	12.1199
BLOCK10/SES103/SA103S28	SES125	-2.85881	9.26113	12.1199
BLOCK10/SES103/SA103S28	SES206	-3.61404	8.5059	12.1199
BLOCK12/SES121/SA121S12	SES042	-2.72397	7.99816	10.7221
BLOCK12/SES121/SA121S12	SES087	-1.75209	8.97005	10.7221
BLOCK12/SES121/SA121S12	SES105	-1.67966	9.04247	10.7221
BLOCK12/SES121/SA121S12	SES206	-2.27061	8.45153	10.7221
BLOCK12/SES121/SA121S14	SES007	-2.6657	8.52307	11.1888
BLOCK12/SES121/SA121S14	SES105	-1.89822	9.29054	11.1888
BLOCK12/SES121/SA121S14	SES106	-1.87135	9.31742	11.1888
BLOCK12/SES121/SA121S14	SES206	-2.62368	8.56508	11.1888
BLOCK12/SES121/SA121S23	SES105	-1.94843	9.65799	11.6064
BLOCK12/SES121/SA121S23	SES106	-1.22856	10.3779	11.6064
BLOCK12/SES121/SA121S23	SES120	-2.36197	9.24445	11.6064
BLOCK12/SES121/SA121S23	SES206	-1.97229	9.63413	11.6064
BLOCK12/SES121/SA121S25	SES007	-2.03956	7.37117	9.41072
BLOCK12/SES121/SA121S25	SES105	-1.89202	7.51871	9.41072
BLOCK12/SES121/SA121S25	SES106	-1.59312	7.81761	9.41072
BLOCK12/SES121/SA121S25	SES206	-3.34435	6.06638	9.41072
BLOCK12/SES121/SA121S27	SES087	-1.27467	10.5532	11.8278
BLOCK12/SES121/SA121S27	SES105	-3.71343	8.1144	11.8278
BLOCK12/SES121/SA121S27	SES120	-1.09471	10.7331	11.8278
BLOCK12/SES121/SA121S27	SES206	-2.19656	9.63127	11.8278
BLOCK12/SES124/SA124S16	SES042	-0.503342	13.2614	13.7648
BLOCK12/SES124/SA124S16	SES082	-2.1142	11.6505	13.7648
BLOCK12/SES124/SA124S16	SES183	-2.83408	10.9307	13.7648
BLOCK12/SES124/SA124S16	SES206	-2.0999	11.6649	13.7648
BLOCK12/SES124/SA124S17	SES105	-2.61111	9.46822	12.0793
BLOCK12/SES124/SA124S17	SES149	-3.51938	8.55994	12.0793
BLOCK12/SES124/SA124S17	SES158	-3.1915	8.88783	12.0793
BLOCK12/SES124/SA124S17	SES275	-1.84695	10.2324	12.0793
BLOCK12/SES124/SA124S23	SES105	-3.19599	12.5792	15.7752
BLOCK12/SES124/SA124S23	SES125	-0.971076	14.8041	15.7752
BLOCK12/SES124/SA124S23	SES129	-3.07296	12.7022	15.7752
BLOCK12/SES124/SA124S23	SES158	-1.11884	14.6563	15.7752
BLOCK12/SES124/SA124S26	SES105	-3.62656	11.0842	14.7108
BLOCK12/SES124/SA124S26	SES125	-1.88229	12.8285	14.7108
BLOCK12/SES124/SA124S26	SES129	-3.05956	11.6512	14.7108
BLOCK12/SES124/SA124S26	SES158	-1.8715	12.8393	14.7108
BLOCK12/SES124/SA124S28	SES104	-2.21263	12.3518	14.5644
BLOCK12/SES124/SA124S28	SES106	-1.52553	13.0389	14.5644
BLOCK12/SES124/SA124S28	SES125	-0.685452	13.879	14.5644
BLOCK12/SES124/SA124S28	SES275	-2.6528	11.9116	14.5644
BLOCK12/SES126/SA126S13	SES007	-1.32065	12.6351	13.9558
BLOCK12/SES126/SA126S13	SES162	-2.08667	11.8691	13.9558
BLOCK12/SES126/SA126S13	SES177	-0.860599	13.0952	13.9558
BLOCK12/SES126/SA126S13	SES180	-1.76729	12.1885	13.9558
BLOCK12/SES126/SA126S14	SES144	-1.28693	14.1485	15.4354
BLOCK12/SES126/SA126S14	SES148	-1.65541	13.78	15.4354
BLOCK12/SES126/SA126S14	SES177	-0.826699	14.6087	15.4354
BLOCK12/SES126/SA126S14	SES180	-1.99471	13.4407	15.4354
BLOCK12/SES126/SA126S20	SES007	-1.37262	13.1544	14.527
BLOCK12/SES126/SA126S20	SES162	-1.87371	12.6533	14.527
BLOCK12/SES126/SA126S20	SES172	-2.12244	12.4046	14.527
BLOCK12/SES126/SA126S20	SES180	-1.63325	12.8938	14.527
BLOCK12/SES126/SA126S24	SES120	-0.732562	14.992	15.7245
BLOCK12/SES126/SA126S24	SES162	-1.6715	14.053	15.7245
BLOCK12/SES126/SA126S24	SES177	-1.06717	14.6573	15.7245
BLOCK12/SES126/SA126S24	SES180	-0.907017	14.8175	15.7245
BLOCK12/SES126/SA126S26	SES120	-0.787298	14.317	15.1043
BLOCK12/SES126/SA126S26	SES177	-1.47725	13.6271	15.1043
BLOCK12/SES126/SA126S26	SES180	-2.03712	13.0672	15.1043
BLOCK12/SES126/SA126S26	SES202	-2.3495	12.7548	15.1043
BLOCK12/SES128/SA128S10	SES087	-2.61379	12.4905	15.1043
BLOCK12/SES128/SA128S10	SES206	-1.84338	13.2609	15.1043
BLOCK12/SES128/SA128S10	SES226	-0.826567	14.2777	15.1043
BLOCK12/SES128/SA128S10	SES270	-1.371	13.7333	15.1043
BLOCK12/SES128/SA128S12	SES120	-1.69011	12.7732	14.4633
BLOCK12/SES128/SA128S12	SES158	-2.27025	12.1931	14.4633
BLOCK12/SES128/SA128S12	SES206	-1.6424	12.8209	14.4633
BLOCK12/SES128/SA128S12	SES226	-1.97801	12.4853	14.4633
BLOCK12/SES128/SA128S21	SES106	-2.92735	10.7463	13.6736
BLOCK12/SES128/SA128S21	SES120	-3.16045	10.5132	13.6736
BLOCK12/SES128/SA128S21	SES206	-2.52215	11.1515	13.6736
BLOCK12/SES128/SA128S21	SES226	-1.45318	12.2205	13.6736
BLOCK12/SES128/SA128S24	SES087	-2.09647	12.3267	14.4232
BLOCK12/SES128/SA128S24	SES120	-1.77171	12.6515	14.4232
BLOCK12/SES128/SA128S24	SES206	-1.66655	12.7566	14.4232
BLOCK12/SES128/SA128S24	SES226	-2.21444	12.2088	14.4232
BLOCK12/SES128/SA128S27	SES099	-1.45357	14.1545	15.608
BLOCK12/SES128/SA128S27	SES120	-1.35544	14.2526	15.608
BLOCK12/SES128/SA128S27	SES206	-1.32074	14.2873	15.608
BLOCK12/SES128/SA128S27	SES226	-1.46982	14.1382	15.608
BLOCK13/SES130/SA130S13	SES143	-1.46897	12.7417	14.2107
BLOCK13/SES130/SA130S13	SES144	-0.365643	13.845	14.2107
BLOCK13/SES130/SA130S13	SES146	-1.77656	12.4341	14.2107
BLOCK13/SES130/SA130S13	SES275	-2.45652	11.7541	14.2107
BLOCK13/SES130/SA130S15	SES143	-1.68867	13.8892	15.5779
BLOCK13/SES130/SA130S15	SES144	-0.801203	14.7767	15.5779
BLOCK13/SES130/SA130S15	SES146	-0.988358	14.5895	15.5779
BLOCK13/SES130/SA130S15	SES275	-1.65798	13.9199	15.5779
BLOCK13/SES130/SA130S23	SES127	-2.00235	11.8961	13.8985
BLOCK13/SES130/SA130S23	SES144	-1.67476	12.2237	13.8985
BLOCK13/SES130/SA130S23	SES146	-0.930171	12.9683	13.8985
BLOCK13/SES130/SA130S23	SES162	-1.19141	12.7071	13.8985
BLOCK13/SES130/SA130S25	SES127	-0.988669	14.6094	15.598
BLOCK13/SES130/SA130S25	SES144	-0.918615	14.6794	15.598
BLOCK13/SES130/SA130S25	SES146	-0.67803	14.92	15.598
BLOCK13/SES130/SA130S25	SES275	-0.863321	14.7347	15.598
BLOCK13/SES130/SA130S28	SES127	-1.36745	13.2464	14.6139
BLOCK13/SES130/SA130S28	SES144	-1.32447	13.2894	14.6139
BLOCK13/SES130/SA130S28	SES146	-0.956562	13.6573	14.6139
BLOCK13/SES130/SA130S28	SES275	-0.784293	13.8296	14.6139
BLOCK13/SES131/SA131S13	SES002	-2.09552	9.76118	11.8567
BLOCK13/SES131/SA131S13	SES007	-3.13606	8.72063	11.8567
BLOCK13/SES131/SA131S13	SES099	-2.21793	9.63876	11.8567
BLOCK13/SES131/SA131S13	SES105	-2.11295	9.74374	11.8567
BLOCK13/SES131/SA131S14	SES104	-1.01597	12.7732	13.7892
BLOCK13/SES131/SA131S14	SES106	-1.84092	11.9483	13.7892
BLOCK13/SES131/SA131S14	SES125	-1.97726	11.8119	13.7892
BLOCK13/SES131/SA131S14	SES148	-2.19231	11.5969	13.7892
BLOCK13/SES131/SA131S20	SES104	-2.75265	8.81464	11.5673
BLOCK13/SES131/SA131S20	SES106	-1.82957	9.73772	11.5673
BLOCK13/SES131/SA131S20	SES125	-3.29075	8.27654	11.5673
BLOCK13/SES131/SA131S20	SES148	-1.97348	9.59381	11.5673
BLOCK13/SES131/SA131S22	SES099	-2.32749	11.2725	13.6
BLOCK13/SES131/SA131S22	SES104	-2.52648	11.0735	13.6
BLOCK13/SES131/SA131S22	SES125	-2.77701	10.823	13.6
BLOCK13/SES131/SA131S22	SES206	-2.94769	10.6523	13.6
BLOCK13/SES131/SA131S29	SES087	-2.04024	10.3007	12.341
BLOCK13/SES131/SA131S29	SES104	-3.29523	9.04576	12.341
BLOCK13/SES131/SA131S29	SES125	-3.46756	8.87343	12.341
BLOCK13/SES131/SA131S29	SES206	-2.74346	9.59753	12.341
BLOCK13/SES132/SA132S11	SES083	-2.61027	12.9486	15.5589
BLOCK13/SES132/SA132S11	SES120	-0.51906	15.0399	15.5589
BLOCK13/SES132/SA132S11	SES127	-1.88577	13.6731	15.5589
BLOCK13/SES132/SA132S11	SES275	-1.52844	14.0305	15.5589
BLOCK13/SES132/SA132S12	SES083	-2.32015	13.0639	15.3841
BLOCK13/SES132/SA132S12	SES143	-1.50229	13.8818	15.3841
BLOCK13/SES132/SA132S12	SES144	-1.41389	13.9702	15.3841
BLOCK13/SES132/SA132S12	SES148	-1.07525	14.3088	15.3841
BLOCK13/SES132/SA132S22	SES062	-1.03384	14.5422	15.576
BLOCK13/SES132/SA132S22	SES083	-1.73463	13.8414	15.576
BLOCK13/SES132/SA132S22	SES127	-1.3925	14.1835	15.576
BLOCK13/SES132/SA132S22	SES275	-1.06006	14.516	15.576
BLOCK13/SES132/SA132S24	SES007	-0.992801	15.1845	16.1773
BLOCK13/SES132/SA132S24	SES083	-2.23406	13.9433	16.1773
BLOCK13/SES132/SA132S24	SES127	-1.99112	14.1862	16.1773
BLOCK13/SES132/SA132S24	SES275	-0.97068	15.2066	16.1773
BLOCK13/SES132/SA132S27	SES083	-2.29916	12.5622	14.8614
BLOCK13/SES132/SA132S27	SES120	-0.106723	14.7546	14.8614
BLOCK13/SES132/SA132S27	SES127	-2.19265	12.6687	14.8614
BLOCK13/SES132/SA132S27	SES275	-1.92553	12.9358	14.8614
BLOCK14/SES141/SA141S09	SES143	-1.32132	13.5967	14.9181
BLOCK14/SES141/SA141S09	SES144	-0.686131	14.2319	14.9181
BLOCK14/SES141/SA141S09	SES162	-1.59416	13.3239	14.9181
BLOCK14/SES141/SA141S09	SES180	-1.26526	13.6528	14.9181
BLOCK14/SES141/SA141S15	SES127	-1.1813	13.1935	14.3748
BLOCK14/SES141/SA141S15	SES144	-1.31657	13.0582	14.3748
BLOCK14/SES141/SA141S15	SES162	-2.11272	12.262	14.3748
BLOCK14/SES141/SA141S15	SES180	-1.34211	13.0327	14.3748
BLOCK14/SES141/SA141S24	SES127	-0.926465	14.0603	14.9867
BLOCK14/SES141/SA141S24	SES144	-1.51136	13.4754	14.9867
BLOCK14/SES141/SA141S24	SES162	-1.45649	13.5302	14.9867
BLOCK14/SES141/SA141S24	SES183	-2.00509	12.9816	14.9867
BLOCK14/SES141/SA141S26	SES142	-0.663217	14.066	14.7292
BLOCK14/SES141/SA141S26	SES144	-1.19767	13.5315	14.7292
BLOCK14/SES141/SA141S26	SES172	-0.922321	13.8068	14.7292
BLOCK14/SES141/SA141S26	SES180	-1.42596	13.3032	14.7292
BLOCK14/SES141/SA141S29	SES127	-0.343412	14.669	15.0124
BLOCK14/SES141/SA141S29	SES142	-0.498021	14.5144	15.0124
BLOCK14/SES141/SA141S29	SES144	-1.22111	13.7913	15.0124
BLOCK14/SES141/SA141S29	SES180	-1.07367	13.9387	15.0124
BLOCK15/SES157/SA157S08	SES083	-2.52743	12.3515	14.8789
BLOCK15/SES157/SA157S08	SES127	-1.19899	13.6799	14.8789
BLOCK15/SES157/SA157S08	SES148	-1.74823	13.1307	14.8789
BLOCK15/SES157/SA157S08	SES292	-2.39906	12.4799	14.8789
BLOCK15/SES157/SA157S11	SES083	-2.43538	12.6291	15.0645
BLOCK15/SES157/SA157S11	SES127	-1.32769	13.7368	15.0645
BLOCK15/SES157/SA157S11	SES148	-1.97982	13.0847	15.0645
BLOCK15/SES157/SA157S11	SES292	-2.28799	12.7765	15.0645
BLOCK15/SES157/SA157S21	SES127	-1.11588	14.5043	15.6202
BLOCK15/SES157/SA157S21	SES148	-0.630237	14.9899	15.6202
BLOCK15/SES157/SA157S21	SES158	-4.87728	10.7429	15.6202
BLOCK15/SES157/SA157S21	SES292	-1.48151	14.1387	15.6202
BLOCK15/SES157/SA157S24	SES127	-0.911485	14.5948	15.5063
BLOCK15/SES157/SA157S24	SES148	-1.57446	13.9318	15.5063
BLOCK15/SES157/SA157S24	SES183	-2.24041	13.2659	15.5063
BLOCK15/SES157/SA157S24	SES292	-2.19725	13.3091	15.5063
BLOCK15/SES157/SA157S26	SES007	-1.16736	14.37	15.5373
BLOCK15/SES157/SA157S26	SES127	-1.18284	14.3545	15.5373
BLOCK15/SES157/SA157S26	SES147	-2.30338	13.2339	15.5373
BLOCK15/SES157/SA157S26	SES148	-1.55107	13.9863	15.5373
BLOCK16/SES161/SA161S10	SES007	-1.89415	10.9062	12.8004
BLOCK16/SES161/SA161S10	SES105	-1.37049	11.4299	12.8004
BLOCK16/SES161/SA161S10	SES158	-1.62862	11.1718	12.8004
BLOCK16/SES161/SA161S10	SES275	-1.22844	11.5719	12.8004
BLOCK16/SES161/SA161S12	SES007	-2.30602	10.751	13.057
BLOCK16/SES161/SA161S12	SES105	-2.77513	10.2818	13.057
BLOCK16/SES161/SA161S12	SES158	-1.98962	11.0673	13.057
BLOCK16/SES161/SA161S12	SES275	-1.52023	11.5367	13.057
BLOCK16/SES161/SA161S20	SES007	-1.84745	10.1422	11.9897
BLOCK16/SES161/SA161S20	SES105	-2.3221	9.66755	11.9897
BLOCK16/SES161/SA161S20	SES158	-1.76251	10.2271	11.9897
BLOCK16/SES161/SA161S20	SES275	-1.98547	10.0042	11.9897
BLOCK16/SES161/SA161S23	SES007	-2.79817	10.4543	13.2525
BLOCK16/SES161/SA161S23	SES105	-1.54401	11.7085	13.2525
BLOCK16/SES161/SA161S23	SES148	-1.83442	11.4181	13.2525
BLOCK16/SES161/SA161S23	SES158	-2.27052	10.982	13.2525
BLOCK16/SES161/SA161S28	SES007	-2.88992	11.0563	13.9462
BLOCK16/SES161/SA161S28	SES105	-3.0132	10.933	13.9462
BLOCK16/SES161/SA161S28	SES158	-1.58531	12.3609	13.9462
BLOCK16/SES161/SA161S28	SES206	-1.9416	12.0047	13.9462
BLOCK16/SES164/SA164S11	SES104	-2.13405	13.056	15.1901
BLOCK16/SES164/SA164S11	SES125	-1.45597	13.7341	15.1901
BLOCK16/SES164/SA164S11	SES158	-0.926191	14.2639	15.1901
BLOCK16/SES164/SA164S11	SES206	-2.54077	12.6493	15.1901
BLOCK16/SES164/SA164S13	SES099	-2.06509	11.8939	13.959
BLOCK16/SES164/SA164S13	SES104	-2.21697	11.742	13.959
BLOCK16/SES164/SA164S13	SES125	-2.02584	11.9331	13.959
BLOCK16/SES164/SA164S13	SES206	-2.19365	11.7653	13.959
BLOCK16/SES164/SA164S24	SES002	-0.416973	14.1226	14.5396
BLOCK16/SES164/SA164S24	SES099	-1.85638	12.6832	14.5396
BLOCK16/SES164/SA164S24	SES125	-2.70574	11.8339	14.5396
BLOCK16/SES164/SA164S24	SES226	-0.315395	14.2242	14.5396
BLOCK16/SES164/SA164S27	SES087	-1.46906	12.726	14.195
BLOCK16/SES164/SA164S27	SES125	-1.92154	12.2735	14.195
BLOCK16/SES164/SA164S27	SES206	-2.26207	11.933	14.195
BLOCK16/SES164/SA164S27	SES226	-1.4385	12.7565	14.195
BLOCK16/SES164/SA164S29	SES002	-0.219175	13.6242	13.8434
BLOCK16/SES164/SA164S29	SES019	-2.14248	11.7009	13.8434
BLOCK16/SES164/SA164S29	SES125	-1.64984	12.1936	13.8434
BLOCK16/SES164/SA164S29	SES226	-2.29625	11.5472	13.8434
BLOCK16/SES169/SA169S13	SES117	-1.47336	12.9929	14.4663
BLOCK16/SES169/SA169S13	SES144	-1.29498	13.1713	14.4663
BLOCK16/SES169/SA169S13	SES146	-1.42133	13.045	14.4663
BLOCK16/SES169/SA169S13	SES162	-1.03378	13.4325	14.4663
BLOCK16/SES169/SA169S14	SES144	-2.10427	13.4519	15.5562
BLOCK16/SES169/SA169S14	SES148	-1.65977	13.8964	15.5562
BLOCK16/SES169/SA169S14	SES177	-0.828713	14.7275	15.5562
BLOCK16/SES169/SA169S14	SES180	-1.97438	13.5818	15.5562
BLOCK16/SES169/SA169S24	SES117	-1.59392	12.1227	13.7166
BLOCK16/SES169/SA169S24	SES144	-0.782941	12.9336	13.7166
BLOCK16/SES169/SA169S24	SES146	-0.913625	12.803	13.7166
BLOCK16/SES169/SA169S24	SES162	-0.805798	12.9108	13.7166
BLOCK16/SES169/SA169S27	SES127	-1.24167	12.9745	14.2161
BLOCK16/SES169/SA169S27	SES129	-1.44939	12.7667	14.2161
BLOCK16/SES169/SA169S27	SES144	-1.49063	12.7255	14.2161
BLOCK16/SES169/SA169S27	SES146	-0.621778	13.5944	14.2161
BLOCK16/SES169/SA169S29	SES144	-1.13058	14.0214	15.152
BLOCK16/SES169/SA169S29	SES162	-0.577593	14.5744	15.152
BLOCK16/SES169/SA169S29	SES177	-1.61959	13.5324	15.152
BLOCK16/SES169/SA169S29	SES180	-1.39816	13.7538	15.152
BLOCK17/SES171/SA171S12	SES083	-1.63749	12.4493	14.0868
BLOCK17/SES171/SA171S12	SES148	-1.99648	12.0904	14.0868
BLOCK17/SES171/SA171S12	SES172	-1.71955	12.3673	14.0868
BLOCK17/SES171/SA171S12	SES292	-2.24102	11.8458	14.0868
BLOCK17/SES171/SA171S15	SES148	-2.02538	11.5692	13.5946
BLOCK17/SES171/SA171S15	SES177	-0.956762	12.6378	13.5946
BLOCK17/SES171/SA171S15	SES180	-2.77966	10.8149	13.5946
BLOCK17/SES171/SA171S15	SES292	-2.00644	11.5882	13.5946
BLOCK17/SES171/SA171S22	SES007	-2.02986	13.3332	15.363
BLOCK17/SES171/SA171S22	SES148	-1.55082	13.8122	15.363
BLOCK17/SES171/SA171S22	SES177	-0.683881	14.6791	15.363
BLOCK17/SES171/SA171S22	SES180	-2.67987	12.6832	15.363
BLOCK17/SES171/SA171S25	SES101	-1.97606	11.7442	13.7203
BLOCK17/SES171/SA171S25	SES120	-2.25169	11.4686	13.7203
BLOCK17/SES171/SA171S25	SES177	-0.855296	12.865	13.7203
BLOCK17/SES171/SA171S25	SES180	-2.4276	11.2927	13.7203
BLOCK17/SES171/SA171S27	SES177	-1.126	13.1464	14.2724
BLOCK17/SES171/SA171S27	SES180	-2.75305	11.5194	14.2724
BLOCK17/SES171/SA171S27	SES189	-1.41663	12.8558	14.2724
BLOCK17/SES171/SA171S27	SES292	-2.16789	12.1045	14.2724
BLOCK17/SES173/SA173S13	SES162	-3.58496	10.7147	14.2997
BLOCK17/SES173/SA173S13	SES177	-1.55752	12.7422	14.2997
BLOCK17/SES173/SA173S13	SES180	-2.9961	11.3036	14.2997
BLOCK17/SES173/SA173S13	SES292	-0.896052	13.4036	14.2997
BLOCK17/SES173/SA173S14	SES007	-2.02288	11.2903	13.3131
BLOCK17/SES173/SA173S14	SES162	-3.08656	10.2266	13.3131
BLOCK17/SES173/SA173S14	SES177	-1.23697	12.0762	13.3131
BLOCK17/SES173/SA173S14	SES180	-2.47962	10.8335	13.3131
BLOCK17/SES173/SA173S24	SES144	-2.35753	10.898	13.2556
BLOCK17/SES173/SA173S24	SES162	-2.71377	10.5418	13.2556
BLOCK17/SES173/SA173S24	SES177	-0.950893	12.3047	13.2556
BLOCK17/SES173/SA173S24	SES180	-2.42598	10.8296	13.2556
BLOCK17/SES173/SA173S27	SES162	-3.91202	10.222	14.134
BLOCK17/SES173/SA173S27	SES177	-1.37742	12.7565	14.134
BLOCK17/SES173/SA173S27	SES180	-2.19261	11.9414	14.134
BLOCK17/SES173/SA173S27	SES292	-0.460801	13.6732	14.134
BLOCK17/SES173/SA173S29	SES162	-2.15923	11.9675	14.1267
BLOCK17/SES173/SA173S29	SES175	-1.72237	12.4043	14.1267
BLOCK17/SES173/SA173S29	SES177	-1.11561	13.0111	14.1267
BLOCK17/SES173/SA173S29	SES292	-1.99448	12.1322	14.1267
BLOCK18/SES182/SA182S10	SES144	-1.23476	12.9059	14.1407
BLOCK18/SES182/SA182S10	SES177	-1.17056	12.9701	14.1407
BLOCK18/SES182/SA182S10	SES180	-2.84914	11.2915	14.1407
BLOCK18/SES182/SA182S10	SES275	-0.86584	13.2748	14.1407
BLOCK18/SES182/SA182S12	SES144	-0.410625	13.9745	14.3852
BLOCK18/SES182/SA182S12	SES177	-0.745806	13.6394	14.3852
BLOCK18/SES182/SA182S12	SES180	-1.41484	12.9703	14.3852
BLOCK18/SES182/SA182S12	SES275	-0.424547	13.9606	14.3852
BLOCK18/SES182/SA182S21	SES117	-1.51372	12.1523	13.666
BLOCK18/SES182/SA182S21	SES144	-1.35409	12.3119	13.666
BLOCK18/SES182/SA182S21	SES162	-0.913389	12.7526	13.666
BLOCK18/SES182/SA182S21	SES180	-2.11183	11.5542	13.666
BLOCK18/SES182/SA182S23	SES117	-1.4902	13.0602	14.5504
BLOCK18/SES182/SA182S23	SES144	-1.87249	12.6779	14.5504
BLOCK18/SES182/SA182S23	SES180	-2.3964	12.154	14.5504
BLOCK18/SES182/SA182S23	SES275	-1.12723	13.4232	14.5504
BLOCK18/SES182/SA182S25	SES007	0.119127	14.4601	14.341
BLOCK18/SES182/SA182S25	SES162	-0.984617	13.3563	14.341
BLOCK18/SES182/SA182S25	SES177	-1.1523	13.1887	14.341
BLOCK18/SES182/SA182S25	SES180	-1.89498	12.446	14.341
BLOCK18/SES184/SA184S12	SES177	-1.57318	13.1732	14.7463
BLOCK18/SES184/SA184S12	SES180	-1.69865	13.0477	14.7463
BLOCK18/SES184/SA184S12	SES189	-1.92714	12.8192	14.7463
BLOCK18/SES184/SA184S12	SES292	-1.87932	12.867	14.7463
BLOCK18/SES184/SA184S13	SES101	-1.20453	13.1725	14.377
BLOCK18/SES184/SA184S13	SES177	-1.58352	12.7935	14.377
BLOCK18/SES184/SA184S13	SES180	-1.70221	12.6748	14.377
BLOCK18/SES184/SA184S13	SES292	-2.11238	12.2647	14.377
BLOCK18/SES184/SA184S22	SES177	-1.88702	14.3605	16.2475
BLOCK18/SES184/SA184S22	SES180	-1.84325	14.4043	16.2475
BLOCK18/SES184/SA184S22	SES189	-2.53215	13.7154	16.2475
BLOCK18/SES184/SA184S22	SES292	-1.92432	14.3232	16.2475
BLOCK18/SES184/SA184S25	SES101	-1.32866	15.0454	16.3741
BLOCK18/SES184/SA184S25	SES177	-2.08564	14.2885	16.3741
BLOCK18/SES184/SA184S25	SES180	-1.97081	14.4033	16.3741
BLOCK18/SES184/SA184S25	SES292	-1.60538	14.7687	16.3741
BLOCK18/SES184/SA184S27	SES083	-1.06219	13.1121	14.1743
BLOCK18/SES184/SA184S27	SES177	-1.07158	13.1027	14.1743
BLOCK18/SES184/SA184S27	SES202	-1.39687	12.7775	14.1743
BLOCK18/SES184/SA184S27	SES292	-1.7347	12.4396	14.1743
BLOCK20/SES204/SA204S12	SES062	-1.06672	14.9504	16.0171
BLOCK20/SES204/SA204S12	SES083	-2.86984	13.1472	16.0171
BLOCK20/SES204/SA204S12	SES206	-1.72224	14.2948	16.0171
BLOCK20/SES204/SA204S12	SES226	-2.95856	13.0585	16.0171
BLOCK20/SES204/SA204S14	SES068	-1.19739	15.9882	17.1856
BLOCK20/SES204/SA204S14	SES087	-0.184498	17.0011	17.1856
BLOCK20/SES204/SA204S14	SES206	-2.1063	15.0793	17.1856
BLOCK20/SES204/SA204S14	SES226	-3.20133	13.9842	17.1856
BLOCK20/SES204/SA204S22	SES068	-1.79267	14.4962	16.2889
BLOCK20/SES204/SA204S22	SES082	-3.2148	13.0741	16.2889
BLOCK20/SES204/SA204S22	SES083	-3.82602	12.4629	16.2889
BLOCK20/SES204/SA204S22	SES206	-2.42896	13.8599	16.2889
BLOCK20/SES204/SA204S25	SES062	-2.05405	14.3308	16.3849
BLOCK20/SES204/SA204S25	SES083	-3.08336	13.3015	16.3849
BLOCK20/SES204/SA204S25	SES206	-1.43339	14.9515	16.3849
BLOCK20/SES204/SA204S25	SES226	-2.83178	13.5531	16.3849
BLOCK20/SES204/SA204S27	SES068	-1.4402	14.0554	15.4956
BLOCK20/SES204/SA204S27	SES082	-2.65048	12.8451	15.4956
BLOCK20/SES204/SA204S27	SES087	-1.09296	14.4026	15.4956
BLOCK20/SES204/SA204S27	SES206	-1.7908	13.7048	15.4956
BLOCK20/SES207/SA207S10	SES127	-1.57254	12.6004	14.1729
BLOCK20/SES207/SA207S10	SES183	-2.31411	11.8588	14.1729
BLOCK20/SES207/SA207S10	SES189	-1.80609	12.3668	14.1729
BLOCK20/SES207/SA207S10	SES292	-1.61691	12.556	14.1729
BLOCK20/SES207/SA207S11	SES127	-2.01352	11.57	13.5835
BLOCK20/SES207/SA207S11	SES183	-2.0219	11.5616	13.5835
BLOCK20/SES207/SA207S11	SES187	-2.44531	11.1382	13.5835
BLOCK20/SES207/SA207S11	SES292	-1.25713	12.3264	13.5835
BLOCK20/SES207/SA207S25	SES068	-1.79096	12.211	14.002
BLOCK20/SES207/SA207S25	SES083	-2.1627	11.8393	14.002
BLOCK20/SES207/SA207S25	SES127	-1.09761	12.9044	14.002
BLOCK20/SES207/SA207S25	SES187	-1.22776	12.7742	14.002
BLOCK20/SES207/SA207S27	SES127	-2.01599	10.9895	13.0054
BLOCK20/SES207/SA207S27	SES183	-1.84255	11.1629	13.0054
BLOCK20/SES207/SA207S27	SES187	-2.20128	10.8042	13.0054
BLOCK20/SES207/SA207S27	SES292	-2.04505	10.9604	13.0054
BLOCK20/SES207/SA207S29	SES083	-2.05005	12.539	14.5891
BLOCK20/SES207/SA207S29	SES085	-1.56743	13.0217	14.5891
BLOCK20/SES207/SA207S29	SES172	-1.25668	13.3324	14.5891
BLOCK20/SES207/SA207S29	SES189	-2.0423	12.5468	14.5891
BLOCK22/SES221/SA221S12	SES068	-0.693565	14.9736	15.6671
BLOCK22/SES221/SA221S12	SES143	-1.29871	14.3684	15.6671
BLOCK22/SES221/SA221S12	SES175	-0.766902	14.9002	15.6671
BLOCK22/SES221/SA221S12	SES202	-1.34235	14.3248	15.6671
BLOCK22/SES221/SA221S15	SES085	-0.879267	13.1472	14.0265
BLOCK22/SES221/SA221S15	SES143	-2.22485	11.8016	14.0265
BLOCK22/SES221/SA221S15	SES175	-1.04136	12.9851	14.0265
BLOCK22/SES221/SA221S15	SES187	-1.94451	12.082	14.0265
BLOCK22/SES221/SA221S23	SES068	-1.30486	13.6208	14.9257
BLOCK22/SES221/SA221S23	SES143	-1.81263	13.113	14.9257
BLOCK22/SES221/SA221S23	SES175	-0.300005	14.6257	14.9257
BLOCK22/SES221/SA221S23	SES189	-0.645828	14.2798	14.9257
BLOCK22/SES221/SA221S27	SES085	-0.440808	14.9578	15.3987
BLOCK22/SES221/SA221S27	SES143	-1.41837	13.9803	15.3987
BLOCK22/SES221/SA221S27	SES175	-0.495377	14.9033	15.3987
BLOCK22/SES221/SA221S27	SES189	-0.639493	14.7592	15.3987
BLOCK22/SES221/SA221S29	SES085	-0.261535	13.7692	14.0307
BLOCK22/SES221/SA221S29	SES143	-0.914287	13.1164	14.0307
BLOCK22/SES221/SA221S29	SES175	-0.21661	13.8141	14.0307
BLOCK22/SES221/SA221S29	SES187	-1.48615	12.5446	14.0307
BLOCK22/SES223/SA223S11	SES143	-1.44047	11.3205	12.761
BLOCK22/SES223/SA223S11	SES144	-3.51429	9.2467	12.761
BLOCK22/SES223/SA223S11	SES175	-1.30567	11.4553	12.761
BLOCK22/SES223/SA223S11	SES187	-2.52666	10.2343	12.761
BLOCK22/SES223/SA223S13	SES068	-0.859922	11.7398	12.5997
BLOCK22/SES223/SA223S13	SES143	-2.41383	10.1859	12.5997
BLOCK22/SES223/SA223S13	SES146	-2.37851	10.2212	12.5997
BLOCK22/SES223/SA223S13	SES202	-2.44233	10.1574	12.5997
BLOCK22/SES223/SA223S22	SES143	-1.49226	12.1303	13.6226
BLOCK22/SES223/SA223S22	SES144	-3.3135	10.3091	13.6226
BLOCK22/SES223/SA223S22	SES175	-1.42991	12.1927	13.6226
BLOCK22/SES223/SA223S22	SES187	-1.57996	12.0426	13.6226
BLOCK22/SES223/SA223S25	SES068	-1.40608	12.9584	14.3645
BLOCK22/SES223/SA223S25	SES143	-1.88769	12.4768	14.3645
BLOCK22/SES223/SA223S25	SES175	-1.51543	12.8491	14.3645
BLOCK22/SES223/SA223S25	SES187	-1.92292	12.4416	14.3645
BLOCK22/SES223/SA223S27	SES143	-1.20126	11.7958	12.997
BLOCK22/SES223/SA223S27	SES146	-1.71789	11.2791	12.997
BLOCK22/SES223/SA223S27	SES187	-1.93889	11.0581	12.997
BLOCK22/SES223/SA223S27	SES292	-0.855061	12.142	12.997
BLOCK27/SES273/SA273S12	SES099	-0.869345	16.3602	17.2295
BLOCK27/SES273/SA273S12	SES104	-1.27895	15.9506	17.2295
BLOCK27/SES273/SA273S12	SES125	-2.01749	15.2121	17.2295
BLOCK27/SES273/SA273S12	SES206	-0.970053	16.2595	17.2295
BLOCK27/SES273/SA273S13	SES099	-1.21073	16.1758	17.3865
BLOCK27/SES273/SA273S13	SES104	-1.33209	16.0544	17.3865
BLOCK27/SES273/SA273S13	SES206	-1.21745	16.169	17.3865
BLOCK27/SES273/SA273S13	SES292	-2.05742	15.3291	17.3865
BLOCK27/SES273/SA273S21	SES099	-0.434496	16.458	16.8925
BLOCK27/SES273/SA273S21	SES148	-2.86076	14.0317	16.8925
BLOCK27/SES273/SA273S21	SES149	-1.97564	14.9168	16.8925
BLOCK27/SES273/SA273S21	SES177	-2.20724	14.6852	16.8925
BLOCK27/SES273/SA273S25	SES104	-1.55775	14.8327	16.3904
BLOCK27/SES273/SA273S25	SES125	-1.68032	14.7101	16.3904
BLOCK27/SES273/SA273S25	SES158	-0.770783	15.6196	16.3904
BLOCK27/SES273/SA273S25	SES206	-0.459265	15.9312	16.3904
BLOCK27/SES273/SA273S27	SES099	-0.850321	15.5203	16.3706
BLOCK27/SES273/SA273S27	SES104	-1.45039	14.9202	16.3706
BLOCK27/SES273/SA273S27	SES149	-1.48971	14.8809	16.3706
BLOCK27/SES273/SA273S27	SES275	-2.02366	14.3469	16.3706
BLOCK27/SES274/SA274S10	SES105	-2.05846	13.5966	15.6551
BLOCK27/SES274/SA274S10	SES125	-2.91671	12.7384	15.6551
BLOCK27/SES274/SA274S10	SES129	-0.727488	14.9276	15.6551
BLOCK27/SES274/SA274S10	SES158	-3.97863	11.6765	15.6551
BLOCK27/SES274/SA274S11	SES105	-1.67658	14.434	16.1105
BLOCK27/SES274/SA274S11	SES149	-2.53982	13.5707	16.1105
BLOCK27/SES274/SA274S11	SES158	-2.90224	13.2083	16.1105
BLOCK27/SES274/SA274S11	SES275	-1.15668	14.9539	16.1105
BLOCK27/SES274/SA274S21	SES105	-2.02511	13.7278	15.7529
BLOCK27/SES274/SA274S21	SES129	-1.04522	14.7076	15.7529
BLOCK27/SES274/SA274S21	SES149	-2.07177	13.6811	15.7529
BLOCK27/SES274/SA274S21	SES158	-4.77053	10.9823	15.7529
BLOCK27/SES274/SA274S24	SES105	-1.81902	14.7762	16.5952
BLOCK27/SES274/SA274S24	SES129	-0.673833	15.9214	16.5952
BLOCK27/SES274/SA274S24	SES149	-2.43099	14.1642	16.5952
BLOCK27/SES274/SA274S24	SES158	-4.98592	11.6093	16.5952
BLOCK27/SES274/SA274S29	SES105	-2.17264	13.2123	15.385
BLOCK27/SES274/SA274S29	SES106	-3.48051	11.9044	15.385
BLOCK27/SES274/SA274S29	SES120	-1.67517	13.7098	15.385
BLOCK27/SES274/SA274S29	SES275	-1.48907	13.8959	15.385
BLOCK27/SES276/SA276S16	SES148	-1.96657	12.7654	14.732
BLOCK27/SES276/SA276S16	SES172	-1.2718	13.4602	14.732
BLOCK27/SES276/SA276S16	SES180	-2.30482	12.4272	14.732
BLOCK27/SES276/SA276S16	SES292	-1.73626	12.9958	14.732
BLOCK27/SES276/SA276S17	SES101	-1.44228	13.8777	15.32
BLOCK27/SES276/SA276S17	SES177	-1.99223	13.3278	15.32
BLOCK27/SES276/SA276S17	SES180	-1.56335	13.7566	15.32
BLOCK27/SES276/SA276S17	SES292	-1.78496	13.535	15.32
BLOCK27/SES276/SA276S24	SES101	-1.11299	14.7698	15.8828
BLOCK27/SES276/SA276S24	SES177	-1.15641	14.7264	15.8828
BLOCK27/SES276/SA276S24	SES180	-2.09378	13.7891	15.8828
BLOCK27/SES276/SA276S24	SES292	-2.6174	13.2654	15.8828
BLOCK27/SES276/SA276S26	SES101	-2.3997	14.0855	16.4852
BLOCK27/SES276/SA276S26	SES177	-0.718225	15.767	16.4852
BLOCK27/SES276/SA276S26	SES180	-0.550231	15.935	16.4852
BLOCK27/SES276/SA276S26	SES292	-0.496661	15.9886	16.4852
BLOCK27/SES276/SA276S28	SES101	-1.35525	14.2349	15.5901
BLOCK27/SES276/SA276S28	SES177	-1.60903	13.9811	15.5901
BLOCK27/SES276/SA276S28	SES180	-0.853896	14.7362	15.5901
BLOCK27/SES276/SA276S28	SES292	-1.03255	14.5576	15.5901
BLOCK27/SES277/SA277S12	SES101	-1.01326	12.2964	13.3097
BLOCK27/SES277/SA277S12	SES177	-1.97715	11.3325	13.3097
BLOCK27/SES277/SA277S12	SES180	-2.65824	10.6514	13.3097
BLOCK27/SES277/SA277S12	SES292	-2.67515	10.6345	13.3097
BLOCK27/SES277/SA277S14	SES177	-0.9825	11.8684	12.8509
BLOCK27/SES277/SA277S14	SES180	-2.33955	10.5113	12.8509
BLOCK27/SES277/SA277S14	SES189	-0.60488	12.246	12.8509
BLOCK27/SES277/SA277S14	SES292	-2.52757	10.3233	12.8509
BLOCK27/SES277/SA277S21	SES177	-0.95876	13.7444	14.7031
BLOCK27/SES277/SA277S21	SES180	-2.41758	12.2856	14.7031
BLOCK27/SES277/SA277S21	SES189	-0.994997	13.7081	14.7031
BLOCK27/SES277/SA277S21	SES292	-2.65172	12.0514	14.7031
BLOCK27/SES277/SA277S24	SES144	-1.83764	10.9563	12.7939
BLOCK27/SES277/SA277S24	SES177	-1.15847	11.6355	12.7939
BLOCK27/SES277/SA277S24	SES180	-2.72726	10.0667	12.7939
BLOCK27/SES277/SA277S24	SES189	-0.957161	11.8368	12.7939
BLOCK27/SES277/SA277S29	SES177	-1.16411	14.405	15.5691
BLOCK27/SES277/SA277S29	SES180	-2.59222	12.9768	15.5691
BLOCK27/SES277/SA277S29	SES202	-1.58338	13.9857	15.5691
BLOCK27/SES277/SA277S29	SES292	-2.69613	12.8729	15.5691
BLOCK27/SES279/SA279S09	SES120	-2.30091	13.0656	15.3665
BLOCK27/SES279/SA279S09	SES146	-2.20737	13.1591	15.3665
BLOCK27/SES279/SA279S09	SES206	-1.87363	13.4929	15.3665
BLOCK27/SES279/SA279S09	SES226	-3.19588	12.1706	15.3665
BLOCK27/SES279/SA279S10	SES099	-0.634806	14.9469	15.5817
BLOCK27/SES279/SA279S10	SES206	-0.772346	14.8094	15.5817
BLOCK27/SES279/SA279S10	SES226	-2.43212	13.1496	15.5817
BLOCK27/SES279/SA279S10	SES292	-0.735871	14.8459	15.5817
BLOCK27/SES279/SA279S20	SES099	-1.8764	13.6718	15.5482
BLOCK27/SES279/SA279S20	SES206	-0.666967	14.8812	15.5482
BLOCK27/SES279/SA279S20	SES226	-2.71066	12.8375	15.5482
BLOCK27/SES279/SA279S20	SES292	-0.594331	14.9539	15.5482
BLOCK27/SES279/SA279S26	SES099	-0.780393	14.4898	15.2702
BLOCK27/SES279/SA279S26	SES206	-0.495285	14.7749	15.2702
BLOCK27/SES279/SA279S26	SES226	-2.65212	12.618	15.2702
BLOCK27/SES279/SA279S26	SES292	-0.172482	15.0977	15.2702
BLOCK27/SES279/SA279S28	SES099	-1.41952	15.8319	17.2514
BLOCK27/SES279/SA279S28	SES120	-1.38958	15.8618	17.2514
BLOCK27/SES279/SA279S28	SES177	-1.92432	15.3271	17.2514
BLOCK27/SES279/SA279S28	SES206	-1.6012	15.6502	17.2514
BLOCK29/SES290/SA290S12	SES162	-1.03408	13.7943	14.8284
BLOCK29/SES290/SA290S12	SES177	-0.84688	13.9815	14.8284
BLOCK29/SES290/SA290S12	SES180	-1.97682	12.8515	14.8284
BLOCK29/SES290/SA290S12	SES292	-1.57502	13.2533	14.8284
BLOCK29/SES290/SA290S13	SES007	-1.4609	13.6322	15.0931
BLOCK29/SES290/SA290S13	SES162	-2.82649	12.2666	15.0931
BLOCK29/SES290/SA290S13	SES177	-0.896826	14.1963	15.0931
BLOCK29/SES290/SA290S13	SES180	-1.63478	13.4583	15.0931
BLOCK29/SES290/SA290S22	SES177	-1.02845	13.332	14.3604
BLOCK29/SES290/SA290S22	SES180	-1.57571	12.7847	14.3604
BLOCK29/SES290/SA290S22	SES202	-1.31729	13.0431	14.3604
BLOCK29/SES290/SA290S22	SES292	-1.6759	12.6845	14.3604
BLOCK29/SES290/SA290S25	SES162	-1.21271	14.3862	15.5989
BLOCK29/SES290/SA290S25	SES177	-1.04675	14.5522	15.5989
BLOCK29/SES290/SA290S25	SES180	-1.39493	14.204	15.5989
BLOCK29/SES290/SA290S25	SES292	-1.12857	14.4704	15.5989
BLOCK29/SES290/SA290S29	SES177	-0.402697	14.2243	14.627
BLOCK29/SES290/SA290S29	SES180	-0.780574	13.8464	14.627
BLOCK29/SES290/SA290S29	SES275	-1.29617	13.3308	14.627
BLOCK29/SES290/SA290S29	SES292	-1.01735	13.6096	14.627
BLOCK29/SES291/SA291S11	SES105	-2.93275	10.9621	13.8949
BLOCK29/SES291/SA291S11	SES125	-1.53274	12.3621	13.8949
BLOCK29/SES291/SA291S11	SES158	-1.3009	12.594	13.8949
BLOCK29/SES291/SA291S11	SES275	-2.73338	11.1615	13.8949
BLOCK29/SES291/SA291S12	SES158	0.0464249	14.2853	14.2389
BLOCK29/SES291/SA291S12	SES226	-2.15705	12.0818	14.2389
BLOCK29/SES291/SA291S12	SES270	0.261026	14.4999	14.2389
BLOCK29/SES291/SA291S12	SES275	-4.13573	10.1032	14.2389
BLOCK29/SES291/SA291S22	SES082	-1.46785	13.3509	14.8188
BLOCK29/SES291/SA291S22	SES158	-1.31917	13.4996	14.8188
BLOCK29/SES291/SA291S22	SES259	-2.0626	12.7562	14.8188
BLOCK29/SES291/SA291S22	SES275	-3.12547	11.6933	14.8188
BLOCK29/SES291/SA291S24	SES104	-0.395078	15.9229	16.318
BLOCK29/SES291/SA291S24	SES125	-1.33049	14.9875	16.318
BLOCK29/SES291/SA291S24	SES158	-0.757968	15.56	16.318
BLOCK29/SES291/SA291S24	SES275	-3.50091	12.8171	16.318
BLOCK29/SES291/SA291S27	SES158	-0.218475	15.4424	15.6608
BLOCK29/SES291/SA291S27	SES172	-3.95936	11.7015	15.6608
BLOCK29/SES291/SA291S27	SES275	-3.81965	11.8412	15.6608
BLOCK29/SES291/SA291S27	SES292	-2.13437	13.5265	15.6608
Threshold search:
THR	-4.98592921606	9	0(0)	1(1000)
THR	-4.8937685238994	8.991	0(0)	0.999(999)
THR	-4.8016078317388	8.982	0(0)	0.998(998)
THR	-4.7094471395782	8.973	0(0)	0.997(997)
THR	-4.6172864474176	8.973	0(0)	0.997(997)
THR	-4.525125755257	8.964	0(0)	0.996(996)
THR	-4.4329650630964	8.937	0(0)	0.993(993)
THR	-4.3408043709358	8.937	0(0)	0.993(993)
THR	-4.2486436787752	8.937	0(0)	0.993(993)
THR	-4.1564829866146	8.919	0(0)	0.991(991)
THR	-4.064322294454	8.883	0(0)	0.987(987)
THR	-3.9721616022934	8.865	0(0)	0.985(985)
THR	-3.8800009101328	8.829	0(0)	0.981(981)
THR	-3.7878402179722	8.802	0(0)	0.978(978)
THR	-3.6956795258116	8.784	0(0)	0.976(976)
THR	-3.603518833651	8.739	0(0)	0.971(971)
THR	-3.5113581414904	8.703	0(0)	0.967(967)
THR	-3.4191974493298	8.658	0(0)	0.962(962)
THR	-3.3270367571692	8.64	0(0)	0.96(960)
THR	-3.2348760650086	8.568	0(0)	0.952(952)
THR	-3.142715372848	8.469	0(0)	0.941(941)
THR	-3.0505546806874	8.343	0(0)	0.927(927)
THR	-2.9583939885268	8.253	0(0)	0.917(917)
THR	-2.8662332963662	8.109	0(0)	0.901(901)
THR	-2.7740726042056	7.965	0(0)	0.885(885)
THR	-2.681911912045	7.821	0(0)	0.869(869)
THR	-2.5897512198844	7.605	0(0)	0.845(845)
THR	-2.4975905277238	7.416	0(0)	0.824(824)
THR	-2.4054298355632	7.263	0(0)	0.807(807)
THR	-2.3132691434026	7.02	0(0)	0.78(780)
THR	-2.221108451242	6.705	0(0)	0.745(745)
THR	-2.1289477590814	6.381	0(0)	0.709(709)
THR	-2.0367870669208	6.039	0(0)	0.671(671)
THR	-1.9446263747602	5.571	0(0)	0.619(619)
THR	-1.8524656825996	5.157	0(0)	0.573(573)
THR	-1.760304990439	4.797	0(0)	0.533(533)
THR	-1.6681442982784	4.446	0(0)	0.494(494)
THR	-1.5759836061178	4.077	0(0)	0.453(453)
THR	-1.4838229139572	3.69	0(0)	0.41(410)
THR	-1.3916622217966	3.15	0(0)	0.35(350)
THR	-1.299501529636	2.781	0(0)	0.309(309)
THR	-1.2073408374754	2.448	0(0)	0.272(272)
THR	-1.1151801453148	2.106	0(0)	0.234(234)
THR	-1.0230194531542	1.71	0(0)	0.19(190)
THR	-0.930858760993599	1.422	0(0)	0.158(158)
THR	-0.838698068832999	1.107	0(0)	0.123(123)
THR	-0.746537376672399	0.9	0(0)	0.1(100)
THR	-0.654376684511799	0.711	0(0)	0.079(79)
THR	-0.562215992351199	0.558	0(0)	0.062(62)
THR	-0.470055300190599	0.454	0.004(1)	0.05(50)
THR	-0.377894608029999	0.265	0.004(1)	0.029(29)
THR	-0.285733915869399	0.193	0.004(1)	0.021(21)
THR	-0.193573223708799	0.139	0.004(1)	0.015(15)
THR	-0.101412531548199	0.098	0.008(2)	0.01(10)
THR	-0.0092518393875988	0.075	0.012(3)	0.007(7)
THR	0.0829088527730012	0.057	0.012(3)	0.005(5)
THR	0.175069544933601	0.047	0.02(5)	0.003(3)
THR	0.267230237094201	0.037	0.028(7)	0.001(1)
THR	0.359390929254801	0.057	0.048(12)	0.001(1)
THR	0.451551621415401	0.077	0.068(17)	0.001(1)
THR	0.543712313576001	0.089	0.08(20)	0.001(1)
THR	0.635873005736601	0.12	0.12(30)	0(0)
THR	0.728033697897201	0.168	0.168(42)	0(0)
THR	0.820194390057801	0.196	0.196(49)	0(0)
THR	0.912355082218401	0.216	0.216(54)	0(0)
THR	1.004515774379	0.264	0.264(66)	0(0)
THR	1.0966764665396	0.292	0.292(73)	0(0)
THR	1.1888371587002	0.348	0.348(87)	0(0)
THR	1.2809978508608	0.396	0.396(99)	0(0)
THR	1.3731585430214	0.436	0.436(109)	0(0)
THR	1.465319235182	0.476	0.476(119)	0(0)
THR	1.5574799273426	0.52	0.52(130)	0(0)
THR	1.6496406195032	0.576	0.576(144)	0(0)
THR	1.7418013116638	0.62	0.62(155)	0(0)
THR	1.8339620038244	0.656	0.656(164)	0(0)
THR	1.926122695985	0.7	0.7(175)	0(0)
THR	2.0182833881456	0.736	0.736(184)	0(0)
THR	2.1104440803062	0.792	0.792(198)	0(0)
THR	2.2026047724668	0.82	0.82(205)	0(0)
THR	2.2947654646274	0.852	0.852(213)	0(0)
THR	2.386926156788	0.872	0.872(218)	0(0)
THR	2.4790868489486	0.884	0.884(221)	0(0)
THR	2.5712475411092	0.904	0.904(226)	0(0)
THR	2.6634082332698	0.92	0.92(230)	0(0)
THR	2.7555689254304	0.932	0.932(233)	0(0)
THR	2.847729617591	0.944	0.944(236)	0(0)
THR	2.9398903097516	0.952	0.952(238)	0(0)
THR	3.0320510019122	0.968	0.968(242)	0(0)
THR	3.1242116940728	0.972	0.972(243)	0(0)
THR	3.2163723862334	0.972	0.972(243)	0(0)
THR	3.308533078394	0.976	0.976(244)	0(0)
THR	3.4006937705546	0.98	0.98(245)	0(0)
THR	3.4928544627152	0.98	0.98(245)	0(0)
THR	3.5850151548758	0.984	0.984(246)	0(0)
THR	3.6771758470364	0.984	0.984(246)	0(0)
THR	3.769336539197	0.984	0.984(246)	0(0)
THR	3.8614972313576	0.984	0.984(246)	0(0)
THR	3.9536579235182	0.984	0.984(246)	0(0)
THR	4.0458186156788	0.988	0.988(247)	0(0)
THR	4.1379793078394	0.996	0.996(249)	0(0)
THR	4.23014	1	1(250)	0(0)


==============================================
THR: 0.267230237094201
Missed:     7/250=0.0280
FalseAlarm: 1/1000=0.0010
----------------------------------------------
==> CostDetection: 3.7
==============================================
